<?xml version="1.0" encoding="UTF-8"?>
<!-- Generated by org.testng.reporters.JUnitXMLReporter -->
<testsuite ignored="0" hostname="Giris-MacBook-Pro.local" failures="0" tests="3" name="Surefire test" time="16.442" errors="0" timestamp="2026-01-23T00:10:15 ICT">
  <testcase classname="mission.RunnerTest" name="feature" time="5.726"/>
  <testcase classname="mission.RunnerTest" name="feature" time="3.306"/>
  <testcase classname="mission.RunnerTest" name="feature" time="7.054"/>
</testsuite> <!-- Surefire test -->
