<?xml version="1.0" encoding="UTF-8"?>
<testsuite xmlns:xsi="http://www.w3.org/2001/XMLSchema-instance" xsi:noNamespaceSchemaLocation="https://maven.apache.org/surefire/maven-surefire-plugin/xsd/surefire-test-report-3.0.xsd" version="3.0" name="mission.RunnerTest" time="14.521" tests="3" errors="0" skipped="0" failures="1">
  <properties>
[...]
</properties>
  <testcase name="feature[API test](1)" classname="mission.RunnerTest" time="3.462">
    <failure message="io.restassured.path.json.exception.JsonPathException: Failed to parse the JSON document" type="cucumber.runtime.CucumberException"><![CDATA[cucumber.runtime.CucumberException: io.restassured.path.json.exception.JsonPathException: Failed to parse the JSON document
	at cucumber.api.testng.TestNGCucumberRunner.runCucumber(TestNGCucumberRunner.java:69)
	at mission.RunnerTest.feature(RunnerTest.java:33)
	at java.base/jdk.internal.reflect.NativeMethodAccessorImpl.invoke0(Native Method)
	at java.base/jdk.internal.reflect.NativeMethodAccessorImpl.invoke(NativeMethodAccessorImpl.java:62)
	at java.base/jdk.internal.reflect.DelegatingMethodAccessorImpl.invoke(DelegatingMethodAccessorImpl.java:43)
	at java.base/java.lang.reflect.Method.invoke(Method.java:564)
	at org.testng.internal.invokers.MethodInvocationHelper.invokeMethod(MethodInvocationHelper.java:141)
	at org.testng.internal.invokers.TestInvoker.invokeMethod(TestInvoker.java:686)
	at org.testng.internal.invokers.TestInvoker.invokeTestMethod(TestInvoker.java:230)
	at org.testng.internal.invokers.MethodRunner.runInSequence(MethodRunner.java:63)
	at org.testng.internal.invokers.TestInvoker$MethodInvocationAgent.invoke(TestInvoker.java:992)
	at org.testng.internal.invokers.TestInvoker.invokeTestMethods(TestInvoker.java:203)
	at org.testng.internal.invokers.TestMethodWorker.invokeTestMethods(TestMethodWorker.java:154)
	at org.testng.internal.invokers.TestMethodWorker.run(TestMethodWorker.java:134)
	at java.base/java.util.ArrayList.forEach(ArrayList.java:1510)
	at org.testng.TestRunner.privateRun(TestRunner.java:739)
	at org.testng.TestRunner.run(TestRunner.java:614)
	at org.testng.SuiteRunner.runTest(SuiteRunner.java:421)
	at org.testng.SuiteRunner.runSequentially(SuiteRunner.java:413)
	at org.testng.SuiteRunner.privateRun(SuiteRunner.java:373)
	at org.testng.SuiteRunner.run(SuiteRunner.java:312)
	at org.testng.SuiteRunnerWorker.runSuite(SuiteRunnerWorker.java:52)
	at org.testng.SuiteRunnerWorker.run(SuiteRunnerWorker.java:95)
	at org.testng.TestNG.runSuitesSequentially(TestNG.java:1274)
	at org.testng.TestNG.runSuitesLocally(TestNG.java:1208)
	at org.testng.TestNG.runSuites(TestNG.java:1112)
	at org.testng.TestNG.run(TestNG.java:1079)
	at org.apache.maven.surefire.testng.TestNGExecutor.run(TestNGExecutor.java:155)
	at org.apache.maven.surefire.testng.TestNGDirectoryTestSuite.executeSingleClass(TestNGDirectoryTestSuite.java:102)
	at org.apache.maven.surefire.testng.TestNGDirectoryTestSuite.execute(TestNGDirectoryTestSuite.java:91)
	at org.apache.maven.surefire.testng.TestNGProvider.invoke(TestNGProvider.java:137)
	at org.apache.maven.surefire.booter.ForkedBooter.runSuitesInProcess(ForkedBooter.java:385)
	at org.apache.maven.surefire.booter.ForkedBooter.execute(ForkedBooter.java:162)
	at org.apache.maven.surefire.booter.ForkedBooter.run(ForkedBooter.java:507)
	at org.apache.maven.surefire.booter.ForkedBooter.main(ForkedBooter.java:495)
Caused by: io.restassured.path.json.exception.JsonPathException: Failed to parse the JSON document
	at io.restassured.path.json.JsonPath$ExceptionCatcher.invoke(JsonPath.java:1002)
	at io.restassured.path.json.JsonPath$4.doParseWith(JsonPath.java:967)
	at io.restassured.path.json.JsonPath$JsonParser.parseWith(JsonPath.java:1047)
	at io.restassured.path.json.JsonPath.get(JsonPath.java:202)
	at io.restassured.path.json.JsonPath.getInt(JsonPath.java:237)
	at mission.StepDefinition.iGetTheDefaultListofusers(StepDefinition.java:122)
	at ✽.Given I get the default list of users for on 1st page(src/test/java/API-Test.feature:6)
Caused by: groovy.json.JsonException: Lexing failed on line: 1, column: 1, while reading '<', no possible valid JSON value or punctuation could be recognized.
	at groovy.json.JsonLexer.nextToken(JsonLexer.java:86)
	at groovy.json.JsonLexer$nextToken.call(Unknown Source)
	at org.codehaus.groovy.runtime.callsite.CallSiteArray.defaultCall(CallSiteArray.java:45)
	at org.codehaus.groovy.runtime.callsite.AbstractCallSite.call(AbstractCallSite.java:125)
	at org.codehaus.groovy.runtime.callsite.AbstractCallSite.call(AbstractCallSite.java:130)
	at io.restassured.internal.path.json.ConfigurableJsonSlurper.parse(ConfigurableJsonSlurper.groovy:97)
	at io.restassured.internal.path.json.ConfigurableJsonSlurper$parse.callCurrent(Unknown Source)
	at org.codehaus.groovy.runtime.callsite.CallSiteArray.defaultCallCurrent(CallSiteArray.java:49)
	at org.codehaus.groovy.runtime.callsite.AbstractCallSite.callCurrent(AbstractCallSite.java:171)
	at org.codehaus.groovy.runtime.callsite.AbstractCallSite.callCurrent(AbstractCallSite.java:185)
	at io.restassured.internal.path.json.ConfigurableJsonSlurper.parseText(ConfigurableJsonSlurper.groovy:83)
	at io.restassured.path.json.JsonPath$4$1.method(JsonPath.java:965)
	at io.restassured.path.json.JsonPath$ExceptionCatcher.invoke(JsonPath.java:1000)
	at io.restassured.path.json.JsonPath$4.doParseWith(JsonPath.java:967)
	at io.restassured.path.json.JsonPath$JsonParser.parseWith(JsonPath.java:1047)
	at io.restassured.path.json.JsonPath.get(JsonPath.java:202)
	at io.restassured.path.json.JsonPath.getInt(JsonPath.java:237)
	at mission.StepDefinition.iGetTheDefaultListofusers(StepDefinition.java:122)
	at java.base/jdk.internal.reflect.NativeMethodAccessorImpl.invoke0(Native Method)
	at java.base/jdk.internal.reflect.NativeMethodAccessorImpl.invoke(NativeMethodAccessorImpl.java:62)
	at java.base/jdk.internal.reflect.DelegatingMethodAccessorImpl.invoke(DelegatingMethodAccessorImpl.java:43)
	at java.base/java.lang.reflect.Method.invoke(Method.java:564)
	at cucumber.runtime.Utils$1.call(Utils.java:40)
	at cucumber.runtime.Timeout.timeout(Timeout.java:16)
	at cucumber.runtime.Utils.invoke(Utils.java:34)
	at cucumber.runtime.java.JavaStepDefinition.execute(JavaStepDefinition.java:38)
	at cucumber.runtime.StepDefinitionMatch.runStep(StepDefinitionMatch.java:37)
	at cucumber.runtime.Runtime.runStep(Runtime.java:300)
	at cucumber.runtime.model.StepContainer.runStep(StepContainer.java:44)
	at cucumber.runtime.model.StepContainer.runSteps(StepContainer.java:39)
	at cucumber.runtime.model.CucumberScenario.run(CucumberScenario.java:44)
	at cucumber.runtime.model.CucumberFeature.run(CucumberFeature.java:165)
	at cucumber.api.testng.TestNGCucumberRunner.runCucumber(TestNGCucumberRunner.java:63)
	at mission.RunnerTest.feature(RunnerTest.java:33)
	at java.base/jdk.internal.reflect.NativeMethodAccessorImpl.invoke0(Native Method)
	at java.base/jdk.internal.reflect.NativeMethodAccessorImpl.invoke(NativeMethodAccessorImpl.java:62)
	at java.base/jdk.internal.reflect.DelegatingMethodAccessorImpl.invoke(DelegatingMethodAccessorImpl.java:43)
	at java.base/java.lang.reflect.Method.invoke(Method.java:564)
	at org.testng.internal.invokers.MethodInvocationHelper.invokeMethod(MethodInvocationHelper.java:141)
	at org.testng.internal.invokers.TestInvoker.invokeMethod(TestInvoker.java:686)
	at org.testng.internal.invokers.TestInvoker.invokeTestMethod(TestInvoker.java:230)
	at org.testng.internal.invokers.MethodRunner.runInSequence(MethodRunner.java:63)
	at org.testng.internal.invokers.TestInvoker$MethodInvocationAgent.invoke(TestInvoker.java:992)
	at org.testng.internal.invokers.TestInvoker.invokeTestMethods(TestInvoker.java:203)
	at org.testng.internal.invokers.TestMethodWorker.invokeTestMethods(TestMethodWorker.java:154)
	at org.testng.internal.invokers.TestMethodWorker.run(TestMethodWorker.java:134)
	at java.base/java.util.ArrayList.forEach(ArrayList.java:1510)
	at org.testng.TestRunner.privateRun(TestRunner.java:739)
	at org.testng.TestRunner.run(TestRunner.java:614)
	at org.testng.SuiteRunner.runTest(SuiteRunner.java:421)
	at org.testng.SuiteRunner.runSequentially(SuiteRunner.java:413)
	at org.testng.SuiteRunner.privateRun(SuiteRunner.java:373)
	at org.testng.SuiteRunner.run(SuiteRunner.java:312)
	at org.testng.SuiteRunnerWorker.runSuite(SuiteRunnerWorker.java:52)
	at org.testng.SuiteRunnerWorker.run(SuiteRunnerWorker.java:95)
	at org.testng.TestNG.runSuitesSequentially(TestNG.java:1274)
	at org.testng.TestNG.runSuitesLocally(TestNG.java:1208)
	at org.testng.TestNG.runSuites(TestNG.java:1112)
	at org.testng.TestNG.run(TestNG.java:1079)
	at org.apache.maven.surefire.testng.TestNGExecutor.run(TestNGExecutor.java:155)
	at org.apache.maven.surefire.testng.TestNGDirectoryTestSuite.executeSingleClass(TestNGDirectoryTestSuite.java:102)
	at org.apache.maven.surefire.testng.TestNGDirectoryTestSuite.execute(TestNGDirectoryTestSuite.java:91)
	at org.apache.maven.surefire.testng.TestNGProvider.invoke(TestNGProvider.java:137)
	at org.apache.maven.surefire.booter.ForkedBooter.runSuitesInProcess(ForkedBooter.java:385)
	at org.apache.maven.surefire.booter.ForkedBooter.execute(ForkedBooter.java:162)
	at org.apache.maven.surefire.booter.ForkedBooter.run(ForkedBooter.java:507)
	at org.apache.maven.surefire.booter.ForkedBooter.main(ForkedBooter.java:495)
]]></failure>
    <system-out><![CDATA[@API
Feature: API test

  # Please visit https://reqres.in/
  Scenario: Should see LIST USERS of all existing users               &amp#27;[90m# src/test/java/API-Test.feature:5&amp#27;[0m
    &amp#27;[31mGiven &amp#27;[0m&amp#27;[31mI get the default list of users for on 1st page&amp#27;[0m             &amp#27;[90m# StepDefinition.iGetTheDefaultListofusers()&amp#27;[0m
      &amp#27;[31mio.restassured.path.json.exception.JsonPathException: Failed to parse the JSON document
      	at io.restassured.path.json.JsonPath$ExceptionCatcher.invoke(JsonPath.java:1002)
      	at io.restassured.path.json.JsonPath$4.doParseWith(JsonPath.java:967)
      	at io.restassured.path.json.JsonPath$JsonParser.parseWith(JsonPath.java:1047)
      	at io.restassured.path.json.JsonPath.get(JsonPath.java:202)
      	at io.restassured.path.json.JsonPath.getInt(JsonPath.java:237)
      	at mission.StepDefinition.iGetTheDefaultListofusers(StepDefinition.java:122)
      	at ✽.Given I get the default list of users for on 1st page(src/test/java/API-Test.feature:6)
      Caused by: groovy.json.JsonException: Lexing failed on line: 1, column: 1, while reading '<', no possible valid JSON value or punctuation could be recognized.
      	at groovy.json.JsonLexer.nextToken(JsonLexer.java:86)
      	at groovy.json.JsonLexer$nextToken.call(Unknown Source)
      	at org.codehaus.groovy.runtime.callsite.CallSiteArray.defaultCall(CallSiteArray.java:45)
      	at org.codehaus.groovy.runtime.callsite.AbstractCallSite.call(AbstractCallSite.java:125)
      	at org.codehaus.groovy.runtime.callsite.AbstractCallSite.call(AbstractCallSite.java:130)
      	at io.restassured.internal.path.json.ConfigurableJsonSlurper.parse(ConfigurableJsonSlurper.groovy:97)
      	at io.restassured.internal.path.json.ConfigurableJsonSlurper$parse.callCurrent(Unknown Source)
      	at org.codehaus.groovy.runtime.callsite.CallSiteArray.defaultCallCurrent(CallSiteArray.java:49)
      	at org.codehaus.groovy.runtime.callsite.AbstractCallSite.callCurrent(AbstractCallSite.java:171)
      	at org.codehaus.groovy.runtime.callsite.AbstractCallSite.callCurrent(AbstractCallSite.java:185)
      	at io.restassured.internal.path.json.ConfigurableJsonSlurper.parseText(ConfigurableJsonSlurper.groovy:83)
      	at io.restassured.path.json.JsonPath$4$1.method(JsonPath.java:965)
      	at io.restassured.path.json.JsonPath$ExceptionCatcher.invoke(JsonPath.java:1000)
      	at io.restassured.path.json.JsonPath$4.doParseWith(JsonPath.java:967)
      	at io.restassured.path.json.JsonPath$JsonParser.parseWith(JsonPath.java:1047)
      	at io.restassured.path.json.JsonPath.get(JsonPath.java:202)
      	at io.restassured.path.json.JsonPath.getInt(JsonPath.java:237)
      	at mission.StepDefinition.iGetTheDefaultListofusers(StepDefinition.java:122)
      	at java.base/jdk.internal.reflect.NativeMethodAccessorImpl.invoke0(Native Method)
      	at java.base/jdk.internal.reflect.NativeMethodAccessorImpl.invoke(NativeMethodAccessorImpl.java:62)
      	at java.base/jdk.internal.reflect.DelegatingMethodAccessorImpl.invoke(DelegatingMethodAccessorImpl.java:43)
      	at java.base/java.lang.reflect.Method.invoke(Method.java:564)
      	at cucumber.runtime.Utils$1.call(Utils.java:40)
      	at cucumber.runtime.Timeout.timeout(Timeout.java:16)
      	at cucumber.runtime.Utils.invoke(Utils.java:34)
      	at cucumber.runtime.java.JavaStepDefinition.execute(JavaStepDefinition.java:38)
      	at cucumber.runtime.StepDefinitionMatch.runStep(StepDefinitionMatch.java:37)
      	at cucumber.runtime.Runtime.runStep(Runtime.java:300)
      	at cucumber.runtime.model.StepContainer.runStep(StepContainer.java:44)
      	at cucumber.runtime.model.StepContainer.runSteps(StepContainer.java:39)
      	at cucumber.runtime.model.CucumberScenario.run(CucumberScenario.java:44)
      	at cucumber.runtime.model.CucumberFeature.run(CucumberFeature.java:165)
      	at cucumber.api.testng.TestNGCucumberRunner.runCucumber(TestNGCucumberRunner.java:63)
      	at mission.RunnerTest.feature(RunnerTest.java:33)
      	at java.base/jdk.internal.reflect.NativeMethodAccessorImpl.invoke0(Native Method)
      	at java.base/jdk.internal.reflect.NativeMethodAccessorImpl.invoke(NativeMethodAccessorImpl.java:62)
      	at java.base/jdk.internal.reflect.DelegatingMethodAccessorImpl.invoke(DelegatingMethodAccessorImpl.java:43)
      	at java.base/java.lang.reflect.Method.invoke(Method.java:564)
      	at org.testng.internal.invokers.MethodInvocationHelper.invokeMethod(MethodInvocationHelper.java:141)
      	at org.testng.internal.invokers.TestInvoker.invokeMethod(TestInvoker.java:686)
      	at org.testng.internal.invokers.TestInvoker.invokeTestMethod(TestInvoker.java:230)
      	at org.testng.internal.invokers.MethodRunner.runInSequence(MethodRunner.java:63)
      	at org.testng.internal.invokers.TestInvoker$MethodInvocationAgent.invoke(TestInvoker.java:992)
      	at org.testng.internal.invokers.TestInvoker.invokeTestMethods(TestInvoker.java:203)
      	at org.testng.internal.invokers.TestMethodWorker.invokeTestMethods(TestMethodWorker.java:154)
      	at org.testng.internal.invokers.TestMethodWorker.run(TestMethodWorker.java:134)
      	at java.base/java.util.ArrayList.forEach(ArrayList.java:1510)
      	at org.testng.TestRunner.privateRun(TestRunner.java:739)
      	at org.testng.TestRunner.run(TestRunner.java:614)
      	at org.testng.SuiteRunner.runTest(SuiteRunner.java:421)
      	at org.testng.SuiteRunner.runSequentially(SuiteRunner.java:413)
      	at org.testng.SuiteRunner.privateRun(SuiteRunner.java:373)
      	at org.testng.SuiteRunner.run(SuiteRunner.java:312)
      	at org.testng.SuiteRunnerWorker.runSuite(SuiteRunnerWorker.java:52)
      	at org.testng.SuiteRunnerWorker.run(SuiteRunnerWorker.java:95)
      	at org.testng.TestNG.runSuitesSequentially(TestNG.java:1274)
      	at org.testng.TestNG.runSuitesLocally(TestNG.java:1208)
      	at org.testng.TestNG.runSuites(TestNG.java:1112)
      	at org.testng.TestNG.run(TestNG.java:1079)
      	at org.apache.maven.surefire.testng.TestNGExecutor.run(TestNGExecutor.java:155)
      	at org.apache.maven.surefire.testng.TestNGDirectoryTestSuite.executeSingleClass(TestNGDirectoryTestSuite.java:102)
      	at org.apache.maven.surefire.testng.TestNGDirectoryTestSuite.execute(TestNGDirectoryTestSuite.java:91)
      	at org.apache.maven.surefire.testng.TestNGProvider.invoke(TestNGProvider.java:137)
      	at org.apache.maven.surefire.booter.ForkedBooter.runSuitesInProcess(ForkedBooter.java:385)
      	at org.apache.maven.surefire.booter.ForkedBooter.execute(ForkedBooter.java:162)
      	at org.apache.maven.surefire.booter.ForkedBooter.run(ForkedBooter.java:507)
      	at org.apache.maven.surefire.booter.ForkedBooter.main(ForkedBooter.java:495)
      &amp#27;[0m
    &amp#27;[36mWhen &amp#27;[0m&amp#27;[36mI get the list of all users within every page&amp#27;[0m                &amp#27;[90m# StepDefinition.iGetTheListOfAllUsers()&amp#27;[0m
    &amp#27;[36mThen &amp#27;[0m&amp#27;[36mI should see total users count equals the number of user ids&amp#27;[0m &amp#27;[90m# StepDefinition.iShouldMatchTotalCount()&amp#27;[0m

  Scenario: Should see SINGLE USER data       &amp#27;[90m# src/test/java/API-Test.feature:11&amp#27;[0m
    &amp#27;[32mGiven &amp#27;[0m&amp#27;[32mI make a search for user &amp#27;[0m&amp#27;[32m&amp#27;[1m3&amp#27;[0m          &amp#27;[90m# StepDefinition.iMakeASearchForUser(String)&amp#27;[0m
    &amp#27;[31mThen &amp#27;[0m&amp#27;[31mI should see the following user data&amp#27;[0m &amp#27;[90m# StepDefinition.IShouldSeeFollowingUserData(DataTable)&amp#27;[0m
      &amp#27;[31mio.restassured.path.json.exception.JsonPathException: Failed to parse the JSON document
      	at io.restassured.path.json.JsonPath$ExceptionCatcher.invoke(JsonPath.java:1002)
      	at io.restassured.path.json.JsonPath$4.doParseWith(JsonPath.java:967)
      	at io.restassured.path.json.JsonPath$JsonParser.parseWith(JsonPath.java:1047)
      	at io.restassured.path.json.JsonPath.get(JsonPath.java:202)
      	at io.restassured.path.json.JsonPath.getString(JsonPath.java:352)
      	at mission.StepDefinition.IShouldSeeFollowingUserData(StepDefinition.java:151)
      	at ✽.Then I should see the following user data(src/test/java/API-Test.feature:13)
      Caused by: groovy.json.JsonException: Lexing failed on line: 1, column: 1, while reading '<', no possible valid JSON value or punctuation could be recognized.
      	at groovy.json.JsonLexer.nextToken(JsonLexer.java:86)
      	at groovy.json.JsonLexer$nextToken.call(Unknown Source)
      	at io.restassured.internal.path.json.ConfigurableJsonSlurper.parse(ConfigurableJsonSlurper.groovy:97)
      	at io.restassured.internal.path.json.ConfigurableJsonSlurper$parse.callCurrent(Unknown Source)
      	at io.restassured.internal.path.json.ConfigurableJsonSlurper.parseText(ConfigurableJsonSlurper.groovy:83)
      	at io.restassured.path.json.JsonPath$4$1.method(JsonPath.java:965)
      	at io.restassured.path.json.JsonPath$ExceptionCatcher.invoke(JsonPath.java:1000)
      	at io.restassured.path.json.JsonPath$4.doParseWith(JsonPath.java:967)
      	at io.restassured.path.json.JsonPath$JsonParser.parseWith(JsonPath.java:1047)
      	at io.restassured.path.json.JsonPath.get(JsonPath.java:202)
      	at io.restassured.path.json.JsonPath.getString(JsonPath.java:352)
      	at mission.StepDefinition.IShouldSeeFollowingUserData(StepDefinition.java:151)
      	at java.base/jdk.internal.reflect.NativeMethodAccessorImpl.invoke0(Native Method)
      	at java.base/jdk.internal.reflect.NativeMethodAccessorImpl.invoke(NativeMethodAccessorImpl.java:62)
      	at java.base/jdk.internal.reflect.DelegatingMethodAccessorImpl.invoke(DelegatingMethodAccessorImpl.java:43)
      	at java.base/java.lang.reflect.Method.invoke(Method.java:564)
      	at cucumber.runtime.Utils$1.call(Utils.java:40)
      	at cucumber.runtime.Timeout.timeout(Timeout.java:16)
      	at cucumber.runtime.Utils.invoke(Utils.java:34)
      	at cucumber.runtime.java.JavaStepDefinition.execute(JavaStepDefinition.java:38)
      	at cucumber.runtime.StepDefinitionMatch.runStep(StepDefinitionMatch.java:37)
      	at cucumber.runtime.Runtime.runStep(Runtime.java:300)
      	at cucumber.runtime.model.StepContainer.runStep(StepContainer.java:44)
      	at cucumber.runtime.model.StepContainer.runSteps(StepContainer.java:39)
      	at cucumber.runtime.model.CucumberScenario.run(CucumberScenario.java:44)
      	at cucumber.runtime.model.CucumberFeature.run(CucumberFeature.java:165)
      	at cucumber.api.testng.TestNGCucumberRunner.runCucumber(TestNGCucumberRunner.java:63)
      	at mission.RunnerTest.feature(RunnerTest.java:33)
      	at java.base/jdk.internal.reflect.NativeMethodAccessorImpl.invoke0(Native Method)
      	at java.base/jdk.internal.reflect.NativeMethodAccessorImpl.invoke(NativeMethodAccessorImpl.java:62)
      	at java.base/jdk.internal.reflect.DelegatingMethodAccessorImpl.invoke(DelegatingMethodAccessorImpl.java:43)
      	at java.base/java.lang.reflect.Method.invoke(Method.java:564)
      	at org.testng.internal.invokers.MethodInvocationHelper.invokeMethod(MethodInvocationHelper.java:141)
      	at org.testng.internal.invokers.TestInvoker.invokeMethod(TestInvoker.java:686)
      	at org.testng.internal.invokers.TestInvoker.invokeTestMethod(TestInvoker.java:230)
      	at org.testng.internal.invokers.MethodRunner.runInSequence(MethodRunner.java:63)
      	at org.testng.internal.invokers.TestInvoker$MethodInvocationAgent.invoke(TestInvoker.java:992)
      	at org.testng.internal.invokers.TestInvoker.invokeTestMethods(TestInvoker.java:203)
      	at org.testng.internal.invokers.TestMethodWorker.invokeTestMethods(TestMethodWorker.java:154)
      	at org.testng.internal.invokers.TestMethodWorker.run(TestMethodWorker.java:134)
      	at java.base/java.util.ArrayList.forEach(ArrayList.java:1510)
      	at org.testng.TestRunner.privateRun(TestRunner.java:739)
      	at org.testng.TestRunner.run(TestRunner.java:614)
      	at org.testng.SuiteRunner.runTest(SuiteRunner.java:421)
      	at org.testng.SuiteRunner.runSequentially(SuiteRunner.java:413)
      	at org.testng.SuiteRunner.privateRun(SuiteRunner.java:373)
      	at org.testng.SuiteRunner.run(SuiteRunner.java:312)
      	at org.testng.SuiteRunnerWorker.runSuite(SuiteRunnerWorker.java:52)
      	at org.testng.SuiteRunnerWorker.run(SuiteRunnerWorker.java:95)
      	at org.testng.TestNG.runSuitesSequentially(TestNG.java:1274)
      	at org.testng.TestNG.runSuitesLocally(TestNG.java:1208)
      	at org.testng.TestNG.runSuites(TestNG.java:1112)
      	at org.testng.TestNG.run(TestNG.java:1079)
      	at org.apache.maven.surefire.testng.TestNGExecutor.run(TestNGExecutor.java:155)
      	at org.apache.maven.surefire.testng.TestNGDirectoryTestSuite.executeSingleClass(TestNGDirectoryTestSuite.java:102)
      	at org.apache.maven.surefire.testng.TestNGDirectoryTestSuite.execute(TestNGDirectoryTestSuite.java:91)
      	at org.apache.maven.surefire.testng.TestNGProvider.invoke(TestNGProvider.java:137)
      	at org.apache.maven.surefire.booter.ForkedBooter.runSuitesInProcess(ForkedBooter.java:385)
      	at org.apache.maven.surefire.booter.ForkedBooter.execute(ForkedBooter.java:162)
      	at org.apache.maven.surefire.booter.ForkedBooter.run(ForkedBooter.java:507)
      	at org.apache.maven.surefire.booter.ForkedBooter.main(ForkedBooter.java:495)
      &amp#27;[0m

  Scenario: Should see SINGLE USER NOT FOUND error code &amp#27;[90m# src/test/java/API-Test.feature:18&amp#27;[0m
    &amp#27;[32mGiven &amp#27;[0m&amp#27;[32mI make a search for user &amp#27;[0m&amp#27;[32m&amp#27;[1m55&amp#27;[0m                   &amp#27;[90m# StepDefinition.iMakeASearchForUser(String)&amp#27;[0m
    &amp#27;[31mThen &amp#27;[0m&amp#27;[31mI receive error code &amp#27;[0m&amp#27;[31m&amp#27;[1m404&amp#27;[0m&amp#27;[31m in response&amp#27;[0m           &amp#27;[90m# StepDefinition.iReceiveErrorCodeInResponse(int)&amp#27;[0m
      &amp#27;[31mjava.lang.AssertionError: Response code does not match expected [404] but found [403]
      	at org.testng.Assert.fail(Assert.java:111)
      	at org.testng.Assert.failNotEquals(Assert.java:1578)
      	at org.testng.Assert.assertEqualsImpl(Assert.java:150)
      	at org.testng.Assert.assertEquals(Assert.java:132)
      	at org.testng.Assert.assertEquals(Assert.java:1419)
      	at org.testng.Assert.assertEquals(Assert.java:1383)
      	at mission.StepDefinition.iReceiveErrorCodeInResponse(StepDefinition.java:162)
      	at ✽.Then I receive error code 404 in response(src/test/java/API-Test.feature:20)
      &amp#27;[0m

  Scenario Outline: CREATE a user                     &amp#27;[90m# src/test/java/API-Test.feature:23&amp#27;[0m
    &amp#27;[36mGiven &amp#27;[0m&amp#27;[36mI create a user with following <Name> <Job>&amp#27;[0m
    &amp#27;[36mThen &amp#27;[0m&amp#27;[36mresponse should contain the following data&amp#27;[0m

    Examples: 

  @API
  Scenario Outline: CREATE a user                      &amp#27;[90m# src/test/java/API-Test.feature:30&amp#27;[0m
    &amp#27;[32mGiven &amp#27;[0m&amp#27;[32mI create a user with following &amp#27;[0m&amp#27;[32m&amp#27;[1mPeter&amp#27;[0m&amp#27;[32m &amp#27;[0m&amp#27;[32m&amp#27;[1mManager&amp#27;[0m &amp#27;[90m# StepDefinition.iCreateUserWithFollowing(String,String)&amp#27;[0m
    &amp#27;[31mThen &amp#27;[0m&amp#27;[31mresponse should contain the following data&amp#27;[0m    &amp#27;[90m# StepDefinition.iReceiveErrorCodeInResponse(DataTable)&amp#27;[0m
      &amp#27;[31mjava.lang.IndexOutOfBoundsException: Index 0 out of bounds for length 0
      	at java.base/jdk.internal.util.Preconditions.outOfBounds(Preconditions.java:64)
      	at java.base/jdk.internal.util.Preconditions.outOfBoundsCheckIndex(Preconditions.java:70)
      	at java.base/jdk.internal.util.Preconditions.checkIndex(Preconditions.java:248)
      	at java.base/java.util.Objects.checkIndex(Objects.java:373)
      	at java.base/java.util.ArrayList.get(ArrayList.java:426)
      	at java.base/java.util.Collections$UnmodifiableList.get(Collections.java:1321)
      	at mission.StepDefinition.iReceiveErrorCodeInResponse(StepDefinition.java:179)
      	at ✽.Then response should contain the following data(src/test/java/API-Test.feature:25)
      &amp#27;[0m

  @API
  Scenario Outline: CREATE a user                   &amp#27;[90m# src/test/java/API-Test.feature:31&amp#27;[0m
    &amp#27;[32mGiven &amp#27;[0m&amp#27;[32mI create a user with following &amp#27;[0m&amp#27;[32m&amp#27;[1mLiza&amp#27;[0m&amp#27;[32m &amp#27;[0m&amp#27;[32m&amp#27;[1mSales&amp#27;[0m &amp#27;[90m# StepDefinition.iCreateUserWithFollowing(String,String)&amp#27;[0m
    &amp#27;[31mThen &amp#27;[0m&amp#27;[31mresponse should contain the following data&amp#27;[0m &amp#27;[90m# StepDefinition.iReceiveErrorCodeInResponse(DataTable)&amp#27;[0m
      &amp#27;[31mjava.lang.IndexOutOfBoundsException: Index 0 out of bounds for length 0
      	at java.base/jdk.internal.util.Preconditions.outOfBounds(Preconditions.java:64)
      	at java.base/jdk.internal.util.Preconditions.outOfBoundsCheckIndex(Preconditions.java:70)
      	at java.base/jdk.internal.util.Preconditions.checkIndex(Preconditions.java:248)
      	at java.base/java.util.Objects.checkIndex(Objects.java:373)
      	at java.base/java.util.ArrayList.get(ArrayList.java:426)
      	at java.base/java.util.Collections$UnmodifiableList.get(Collections.java:1321)
      	at mission.StepDefinition.iReceiveErrorCodeInResponse(StepDefinition.java:179)
      	at ✽.Then response should contain the following data(src/test/java/API-Test.feature:25)
      &amp#27;[0m

  Scenario: LOGIN - SUCCESSFUL by a user               &amp#27;[90m# src/test/java/API-Test.feature:34&amp#27;[0m
    &amp#27;[32mGiven &amp#27;[0m&amp#27;[32mI login successfully with the following data&amp#27;[0m &amp#27;[90m# StepDefinition.iLoginSuccessfullyWithFollowingData(DataTable)&amp#27;[0m
    &amp#27;[31mThen &amp#27;[0m&amp#27;[31mI should get a response code of &amp#27;[0m&amp#27;[31m&amp#27;[1m200&amp#27;[0m           &amp#27;[90m# StepDefinition.iShouldGetAResponseCodeOf(int)&amp#27;[0m
      &amp#27;[31mjava.lang.AssertionError: Response code does not match expected [200] but found [403]
      	at org.testng.Assert.fail(Assert.java:111)
      	at org.testng.Assert.failNotEquals(Assert.java:1578)
      	at org.testng.Assert.assertEqualsImpl(Assert.java:150)
      	at org.testng.Assert.assertEquals(Assert.java:132)
      	at org.testng.Assert.assertEquals(Assert.java:1419)
      	at org.testng.Assert.assertEquals(Assert.java:1383)
      	at mission.StepDefinition.iShouldGetAResponseCodeOf(StepDefinition.java:243)
      	at ✽.Then I should get a response code of 200(src/test/java/API-Test.feature:38)
      &amp#27;[0m

  Scenario: LOGIN - UNSUCCESSFUL by a user               &amp#27;[90m# src/test/java/API-Test.feature:40&amp#27;[0m
    &amp#27;[32mGiven &amp#27;[0m&amp#27;[32mI login unsuccessfully with the following data&amp#27;[0m &amp#27;[90m# StepDefinition.iLoginUnsuccessfullyWithFollowingData(DataTable)&amp#27;[0m
    &amp#27;[31mThen &amp#27;[0m&amp#27;[31mI should get a response code of &amp#27;[0m&amp#27;[31m&amp#27;[1m400&amp#27;[0m             &amp#27;[90m# StepDefinition.iShouldGetAResponseCodeOf(int)&amp#27;[0m
      &amp#27;[31mjava.lang.AssertionError: Response code does not match expected [400] but found [403]
      	at org.testng.Assert.fail(Assert.java:111)
      	at org.testng.Assert.failNotEquals(Assert.java:1578)
      	at org.testng.Assert.assertEqualsImpl(Assert.java:150)
      	at org.testng.Assert.assertEquals(Assert.java:132)
      	at org.testng.Assert.assertEquals(Assert.java:1419)
      	at org.testng.Assert.assertEquals(Assert.java:1383)
      	at mission.StepDefinition.iShouldGetAResponseCodeOf(StepDefinition.java:243)
      	at ✽.Then I should get a response code of 400(src/test/java/API-Test.feature:44)
      &amp#27;[0m
    &amp#27;[36mAnd &amp#27;[0m&amp#27;[36mI should see the following response message:&amp#27;[0m     &amp#27;[90m# StepDefinition.iShouldSeeTheFollowingResponseMessage(String>)&amp#27;[0m

  Scenario: Should see the list of users with DELAYED RESPONSE &amp#27;[90m# src/test/java/API-Test.feature:48&amp#27;[0m
    &amp#27;[31mGiven &amp#27;[0m&amp#27;[31mI wait for the user list to load&amp#27;[0m                     &amp#27;[90m# StepDefinition.iWaitForUserListToLoad()&amp#27;[0m
      &amp#27;[31mio.restassured.path.json.exception.JsonPathException: Failed to parse the JSON document
      	at io.restassured.path.json.JsonPath$ExceptionCatcher.invoke(JsonPath.java:1002)
      	at io.restassured.path.json.JsonPath$4.doParseWith(JsonPath.java:967)
      	at io.restassured.path.json.JsonPath$JsonParser.parseWith(JsonPath.java:1047)
      	at io.restassured.path.json.JsonPath.get(JsonPath.java:202)
      	at io.restassured.path.json.JsonPath.getList(JsonPath.java:375)
      	at mission.StepDefinition.iWaitForUserListToLoad(StepDefinition.java:225)
      	at ✽.Given I wait for the user list to load(src/test/java/API-Test.feature:49)
      Caused by: groovy.json.JsonException: Lexing failed on line: 1, column: 1, while reading '<', no possible valid JSON value or punctuation could be recognized.
      	at groovy.json.JsonLexer.nextToken(JsonLexer.java:86)
      	at groovy.json.JsonLexer$nextToken.call(Unknown Source)
      	at io.restassured.internal.path.json.ConfigurableJsonSlurper.parse(ConfigurableJsonSlurper.groovy:97)
      	at io.restassured.internal.path.json.ConfigurableJsonSlurper$parse.callCurrent(Unknown Source)
      	at io.restassured.internal.path.json.ConfigurableJsonSlurper.parseText(ConfigurableJsonSlurper.groovy:83)
      	at io.restassured.path.json.JsonPath$4$1.method(JsonPath.java:965)
      	at io.restassured.path.json.JsonPath$ExceptionCatcher.invoke(JsonPath.java:1000)
      	at io.restassured.path.json.JsonPath$4.doParseWith(JsonPath.java:967)
      	at io.restassured.path.json.JsonPath$JsonParser.parseWith(JsonPath.java:1047)
      	at io.restassured.path.json.JsonPath.get(JsonPath.java:202)
      	at io.restassured.path.json.JsonPath.getList(JsonPath.java:375)
      	at mission.StepDefinition.iWaitForUserListToLoad(StepDefinition.java:225)
      	at java.base/jdk.internal.reflect.NativeMethodAccessorImpl.invoke0(Native Method)
      	at java.base/jdk.internal.reflect.NativeMethodAccessorImpl.invoke(NativeMethodAccessorImpl.java:62)
      	at java.base/jdk.internal.reflect.DelegatingMethodAccessorImpl.invoke(DelegatingMethodAccessorImpl.java:43)
      	at java.base/java.lang.reflect.Method.invoke(Method.java:564)
      	at cucumber.runtime.Utils$1.call(Utils.java:40)
      	at cucumber.runtime.Timeout.timeout(Timeout.java:16)
      	at cucumber.runtime.Utils.invoke(Utils.java:34)
      	at cucumber.runtime.java.JavaStepDefinition.execute(JavaStepDefinition.java:38)
      	at cucumber.runtime.StepDefinitionMatch.runStep(StepDefinitionMatch.java:37)
      	at cucumber.runtime.Runtime.runStep(Runtime.java:300)
      	at cucumber.runtime.model.StepContainer.runStep(StepContainer.java:44)
      	at cucumber.runtime.model.StepContainer.runSteps(StepContainer.java:39)
      	at cucumber.runtime.model.CucumberScenario.run(CucumberScenario.java:44)
      	at cucumber.runtime.model.CucumberFeature.run(CucumberFeature.java:165)
      	at cucumber.api.testng.TestNGCucumberRunner.runCucumber(TestNGCucumberRunner.java:63)
      	at mission.RunnerTest.feature(RunnerTest.java:33)
      	at java.base/jdk.internal.reflect.NativeMethodAccessorImpl.invoke0(Native Method)
      	at java.base/jdk.internal.reflect.NativeMethodAccessorImpl.invoke(NativeMethodAccessorImpl.java:62)
      	at java.base/jdk.internal.reflect.DelegatingMethodAccessorImpl.invoke(DelegatingMethodAccessorImpl.java:43)
      	at java.base/java.lang.reflect.Method.invoke(Method.java:564)
      	at org.testng.internal.invokers.MethodInvocationHelper.invokeMethod(MethodInvocationHelper.java:141)
      	at org.testng.internal.invokers.TestInvoker.invokeMethod(TestInvoker.java:686)
      	at org.testng.internal.invokers.TestInvoker.invokeTestMethod(TestInvoker.java:230)
      	at org.testng.internal.invokers.MethodRunner.runInSequence(MethodRunner.java:63)
      	at org.testng.internal.invokers.TestInvoker$MethodInvocationAgent.invoke(TestInvoker.java:992)
      	at org.testng.internal.invokers.TestInvoker.invokeTestMethods(TestInvoker.java:203)
      	at org.testng.internal.invokers.TestMethodWorker.invokeTestMethods(TestMethodWorker.java:154)
      	at org.testng.internal.invokers.TestMethodWorker.run(TestMethodWorker.java:134)
      	at java.base/java.util.ArrayList.forEach(ArrayList.java:1510)
      	at org.testng.TestRunner.privateRun(TestRunner.java:739)
      	at org.testng.TestRunner.run(TestRunner.java:614)
      	at org.testng.SuiteRunner.runTest(SuiteRunner.java:421)
      	at org.testng.SuiteRunner.runSequentially(SuiteRunner.java:413)
      	at org.testng.SuiteRunner.privateRun(SuiteRunner.java:373)
      	at org.testng.SuiteRunner.run(SuiteRunner.java:312)
      	at org.testng.SuiteRunnerWorker.runSuite(SuiteRunnerWorker.java:52)
      	at org.testng.SuiteRunnerWorker.run(SuiteRunnerWorker.java:95)
      	at org.testng.TestNG.runSuitesSequentially(TestNG.java:1274)
      	at org.testng.TestNG.runSuitesLocally(TestNG.java:1208)
      	at org.testng.TestNG.runSuites(TestNG.java:1112)
      	at org.testng.TestNG.run(TestNG.java:1079)
      	at org.apache.maven.surefire.testng.TestNGExecutor.run(TestNGExecutor.java:155)
      	at org.apache.maven.surefire.testng.TestNGDirectoryTestSuite.executeSingleClass(TestNGDirectoryTestSuite.java:102)
      	at org.apache.maven.surefire.testng.TestNGDirectoryTestSuite.execute(TestNGDirectoryTestSuite.java:91)
      	at org.apache.maven.surefire.testng.TestNGProvider.invoke(TestNGProvider.java:137)
      	at org.apache.maven.surefire.booter.ForkedBooter.runSuitesInProcess(ForkedBooter.java:385)
      	at org.apache.maven.surefire.booter.ForkedBooter.execute(ForkedBooter.java:162)
      	at org.apache.maven.surefire.booter.ForkedBooter.run(ForkedBooter.java:507)
      	at org.apache.maven.surefire.booter.ForkedBooter.main(ForkedBooter.java:495)
      &amp#27;[0m
    &amp#27;[36mThen &amp#27;[0m&amp#27;[36mI should see that every user has a unique id&amp#27;[0m          &amp#27;[90m# StepDefinition.iShouldSeeThatEveryUserHasAUniqueID()&amp#27;[0m
]]></system-out>
    <system-err><![CDATA[SLF4J: Failed to load class "org.slf4j.impl.StaticLoggerBinder".
SLF4J: Defaulting to no-operation (NOP) logger implementation
SLF4J: See http://www.slf4j.org/codes.html#StaticLoggerBinder for further details.
]]></system-err>
  </testcase>
  <testcase name="feature[Sample Test](2)" classname="mission.RunnerTest" time="3.436">
    <system-out><![CDATA[@UI
Feature: Sample Test

  Scenario: Sample              &amp#27;[90m# src/test/java/SampleTest.feature:4&amp#27;[0m
    &amp#27;[32mGiven &amp#27;[0m&amp#27;[32mI am on the home page&amp#27;[0m &amp#27;[90m# StepDefinition.iAmOnTheHomePage()&amp#27;[0m
]]></system-out>
    <system-err><![CDATA[Jan 22, 2026 10:41:31 PM org.openqa.selenium.devtools.CdpVersionFinder findNearestMatch
WARNING: Unable to find CDP implementation matching 144
Jan 22, 2026 10:41:31 PM org.openqa.selenium.chromium.ChromiumDriver lambda$new$5
WARNING: Unable to find version of CDP to use for 144.0.7559.59. You may need to include a dependency on a specific version of the CDP using something similar to `org.seleniumhq.selenium:selenium-devtools-v86:4.27.0` where the version ("v86") matches the version of the chromium-based browser you're using and the version number of the artifact is the same as Selenium's.
]]></system-err>
  </testcase>
  <testcase name="feature[Checkout items in the basket](3)" classname="mission.RunnerTest" time="6.824">
    <system-out><![CDATA[@UI
Feature: Checkout items in the basket
  Please use home page of https://www.saucedemo.com/

  Scenario: Check item total cost and tax                           &amp#27;[90m# src/test/java/UI-Test.feature:5&amp#27;[0m
    &amp#27;[32mGiven &amp#27;[0m&amp#27;[32mI am on the home page&amp#27;[0m                                     &amp#27;[90m# StepDefinition.iAmOnTheHomePage()&amp#27;[0m
    &amp#27;[32mAnd &amp#27;[0m&amp#27;[32mI login in with the following details&amp#27;[0m                       &amp#27;[90m# StepDefinition.iLoginWithFollowingDetails(DataTable)&amp#27;[0m
    &amp#27;[32mAnd &amp#27;[0m&amp#27;[32mI add the following items to the basket&amp#27;[0m                     &amp#27;[90m# StepDefinition.iAddFollowingItemsToBasket(String>)&amp#27;[0m
    &amp#27;[32mAnd &amp#27;[0m&amp#27;[32mI  should see &amp#27;[0m&amp#27;[32m&amp#27;[1m4&amp#27;[0m&amp#27;[32m items added to the shopping cart&amp#27;[0m            &amp#27;[90m# StepDefinition.iShouldSeeItemsInCart(int)&amp#27;[0m
    &amp#27;[32mAnd &amp#27;[0m&amp#27;[32mI click on the shopping cart&amp#27;[0m                                &amp#27;[90m# StepDefinition.iClickOnShoppingCart()&amp#27;[0m
    &amp#27;[32mAnd &amp#27;[0m&amp#27;[32mI verify that the QTY count for each item should be &amp#27;[0m&amp#27;[32m&amp#27;[1m1&amp#27;[0m       &amp#27;[90m# StepDefinition.iVerifyQtyCountForEachItem(int)&amp#27;[0m
    &amp#27;[32mAnd &amp#27;[0m&amp#27;[32mI remove the following item:&amp#27;[0m                                &amp#27;[90m# StepDefinition.iRemoveFollowingItem(String>)&amp#27;[0m
    &amp#27;[32mAnd &amp#27;[0m&amp#27;[32mI  should see &amp#27;[0m&amp#27;[32m&amp#27;[1m3&amp#27;[0m&amp#27;[32m items added to the shopping cart&amp#27;[0m            &amp#27;[90m# StepDefinition.iShouldSeeItemsInCart(int)&amp#27;[0m
    &amp#27;[32mAnd &amp#27;[0m&amp#27;[32mI click on the CHECKOUT button&amp#27;[0m                              &amp#27;[90m# StepDefinition.iClickOnCheckoutButton()&amp#27;[0m
    &amp#27;[32mAnd &amp#27;[0m&amp#27;[32mI type "&amp#27;[0m&amp#27;[32m&amp#27;[1mFirstName&amp#27;[0m&amp#27;[32m" for First Name&amp#27;[0m                           &amp#27;[90m# StepDefinition.iTypeForFirstName(String)&amp#27;[0m
    &amp#27;[32mAnd &amp#27;[0m&amp#27;[32mI type "&amp#27;[0m&amp#27;[32m&amp#27;[1mLastName&amp#27;[0m&amp#27;[32m" for Last Name&amp#27;[0m                             &amp#27;[90m# StepDefinition.iTypeForLastName(String)&amp#27;[0m
    &amp#27;[32mAnd &amp#27;[0m&amp#27;[32mI type "&amp#27;[0m&amp#27;[32m&amp#27;[1mEC1A 9JU&amp#27;[0m&amp#27;[32m" for ZIP/Postal Code&amp#27;[0m                       &amp#27;[90m# StepDefinition.iTypeForPostalCode(String)&amp#27;[0m
    &amp#27;[32mWhen &amp#27;[0m&amp#27;[32mI click on the CONTINUE button&amp#27;[0m                             &amp#27;[90m# StepDefinition.iClickOnContinueButton()&amp#27;[0m
    &amp#27;[32mThen &amp#27;[0m&amp#27;[32mItem total will be equal to the total of items on the list&amp#27;[0m &amp#27;[90m# StepDefinition.itemTotalWillBeEqualToTotalOfItems()&amp#27;[0m
    &amp#27;[32mAnd &amp#27;[0m&amp#27;[32ma Tax rate of &amp#27;[0m&amp#27;[32m&amp#27;[1m8&amp#27;[0m&amp#27;[32m % is applied to the total&amp#27;[0m                   &amp#27;[90m# StepDefinition.aTaxRateIsApplied(double)&amp#27;[0m
]]></system-out>
    <system-err><![CDATA[Jan 22, 2026 10:41:34 PM org.openqa.selenium.devtools.CdpVersionFinder findNearestMatch
WARNING: Unable to find CDP implementation matching 144
Jan 22, 2026 10:41:34 PM org.openqa.selenium.chromium.ChromiumDriver lambda$new$5
WARNING: Unable to find version of CDP to use for 144.0.7559.59. You may need to include a dependency on a specific version of the CDP using something similar to `org.seleniumhq.selenium:selenium-devtools-v86:4.27.0` where the version ("v86") matches the version of the chromium-based browser you're using and the version number of the artifact is the same as Selenium's.
]]></system-err>
  </testcase>
</testsuite>