<?xml version="1.0" encoding="UTF-8"?>
<testsuite xmlns:xsi="http://www.w3.org/2001/XMLSchema-instance" xsi:noNamespaceSchemaLocation="https://maven.apache.org/surefire/maven-surefire-plugin/xsd/surefire-test-report-3.0.xsd" version="3.0" name="mission.RunnerTest" time="16.771" tests="3" errors="0" skipped="0" failures="0">
  <properties>
[...]
</properties>
  <testcase name="feature[API test](1)" classname="mission.RunnerTest" time="5.727">
    <system-out><![CDATA[@API
Feature: API test
Response status: 200
Found 10 users

  # Using JSONPlaceholder - https://jsonplaceholder.typicode.com/
  # Free fake API for testing without Cloudflare issues
  Scenario: Should see LIST of all users       &amp#27;[90m# src/test/java/API-Test.feature:6&amp#27;[0m
    &amp#27;[32mGiven &amp#27;[0m&amp#27;[32mI get the list of users&amp#27;[0m              &amp#27;[90m# StepDefinition.iGetTheListOfUsers()&amp#27;[0m
    &amp#27;[32mThen &amp#27;[0m&amp#27;[32mI should see &amp#27;[0m&amp#27;[32m&amp#27;[1m10&amp#27;[0m&amp#27;[32m users in the response&amp#27;[0m &amp#27;[90m# StepDefinition.iShouldSeeUsersInResponse(int)&amp#27;[0m
User search - Status: 200
User found: Leanne Graham

  Scenario: Should see SINGLE USER data       &amp#27;[90m# src/test/java/API-Test.feature:10&amp#27;[0m
    &amp#27;[32mGiven &amp#27;[0m&amp#27;[32mI make a search for user &amp#27;[0m&amp#27;[32m&amp#27;[1m1&amp#27;[0m          &amp#27;[90m# StepDefinition.iMakeASearchForUser(String)&amp#27;[0m
    &amp#27;[32mThen &amp#27;[0m&amp#27;[32mI should see the following user data&amp#27;[0m &amp#27;[90m# StepDefinition.IShouldSeeFollowingUserData(DataTable)&amp#27;[0m
User search - Status: 404

  Scenario: Should see USER NOT FOUND error code &amp#27;[90m# src/test/java/API-Test.feature:16&amp#27;[0m
    &amp#27;[32mGiven &amp#27;[0m&amp#27;[32mI make a search for user &amp#27;[0m&amp#27;[32m&amp#27;[1m999&amp#27;[0m           &amp#27;[90m# StepDefinition.iMakeASearchForUser(String)&amp#27;[0m
    &amp#27;[32mThen &amp#27;[0m&amp#27;[32mI receive error code &amp#27;[0m&amp#27;[32m&amp#27;[1m404&amp#27;[0m&amp#27;[32m in response&amp#27;[0m    &amp#27;[90m# StepDefinition.iReceiveErrorCodeInResponse(int)&amp#27;[0m

  Scenario Outline: CREATE a post                                &amp#27;[90m# src/test/java/API-Test.feature:20&amp#27;[0m
    &amp#27;[36mGiven &amp#27;[0m&amp#27;[36mI create a post with title "<Title>" and body "<Body>"&amp#27;[0m
    &amp#27;[36mThen &amp#27;[0m&amp#27;[36mresponse should contain the created post data&amp#27;[0m

    Examples: 
Create post - Status: 201
Create post - Body: {
  "title": "Test Post 1",
  "body": "This is a test post",
  "userId": 1,
  "id": 101
}
Validating response fields. Status: 201
Created post ID: 101

  @API
  Scenario Outline: CREATE a post                                                 &amp#27;[90m# src/test/java/API-Test.feature:27&amp#27;[0m
    &amp#27;[32mGiven &amp#27;[0m&amp#27;[32mI create a post with title "&amp#27;[0m&amp#27;[32m&amp#27;[1mTest Post 1&amp#27;[0m&amp#27;[32m" and body "&amp#27;[0m&amp#27;[32m&amp#27;[1mThis is a test post&amp#27;[0m&amp#27;[32m"&amp#27;[0m &amp#27;[90m# StepDefinition.iCreatePostWithTitleAndBody(String,String)&amp#27;[0m
    &amp#27;[32mThen &amp#27;[0m&amp#27;[32mresponse should contain the created post data&amp#27;[0m                            &amp#27;[90m# StepDefinition.responseContainsCreatedPostData(DataTable)&amp#27;[0m
Create post - Status: 201
Create post - Body: {
  "title": "Another Post",
  "body": "Testing API automation",
  "userId": 1,
  "id": 101
}
Validating response fields. Status: 201
Created post ID: 101

  @API
  Scenario Outline: CREATE a post                                                     &amp#27;[90m# src/test/java/API-Test.feature:28&amp#27;[0m
    &amp#27;[32mGiven &amp#27;[0m&amp#27;[32mI create a post with title "&amp#27;[0m&amp#27;[32m&amp#27;[1mAnother Post&amp#27;[0m&amp#27;[32m" and body "&amp#27;[0m&amp#27;[32m&amp#27;[1mTesting API automation&amp#27;[0m&amp#27;[32m"&amp#27;[0m &amp#27;[90m# StepDefinition.iCreatePostWithTitleAndBody(String,String)&amp#27;[0m
    &amp#27;[32mThen &amp#27;[0m&amp#27;[32mresponse should contain the created post data&amp#27;[0m                                &amp#27;[90m# StepDefinition.responseContainsCreatedPostData(DataTable)&amp#27;[0m
Update post - Status: 200
Update post - Body: {
  "title": "Updated Title",
  "body": "Updated Body",
  "userId": 1,
  "id": 1
}

  Scenario: Should UPDATE a post                                             &amp#27;[90m# src/test/java/API-Test.feature:30&amp#27;[0m
    &amp#27;[32mGiven &amp#27;[0m&amp#27;[32mI update post &amp#27;[0m&amp#27;[32m&amp#27;[1m1&amp#27;[0m&amp#27;[32m with title "&amp#27;[0m&amp#27;[32m&amp#27;[1mUpdated Title&amp#27;[0m&amp#27;[32m" and body "&amp#27;[0m&amp#27;[32m&amp#27;[1mUpdated Body&amp#27;[0m&amp#27;[32m"&amp#27;[0m &amp#27;[90m# StepDefinition.iUpdatePostWithTitleAndBody(int,String,String)&amp#27;[0m
    &amp#27;[32mThen &amp#27;[0m&amp#27;[32mI should get a response code of &amp#27;[0m&amp#27;[32m&amp#27;[1m200&amp#27;[0m                                 &amp#27;[90m# StepDefinition.iShouldGetAResponseCodeOf(int)&amp#27;[0m
    &amp#27;[32mAnd &amp#27;[0m&amp#27;[32mresponse should contain updated title "&amp#27;[0m&amp#27;[32m&amp#27;[1mUpdated Title&amp#27;[0m&amp#27;[32m"&amp#27;[0m                &amp#27;[90m# StepDefinition.responseShouldContainUpdatedTitle(String)&amp#27;[0m
Delete post - Status: 200

  Scenario: Should DELETE a post             &amp#27;[90m# src/test/java/API-Test.feature:35&amp#27;[0m
    &amp#27;[32mGiven &amp#27;[0m&amp#27;[32mI delete post &amp#27;[0m&amp#27;[32m&amp#27;[1m1&amp#27;[0m                    &amp#27;[90m# StepDefinition.iDeletePost(int)&amp#27;[0m
    &amp#27;[32mThen &amp#27;[0m&amp#27;[32mI should get a response code of &amp#27;[0m&amp#27;[32m&amp#27;[1m200&amp#27;[0m &amp#27;[90m# StepDefinition.iShouldGetAResponseCodeOf(int)&amp#27;[0m
]]></system-out>
    <system-err><![CDATA[SLF4J: Failed to load class "org.slf4j.impl.StaticLoggerBinder".
SLF4J: Defaulting to no-operation (NOP) logger implementation
SLF4J: See http://www.slf4j.org/codes.html#StaticLoggerBinder for further details.
]]></system-err>
  </testcase>
  <testcase name="feature[Sample Test](2)" classname="mission.RunnerTest" time="3.307">
    <system-out><![CDATA[@UI
Feature: Sample Test

  Scenario: Sample              &amp#27;[90m# src/test/java/SampleTest.feature:4&amp#27;[0m
    &amp#27;[32mGiven &amp#27;[0m&amp#27;[32mI am on the home page&amp#27;[0m &amp#27;[90m# StepDefinition.iAmOnTheHomePage()&amp#27;[0m
]]></system-out>
    <system-err><![CDATA[Jan 23, 2026 12:10:06 AM org.openqa.selenium.devtools.CdpVersionFinder findNearestMatch
WARNING: Unable to find CDP implementation matching 144
Jan 23, 2026 12:10:06 AM org.openqa.selenium.chromium.ChromiumDriver lambda$new$5
WARNING: Unable to find version of CDP to use for 144.0.7559.59. You may need to include a dependency on a specific version of the CDP using something similar to `org.seleniumhq.selenium:selenium-devtools-v86:4.27.0` where the version ("v86") matches the version of the chromium-based browser you're using and the version number of the artifact is the same as Selenium's.
]]></system-err>
  </testcase>
  <testcase name="feature[Checkout items in the basket](3)" classname="mission.RunnerTest" time="7.055">
    <system-out><![CDATA[@UI
Feature: Checkout items in the basket
  Please use home page of https://www.saucedemo.com/

  Scenario: Check item total cost and tax                           &amp#27;[90m# src/test/java/UI-Test.feature:5&amp#27;[0m
    &amp#27;[32mGiven &amp#27;[0m&amp#27;[32mI am on the home page&amp#27;[0m                                     &amp#27;[90m# StepDefinition.iAmOnTheHomePage()&amp#27;[0m
    &amp#27;[32mAnd &amp#27;[0m&amp#27;[32mI login in with the following details&amp#27;[0m                       &amp#27;[90m# StepDefinition.iLoginWithFollowingDetails(DataTable)&amp#27;[0m
    &amp#27;[32mAnd &amp#27;[0m&amp#27;[32mI add the following items to the basket&amp#27;[0m                     &amp#27;[90m# StepDefinition.iAddFollowingItemsToBasket(String>)&amp#27;[0m
    &amp#27;[32mAnd &amp#27;[0m&amp#27;[32mI  should see &amp#27;[0m&amp#27;[32m&amp#27;[1m4&amp#27;[0m&amp#27;[32m items added to the shopping cart&amp#27;[0m            &amp#27;[90m# StepDefinition.iShouldSeeItemsInCart(int)&amp#27;[0m
    &amp#27;[32mAnd &amp#27;[0m&amp#27;[32mI click on the shopping cart&amp#27;[0m                                &amp#27;[90m# StepDefinition.iClickOnShoppingCart()&amp#27;[0m
    &amp#27;[32mAnd &amp#27;[0m&amp#27;[32mI verify that the QTY count for each item should be &amp#27;[0m&amp#27;[32m&amp#27;[1m1&amp#27;[0m       &amp#27;[90m# StepDefinition.iVerifyQtyCountForEachItem(int)&amp#27;[0m
    &amp#27;[32mAnd &amp#27;[0m&amp#27;[32mI remove the following item:&amp#27;[0m                                &amp#27;[90m# StepDefinition.iRemoveFollowingItem(String>)&amp#27;[0m
    &amp#27;[32mAnd &amp#27;[0m&amp#27;[32mI  should see &amp#27;[0m&amp#27;[32m&amp#27;[1m3&amp#27;[0m&amp#27;[32m items added to the shopping cart&amp#27;[0m            &amp#27;[90m# StepDefinition.iShouldSeeItemsInCart(int)&amp#27;[0m
    &amp#27;[32mAnd &amp#27;[0m&amp#27;[32mI click on the CHECKOUT button&amp#27;[0m                              &amp#27;[90m# StepDefinition.iClickOnCheckoutButton()&amp#27;[0m
    &amp#27;[32mAnd &amp#27;[0m&amp#27;[32mI type "&amp#27;[0m&amp#27;[32m&amp#27;[1mFirstName&amp#27;[0m&amp#27;[32m" for First Name&amp#27;[0m                           &amp#27;[90m# StepDefinition.iTypeForFirstName(String)&amp#27;[0m
    &amp#27;[32mAnd &amp#27;[0m&amp#27;[32mI type "&amp#27;[0m&amp#27;[32m&amp#27;[1mLastName&amp#27;[0m&amp#27;[32m" for Last Name&amp#27;[0m                             &amp#27;[90m# StepDefinition.iTypeForLastName(String)&amp#27;[0m
    &amp#27;[32mAnd &amp#27;[0m&amp#27;[32mI type "&amp#27;[0m&amp#27;[32m&amp#27;[1mEC1A 9JU&amp#27;[0m&amp#27;[32m" for ZIP/Postal Code&amp#27;[0m                       &amp#27;[90m# StepDefinition.iTypeForPostalCode(String)&amp#27;[0m
    &amp#27;[32mWhen &amp#27;[0m&amp#27;[32mI click on the CONTINUE button&amp#27;[0m                             &amp#27;[90m# StepDefinition.iClickOnContinueButton()&amp#27;[0m
    &amp#27;[32mThen &amp#27;[0m&amp#27;[32mItem total will be equal to the total of items on the list&amp#27;[0m &amp#27;[90m# StepDefinition.itemTotalWillBeEqualToTotalOfItems()&amp#27;[0m
    &amp#27;[32mAnd &amp#27;[0m&amp#27;[32ma Tax rate of &amp#27;[0m&amp#27;[32m&amp#27;[1m8&amp#27;[0m&amp#27;[32m % is applied to the total&amp#27;[0m                   &amp#27;[90m# StepDefinition.aTaxRateIsApplied(double)&amp#27;[0m
]]></system-out>
    <system-err><![CDATA[Jan 23, 2026 12:10:09 AM org.openqa.selenium.devtools.CdpVersionFinder findNearestMatch
WARNING: Unable to find CDP implementation matching 144
Jan 23, 2026 12:10:09 AM org.openqa.selenium.chromium.ChromiumDriver lambda$new$5
WARNING: Unable to find version of CDP to use for 144.0.7559.59. You may need to include a dependency on a specific version of the CDP using something similar to `org.seleniumhq.selenium:selenium-devtools-v86:4.27.0` where the version ("v86") matches the version of the chromium-based browser you're using and the version number of the artifact is the same as Selenium's.
]]></system-err>
  </testcase>
</testsuite>