<?xml version="1.0" encoding="UTF-8"?>
<testsuite xmlns:xsi="http://www.w3.org/2001/XMLSchema-instance" xsi:noNamespaceSchemaLocation="https://maven.apache.org/surefire/maven-surefire-plugin/xsd/surefire-test-report-3.0.xsd" version="3.0" name="mission.RunnerTest" time="14.418" tests="3" errors="0" skipped="0" failures="1">
  <properties>
[...]
</properties>
  <testcase name="feature[API test](1)" classname="mission.RunnerTest" time="3.15">
    <failure message="io.restassured.path.json.exception.JsonPathException: Failed to parse the JSON document" type="cucumber.runtime.CucumberException"><![CDATA[cucumber.runtime.CucumberException: io.restassured.path.json.exception.JsonPathException: Failed to parse the JSON document
	at cucumber.api.testng.TestNGCucumberRunner.runCucumber(TestNGCucumberRunner.java:69)
	at mission.RunnerTest.feature(RunnerTest.java:33)
	at java.base/jdk.internal.reflect.NativeMethodAccessorImpl.invoke0(Native Method)
	at java.base/jdk.internal.reflect.NativeMethodAccessorImpl.invoke(NativeMethodAccessorImpl.java:62)
	at java.base/jdk.internal.reflect.DelegatingMethodAccessorImpl.invoke(DelegatingMethodAccessorImpl.java:43)
	at java.base/java.lang.reflect.Method.invoke(Method.java:564)
	at org.testng.internal.invokers.MethodInvocationHelper.invokeMethod(MethodInvocationHelper.java:141)
	at org.testng.internal.invokers.TestInvoker.invokeMethod(TestInvoker.java:686)
	at org.testng.internal.invokers.TestInvoker.invokeTestMethod(TestInvoker.java:230)
	at org.testng.internal.invokers.MethodRunner.runInSequence(MethodRunner.java:63)
	at org.testng.internal.invokers.TestInvoker$MethodInvocationAgent.invoke(TestInvoker.java:992)
	at org.testng.internal.invokers.TestInvoker.invokeTestMethods(TestInvoker.java:203)
	at org.testng.internal.invokers.TestMethodWorker.invokeTestMethods(TestMethodWorker.java:154)
	at org.testng.internal.invokers.TestMethodWorker.run(TestMethodWorker.java:134)
	at java.base/java.util.ArrayList.forEach(ArrayList.java:1510)
	at org.testng.TestRunner.privateRun(TestRunner.java:739)
	at org.testng.TestRunner.run(TestRunner.java:614)
	at org.testng.SuiteRunner.runTest(SuiteRunner.java:421)
	at org.testng.SuiteRunner.runSequentially(SuiteRunner.java:413)
	at org.testng.SuiteRunner.privateRun(SuiteRunner.java:373)
	at org.testng.SuiteRunner.run(SuiteRunner.java:312)
	at org.testng.SuiteRunnerWorker.runSuite(SuiteRunnerWorker.java:52)
	at org.testng.SuiteRunnerWorker.run(SuiteRunnerWorker.java:95)
	at org.testng.TestNG.runSuitesSequentially(TestNG.java:1274)
	at org.testng.TestNG.runSuitesLocally(TestNG.java:1208)
	at org.testng.TestNG.runSuites(TestNG.java:1112)
	at org.testng.TestNG.run(TestNG.java:1079)
	at org.apache.maven.surefire.testng.TestNGExecutor.run(TestNGExecutor.java:155)
	at org.apache.maven.surefire.testng.TestNGDirectoryTestSuite.executeSingleClass(TestNGDirectoryTestSuite.java:102)
	at org.apache.maven.surefire.testng.TestNGDirectoryTestSuite.execute(TestNGDirectoryTestSuite.java:91)
	at org.apache.maven.surefire.testng.TestNGProvider.invoke(TestNGProvider.java:137)
	at org.apache.maven.surefire.booter.ForkedBooter.runSuitesInProcess(ForkedBooter.java:385)
	at org.apache.maven.surefire.booter.ForkedBooter.execute(ForkedBooter.java:162)
	at org.apache.maven.surefire.booter.ForkedBooter.run(ForkedBooter.java:507)
	at org.apache.maven.surefire.booter.ForkedBooter.main(ForkedBooter.java:495)
Caused by: io.restassured.path.json.exception.JsonPathException: Failed to parse the JSON document
	at io.restassured.path.json.JsonPath$ExceptionCatcher.invoke(JsonPath.java:1002)
	at io.restassured.path.json.JsonPath$4.doParseWith(JsonPath.java:967)
	at io.restassured.path.json.JsonPath$JsonParser.parseWith(JsonPath.java:1047)
	at io.restassured.path.json.JsonPath.get(JsonPath.java:202)
	at io.restassured.path.json.JsonPath.getInt(JsonPath.java:237)
	at mission.StepDefinition.iGetTheListOfAllUsers(StepDefinition.java:139)
	at ✽.When I get the list of all users within every page(src/test/java/API-Test.feature:10)
Caused by: groovy.json.JsonException: Lexing failed on line: 1, column: 1, while reading '<', no possible valid JSON value or punctuation could be recognized.
	at groovy.json.JsonLexer.nextToken(JsonLexer.java:86)
	at groovy.json.JsonLexer$nextToken.call(Unknown Source)
	at org.codehaus.groovy.runtime.callsite.CallSiteArray.defaultCall(CallSiteArray.java:45)
	at org.codehaus.groovy.runtime.callsite.AbstractCallSite.call(AbstractCallSite.java:125)
	at org.codehaus.groovy.runtime.callsite.AbstractCallSite.call(AbstractCallSite.java:130)
	at io.restassured.internal.path.json.ConfigurableJsonSlurper.parse(ConfigurableJsonSlurper.groovy:97)
	at io.restassured.internal.path.json.ConfigurableJsonSlurper$parse.callCurrent(Unknown Source)
	at org.codehaus.groovy.runtime.callsite.CallSiteArray.defaultCallCurrent(CallSiteArray.java:49)
	at org.codehaus.groovy.runtime.callsite.AbstractCallSite.callCurrent(AbstractCallSite.java:171)
	at org.codehaus.groovy.runtime.callsite.AbstractCallSite.callCurrent(AbstractCallSite.java:185)
	at io.restassured.internal.path.json.ConfigurableJsonSlurper.parseText(ConfigurableJsonSlurper.groovy:83)
	at io.restassured.path.json.JsonPath$4$1.method(JsonPath.java:965)
	at io.restassured.path.json.JsonPath$ExceptionCatcher.invoke(JsonPath.java:1000)
	at io.restassured.path.json.JsonPath$4.doParseWith(JsonPath.java:967)
	at io.restassured.path.json.JsonPath$JsonParser.parseWith(JsonPath.java:1047)
	at io.restassured.path.json.JsonPath.get(JsonPath.java:202)
	at io.restassured.path.json.JsonPath.getInt(JsonPath.java:237)
	at mission.StepDefinition.iGetTheListOfAllUsers(StepDefinition.java:139)
	at java.base/jdk.internal.reflect.NativeMethodAccessorImpl.invoke0(Native Method)
	at java.base/jdk.internal.reflect.NativeMethodAccessorImpl.invoke(NativeMethodAccessorImpl.java:62)
	at java.base/jdk.internal.reflect.DelegatingMethodAccessorImpl.invoke(DelegatingMethodAccessorImpl.java:43)
	at java.base/java.lang.reflect.Method.invoke(Method.java:564)
	at cucumber.runtime.Utils$1.call(Utils.java:40)
	at cucumber.runtime.Timeout.timeout(Timeout.java:16)
	at cucumber.runtime.Utils.invoke(Utils.java:34)
	at cucumber.runtime.java.JavaStepDefinition.execute(JavaStepDefinition.java:38)
	at cucumber.runtime.StepDefinitionMatch.runStep(StepDefinitionMatch.java:37)
	at cucumber.runtime.Runtime.runStep(Runtime.java:300)
	at cucumber.runtime.model.StepContainer.runStep(StepContainer.java:44)
	at cucumber.runtime.model.StepContainer.runSteps(StepContainer.java:39)
	at cucumber.runtime.model.CucumberScenario.run(CucumberScenario.java:44)
	at cucumber.runtime.model.CucumberFeature.run(CucumberFeature.java:165)
	at cucumber.api.testng.TestNGCucumberRunner.runCucumber(TestNGCucumberRunner.java:63)
	at mission.RunnerTest.feature(RunnerTest.java:33)
	at java.base/jdk.internal.reflect.NativeMethodAccessorImpl.invoke0(Native Method)
	at java.base/jdk.internal.reflect.NativeMethodAccessorImpl.invoke(NativeMethodAccessorImpl.java:62)
	at java.base/jdk.internal.reflect.DelegatingMethodAccessorImpl.invoke(DelegatingMethodAccessorImpl.java:43)
	at java.base/java.lang.reflect.Method.invoke(Method.java:564)
	at org.testng.internal.invokers.MethodInvocationHelper.invokeMethod(MethodInvocationHelper.java:141)
	at org.testng.internal.invokers.TestInvoker.invokeMethod(TestInvoker.java:686)
	at org.testng.internal.invokers.TestInvoker.invokeTestMethod(TestInvoker.java:230)
	at org.testng.internal.invokers.MethodRunner.runInSequence(MethodRunner.java:63)
	at org.testng.internal.invokers.TestInvoker$MethodInvocationAgent.invoke(TestInvoker.java:992)
	at org.testng.internal.invokers.TestInvoker.invokeTestMethods(TestInvoker.java:203)
	at org.testng.internal.invokers.TestMethodWorker.invokeTestMethods(TestMethodWorker.java:154)
	at org.testng.internal.invokers.TestMethodWorker.run(TestMethodWorker.java:134)
	at java.base/java.util.ArrayList.forEach(ArrayList.java:1510)
	at org.testng.TestRunner.privateRun(TestRunner.java:739)
	at org.testng.TestRunner.run(TestRunner.java:614)
	at org.testng.SuiteRunner.runTest(SuiteRunner.java:421)
	at org.testng.SuiteRunner.runSequentially(SuiteRunner.java:413)
	at org.testng.SuiteRunner.privateRun(SuiteRunner.java:373)
	at org.testng.SuiteRunner.run(SuiteRunner.java:312)
	at org.testng.SuiteRunnerWorker.runSuite(SuiteRunnerWorker.java:52)
	at org.testng.SuiteRunnerWorker.run(SuiteRunnerWorker.java:95)
	at org.testng.TestNG.runSuitesSequentially(TestNG.java:1274)
	at org.testng.TestNG.runSuitesLocally(TestNG.java:1208)
	at org.testng.TestNG.runSuites(TestNG.java:1112)
	at org.testng.TestNG.run(TestNG.java:1079)
	at org.apache.maven.surefire.testng.TestNGExecutor.run(TestNGExecutor.java:155)
	at org.apache.maven.surefire.testng.TestNGDirectoryTestSuite.executeSingleClass(TestNGDirectoryTestSuite.java:102)
	at org.apache.maven.surefire.testng.TestNGDirectoryTestSuite.execute(TestNGDirectoryTestSuite.java:91)
	at org.apache.maven.surefire.testng.TestNGProvider.invoke(TestNGProvider.java:137)
	at org.apache.maven.surefire.booter.ForkedBooter.runSuitesInProcess(ForkedBooter.java:385)
	at org.apache.maven.surefire.booter.ForkedBooter.execute(ForkedBooter.java:162)
	at org.apache.maven.surefire.booter.ForkedBooter.run(ForkedBooter.java:507)
	at org.apache.maven.surefire.booter.ForkedBooter.main(ForkedBooter.java:495)
]]></failure>
    <system-out><![CDATA[@API
Feature: API test
Response status: 403
Response body: <!DOCTYPE html><html lang="en-US"><head><title>Just a moment...</title><meta http-equiv="Content-Type" content="text/html; charset=UTF-8"><meta http-equiv="X-UA-Compatible" content="IE=Edge"><meta name="robots" content="noindex,nofollow"><meta name="viewport" content="width=device-width,initial-scale=1"><style>*{box-sizing:border-box;margin:0;padding:0}html{line-height:1.15;-webkit-text-size-adjust:100%;color:#313131;font-family:system-ui,-apple-system,BlinkMacSystemFont,"Segoe UI",Roboto,"Helvetica Neue",Arial,"Noto Sans",sans-serif,"Apple Color Emoji","Segoe UI Emoji","Segoe UI Symbol","Noto Color Emoji"}body{display:flex;flex-direction:column;height:100vh;min-height:100vh}.main-content{margin:8rem auto;padding-left:1.5rem;max-width:60rem}@media (width <= 720px){.main-content{margin-top:4rem}}.h2{line-height:2.25rem;font-size:1.5rem;font-weight:500}@media (width <= 720px){.h2{line-height:1.5rem;font-size:1.25rem}}#challenge-error-text{background-image:url("data:image/svg+xml;base64,PHN2ZyB4bWxucz0iaHR0cDovL3d3dy53My5vcmcvMjAwMC9zdmciIHdpZHRoPSIzMiIgaGVpZ2h0PSIzMiIgZmlsbD0ibm9uZSI+PHBhdGggZmlsbD0iI0IyMEYwMyIgZD0iTTE2IDNhMTMgMTMgMCAxIDAgMTMgMTNBMTMuMDE1IDEzLjAxNSAwIDAgMCAxNiAzbTAgMjRhMTEgMTEgMCAxIDEgMTEtMTEgMTEuMDEgMTEuMDEgMCAwIDEtMTEgMTEiLz48cGF0aCBmaWxsPSIjQjIwRjAzIiBkPSJNMTcuMDM4IDE4LjYxNUgxNC44N0wxNC41NjMgOS41aDIuNzgzem0tMS4wODQgMS40MjdxLjY2IDAgMS4wNTcuMzg4LjQwNy4zODkuNDA3Ljk5NCAwIC41OTYtLjQwNy45ODQtLjM5Ny4zOS0xLjA1Ny4zODktLjY1IDAtMS4wNTYtLjM4OS0uMzk4LS4zODktLjM5OC0uOTg0IDAtLjU5Ny4zOTgtLjk4NS40MDYtLjM5NyAxLjA1Ni0uMzk3Ii8+PC9zdmc+");background-repeat:no-repeat;background-size:contain;padding-left:34px}@media (prefers-color-scheme: dark){body{background-color:#222;color:#d9d9d9}}</style><meta http-equiv="refresh" content="360"></head><body><div class="main-wrapper" role="main"><div class="main-content"><noscript><div class="h2"><span id="challenge-error-text">Enable JavaScript and cookies to continue</span></div></noscript></div></div><script>(function(){window._cf_chl_opt = {cvId: '3',cZone: 'reqres.in',cType: 'managed',cRay: '9c205e5789b9ff87',cH: '9eKGzovm78FB8d.KruLsLWJsdWvQI4deeTQKRoF2CGk-1769098720-1.2.1.1-Hpqm7q6sXqGOt5LuUFRR4g0EVsOQJ2nsJBpOp3WQSi1A2qWiCwGED2ejpLjdem0X',cUPMDTk:"\/api\/users?page=1&__cf_chl_tk=Ec6UpDuZnsbU8q9oulsKS9p5NbHiRAYOpa2r2CrLC3s-1769098720-1.0.1.1-HfT0VYMEMUxtO2xzUa74WMdZ2kw0tw3r4GZ.yACzR0Q",cFPWv: 'b',cITimeS: '1769098720',cTplC:0,cTplV:5,cTplB: '0',fa:"\/api\/users?page=1&__cf_chl_f_tk=Ec6UpDuZnsbU8q9oulsKS9p5NbHiRAYOpa2r2CrLC3s-1769098720-1.0.1.1-HfT0VYMEMUxtO2xzUa74WMdZ2kw0tw3r4GZ.yACzR0Q",md: '4FUQYlnHKg86ib8NdNHN2mXRaoJHpWO4lfPZAVaBRko-1769098720-1.2.1.1-ej6NdVLpa5Qunvrx4O3iH8uvBTo2C2e.7PE7A9jQkOY30qcXfGXr.Dh3wFVmYp_jgdEPAOvyZd6p_WPmbv7hQ3.YR22IEFGFwFjvfmxA6wi7dZV5aKkBm7GWz0dFfe9c_ghm4C2P_xcN4OMxY4.2cKl1nQno6PMtCF_q0aB0L5tJ.eMCskmmunATgaJ5aOWe0aZZhih8hmSS1jufbsLCij8BQ8XhFjgv8vej3FS90IkN31LkDdsNhlx2yluFKnLMdH451j5uOIchtIl78_fY9mqha.RGErlIvHq05CAS0Q9Xzg0iV4RYSvdr44VJJ0_Rq3OzcklygkExa3kYAoocppjonPB08WIyrN3aAbRAX2i6a6kvt6pqpPJaFh9u_nPOFbadEbqVNEqPDcrd8LcFXHw8DwYUNk1Qlc.c7FmN_QC2WoDTXMvS.1LHFhzVwyQhA0XcOmC5wWSuRYkHdJ.MMjYpMfLYmR2nwEOi0uQ2p0FLtiloDNPcerBgstnh2HLvf57bV3lczG7tv69OUTG06_T6uTlJNxdZK22h8htAK5M5fC.jrdKzp3CbFiicmdgJ9S7RPO8cIHHr_nkNlSDGuzd.zIlPkY9a2h8MVEEYdTEou4QS0UBThe7VAvjf3CgpWqTdjDRuDh9wNzg9KNMjsZFxOi9u9ftq2TopDScHJySlgZOfc2iwaNSW8gxitnEmMZdFqKkN7smxWrh3FaOaGhEFkcFePP5GoiqNood6MS8mU7IB1c95hk3qCF0gpX7ENtFhUduZD.qIZo3Im.e_BQqc2gAHHYkibBBAYSz14M_CJM4ClqFcthIul2Jbk5JVBLOyqIg3YglDr3LMaGLf8aIBUaZQeJpT46e5KYu70KnTW9Q_kWbuohKK2h77CriW0CxH0B6lANhhTNd8n4rzjswob8MiLy03LnZJAIkh0wFZFYEbrKVWuckfoZA2BsEQ',mdrd: 'g.lRgPgAtUk8167h9Am6hb6PdZZ1k.mjChQZ0F.Wm6Q-1769098720-1.2.1.1-XnHprupJ2_cJCP1PtP66b2Oy89NtCSPStqiWERQ5m2_4eHhjWgEerFRxLP7R.Sa9WEykp0J_Q5YITMw8aA_zE0C3I3AfRmuj0Z9unOtcFrsQiIG_Qz4zuR7S.gVbtBG22e5Kt5.1nmfDslE6w.OaLakJ3LKYhM6nLH6jA53hRuVbD_qm5mynjfTK1CK_9SikbRgkbDy0Lu2xYCWS6jktwtVRcDIqrqbKzy6I8kHTyZ0I3Hx.3Zq2Y73Xj5hs03DfHinM8Atm06P1tuPkWFiyBeaDm3eFBk12NVtJBdhQk8oaS.xX1XXRdU_lF.rX1P_UvMzF8NLiM.QWhBTuELKvWizWfO4tudU2GIUQogEswBVArw6u3zKTh6R075eJJ.RP8q5EdCv3EjVPjKGjGRN2FoSO25MVVOsr65mucBnjqVAjFx6VnFYQJqkQW7d_HEglyZjlCRHkJqm2OH1WvmdUsnzN21TdIUOazzYhr8a8CFLJDYHDYuaI1rfEL6TPbabRyQYwywLlcMzCIbd61Atlxy9Y2j.ev9j9jYw4LIaRvGirPY16N6VJRp2ZDWD5mV2_uuktXc.y0OCzrotU56AQFwt1d58cYQ2t8CJaNxGBIhdJUmwSu4M15_2EkDPP15D14I.vbX6Yk4lscb907m5mVYxdfFedeb8tWLHKhqD8EharuVDkMqTYc5w0TwR7RG1CoeuBZ2kn8dpsV2SQ4YG_fBb9bxGsiHlql7I9lxuGcDhwXhOKN6Zlh1WKIhpBjSLKtwc3IqQStlH99XxaMJlhEdp.UsEdtSG8MdYnJIAK.IfYZqIhkoPxo0XeZSGSPjUwVmol2zWn_tyWIAnOANYCZDh1NxKaEDowUleyRSTHTM_YeeaMNkQA0KdikAljUNKRcpEGg_M16XCMLkqtHXlGh6fL37WVfF3LP.qoI7RzB_.3iXCRXSqq5fSRD8cVHNwCmAf.G3GvNI9hN1RkBlCNmCAqgw9XU2ngeleZrRnN7BFdUepzvUI_SIJjzrCVFINiJKlHt7vTIjS0udgAhBygNJ6Tb3QjtbaInRgZ8r9XMHOKqy7mmAS_y0V6ohyhfT.Yl95R.X1wTvKO2v9FdsEJ081yb0th8d.h2pMJMzTktDA2d9c24Lq1QOkAmrAXF_oADRkE6lIEfLgTlkZvohfRSEzEbuYGeWJ7YnpIzUqv2x2UgokGjeYHElfhfr0rBDtlB0Av8Kk5KSNtZO0pgJfGgguUH5bSJXcOWvVsysc4UF_lkB6Ba7OujJ6bbSg28oTVYizN_SibDnWdRNbR9JI3yATIrAxCc7J1_6MW16.Y.B8jk38ETB_v2nUYi6479J2Wjwl9qjpWLwfeCKnGqAx2lwdc18IdSVkF5Kpf3ssog6mxcevecar6KU_v6fNHWAK2YT1xZw69moKb0CJF7nhBW7Ss56pNyIZ9_5DuLxFBslkY56kZ4Ss6k8YlQlgZXID2H88U8PqZhdAGT9gDxquwIcfNyVzE3.oZNEiYO05FE6_FVAdfaikliM87cNmo5GZy4AS3Fyr3BWfock7CWoNYzu34AnK2vGEi0P6PdXC_1s4rJsTpOkprPbdEjr3c_5C2LZGtWbzoD29IfsMCN2oOnE6PoNMly9W15GKd46Z1unafXzRbVJK8TcgsUBoQsf15sjVetwfQxNS9c9IrGer6lka.DBmjQu.PUf08_4hoJEPwHBaYsO7aYzqd4AfE4wS2NK0jjZC0OaNeI3r.GJDgYUW7WIDAP_qYFMy6fewwByq5VvhGdc0eKQP1qlFYgsyFrXjzm6b4l3XZWNKvcJyV3jagzxiVAbAbg0.aoj4Q4SOgdAX8urgy_Z3rE3yTdFn7ZWFrYN2VlLAoCuMJJH7LIUlEXZDV.HdbJtfs547Dm3V2N5nnR.3853EoaD7xc377tTotG0WoqR_7QewpGUbZ6FNMsHa0MrB4L72nbt0LNIzQwuynqfc_O_Bk_.Nzb_R3kp.hBjqBpXrAG5YgckFM5TMHtTJBNR1arqYfKxdY_eCJ0_tPpQTq7Ls77u4phhnsLUW7kP0_aNRYcVjbWX_yqPMUpuOPNt2gcXZXLgxtnkoKRMeTF.63QLb3UuUjCk18G4O7VOjNTUEf4q6joHB_sr8iuQaseY6jpOhQkUiWtLt7.8Wzdv351zefXmvKmoQpfkZwfWEU3Y8kNK_kgODnwfzW6T1O1AHp9jw1Al8j8P.Au4ZoV0F9YThe8QYhsk9A2.Fz3hWW5p34QPlTc_xJVe3C5z8X8UI_KJJUB1gRibeB_LVR0LoPP_E8PU1SbHRtAjv6w8lIab9GPmLypqdA9ayesE3wAOviy54FnzQkAOtdMtV.j6VQO6a3i2heYwGFizhhBzU6rtDxCSonfE67WcbU9_xCcnI969qbK4L0CsbcjfhmDpKuvixvnHa4pcFZ',};var a = document.createElement('script');a.src = '/cdn-cgi/challenge-platform/h/b/orchestrate/chl_page/v1?ray=9c205e5789b9ff87';window._cf_chl_opt.cOgUHash = location.hash === '' && location.href.indexOf('#') !== -1 ? '#' : location.hash;window._cf_chl_opt.cOgUQuery = location.search === '' && location.href.slice(0, location.href.length - window._cf_chl_opt.cOgUHash.length).indexOf('?') !== -1 ? '?' : location.search;if (window.history && window.history.replaceState) {var ogU = location.pathname + window._cf_chl_opt.cOgUQuery + window._cf_chl_opt.cOgUHash;history.replaceState(null, null,"\/api\/users?page=1&__cf_chl_rt_tk=Ec6UpDuZnsbU8q9oulsKS9p5NbHiRAYOpa2r2CrLC3s-1769098720-1.0.1.1-HfT0VYMEMUxtO2xzUa74WMdZ2kw0tw3r4GZ.yACzR0Q"+ window._cf_chl_opt.cOgUHash);a.onload = function() {history.replaceState(null, null, ogU);}}document.getElementsByTagName('head')[0].appendChild(a);}());</script></body></html>

  # Please visit https://reqres.in/
  # NOTE: Most API tests are skipped due to Cloudflare blocking reqres.in
  # See API_TEST_ISSUES.md for details and solutions
  @skip @CloudflareBlocked
  Scenario: Should see LIST USERS of all existing users               &amp#27;[90m# src/test/java/API-Test.feature:8&amp#27;[0m
    &amp#27;[32mGiven &amp#27;[0m&amp#27;[32mI get the default list of users for on 1st page&amp#27;[0m             &amp#27;[90m# StepDefinition.iGetTheDefaultListofusers()&amp#27;[0m
    &amp#27;[31mWhen &amp#27;[0m&amp#27;[31mI get the list of all users within every page&amp#27;[0m                &amp#27;[90m# StepDefinition.iGetTheListOfAllUsers()&amp#27;[0m
      &amp#27;[31mio.restassured.path.json.exception.JsonPathException: Failed to parse the JSON document
      	at io.restassured.path.json.JsonPath$ExceptionCatcher.invoke(JsonPath.java:1002)
      	at io.restassured.path.json.JsonPath$4.doParseWith(JsonPath.java:967)
      	at io.restassured.path.json.JsonPath$JsonParser.parseWith(JsonPath.java:1047)
      	at io.restassured.path.json.JsonPath.get(JsonPath.java:202)
      	at io.restassured.path.json.JsonPath.getInt(JsonPath.java:237)
      	at mission.StepDefinition.iGetTheListOfAllUsers(StepDefinition.java:139)
      	at ✽.When I get the list of all users within every page(src/test/java/API-Test.feature:10)
      Caused by: groovy.json.JsonException: Lexing failed on line: 1, column: 1, while reading '<', no possible valid JSON value or punctuation could be recognized.
      	at groovy.json.JsonLexer.nextToken(JsonLexer.java:86)
      	at groovy.json.JsonLexer$nextToken.call(Unknown Source)
      	at org.codehaus.groovy.runtime.callsite.CallSiteArray.defaultCall(CallSiteArray.java:45)
      	at org.codehaus.groovy.runtime.callsite.AbstractCallSite.call(AbstractCallSite.java:125)
      	at org.codehaus.groovy.runtime.callsite.AbstractCallSite.call(AbstractCallSite.java:130)
      	at io.restassured.internal.path.json.ConfigurableJsonSlurper.parse(ConfigurableJsonSlurper.groovy:97)
      	at io.restassured.internal.path.json.ConfigurableJsonSlurper$parse.callCurrent(Unknown Source)
      	at org.codehaus.groovy.runtime.callsite.CallSiteArray.defaultCallCurrent(CallSiteArray.java:49)
      	at org.codehaus.groovy.runtime.callsite.AbstractCallSite.callCurrent(AbstractCallSite.java:171)
      	at org.codehaus.groovy.runtime.callsite.AbstractCallSite.callCurrent(AbstractCallSite.java:185)
      	at io.restassured.internal.path.json.ConfigurableJsonSlurper.parseText(ConfigurableJsonSlurper.groovy:83)
      	at io.restassured.path.json.JsonPath$4$1.method(JsonPath.java:965)
      	at io.restassured.path.json.JsonPath$ExceptionCatcher.invoke(JsonPath.java:1000)
      	at io.restassured.path.json.JsonPath$4.doParseWith(JsonPath.java:967)
      	at io.restassured.path.json.JsonPath$JsonParser.parseWith(JsonPath.java:1047)
      	at io.restassured.path.json.JsonPath.get(JsonPath.java:202)
      	at io.restassured.path.json.JsonPath.getInt(JsonPath.java:237)
      	at mission.StepDefinition.iGetTheListOfAllUsers(StepDefinition.java:139)
      	at java.base/jdk.internal.reflect.NativeMethodAccessorImpl.invoke0(Native Method)
      	at java.base/jdk.internal.reflect.NativeMethodAccessorImpl.invoke(NativeMethodAccessorImpl.java:62)
      	at java.base/jdk.internal.reflect.DelegatingMethodAccessorImpl.invoke(DelegatingMethodAccessorImpl.java:43)
      	at java.base/java.lang.reflect.Method.invoke(Method.java:564)
      	at cucumber.runtime.Utils$1.call(Utils.java:40)
      	at cucumber.runtime.Timeout.timeout(Timeout.java:16)
      	at cucumber.runtime.Utils.invoke(Utils.java:34)
      	at cucumber.runtime.java.JavaStepDefinition.execute(JavaStepDefinition.java:38)
      	at cucumber.runtime.StepDefinitionMatch.runStep(StepDefinitionMatch.java:37)
      	at cucumber.runtime.Runtime.runStep(Runtime.java:300)
      	at cucumber.runtime.model.StepContainer.runStep(StepContainer.java:44)
      	at cucumber.runtime.model.StepContainer.runSteps(StepContainer.java:39)
      	at cucumber.runtime.model.CucumberScenario.run(CucumberScenario.java:44)
      	at cucumber.runtime.model.CucumberFeature.run(CucumberFeature.java:165)
      	at cucumber.api.testng.TestNGCucumberRunner.runCucumber(TestNGCucumberRunner.java:63)
      	at mission.RunnerTest.feature(RunnerTest.java:33)
      	at java.base/jdk.internal.reflect.NativeMethodAccessorImpl.invoke0(Native Method)
      	at java.base/jdk.internal.reflect.NativeMethodAccessorImpl.invoke(NativeMethodAccessorImpl.java:62)
      	at java.base/jdk.internal.reflect.DelegatingMethodAccessorImpl.invoke(DelegatingMethodAccessorImpl.java:43)
      	at java.base/java.lang.reflect.Method.invoke(Method.java:564)
      	at org.testng.internal.invokers.MethodInvocationHelper.invokeMethod(MethodInvocationHelper.java:141)
      	at org.testng.internal.invokers.TestInvoker.invokeMethod(TestInvoker.java:686)
      	at org.testng.internal.invokers.TestInvoker.invokeTestMethod(TestInvoker.java:230)
      	at org.testng.internal.invokers.MethodRunner.runInSequence(MethodRunner.java:63)
      	at org.testng.internal.invokers.TestInvoker$MethodInvocationAgent.invoke(TestInvoker.java:992)
      	at org.testng.internal.invokers.TestInvoker.invokeTestMethods(TestInvoker.java:203)
      	at org.testng.internal.invokers.TestMethodWorker.invokeTestMethods(TestMethodWorker.java:154)
      	at org.testng.internal.invokers.TestMethodWorker.run(TestMethodWorker.java:134)
      	at java.base/java.util.ArrayList.forEach(ArrayList.java:1510)
      	at org.testng.TestRunner.privateRun(TestRunner.java:739)
      	at org.testng.TestRunner.run(TestRunner.java:614)
      	at org.testng.SuiteRunner.runTest(SuiteRunner.java:421)
      	at org.testng.SuiteRunner.runSequentially(SuiteRunner.java:413)
      	at org.testng.SuiteRunner.privateRun(SuiteRunner.java:373)
      	at org.testng.SuiteRunner.run(SuiteRunner.java:312)
      	at org.testng.SuiteRunnerWorker.runSuite(SuiteRunnerWorker.java:52)
      	at org.testng.SuiteRunnerWorker.run(SuiteRunnerWorker.java:95)
      	at org.testng.TestNG.runSuitesSequentially(TestNG.java:1274)
      	at org.testng.TestNG.runSuitesLocally(TestNG.java:1208)
      	at org.testng.TestNG.runSuites(TestNG.java:1112)
      	at org.testng.TestNG.run(TestNG.java:1079)
      	at org.apache.maven.surefire.testng.TestNGExecutor.run(TestNGExecutor.java:155)
      	at org.apache.maven.surefire.testng.TestNGDirectoryTestSuite.executeSingleClass(TestNGDirectoryTestSuite.java:102)
      	at org.apache.maven.surefire.testng.TestNGDirectoryTestSuite.execute(TestNGDirectoryTestSuite.java:91)
      	at org.apache.maven.surefire.testng.TestNGProvider.invoke(TestNGProvider.java:137)
      	at org.apache.maven.surefire.booter.ForkedBooter.runSuitesInProcess(ForkedBooter.java:385)
      	at org.apache.maven.surefire.booter.ForkedBooter.execute(ForkedBooter.java:162)
      	at org.apache.maven.surefire.booter.ForkedBooter.run(ForkedBooter.java:507)
      	at org.apache.maven.surefire.booter.ForkedBooter.main(ForkedBooter.java:495)
      &amp#27;[0m
    &amp#27;[36mThen &amp#27;[0m&amp#27;[36mI should see total users count equals the number of user ids&amp#27;[0m &amp#27;[90m# StepDefinition.iShouldMatchTotalCount()&amp#27;[0m
User search - Status: 403
User search - Body: <!DOCTYPE html><html lang="en-US"><head><title>Just a moment...</title><meta http-equiv="Content-Type" content="text/html; charset=UTF-8"><meta http-equiv="X-UA-Compatible" content="IE=Edge"><meta name="robots" content="noindex,nofollow"><meta name="viewport" content="width=device-width,initial-scale=1"><style>*{box-sizing:border-box;margin:0;padding:0}html{line-height:1.15;-webkit-text-size-adjust:100%;color:#313131;font-family:system-ui,-apple-system,BlinkMacSystemFont,"Segoe UI",Roboto,"Helvetica Neue",Arial,"Noto Sans",sans-serif,"Apple Color Emoji","Segoe UI Emoji","Segoe UI Symbol","Noto Color Emoji"}body{display:flex;flex-direction:column;height:100vh;min-height:100vh}.main-content{margin:8rem auto;padding-left:1.5rem;max-width:60rem}@media (width <= 720px){.main-content{margin-top:4rem}}.h2{line-height:2.25rem;font-size:1.5rem;font-weight:500}@media (width <= 720px){.h2{line-height:1.5rem;font-size:1.25rem}}#challenge-error-text{background-image:url("data:image/svg+xml;base64,PHN2ZyB4bWxucz0iaHR0cDovL3d3dy53My5vcmcvMjAwMC9zdmciIHdpZHRoPSIzMiIgaGVpZ2h0PSIzMiIgZmlsbD0ibm9uZSI+PHBhdGggZmlsbD0iI0IyMEYwMyIgZD0iTTE2IDNhMTMgMTMgMCAxIDAgMTMgMTNBMTMuMDE1IDEzLjAxNSAwIDAgMCAxNiAzbTAgMjRhMTEgMTEgMCAxIDEgMTEtMTEgMTEuMDEgMTEuMDEgMCAwIDEtMTEgMTEiLz48cGF0aCBmaWxsPSIjQjIwRjAzIiBkPSJNMTcuMDM4IDE4LjYxNUgxNC44N0wxNC41NjMgOS41aDIuNzgzem0tMS4wODQgMS40MjdxLjY2IDAgMS4wNTcuMzg4LjQwNy4zODkuNDA3Ljk5NCAwIC41OTYtLjQwNy45ODQtLjM5Ny4zOS0xLjA1Ny4zODktLjY1IDAtMS4wNTYtLjM4OS0uMzk4LS4zODktLjM5OC0uOTg0IDAtLjU5Ny4zOTgtLjk4NS40MDYtLjM5NyAxLjA1Ni0uMzk3Ii8+PC9zdmc+");background-repeat:no-repeat;background-size:contain;padding-left:34px}@media (prefers-color-scheme: dark){body{background-color:#222;color:#d9d9d9}}</style><meta http-equiv="refresh" content="360"></head><body><div class="main-wrapper" role="main"><div class="main-content"><noscript><div class="h2"><span id="challenge-error-text">Enable JavaScript and cookies to continue</span></div></noscript></div></div><script>(function(){window._cf_chl_opt = {cvId: '3',cZone: 'reqres.in',cType: 'managed',cRay: '9c205e59dc04a24f',cH: '5PB2phw0SgTVcv3A2Gh57cMoqF9arFkxCdT8xrsFrLc-1769098720-1.2.1.1-VdzZVsp49exV1_mmvicIgzFN98XXMxThW_.6IWMhnQEFaU3wlb4QcxoVBzM_wSim',cUPMDTk:"\/api\/users\/3?__cf_chl_tk=WGZCNw8yqVYd2kbsKcw.Ul14tkhFBsTo7ODbXhGN1RE-1769098720-1.0.1.1-cnMOWMbwQYS.9CnQouP56ux7VLHDCxekPnqMPS.394k",cFPWv: 'b',cITimeS: '1769098720',cTplC:0,cTplV:5,cTplB: '0',fa:"\/api\/users\/3?__cf_chl_f_tk=WGZCNw8yqVYd2kbsKcw.Ul14tkhFBsTo7ODbXhGN1RE-1769098720-1.0.1.1-cnMOWMbwQYS.9CnQouP56ux7VLHDCxekPnqMPS.394k",md: 'eiQlVftGt8KcY7ekxp21M2i5gJ6txasq1foOC6HlCV8-1769098720-1.2.1.1-QKaIODcEZ8wuZPPk320mWKgwpK2qtFkmGGo5b9Lxc1FeRam47z8tC1u.RSq0QXoQbGGYEo.Tz5yBDVRSpKXKwROQPyPaeg9NTU8nBSRslQ3Hj.vxwXqJxHkMCVUjYIF1k3KeKI4P7l_psly.oUl5kPUWH_us7VNLcSjZRHYiXZWdZxr3rPTjHaaWudrMvMu2JYgBJ.yAyXmzZLmOJoUlgcXZCp9tqn1_TI5.xQOK33GWT2ygil6nOoLp1Es1W66XpMrgljpfWz3VjMdWlITRMuPVGrMEcGWuS3TFXJjN5JbwhUasx0LsdCfMT0Lvta2aeO1r8RcsrYB3TkDrKUEbmegLu.U4wZ1EOWeAZ8gTyon7JuSXgrBAyjx0IwyrNz6jG5hO8amLkXr7WEhSZn.d0WBxkB61PBs_L41UcpNqc_jyCZ.yntzLjiRH0xUpOc3cTVFC9aPx2_3ZO_qCsd62U1KUwWAJmTU.MrnHQdmOysV11Yvx1laDkkLzWuRa9kxPcC_m25bISUjrGrYZ7UblOa63UvcTUOHamfHSX.nP12BvOKza3jLgnbO_fcJ_J0m7NbWoWDRUGMQlDrJva94_9XoJmbaV.xGnKR9lNA771Gc3yggQh5O0PkGcjqcrpi5cNBr3_DWbOLctjo5CXxevKP1en0LuPAQ3_WAOeGX1WJP4GTt69M0j_sgKHr1_QWA5e1kMNm0DX_QSVv4Jk.BmfQA5gCxGtwTFLyPiqVxbKd2uYZ_mOJSZvuiNKY.rZNsXrlB0a5wzxHKkiwO9mPYMqTSaLUxRpRlUafHb0afv.wXP3L.ItxGyBGDVEYyCbduYQ8mwKX.u5uSDXbZtXqRcaM5CUwWk_yOs02g__NFuFOspnBFvJbNU21ZytbLB2g2fap6YxA7OdpxKg.tpNAmzUQrx.oBBRRPhKnGi4Gt9ycFvzxH6J7iF0cfY8LXdpOuo',mdrd: 'vrAHclhKerM52Tvt7M3A4viK75sH2Dt8bmPS8jUf8z0-1769098720-1.2.1.1-oGoYZzV92Pki6Ey0HM_nlgzDObjDiHGWXkJlmXd7V1rmuOOnlO50EamonUQEe4UPyJ_txbntFC50AQusZkU1lr4tM16BpfAzMIGdRuSc_y.IAUN5xGHZ5usaYw7FseKCBASi5oUeLuSuRdpLTctEBmanLvnlwJ6r3COwWcfh5KXgD2rV8jI1BasKISTQdGhVue5OrGdzWciDcbqeGdp3Tqe8dsduhATWehKWzrrRn4Z5pkquf3dEPORrzEMH5ZFGr7uPztBcu9hnnrXI6dOQjB7i4ShrbLpt2HVjzOr6dlkYzEWK0Yrf_aIHlrD5MdiY5HYERA3Ivh3hV5SQ6re7FbFcL8fIt_hdu.8fIE1YLNI.asuVZ3J8w.nj1XZNMF33LFZRmnT7nllDrUaDdHuoLpQtcffCw9QlNuCXgeaOyQv8QdfhUfzeXrg1UOWek.oSijPy0PUP_TyeCv_TwVBzgGKFsbp.XlqaEqNQ71fPrc7GhSc2d_dOr0Tg5TT617eBevVZ0bOalCvQ1WBH3ttNrq8XS7V4e0mOaNJ19jnAtFSz1dJmdodB_1ynr9tfI1WEyKTo0pLZtNszwHir4Bpm08IbgNT6dMIQiEQcjxnDIeGbjfQJXpXHdGlIJ2h5PEYU62blHBPzdtvpxzWs.b6J.TkrZ0vopXd6nIY6ClOGm3UN8kEC1MTKCFRhmDkU7EeyoQq0mhOd2xB9htUD001z3CAS7I.aQ_OgcDr01mZBblgRaEtwh8yl9tZB2MC0wa1dYMhl1MSxbb4jg63Ebq39BuCzmrfzZ2pmWqMlO0c6nEiwxPb0X.6g_DiIlvKDrZYFUrMVHU3u3DZrehWkR.nzaKntXXoXVKbNTIF8mOyzgOEbyUZdG3l9ikRWL6UYAuLDuLALCHqtd_Pmz0RucpSWjJPZjiFiqdCgflutd8kqIoP8eGyaIlliUToYlZ8coLyQ8x9tg0i4WZgS4chIyWkHGQ4mD9tMGccOTGTmlQwKETafQyg4KgV9.r2VJKTfxJ19uYKeCi2dUyAiO5qOa0RuoVOTlQGNy9ZexhTTR9zgw4QbHnMKfDwZf0qX7laqtHhEC48djCoaBFisohJJEX8N86jhIr9uhNRY6BoSTqszEPCffF.NzPtr0MGLi.QOw0..L33T8GVAQkKxFIsxzwXRkY8tfjKTuwtzBX.VA5SEZXLnenKQcsVEO2DsqjM84NxELw8iBZh2wsM.ZKdTAoOp9fJnx62T5al4rBT5FzXu.ipxTR.UBxtTQZlyf0jlnz38V0mphJiloMIC.LC2BkmtvA_V3OMJ5YLHmhCDZSuhwPIe4W362rsOeaHQgWniXrxRMW9VIo.Z5_q30IYgqMDCqTAwhiTkU0BL_Eu9BpomY7yfbS5zxe3iaOSan4Wet3gCjZa1_dC3B22w9Y.juS9iFcdl9F1Q64js16WOM5Yn6Oor2tG0GqZpwaUzlwMcVpa8WYNP85yMwN9LUhmbDWCcGNbVQV3GxWfK3aAy46M2D2sD.Xn705S.2pYC.hzPGRjM5BNaom5UJNvbyHLkr6z2Up_N6vBK_N1lERW.RYHo.A47p.nVaCsIXCF9P4EE24xNbyiNKZAh6ukRGms_hUdoMSnRF766Dt9EUo62iZjlzXMgAREKuntHETJNpCIpC00rOM8.JO_hhzXLI4cdpJS9xCzVbOz5qTmceoVxnkZTnmI97eieQkwtvABBPOiQQNbJ8uVd1ldDgVhv.4gtdp6MfR7BOe7oc.a5qHBdKQJeeDm2tVQkfcLd4xzDf7tsAK15CdxrVJ46hoIfG.f7es0i6Dvs2jrXTjDbVxfrbPagUUsMR1XGAoP5oNXpkHt9DVxZPEwornJURCeCW_T6zNRASAv2iansUjZUmVgVUKIlI0fq0EnLP12ucTlOwwqjVchHJngD.b8ki841WriOvtwG4qJjrP_Ik5J8hQxNMDxZFaxGU.MUM1qA7dV277nBBPtwopFKsaEPTH17nl04n3kpZCyS9u2wRH22ZeiAbEeEmbCAvtutg94.NvSoLjj8sD3u2xsDlfD3_6nNUaIyA8GCJyUWJfSeGa0GOf_QDIS5HKFJdYes9EqyVt_u3iaKQAzxcl4DEL67BMMqsCAnQVInRQVZknjdS3kyYcqROhkw5Ee4vcqbqVP64U9E42ZT7g5FkqM6a9QtMxuZDc75QuXNkcReYwz1jKena0SPbkV5mXpY7gbwThzS.FulEbeJ_doPK0AHx_wIufzVcGqKNiFiYpCndu0v8IcAleRZVl85tjumihLBx57C4ageW5fMq7cUKjlliY6TlldDIq6MRPbWA_4ODW7o3zTyPgGfvUV4mACOfsUMQnRQ9elQQZSm5TMcmQ683Mfe.yD62CPWwS3O_0cTv464hF0kecFka2bJodHm9_RHnJp7QTpLShugad7lsF32h9bZkAgHcE7gSn9iNw',};var a = document.createElement('script');a.src = '/cdn-cgi/challenge-platform/h/b/orchestrate/chl_page/v1?ray=9c205e59dc04a24f';window._cf_chl_opt.cOgUHash = location.hash === '' && location.href.indexOf('#') !== -1 ? '#' : location.hash;window._cf_chl_opt.cOgUQuery = location.search === '' && location.href.slice(0, location.href.length - window._cf_chl_opt.cOgUHash.length).indexOf('?') !== -1 ? '?' : location.search;if (window.history && window.history.replaceState) {var ogU = location.pathname + window._cf_chl_opt.cOgUQuery + window._cf_chl_opt.cOgUHash;history.replaceState(null, null,"\/api\/users\/3?__cf_chl_rt_tk=WGZCNw8yqVYd2kbsKcw.Ul14tkhFBsTo7ODbXhGN1RE-1769098720-1.0.1.1-cnMOWMbwQYS.9CnQouP56ux7VLHDCxekPnqMPS.394k"+ window._cf_chl_opt.cOgUHash);a.onload = function() {history.replaceState(null, null, ogU);}}document.getElementsByTagName('head')[0].appendChild(a);}());</script></body></html>

  @skip @CloudflareBlocked
  Scenario: Should see SINGLE USER data       &amp#27;[90m# src/test/java/API-Test.feature:14&amp#27;[0m
    &amp#27;[32mGiven &amp#27;[0m&amp#27;[32mI make a search for user &amp#27;[0m&amp#27;[32m&amp#27;[1m3&amp#27;[0m          &amp#27;[90m# StepDefinition.iMakeASearchForUser(String)&amp#27;[0m
    &amp#27;[31mThen &amp#27;[0m&amp#27;[31mI should see the following user data&amp#27;[0m &amp#27;[90m# StepDefinition.IShouldSeeFollowingUserData(DataTable)&amp#27;[0m
      &amp#27;[31mjava.lang.AssertionError: Expected 200 but got 403. Response: <!DOCTYPE html><html lang="en-US"><head><title>Just a moment...</title><meta http-equiv="Content-Type" content="text/html; charset=UTF-8"><meta http-equiv="X-UA-Compatible" content="IE=Edge"><meta name="robots" content="noindex,nofollow"><meta name="viewport" content="width=device-width,initial-scale=1"><style>*{box-sizing:border-box;margin:0;padding:0}html{line-height:1.15;-webkit-text-size-adjust:100%;color:#313131;font-family:system-ui,-apple-system,BlinkMacSystemFont,"Segoe UI",Roboto,"Helvetica Neue",Arial,"Noto Sans",sans-serif,"Apple Color Emoji","Segoe UI Emoji","Segoe UI Symbol","Noto Color Emoji"}body{display:flex;flex-direction:column;height:100vh;min-height:100vh}.main-content{margin:8rem auto;padding-left:1.5rem;max-width:60rem}@media (width <= 720px){.main-content{margin-top:4rem}}.h2{line-height:2.25rem;font-size:1.5rem;font-weight:500}@media (width <= 720px){.h2{line-height:1.5rem;font-size:1.25rem}}#challenge-error-text{background-image:url("data:image/svg+xml;base64,PHN2ZyB4bWxucz0iaHR0cDovL3d3dy53My5vcmcvMjAwMC9zdmciIHdpZHRoPSIzMiIgaGVpZ2h0PSIzMiIgZmlsbD0ibm9uZSI+PHBhdGggZmlsbD0iI0IyMEYwMyIgZD0iTTE2IDNhMTMgMTMgMCAxIDAgMTMgMTNBMTMuMDE1IDEzLjAxNSAwIDAgMCAxNiAzbTAgMjRhMTEgMTEgMCAxIDEgMTEtMTEgMTEuMDEgMTEuMDEgMCAwIDEtMTEgMTEiLz48cGF0aCBmaWxsPSIjQjIwRjAzIiBkPSJNMTcuMDM4IDE4LjYxNUgxNC44N0wxNC41NjMgOS41aDIuNzgzem0tMS4wODQgMS40MjdxLjY2IDAgMS4wNTcuMzg4LjQwNy4zODkuNDA3Ljk5NCAwIC41OTYtLjQwNy45ODQtLjM5Ny4zOS0xLjA1Ny4zODktLjY1IDAtMS4wNTYtLjM4OS0uMzk4LS4zODktLjM5OC0uOTg0IDAtLjU5Ny4zOTgtLjk4NS40MDYtLjM5NyAxLjA1Ni0uMzk3Ii8+PC9zdmc+");background-repeat:no-repeat;background-size:contain;padding-left:34px}@media (prefers-color-scheme: dark){body{background-color:#222;color:#d9d9d9}}</style><meta http-equiv="refresh" content="360"></head><body><div class="main-wrapper" role="main"><div class="main-content"><noscript><div class="h2"><span id="challenge-error-text">Enable JavaScript and cookies to continue</span></div></noscript></div></div><script>(function(){window._cf_chl_opt = {cvId: '3',cZone: 'reqres.in',cType: 'managed',cRay: '9c205e59dc04a24f',cH: '5PB2phw0SgTVcv3A2Gh57cMoqF9arFkxCdT8xrsFrLc-1769098720-1.2.1.1-VdzZVsp49exV1_mmvicIgzFN98XXMxThW_.6IWMhnQEFaU3wlb4QcxoVBzM_wSim',cUPMDTk:"\/api\/users\/3?__cf_chl_tk=WGZCNw8yqVYd2kbsKcw.Ul14tkhFBsTo7ODbXhGN1RE-1769098720-1.0.1.1-cnMOWMbwQYS.9CnQouP56ux7VLHDCxekPnqMPS.394k",cFPWv: 'b',cITimeS: '1769098720',cTplC:0,cTplV:5,cTplB: '0',fa:"\/api\/users\/3?__cf_chl_f_tk=WGZCNw8yqVYd2kbsKcw.Ul14tkhFBsTo7ODbXhGN1RE-1769098720-1.0.1.1-cnMOWMbwQYS.9CnQouP56ux7VLHDCxekPnqMPS.394k",md: 'eiQlVftGt8KcY7ekxp21M2i5gJ6txasq1foOC6HlCV8-1769098720-1.2.1.1-QKaIODcEZ8wuZPPk320mWKgwpK2qtFkmGGo5b9Lxc1FeRam47z8tC1u.RSq0QXoQbGGYEo.Tz5yBDVRSpKXKwROQPyPaeg9NTU8nBSRslQ3Hj.vxwXqJxHkMCVUjYIF1k3KeKI4P7l_psly.oUl5kPUWH_us7VNLcSjZRHYiXZWdZxr3rPTjHaaWudrMvMu2JYgBJ.yAyXmzZLmOJoUlgcXZCp9tqn1_TI5.xQOK33GWT2ygil6nOoLp1Es1W66XpMrgljpfWz3VjMdWlITRMuPVGrMEcGWuS3TFXJjN5JbwhUasx0LsdCfMT0Lvta2aeO1r8RcsrYB3TkDrKUEbmegLu.U4wZ1EOWeAZ8gTyon7JuSXgrBAyjx0IwyrNz6jG5hO8amLkXr7WEhSZn.d0WBxkB61PBs_L41UcpNqc_jyCZ.yntzLjiRH0xUpOc3cTVFC9aPx2_3ZO_qCsd62U1KUwWAJmTU.MrnHQdmOysV11Yvx1laDkkLzWuRa9kxPcC_m25bISUjrGrYZ7UblOa63UvcTUOHamfHSX.nP12BvOKza3jLgnbO_fcJ_J0m7NbWoWDRUGMQlDrJva94_9XoJmbaV.xGnKR9lNA771Gc3yggQh5O0PkGcjqcrpi5cNBr3_DWbOLctjo5CXxevKP1en0LuPAQ3_WAOeGX1WJP4GTt69M0j_sgKHr1_QWA5e1kMNm0DX_QSVv4Jk.BmfQA5gCxGtwTFLyPiqVxbKd2uYZ_mOJSZvuiNKY.rZNsXrlB0a5wzxHKkiwO9mPYMqTSaLUxRpRlUafHb0afv.wXP3L.ItxGyBGDVEYyCbduYQ8mwKX.u5uSDXbZtXqRcaM5CUwWk_yOs02g__NFuFOspnBFvJbNU21ZytbLB2g2fap6YxA7OdpxKg.tpNAmzUQrx.oBBRRPhKnGi4Gt9ycFvzxH6J7iF0cfY8LXdpOuo',mdrd: 'vrAHclhKerM52Tvt7M3A4viK75sH2Dt8bmPS8jUf8z0-1769098720-1.2.1.1-oGoYZzV92Pki6Ey0HM_nlgzDObjDiHGWXkJlmXd7V1rmuOOnlO50EamonUQEe4UPyJ_txbntFC50AQusZkU1lr4tM16BpfAzMIGdRuSc_y.IAUN5xGHZ5usaYw7FseKCBASi5oUeLuSuRdpLTctEBmanLvnlwJ6r3COwWcfh5KXgD2rV8jI1BasKISTQdGhVue5OrGdzWciDcbqeGdp3Tqe8dsduhATWehKWzrrRn4Z5pkquf3dEPORrzEMH5ZFGr7uPztBcu9hnnrXI6dOQjB7i4ShrbLpt2HVjzOr6dlkYzEWK0Yrf_aIHlrD5MdiY5HYERA3Ivh3hV5SQ6re7FbFcL8fIt_hdu.8fIE1YLNI.asuVZ3J8w.nj1XZNMF33LFZRmnT7nllDrUaDdHuoLpQtcffCw9QlNuCXgeaOyQv8QdfhUfzeXrg1UOWek.oSijPy0PUP_TyeCv_TwVBzgGKFsbp.XlqaEqNQ71fPrc7GhSc2d_dOr0Tg5TT617eBevVZ0bOalCvQ1WBH3ttNrq8XS7V4e0mOaNJ19jnAtFSz1dJmdodB_1ynr9tfI1WEyKTo0pLZtNszwHir4Bpm08IbgNT6dMIQiEQcjxnDIeGbjfQJXpXHdGlIJ2h5PEYU62blHBPzdtvpxzWs.b6J.TkrZ0vopXd6nIY6ClOGm3UN8kEC1MTKCFRhmDkU7EeyoQq0mhOd2xB9htUD001z3CAS7I.aQ_OgcDr01mZBblgRaEtwh8yl9tZB2MC0wa1dYMhl1MSxbb4jg63Ebq39BuCzmrfzZ2pmWqMlO0c6nEiwxPb0X.6g_DiIlvKDrZYFUrMVHU3u3DZrehWkR.nzaKntXXoXVKbNTIF8mOyzgOEbyUZdG3l9ikRWL6UYAuLDuLALCHqtd_Pmz0RucpSWjJPZjiFiqdCgflutd8kqIoP8eGyaIlliUToYlZ8coLyQ8x9tg0i4WZgS4chIyWkHGQ4mD9tMGccOTGTmlQwKETafQyg4KgV9.r2VJKTfxJ19uYKeCi2dUyAiO5qOa0RuoVOTlQGNy9ZexhTTR9zgw4QbHnMKfDwZf0qX7laqtHhEC48djCoaBFisohJJEX8N86jhIr9uhNRY6BoSTqszEPCffF.NzPtr0MGLi.QOw0..L33T8GVAQkKxFIsxzwXRkY8tfjKTuwtzBX.VA5SEZXLnenKQcsVEO2DsqjM84NxELw8iBZh2wsM.ZKdTAoOp9fJnx62T5al4rBT5FzXu.ipxTR.UBxtTQZlyf0jlnz38V0mphJiloMIC.LC2BkmtvA_V3OMJ5YLHmhCDZSuhwPIe4W362rsOeaHQgWniXrxRMW9VIo.Z5_q30IYgqMDCqTAwhiTkU0BL_Eu9BpomY7yfbS5zxe3iaOSan4Wet3gCjZa1_dC3B22w9Y.juS9iFcdl9F1Q64js16WOM5Yn6Oor2tG0GqZpwaUzlwMcVpa8WYNP85yMwN9LUhmbDWCcGNbVQV3GxWfK3aAy46M2D2sD.Xn705S.2pYC.hzPGRjM5BNaom5UJNvbyHLkr6z2Up_N6vBK_N1lERW.RYHo.A47p.nVaCsIXCF9P4EE24xNbyiNKZAh6ukRGms_hUdoMSnRF766Dt9EUo62iZjlzXMgAREKuntHETJNpCIpC00rOM8.JO_hhzXLI4cdpJS9xCzVbOz5qTmceoVxnkZTnmI97eieQkwtvABBPOiQQNbJ8uVd1ldDgVhv.4gtdp6MfR7BOe7oc.a5qHBdKQJeeDm2tVQkfcLd4xzDf7tsAK15CdxrVJ46hoIfG.f7es0i6Dvs2jrXTjDbVxfrbPagUUsMR1XGAoP5oNXpkHt9DVxZPEwornJURCeCW_T6zNRASAv2iansUjZUmVgVUKIlI0fq0EnLP12ucTlOwwqjVchHJngD.b8ki841WriOvtwG4qJjrP_Ik5J8hQxNMDxZFaxGU.MUM1qA7dV277nBBPtwopFKsaEPTH17nl04n3kpZCyS9u2wRH22ZeiAbEeEmbCAvtutg94.NvSoLjj8sD3u2xsDlfD3_6nNUaIyA8GCJyUWJfSeGa0GOf_QDIS5HKFJdYes9EqyVt_u3iaKQAzxcl4DEL67BMMqsCAnQVInRQVZknjdS3kyYcqROhkw5Ee4vcqbqVP64U9E42ZT7g5FkqM6a9QtMxuZDc75QuXNkcReYwz1jKena0SPbkV5mXpY7gbwThzS.FulEbeJ_doPK0AHx_wIufzVcGqKNiFiYpCndu0v8IcAleRZVl85tjumihLBx57C4ageW5fMq7cUKjlliY6TlldDIq6MRPbWA_4ODW7o3zTyPgGfvUV4mACOfsUMQnRQ9elQQZSm5TMcmQ683Mfe.yD62CPWwS3O_0cTv464hF0kecFka2bJodHm9_RHnJp7QTpLShugad7lsF32h9bZkAgHcE7gSn9iNw',};var a = document.createElement('script');a.src = '/cdn-cgi/challenge-platform/h/b/orchestrate/chl_page/v1?ray=9c205e59dc04a24f';window._cf_chl_opt.cOgUHash = location.hash === '' && location.href.indexOf('#') !== -1 ? '#' : location.hash;window._cf_chl_opt.cOgUQuery = location.search === '' && location.href.slice(0, location.href.length - window._cf_chl_opt.cOgUHash.length).indexOf('?') !== -1 ? '?' : location.search;if (window.history && window.history.replaceState) {var ogU = location.pathname + window._cf_chl_opt.cOgUQuery + window._cf_chl_opt.cOgUHash;history.replaceState(null, null,"\/api\/users\/3?__cf_chl_rt_tk=WGZCNw8yqVYd2kbsKcw.Ul14tkhFBsTo7ODbXhGN1RE-1769098720-1.0.1.1-cnMOWMbwQYS.9CnQouP56ux7VLHDCxekPnqMPS.394k"+ window._cf_chl_opt.cOgUHash);a.onload = function() {history.replaceState(null, null, ogU);}}document.getElementsByTagName('head')[0].appendChild(a);}());</script></body></html>
      	at org.testng.Assert.fail(Assert.java:111)
      	at mission.StepDefinition.IShouldSeeFollowingUserData(StepDefinition.java:168)
      	at ✽.Then I should see the following user data(src/test/java/API-Test.feature:16)
      &amp#27;[0m
User search - Status: 403
User search - Body: <!DOCTYPE html><html lang="en-US"><head><title>Just a moment...</title><meta http-equiv="Content-Type" content="text/html; charset=UTF-8"><meta http-equiv="X-UA-Compatible" content="IE=Edge"><meta name="robots" content="noindex,nofollow"><meta name="viewport" content="width=device-width,initial-scale=1"><style>*{box-sizing:border-box;margin:0;padding:0}html{line-height:1.15;-webkit-text-size-adjust:100%;color:#313131;font-family:system-ui,-apple-system,BlinkMacSystemFont,"Segoe UI",Roboto,"Helvetica Neue",Arial,"Noto Sans",sans-serif,"Apple Color Emoji","Segoe UI Emoji","Segoe UI Symbol","Noto Color Emoji"}body{display:flex;flex-direction:column;height:100vh;min-height:100vh}.main-content{margin:8rem auto;padding-left:1.5rem;max-width:60rem}@media (width <= 720px){.main-content{margin-top:4rem}}.h2{line-height:2.25rem;font-size:1.5rem;font-weight:500}@media (width <= 720px){.h2{line-height:1.5rem;font-size:1.25rem}}#challenge-error-text{background-image:url("data:image/svg+xml;base64,PHN2ZyB4bWxucz0iaHR0cDovL3d3dy53My5vcmcvMjAwMC9zdmciIHdpZHRoPSIzMiIgaGVpZ2h0PSIzMiIgZmlsbD0ibm9uZSI+PHBhdGggZmlsbD0iI0IyMEYwMyIgZD0iTTE2IDNhMTMgMTMgMCAxIDAgMTMgMTNBMTMuMDE1IDEzLjAxNSAwIDAgMCAxNiAzbTAgMjRhMTEgMTEgMCAxIDEgMTEtMTEgMTEuMDEgMTEuMDEgMCAwIDEtMTEgMTEiLz48cGF0aCBmaWxsPSIjQjIwRjAzIiBkPSJNMTcuMDM4IDE4LjYxNUgxNC44N0wxNC41NjMgOS41aDIuNzgzem0tMS4wODQgMS40MjdxLjY2IDAgMS4wNTcuMzg4LjQwNy4zODkuNDA3Ljk5NCAwIC41OTYtLjQwNy45ODQtLjM5Ny4zOS0xLjA1Ny4zODktLjY1IDAtMS4wNTYtLjM4OS0uMzk4LS4zODktLjM5OC0uOTg0IDAtLjU5Ny4zOTgtLjk4NS40MDYtLjM5NyAxLjA1Ni0uMzk3Ii8+PC9zdmc+");background-repeat:no-repeat;background-size:contain;padding-left:34px}@media (prefers-color-scheme: dark){body{background-color:#222;color:#d9d9d9}}</style><meta http-equiv="refresh" content="360"></head><body><div class="main-wrapper" role="main"><div class="main-content"><noscript><div class="h2"><span id="challenge-error-text">Enable JavaScript and cookies to continue</span></div></noscript></div></div><script>(function(){window._cf_chl_opt = {cvId: '3',cZone: 'reqres.in',cType: 'managed',cRay: '9c205e5b08a1f902',cH: '8MfjWlnMNBziiLZQASLyt2CLsjdzxIHWkhlW8MgEI5U-1769098720-1.2.1.1-F6vOhTKKIMn7CIXQI0UiPzu.CQa.mMsLY6GLvHx3_aAslQuhOmizc4I_88l9N.z2',cUPMDTk:"\/api\/users\/55?__cf_chl_tk=Dac8vLRmCu9QW2PzzC8CHy8hULOBl1tvYF.u4PUhMkc-1769098720-1.0.1.1-JIUlKXJcBrywX1rkDmTbxZovleB3ar75w5KLJ68hEjE",cFPWv: 'b',cITimeS: '1769098720',cTplC:0,cTplV:5,cTplB: '0',fa:"\/api\/users\/55?__cf_chl_f_tk=Dac8vLRmCu9QW2PzzC8CHy8hULOBl1tvYF.u4PUhMkc-1769098720-1.0.1.1-JIUlKXJcBrywX1rkDmTbxZovleB3ar75w5KLJ68hEjE",md: 'xGr.CcPd80JQAE3GAmpCaKmxzCSlDYmPSNcT06ewUA8-1769098720-1.2.1.1-wBQ0Eh5jZm2pueGNmycs1mxISyQShQXv8jK7j2l97__Ne8hQH.zXvSB4ZyRXxZtYFH0QmGEOLct8I3ws_Lim4pFHm8d8uuKgRp5mRBSoU69Oobs5F.hk6GfGt9oHcxmffRo1pzFUzA_.xy8vGmsamWdIalggELS_IcLrnR7aRXV7dgwB0pRjxvJCsRFwwJDbBHZOYu8J2QzogSIXnH1h.lznWgRwdPxVFNgrELQTfBHvbSZgaM7umUctaRM7u7VXQbBG4R99C4es3Rs5DuvG2nr4fpHAhz8xLQcZ9FqfVNuwMrxdp5aN8p1v3.rzZv3PPuzFM6tmOx7VwZEYlP_JvASeaqi_3AoTI9yC0mI3nJMwUZjzOKxLlN8AipY8HyGOs7X.L4rWGavVGy.KvPOlE3D4E.vTGvfQVG577J0W14tr5H9Mi1U4E0qRFu3NeO3LL4dD9rfXmjirUgK6U5xcBEhiJNEIuhnJJMfgyt_FT34GazSFIqCLpIqTpJqMIp1gBqnHJL0R2FXfeLNI2AKJ6SpE41TN3dRB6JXnFrRWhQuw8yE_NGWf_.GoFiIlvPg7HBYhO1h8CgKWS.tgzMpeabXI0q5pcDLZvl0BH3xwc2vrAvwK03qTdK5.5sCBF8aNwszhXR9UxfwdrANPuyzutM73A6nYkxSVWCa8NYp87sWyNDjLKbZoWt577pf1VINojn0nai8nEZAbB58SWYbceicK1oMemvJpT6doCrHg29t9BTdLG9xpcIgGWlMREeUtbhbLBzgVYRqhsRzATo.Hv4ZgZLgv1MNUno9DMSu4fQa6F3CE.HgASUSw7KbTBF_CC4WpIkUAM0LXb2uAELDKYVhmuLSQRTyPRQ1sYtl2uZTHiSGRjO__hrMJisYNT0mtjJ3S8vB7Zf1bYyv62b2phPFhxJ80HReXlgc6zY2iB9FtLyAZdKQW_sjpXqJppmu.',mdrd: 'wWfT.hhhogrPf7LrrZzhCgSZharHLP0300wlVml0Gyc-1769098720-1.2.1.1-QPCyjUef1QoKdEVFmvkNrQvg5ZKobTqoD77bEycxxOMGgbggXEbq3fcFxrsvewnQY7Dcl3dBOVddGCPiHj_MXED4HBcJzEFqFDIx5DdKP0ncBVeJl70rN571EiZU.uJQFni7PRmMW3EcZF4G.cUpstn0cL8PKESIKxVeaWelUZ0DM9fvL9bYQiCXt9aKheJ5TBvN0e.gQczHtBa41llYYW297pCyDqRtbketHtfhXSPgsqd0H3oAflX7Cqapdtikpb1FhFsc6d38bxTYVmB.BG81hgwMDxK.7e9PtUGDnIiiBAVZKKZawZzKag0ILgIXn7XkA1WXW223t8DUUL4vqAFLDiTV_pQUl3WHQOI231Iu5rha.jfQhzUgRRHe9lAd1BPaxjUkGaekSatTi44.wrYTbwapNpDXLpAQR_EAZoPrIa4yhuWFqSGizT9mCJcYrrWoK9tAGbpN_JbN_CaKfDga4iBEU_CSFk7BI6S4lV929X2JTh.L6iaDXy3yU_cQfjSPZilyo9hRj_ESwSBTNpD.7cUYXcJAZaiTOIKfhLP1_bJGP0sNPcXtaf8RNTc6k5EYd1_FrzfONqNj32CV9uYussRiGmT_VqR.FLkTf3bCGocesGYC5mfcyEfd3zRsaJFEGu8HLnvCZ1uJdxeSTfzxKulenWD3.B9PVdilT_XOhaJ8fBmC.KeJBWxK3iq_2bFfk_tf_2eJnAevr_DITSATLC78X2epvV9lrKS.QywVqmAYzeiZDT9e1zBTCoja7KRXpI3yGflItYRz7TUvC9pKoQPew7GMpzhMnoSE_fFMoERvu5ZjE7r1zZ9pWBoSP1lqxsBY52eoJiE5EBRcli4hNGdUimEUzQGKM2GADZ_2Kp0y7R_F_w24Bbra_Fn8pFt0l3EHcR8ZadiSbbXTbhN3ZVQ9glTDwTsASaEOyNJ_P5sw27me7Yj5_7CqadpvdNdxYXEQZwWleA4yDtr_KMaa3VByfhpuH9o0wfFb9RcoFBOeLq2of_sopjCg0PX_XZ54q9hCFkJEvyQ4ft6nnFEQU4TgeSqMmf41oPTr2gieNyWVmt5Op4n37QN9cmnPSwHsAZa0yPXrwwgc8aYMaC1O2h63wv4hrQPZdIidecPwZ8k4M208CjJPmwX0oR0WJI1P5heCT8u0eldoBwR10AdXoOjlYkRVWKryK0RvKZkJcHIrgC90RKb7ZEer72W0z3nz.R_JHaxockknKttLy3Q7VuxPWikoucYq_UnOMSSNV8dxoVQFjZVhkYAo4MBbNSRapW.NPlbep8aJ53TKDkWN6ZUSxuWv5ogChgKULo2U.l2xBWGipHWHFU8gGCCdB.6JVCgqK2Z1WrHooglcYNr8LuZ5DgtgQQrziCWyUrsU4RiwO26d1uOa0W0lJoDS6grJ96VTTQdv7umzMM7S7hI8DGQp0v1hGm4sGJEmn5vfMroeAP3iAlvHkm2iCWd0r6XQuPE9uE7b6xSzIZX64DuDzTvJO4My.mViEU8m8It_ksECrheMIV1VxVjEvTee5zCBABZt1ucJ4RungMPbCT_XWJrdWZHO0L8Hqb3XQl4CDxLwMEwR5xvh4N9bDWD32UxbaKs4Xbx9MQaCfTMXj2qa2.mQEW1mDtVV4k6qeT4K.6Z9pmkAjsVWpGYaub9ANLySD4w9iga8ey6xQZLTMTdX1TGBvlvG7ZOIyf4ldFDbYZe83chNgwsMzkl4G1UpcRcJhBaXZ6kbI9xRldVqnQmHVRXQxP8wVacOcbUbB2FAgGY8.UwaHaTd6BIDf5LfG2aZOs9FnSgVcggC1K_Y.QPUbdKlIgXdK9QMt3xVgug5WpGddSpS2dE6.JfJarLEOqAzmBcLEMCyPWFHgRfc1.qF7bSdmnvYOOr0.R.8_iz4Sca_oDkXxTtKFxzrjE38vQgflP1H9VAjpI.uVc69645uiYnqmz6gRtocpiYmLVYivxclxntTqtQbOPp4ETiHphAbAd6Fa2YTxlyx1H1KDxrPd51jLyBdGisH6U3rvlzvyxHwFzdZgJ7E4_bphD8PUosBJomse53AaalyGA9TqmqcqUuYtnjV0NeUiM1QvHYXQV9ywxvoiFMI8eFTfpHl0HkP91TsoIgMVoQLj2VhDIeplPALSot2m3DJ1aqqu2EzAKqtryY8DRic5imZk5YDffUm1pmGstlvMnZVx0kF5J7tz2.WZXeBq4bPFCchy_8_9iCy_8IsLA2QiNnrvbUYx077TzO2m3.Jnlu_NhcvaCEnaahxJUbnZcTjRnA2XNPrjt9NVGW3V5C86YuEUGmL2nkFZkh5MGdAKDjuliFujKGW_Nx.KwtA56A2tylxfJ13ELr2ASTjZcjJPJ5Jvv1xfeH1CVEAnwCNJuFl5v7k.cT1tz.jx3PrzqEK1F6idpm9YarxPPZQnp_CSxs24GXMVlXLPYL1Pzkf5NQ.SvNCtw',};var a = document.createElement('script');a.src = '/cdn-cgi/challenge-platform/h/b/orchestrate/chl_page/v1?ray=9c205e5b08a1f902';window._cf_chl_opt.cOgUHash = location.hash === '' && location.href.indexOf('#') !== -1 ? '#' : location.hash;window._cf_chl_opt.cOgUQuery = location.search === '' && location.href.slice(0, location.href.length - window._cf_chl_opt.cOgUHash.length).indexOf('?') !== -1 ? '?' : location.search;if (window.history && window.history.replaceState) {var ogU = location.pathname + window._cf_chl_opt.cOgUQuery + window._cf_chl_opt.cOgUHash;history.replaceState(null, null,"\/api\/users\/55?__cf_chl_rt_tk=Dac8vLRmCu9QW2PzzC8CHy8hULOBl1tvYF.u4PUhMkc-1769098720-1.0.1.1-JIUlKXJcBrywX1rkDmTbxZovleB3ar75w5KLJ68hEjE"+ window._cf_chl_opt.cOgUHash);a.onload = function() {history.replaceState(null, null, ogU);}}document.getElementsByTagName('head')[0].appendChild(a);}());</script></body></html>

  Scenario: Should see SINGLE USER NOT FOUND error code &amp#27;[90m# src/test/java/API-Test.feature:20&amp#27;[0m
    &amp#27;[32mGiven &amp#27;[0m&amp#27;[32mI make a search for user &amp#27;[0m&amp#27;[32m&amp#27;[1m55&amp#27;[0m                   &amp#27;[90m# StepDefinition.iMakeASearchForUser(String)&amp#27;[0m
    &amp#27;[32mThen &amp#27;[0m&amp#27;[32mI receive error code &amp#27;[0m&amp#27;[32m&amp#27;[1m403&amp#27;[0m&amp#27;[32m in response&amp#27;[0m           &amp#27;[90m# StepDefinition.iReceiveErrorCodeInResponse(int)&amp#27;[0m

  @skip @CloudflareBlocked
  Scenario Outline: CREATE a user                     &amp#27;[90m# src/test/java/API-Test.feature:25&amp#27;[0m
    &amp#27;[36mGiven &amp#27;[0m&amp#27;[36mI create a user with following <Name> <Job>&amp#27;[0m
    &amp#27;[36mThen &amp#27;[0m&amp#27;[36mresponse should contain the following data&amp#27;[0m

    Examples: 
Create user - Status: 403
Create user - Body: <!DOCTYPE html><html lang="en-US"><head><title>Just a moment...</title><meta http-equiv="Content-Type" content="text/html; charset=UTF-8"><meta http-equiv="X-UA-Compatible" content="IE=Edge"><meta name="robots" content="noindex,nofollow"><meta name="viewport" content="width=device-width,initial-scale=1"><style>*{box-sizing:border-box;margin:0;padding:0}html{line-height:1.15;-webkit-text-size-adjust:100%;color:#313131;font-family:system-ui,-apple-system,BlinkMacSystemFont,"Segoe UI",Roboto,"Helvetica Neue",Arial,"Noto Sans",sans-serif,"Apple Color Emoji","Segoe UI Emoji","Segoe UI Symbol","Noto Color Emoji"}body{display:flex;flex-direction:column;height:100vh;min-height:100vh}.main-content{margin:8rem auto;padding-left:1.5rem;max-width:60rem}@media (width <= 720px){.main-content{margin-top:4rem}}.h2{line-height:2.25rem;font-size:1.5rem;font-weight:500}@media (width <= 720px){.h2{line-height:1.5rem;font-size:1.25rem}}#challenge-error-text{background-image:url("data:image/svg+xml;base64,PHN2ZyB4bWxucz0iaHR0cDovL3d3dy53My5vcmcvMjAwMC9zdmciIHdpZHRoPSIzMiIgaGVpZ2h0PSIzMiIgZmlsbD0ibm9uZSI+PHBhdGggZmlsbD0iI0IyMEYwMyIgZD0iTTE2IDNhMTMgMTMgMCAxIDAgMTMgMTNBMTMuMDE1IDEzLjAxNSAwIDAgMCAxNiAzbTAgMjRhMTEgMTEgMCAxIDEgMTEtMTEgMTEuMDEgMTEuMDEgMCAwIDEtMTEgMTEiLz48cGF0aCBmaWxsPSIjQjIwRjAzIiBkPSJNMTcuMDM4IDE4LjYxNUgxNC44N0wxNC41NjMgOS41aDIuNzgzem0tMS4wODQgMS40MjdxLjY2IDAgMS4wNTcuMzg4LjQwNy4zODkuNDA3Ljk5NCAwIC41OTYtLjQwNy45ODQtLjM5Ny4zOS0xLjA1Ny4zODktLjY1IDAtMS4wNTYtLjM4OS0uMzk4LS4zODktLjM5OC0uOTg0IDAtLjU5Ny4zOTgtLjk4NS40MDYtLjM5NyAxLjA1Ni0uMzk3Ii8+PC9zdmc+");background-repeat:no-repeat;background-size:contain;padding-left:34px}@media (prefers-color-scheme: dark){body{background-color:#222;color:#d9d9d9}}</style><meta http-equiv="refresh" content="360"></head><body><div class="main-wrapper" role="main"><div class="main-content"><noscript><div class="h2"><span id="challenge-error-text">Enable JavaScript and cookies to continue</span></div></noscript></div></div><script>(function(){window._cf_chl_opt = {cvId: '3',cZone: 'reqres.in',cType: 'managed',cRay: '9c205e5c4f86ca12',cH: 'YwCpJbhL8Gv0y1vwHTHIBfrZgji06rvQep6Jv2rH79I-1769098720-1.2.1.1-mTmPRmhruuTHQWJzCIcSO.KNbG.uYOxKuLkaW5NJSwM9tY5ookZbbXH1EC._p1Gg',cUPMDTk:"\/api\/users?__cf_chl_tk=gxEaa99Olw6mfg4ftRnLGQPHIqQ0NzPJe_ZoOLexQBc-1769098720-1.0.1.1-Bb0sFBrl24R0yEUHZuGgr5S5_.tHssSAEY_oXhb6Zng",cFPWv: 'b',cITimeS: '1769098720',cTplC:0,cTplV:5,cTplB: '0',fa:"\/api\/users?__cf_chl_f_tk=gxEaa99Olw6mfg4ftRnLGQPHIqQ0NzPJe_ZoOLexQBc-1769098720-1.0.1.1-Bb0sFBrl24R0yEUHZuGgr5S5_.tHssSAEY_oXhb6Zng",md: 'inI5ZRoS82m82ai36iANP1XoAHNZunBrcnRw1yfwito-1769098720-1.2.1.1-10xYshX6CeG3.FJ80mhSdBbVHISX1Tho7Y44VvVUCTaOj5vo_2rc8uolOxMILBAs88y5e9qBVhQV18scnpny4VAl6ET9MGBRjSeaGDVL4YfIPOaTFSYTRSJAEHhzm0.an7PzxE3AksebIrnkFC_PLTIvQeEjRCYgymVLi2EHlUMh2.NGGjE7xo.arhDJFwtFlQZXXiIqwe8_jq2qmRW.DFrazYUlpYdOAxc321vpWi9oTNzr2Wo17sxyr8UV6HwDKGODSEODv0AWzXV8UKN.vK1HWI8JWLrBpINo_mvHUWG0G09QaecKX_fUFHXz3g3oYkX9CiWAKgrpYJL20QbBD4V7NgsjkGA3CVRvtzjqoelqCqsbkqXX_sXVXWDh7huCRkvwmM0TYySZwIRVwXgB6eijouWDcFa54q4GWkbmKWctVw7PDS706d98cAQGh5PAZ86Zre5FjyJY1_KxoBdjaMFNi4fx7.HCz1Js4x1rV1I9aW0KwaSZwniVfFINliWlJAlELksmDtZ5RZvLmbuJBsnK.adpYHB86qiuh.k3scpMyx3s7yGR.7p3deC581FY_afop6u2xMhtctBfE1LH8rA.GZzMfOAkMHjpNlZr4WWxgUY_B85qNHGZO1FMITu.sQi0Xd.QTzhkqlGaJUAf.6x3tZOG9.R47lbWarGA29kX.mh6oTSBCfVqtePdJDrfJBm4hwvJy.FV.QNZ3Qg9PMaF_kF7gAF7GzS2fVjhYuIkmWC4gYoAMM7mFisbha_Z4mjNbhl7yTe1sfo3pPFXLeoQTMvfx8a2wIQHFIlg7nvm.W.v4MVuHsBSwPU5kQwUoCQooT_vxlkcAo5238WktHD6heuh0MECXMDCbfyxgMtJJ7XSuYbY9bJCIbNGQRDGbXPJHAJ9NnsBBZ1QZbYcBXl3eUZ_CQzh6JCrb1Xio7vWVgmyRmJ8s0pWpLcj5csQ',mdrd: 'pZHblcdU.5_Fc6LI6EC.y47dtflv.0OemZepqclgoCU-1769098720-1.2.1.1-4kXbQjZGqn6XvYZN15osTIF5VqVwUTqgO1G3ZdDLpi1OPYCBudZ6d8w7BYI2IQExl13bYUVJKWIzZkVW3xG6ebHYp_NZ.VywQiDWxhHIxoCQNPo0AxkRAAqCcu_RP7gG1jllwOQdEz7cIzffRLu6PnY_qptF1.hPFLnCzSi33.D_GChPGxy.ecyrbnOahecSSzg8qJGJTrtlYAHAF4o9XT18Xk_t60Jtd7xobkcEYBNwfgOCVxHeX6L7ftsi0IY9jI3UQnU2JzzqBNVWBPRkDdo4U4H4ba05CQdOesE1nWUf1p9ELzjqsmE0jm2O_gfCCqVKxRN.fGrhSh9ifUMI.cdN9U8fHInviSv7GJH11YvUd9U0AJinFdG9J4IZ82jeZkW9zoYPR5l3FvszU1R1UmX41c37Al_QAn0kjQDTLgNchEehD.IOOqZTkADNxTVeHlp8Px8TeS6mw8O1cQ4xztXjPXIpCU5RSdWFkIkvzds5UyV7v9IxE4Xf52TH1LyYZzBNSdDRMDWRj7zJwGarsylp8yo4qfp6OiY6X__YhQQRYcGZK9kR8ONdRd3tgA8W546cda5O0x2IhERhECby3pyhj8YZPFzXcvAgkArFJxUigONUK2PzN7a4no66MzcEy.v15JRxxfzVsTCL83JoHemHNN._lcvJEbHPF3uLkOz4o2Hd9EsPXbnkz4c..jQP1bcAO59bWmLPj_2bOH_acLCVlEXEfBgqSpBYdrrG9fVjSPanvZaAEAs3mdiuMvoLZEt3qyPBTFfA0KKOEugb6dfjQCi7.VNv5cepuI4J0HfJgAfEVSp2o4LsAfwXx02vIFEa7S.pTbLqJujp44KEmvmke0RmzIlyrtpF4VOydrxbvJAHDCSShpRe4p.NcSeOtoEYTEl2Rm9TAh5sCPfJq5MMgp2DCd7mStb4CrQRaFSlW9g5IikOKeimrtu.aJuAkFT3P0AA.U4kEtyuBw2pQjO1higHjA2KqUkF2899DWrS648683T2tzrh.OX7VBOmf8fcFC8et05PDI9dUgtLvG1V4TKZXatZ.P3h5ytGeIDG0ldjv4HuxlbDiQxhA6JYXVsKJp31GqE.jliknJRlbXENSlP1tH_LxjPTJHTlQkrSjfSHEtbjM30lIsk6JtK58UmDtgEvHzHdsQV.J5HQrVPKD4.I_yQFlIUCrgTCUCNy8hNe8V4J6CqUcYsyUXBkV5HXwA1sxpTc6QPCddeXZBLKftD6nmCRsYihBZdUKDrpb4efyGD2D76Pq4oRPhvoXry42zpF09Hza0IibiloLln.CsC9o7CKfbniEs02APFRf0gdQh7c6hJCERs3a.3.RDwxdMCHCSb5BraN2UgH6nLfNLI.bBp_DL7JNJMIybBFyQF.P0e8RbJWWA.k5lpf_TqBXvrekE5yB0zvFWQbnwGmgRxx7B9jV7XeCh5etETv_7vz0aZ0MmZfHK1lX9NO3wIqHHH2B3fesCo9YWKBSnW3G9IkuzWkWV0Qcnkhcs.aMjwW4WhKDbcUQWT.a4AuTv9UCsswwSb_.N6OCRVsuHks2GLlo8lQCRjZFCOf2tx0kvUpe2g5vLc93H88deq32NwQGgkOoH23kAAGDPbSzdHJL7g9mgNciSZP7zwCeDxEol1jwC3C.rpIKFzfK_jSFde8KmljFC_Oqs4hQJR_ANerY1HCvglYOX3uF060qGoEhG8S3NzaK6O5BfpY9eeRxp5KgkgEQlj2ld68UUBgaPynQYEufFRNZCFZImek6U89N_MTXEePBB3UNmvRtklkSHZxoJbpS8z1IBt19m6yNOI3V6imvgSWzlF6ITRUQu8.n8q0Mu3dO_X1chBbizZaw89w2DaNLgGWAj5M4EGqFpLej5QtEtetbpGbOkyM9_RULtUelMpKwfyS2LSikasItD_F_KizG0V5BengT2ZyA00961b0vJYqHxs7SDZk.P7ruM7lpRhi9oUeAdQNQhLiKDlFlWuoWuVhi_tT5A.5mNJxx.VdjgAXZBXa2T.WWyIJhd1jC.b9EtRHXZapv1fiW85FrJbR3P8fY3hSZFH9Jgr2_7yuLfY07083CfySJAAgFm5nhdB3M7ho.RU3YGaTq1l7i2dv7lVbnkQ.a6wkWl7FQpmtm9Xe55P0YLjeHa7Gqava7tHGd9XFeaMOgh5DB.v7XVCeQp84Y1ApRqkoxSRJUHxiwnbvGu._JRw4Mfwf8nKlHccXYIj4wR3XghOuJexWolsjKtS4c1nJg7KDQuWkD.p2AXAiv5R548gmEkXUIBsUTvLNe8CCL_SJop6vtUurPWcdlK.WF9f3kBYCcQegUreFp7hCzEOq1Ridj2v82xuuTGYk1LoqwBm9bGE8S.cQRx4GPx0.1s8_v3mJkKmsDwsdwcHYUosc8Zb.KvT9fyXAoX0REYq8si.qgpN9rejfvNHj.9t2f84yf.DfUEH9ORIi_cz9v.EwM_NiBtACNWkFO29CBBG.AgBpiLkBPHYg2dSsZmWznSIAFVy2gG.HzKZPQdnXfQvqG4ECxC8',};var a = document.createElement('script');a.src = '/cdn-cgi/challenge-platform/h/b/orchestrate/chl_page/v1?ray=9c205e5c4f86ca12';window._cf_chl_opt.cOgUHash = location.hash === '' && location.href.indexOf('#') !== -1 ? '#' : location.hash;window._cf_chl_opt.cOgUQuery = location.search === '' && location.href.slice(0, location.href.length - window._cf_chl_opt.cOgUHash.length).indexOf('?') !== -1 ? '?' : location.search;if (window.history && window.history.replaceState) {var ogU = location.pathname + window._cf_chl_opt.cOgUQuery + window._cf_chl_opt.cOgUHash;history.replaceState(null, null,"\/api\/users?__cf_chl_rt_tk=gxEaa99Olw6mfg4ftRnLGQPHIqQ0NzPJe_ZoOLexQBc-1769098720-1.0.1.1-Bb0sFBrl24R0yEUHZuGgr5S5_.tHssSAEY_oXhb6Zng"+ window._cf_chl_opt.cOgUHash);a.onload = function() {history.replaceState(null, null, ogU);}}document.getElementsByTagName('head')[0].appendChild(a);}());</script></body></html>
Validating response fields. Status: 403
Response body: <!DOCTYPE html><html lang="en-US"><head><title>Just a moment...</title><meta http-equiv="Content-Type" content="text/html; charset=UTF-8"><meta http-equiv="X-UA-Compatible" content="IE=Edge"><meta name="robots" content="noindex,nofollow"><meta name="viewport" content="width=device-width,initial-scale=1"><style>*{box-sizing:border-box;margin:0;padding:0}html{line-height:1.15;-webkit-text-size-adjust:100%;color:#313131;font-family:system-ui,-apple-system,BlinkMacSystemFont,"Segoe UI",Roboto,"Helvetica Neue",Arial,"Noto Sans",sans-serif,"Apple Color Emoji","Segoe UI Emoji","Segoe UI Symbol","Noto Color Emoji"}body{display:flex;flex-direction:column;height:100vh;min-height:100vh}.main-content{margin:8rem auto;padding-left:1.5rem;max-width:60rem}@media (width <= 720px){.main-content{margin-top:4rem}}.h2{line-height:2.25rem;font-size:1.5rem;font-weight:500}@media (width <= 720px){.h2{line-height:1.5rem;font-size:1.25rem}}#challenge-error-text{background-image:url("data:image/svg+xml;base64,PHN2ZyB4bWxucz0iaHR0cDovL3d3dy53My5vcmcvMjAwMC9zdmciIHdpZHRoPSIzMiIgaGVpZ2h0PSIzMiIgZmlsbD0ibm9uZSI+PHBhdGggZmlsbD0iI0IyMEYwMyIgZD0iTTE2IDNhMTMgMTMgMCAxIDAgMTMgMTNBMTMuMDE1IDEzLjAxNSAwIDAgMCAxNiAzbTAgMjRhMTEgMTEgMCAxIDEgMTEtMTEgMTEuMDEgMTEuMDEgMCAwIDEtMTEgMTEiLz48cGF0aCBmaWxsPSIjQjIwRjAzIiBkPSJNMTcuMDM4IDE4LjYxNUgxNC44N0wxNC41NjMgOS41aDIuNzgzem0tMS4wODQgMS40MjdxLjY2IDAgMS4wNTcuMzg4LjQwNy4zODkuNDA3Ljk5NCAwIC41OTYtLjQwNy45ODQtLjM5Ny4zOS0xLjA1Ny4zODktLjY1IDAtMS4wNTYtLjM4OS0uMzk4LS4zODktLjM5OC0uOTg0IDAtLjU5Ny4zOTgtLjk4NS40MDYtLjM5NyAxLjA1Ni0uMzk3Ii8+PC9zdmc+");background-repeat:no-repeat;background-size:contain;padding-left:34px}@media (prefers-color-scheme: dark){body{background-color:#222;color:#d9d9d9}}</style><meta http-equiv="refresh" content="360"></head><body><div class="main-wrapper" role="main"><div class="main-content"><noscript><div class="h2"><span id="challenge-error-text">Enable JavaScript and cookies to continue</span></div></noscript></div></div><script>(function(){window._cf_chl_opt = {cvId: '3',cZone: 'reqres.in',cType: 'managed',cRay: '9c205e5c4f86ca12',cH: 'YwCpJbhL8Gv0y1vwHTHIBfrZgji06rvQep6Jv2rH79I-1769098720-1.2.1.1-mTmPRmhruuTHQWJzCIcSO.KNbG.uYOxKuLkaW5NJSwM9tY5ookZbbXH1EC._p1Gg',cUPMDTk:"\/api\/users?__cf_chl_tk=gxEaa99Olw6mfg4ftRnLGQPHIqQ0NzPJe_ZoOLexQBc-1769098720-1.0.1.1-Bb0sFBrl24R0yEUHZuGgr5S5_.tHssSAEY_oXhb6Zng",cFPWv: 'b',cITimeS: '1769098720',cTplC:0,cTplV:5,cTplB: '0',fa:"\/api\/users?__cf_chl_f_tk=gxEaa99Olw6mfg4ftRnLGQPHIqQ0NzPJe_ZoOLexQBc-1769098720-1.0.1.1-Bb0sFBrl24R0yEUHZuGgr5S5_.tHssSAEY_oXhb6Zng",md: 'inI5ZRoS82m82ai36iANP1XoAHNZunBrcnRw1yfwito-1769098720-1.2.1.1-10xYshX6CeG3.FJ80mhSdBbVHISX1Tho7Y44VvVUCTaOj5vo_2rc8uolOxMILBAs88y5e9qBVhQV18scnpny4VAl6ET9MGBRjSeaGDVL4YfIPOaTFSYTRSJAEHhzm0.an7PzxE3AksebIrnkFC_PLTIvQeEjRCYgymVLi2EHlUMh2.NGGjE7xo.arhDJFwtFlQZXXiIqwe8_jq2qmRW.DFrazYUlpYdOAxc321vpWi9oTNzr2Wo17sxyr8UV6HwDKGODSEODv0AWzXV8UKN.vK1HWI8JWLrBpINo_mvHUWG0G09QaecKX_fUFHXz3g3oYkX9CiWAKgrpYJL20QbBD4V7NgsjkGA3CVRvtzjqoelqCqsbkqXX_sXVXWDh7huCRkvwmM0TYySZwIRVwXgB6eijouWDcFa54q4GWkbmKWctVw7PDS706d98cAQGh5PAZ86Zre5FjyJY1_KxoBdjaMFNi4fx7.HCz1Js4x1rV1I9aW0KwaSZwniVfFINliWlJAlELksmDtZ5RZvLmbuJBsnK.adpYHB86qiuh.k3scpMyx3s7yGR.7p3deC581FY_afop6u2xMhtctBfE1LH8rA.GZzMfOAkMHjpNlZr4WWxgUY_B85qNHGZO1FMITu.sQi0Xd.QTzhkqlGaJUAf.6x3tZOG9.R47lbWarGA29kX.mh6oTSBCfVqtePdJDrfJBm4hwvJy.FV.QNZ3Qg9PMaF_kF7gAF7GzS2fVjhYuIkmWC4gYoAMM7mFisbha_Z4mjNbhl7yTe1sfo3pPFXLeoQTMvfx8a2wIQHFIlg7nvm.W.v4MVuHsBSwPU5kQwUoCQooT_vxlkcAo5238WktHD6heuh0MECXMDCbfyxgMtJJ7XSuYbY9bJCIbNGQRDGbXPJHAJ9NnsBBZ1QZbYcBXl3eUZ_CQzh6JCrb1Xio7vWVgmyRmJ8s0pWpLcj5csQ',mdrd: 'pZHblcdU.5_Fc6LI6EC.y47dtflv.0OemZepqclgoCU-1769098720-1.2.1.1-4kXbQjZGqn6XvYZN15osTIF5VqVwUTqgO1G3ZdDLpi1OPYCBudZ6d8w7BYI2IQExl13bYUVJKWIzZkVW3xG6ebHYp_NZ.VywQiDWxhHIxoCQNPo0AxkRAAqCcu_RP7gG1jllwOQdEz7cIzffRLu6PnY_qptF1.hPFLnCzSi33.D_GChPGxy.ecyrbnOahecSSzg8qJGJTrtlYAHAF4o9XT18Xk_t60Jtd7xobkcEYBNwfgOCVxHeX6L7ftsi0IY9jI3UQnU2JzzqBNVWBPRkDdo4U4H4ba05CQdOesE1nWUf1p9ELzjqsmE0jm2O_gfCCqVKxRN.fGrhSh9ifUMI.cdN9U8fHInviSv7GJH11YvUd9U0AJinFdG9J4IZ82jeZkW9zoYPR5l3FvszU1R1UmX41c37Al_QAn0kjQDTLgNchEehD.IOOqZTkADNxTVeHlp8Px8TeS6mw8O1cQ4xztXjPXIpCU5RSdWFkIkvzds5UyV7v9IxE4Xf52TH1LyYZzBNSdDRMDWRj7zJwGarsylp8yo4qfp6OiY6X__YhQQRYcGZK9kR8ONdRd3tgA8W546cda5O0x2IhERhECby3pyhj8YZPFzXcvAgkArFJxUigONUK2PzN7a4no66MzcEy.v15JRxxfzVsTCL83JoHemHNN._lcvJEbHPF3uLkOz4o2Hd9EsPXbnkz4c..jQP1bcAO59bWmLPj_2bOH_acLCVlEXEfBgqSpBYdrrG9fVjSPanvZaAEAs3mdiuMvoLZEt3qyPBTFfA0KKOEugb6dfjQCi7.VNv5cepuI4J0HfJgAfEVSp2o4LsAfwXx02vIFEa7S.pTbLqJujp44KEmvmke0RmzIlyrtpF4VOydrxbvJAHDCSShpRe4p.NcSeOtoEYTEl2Rm9TAh5sCPfJq5MMgp2DCd7mStb4CrQRaFSlW9g5IikOKeimrtu.aJuAkFT3P0AA.U4kEtyuBw2pQjO1higHjA2KqUkF2899DWrS648683T2tzrh.OX7VBOmf8fcFC8et05PDI9dUgtLvG1V4TKZXatZ.P3h5ytGeIDG0ldjv4HuxlbDiQxhA6JYXVsKJp31GqE.jliknJRlbXENSlP1tH_LxjPTJHTlQkrSjfSHEtbjM30lIsk6JtK58UmDtgEvHzHdsQV.J5HQrVPKD4.I_yQFlIUCrgTCUCNy8hNe8V4J6CqUcYsyUXBkV5HXwA1sxpTc6QPCddeXZBLKftD6nmCRsYihBZdUKDrpb4efyGD2D76Pq4oRPhvoXry42zpF09Hza0IibiloLln.CsC9o7CKfbniEs02APFRf0gdQh7c6hJCERs3a.3.RDwxdMCHCSb5BraN2UgH6nLfNLI.bBp_DL7JNJMIybBFyQF.P0e8RbJWWA.k5lpf_TqBXvrekE5yB0zvFWQbnwGmgRxx7B9jV7XeCh5etETv_7vz0aZ0MmZfHK1lX9NO3wIqHHH2B3fesCo9YWKBSnW3G9IkuzWkWV0Qcnkhcs.aMjwW4WhKDbcUQWT.a4AuTv9UCsswwSb_.N6OCRVsuHks2GLlo8lQCRjZFCOf2tx0kvUpe2g5vLc93H88deq32NwQGgkOoH23kAAGDPbSzdHJL7g9mgNciSZP7zwCeDxEol1jwC3C.rpIKFzfK_jSFde8KmljFC_Oqs4hQJR_ANerY1HCvglYOX3uF060qGoEhG8S3NzaK6O5BfpY9eeRxp5KgkgEQlj2ld68UUBgaPynQYEufFRNZCFZImek6U89N_MTXEePBB3UNmvRtklkSHZxoJbpS8z1IBt19m6yNOI3V6imvgSWzlF6ITRUQu8.n8q0Mu3dO_X1chBbizZaw89w2DaNLgGWAj5M4EGqFpLej5QtEtetbpGbOkyM9_RULtUelMpKwfyS2LSikasItD_F_KizG0V5BengT2ZyA00961b0vJYqHxs7SDZk.P7ruM7lpRhi9oUeAdQNQhLiKDlFlWuoWuVhi_tT5A.5mNJxx.VdjgAXZBXa2T.WWyIJhd1jC.b9EtRHXZapv1fiW85FrJbR3P8fY3hSZFH9Jgr2_7yuLfY07083CfySJAAgFm5nhdB3M7ho.RU3YGaTq1l7i2dv7lVbnkQ.a6wkWl7FQpmtm9Xe55P0YLjeHa7Gqava7tHGd9XFeaMOgh5DB.v7XVCeQp84Y1ApRqkoxSRJUHxiwnbvGu._JRw4Mfwf8nKlHccXYIj4wR3XghOuJexWolsjKtS4c1nJg7KDQuWkD.p2AXAiv5R548gmEkXUIBsUTvLNe8CCL_SJop6vtUurPWcdlK.WF9f3kBYCcQegUreFp7hCzEOq1Ridj2v82xuuTGYk1LoqwBm9bGE8S.cQRx4GPx0.1s8_v3mJkKmsDwsdwcHYUosc8Zb.KvT9fyXAoX0REYq8si.qgpN9rejfvNHj.9t2f84yf.DfUEH9ORIi_cz9v.EwM_NiBtACNWkFO29CBBG.AgBpiLkBPHYg2dSsZmWznSIAFVy2gG.HzKZPQdnXfQvqG4ECxC8',};var a = document.createElement('script');a.src = '/cdn-cgi/challenge-platform/h/b/orchestrate/chl_page/v1?ray=9c205e5c4f86ca12';window._cf_chl_opt.cOgUHash = location.hash === '' && location.href.indexOf('#') !== -1 ? '#' : location.hash;window._cf_chl_opt.cOgUQuery = location.search === '' && location.href.slice(0, location.href.length - window._cf_chl_opt.cOgUHash.length).indexOf('?') !== -1 ? '?' : location.search;if (window.history && window.history.replaceState) {var ogU = location.pathname + window._cf_chl_opt.cOgUQuery + window._cf_chl_opt.cOgUHash;history.replaceState(null, null,"\/api\/users?__cf_chl_rt_tk=gxEaa99Olw6mfg4ftRnLGQPHIqQ0NzPJe_ZoOLexQBc-1769098720-1.0.1.1-Bb0sFBrl24R0yEUHZuGgr5S5_.tHssSAEY_oXhb6Zng"+ window._cf_chl_opt.cOgUHash);a.onload = function() {history.replaceState(null, null, ogU);}}document.getElementsByTagName('head')[0].appendChild(a);}());</script></body></html>

  @API @skip @CloudflareBlocked
  Scenario Outline: CREATE a user                      &amp#27;[90m# src/test/java/API-Test.feature:32&amp#27;[0m
    &amp#27;[32mGiven &amp#27;[0m&amp#27;[32mI create a user with following &amp#27;[0m&amp#27;[32m&amp#27;[1mPeter&amp#27;[0m&amp#27;[32m &amp#27;[0m&amp#27;[32m&amp#27;[1mManager&amp#27;[0m &amp#27;[90m# StepDefinition.iCreateUserWithFollowing(String,String)&amp#27;[0m
    &amp#27;[31mThen &amp#27;[0m&amp#27;[31mresponse should contain the following data&amp#27;[0m    &amp#27;[90m# StepDefinition.iReceiveErrorCodeInResponse(DataTable)&amp#27;[0m
      &amp#27;[31mjava.lang.AssertionError: Expected success response but got 403
      	at org.testng.Assert.fail(Assert.java:111)
      	at mission.StepDefinition.iReceiveErrorCodeInResponse(StepDefinition.java:213)
      	at ✽.Then response should contain the following data(src/test/java/API-Test.feature:27)
      &amp#27;[0m
Create user - Status: 403
Create user - Body: <!DOCTYPE html><html lang="en-US"><head><title>Just a moment...</title><meta http-equiv="Content-Type" content="text/html; charset=UTF-8"><meta http-equiv="X-UA-Compatible" content="IE=Edge"><meta name="robots" content="noindex,nofollow"><meta name="viewport" content="width=device-width,initial-scale=1"><style>*{box-sizing:border-box;margin:0;padding:0}html{line-height:1.15;-webkit-text-size-adjust:100%;color:#313131;font-family:system-ui,-apple-system,BlinkMacSystemFont,"Segoe UI",Roboto,"Helvetica Neue",Arial,"Noto Sans",sans-serif,"Apple Color Emoji","Segoe UI Emoji","Segoe UI Symbol","Noto Color Emoji"}body{display:flex;flex-direction:column;height:100vh;min-height:100vh}.main-content{margin:8rem auto;padding-left:1.5rem;max-width:60rem}@media (width <= 720px){.main-content{margin-top:4rem}}.h2{line-height:2.25rem;font-size:1.5rem;font-weight:500}@media (width <= 720px){.h2{line-height:1.5rem;font-size:1.25rem}}#challenge-error-text{background-image:url("data:image/svg+xml;base64,PHN2ZyB4bWxucz0iaHR0cDovL3d3dy53My5vcmcvMjAwMC9zdmciIHdpZHRoPSIzMiIgaGVpZ2h0PSIzMiIgZmlsbD0ibm9uZSI+PHBhdGggZmlsbD0iI0IyMEYwMyIgZD0iTTE2IDNhMTMgMTMgMCAxIDAgMTMgMTNBMTMuMDE1IDEzLjAxNSAwIDAgMCAxNiAzbTAgMjRhMTEgMTEgMCAxIDEgMTEtMTEgMTEuMDEgMTEuMDEgMCAwIDEtMTEgMTEiLz48cGF0aCBmaWxsPSIjQjIwRjAzIiBkPSJNMTcuMDM4IDE4LjYxNUgxNC44N0wxNC41NjMgOS41aDIuNzgzem0tMS4wODQgMS40MjdxLjY2IDAgMS4wNTcuMzg4LjQwNy4zODkuNDA3Ljk5NCAwIC41OTYtLjQwNy45ODQtLjM5Ny4zOS0xLjA1Ny4zODktLjY1IDAtMS4wNTYtLjM4OS0uMzk4LS4zODktLjM5OC0uOTg0IDAtLjU5Ny4zOTgtLjk4NS40MDYtLjM5NyAxLjA1Ni0uMzk3Ii8+PC9zdmc+");background-repeat:no-repeat;background-size:contain;padding-left:34px}@media (prefers-color-scheme: dark){body{background-color:#222;color:#d9d9d9}}</style><meta http-equiv="refresh" content="360"></head><body><div class="main-wrapper" role="main"><div class="main-content"><noscript><div class="h2"><span id="challenge-error-text">Enable JavaScript and cookies to continue</span></div></noscript></div></div><script>(function(){window._cf_chl_opt = {cvId: '3',cZone: 'reqres.in',cType: 'managed',cRay: '9c205e5d3c1d4b6d',cH: 'qRyF87QhLKWisUfFQe9bLZANkeN.lfRp4W1VKT30B2w-1769098720-1.2.1.1-kPK52ngNl28WTLAwXd.oeB85_vE0Z.W3vDFEDK.o2DmAfxrsxeRpnXs.fIDT4eGg',cUPMDTk:"\/api\/users?__cf_chl_tk=s1GczVopSpJLQgznfGCJmD34WoMVJ1odJxrI_Tv6P8g-1769098720-1.0.1.1-p3AraXoPhXNmk_iQf0w.k_Io0j5Xkf1ra2b3ZPXX5GM",cFPWv: 'b',cITimeS: '1769098720',cTplC:0,cTplV:5,cTplB: '0',fa:"\/api\/users?__cf_chl_f_tk=s1GczVopSpJLQgznfGCJmD34WoMVJ1odJxrI_Tv6P8g-1769098720-1.0.1.1-p3AraXoPhXNmk_iQf0w.k_Io0j5Xkf1ra2b3ZPXX5GM",md: 'd8pRLSrR40O27PS.UjO6YdfRAiVVYeJ78f5Q7WwUzO8-1769098720-1.2.1.1-xk_vkGSqjlDoEYT6xx5JhoMOyFoGm9MUgW0vg8Wb.qNY7iV_PvJ42sLxVF98_BRdXWtLc6vjhcSWsrM4b.kONiRWs_lYiHkT8d4fW1SnyWDVpb2OWiin95E5YdwmJzumInEDfapP82VycXcQs2CkBotP3wwdcdc9MINWJwrDIIIXqzLNBEJfgjaF4Hi6ufNqLSHaGp3eennGh8hd0HYE3dEedH11ycD1Emfg8iPOWsLRFZL4Lzvs2sPqi7SVMfYoSfDjWzArWTLvDrMc_CQeRuxowSNwWvheNfOZXHo92UfpJ6dsSAgDzc5ezVYAztUDhb6zb41qezBLVihb1jW6Jqlblk.DHkwsaNDEdjObiRpcveoepKW_MQ3jN_Ko7pAya1FwvPELj1K8npT0P84lpx94OBR.9GNgAmIUppaNXITb4QthHdc1dKBsU0Ib_6y0hDF2e.vNqnITEHu3mMn7TO67LOirkSLVGzrcZ6LmtyOajfa7mVxurP6Xzr0LBGwu8aaqKPnj4dNjKoTnsipt4WqO2krWXw6TFPGPKbc66Ce3fkgGweHP7mzgA0DSDxCxitPCvknpYn0KTRwpcrQpS7BYsCjuNvrtFRJrGEriZs36yQRHRkqhlae4ya8pnO30FPioNLYGtKmFLRVRTiNdNU3B35wdmZStJRMvAbYLyLciBYXjw8SGhEtXhQ9bj_iJv35Ywq5n5iLrqQ_VkiT2m8FjUhUPAXvLC.Okjf9ssX2kKaBgj6RDnPvCfCqK_nP1ph0goM.Y4BDWvl4kM4WvUvq4jT__bwZ8LX9Q6LBS5YHyrAUGtE9VeFmwfd6kfGQ7fVqi2KE1v9p_TNVSsjeYfbEpc9RSmLnEmkuLCYZQEsgddsm9hcAc2v_lmNaKhC4iMl5ohBa33rqJdfQxbkGSsK_zg9nPs9DH7ExVwc94gYVMMz5_nEZDevvIs45W6bUK',mdrd: '0H6MvlXtUfmabk8H46dIcSWpmZq4PGaqF0L3X_u90Ms-1769098720-1.2.1.1-sQVoFVLtK9tenXAjo5NE90fNNBA_BdW404layZdH.ZeW3tXrvdLvOnS89k9MwiD0LThEG5iioekQh9YRv5k8_gnpPiPEU9s0VJvyv_TFEgpwnITEJpISKKQmXbH9m2M4J0eqQOrq22DvNCwJ7lR_jBos0VKq5qqcITkDGCTEy7Rnhg4WGflNWB68NZJ46vNmGc6VOueBRe2X6X1.qPruJUIMr_nCBrju20SjShsMfakyIO0WYzjyljJFX.7rHWL1hIGsT_iaGhWdX0JpqHO8.kTNHL1E2gbPx3JlTFT5Kjwf6JV3iiVtoRDozneP9dM3FEew2ibTkF2TpwG3B2MiQMpk8MVtyZRhH8lyZUx.Aq2YAvknlWuJMGfd5WRFvoksnaAPBTITDwvrI2xOXkZqQxFwiaZDd9i2XHyqfpTHPR_PMwoqr8iOjCFTL6nU2BqX40FVybt.O.mtfKey5q2SfqMR6Rn9P_uM7oke.ZDzCBW2zE9dgz.tGM_wbnLJRD.L1DlJqH9GNOYsHDI2csHY.4yhDjqVooiD6hzRC0NtCmCu0IljQI2ubHe3eLlvaoCYOllE75A8yEnahshydfF.h.P4XxYnA4GWzdkKRK12HOqgs6Zp0UKzIaG.oM3hPabygGcMyIMqstk5a4jPHmP5W1p786Ghp4kXckiKhv80Jf_HybrVgR2APo7vfpkf4TURyQ9CgxVpHHShRo_5DhsHl_vKWkesM9aQ6p4RFMDKG9l8FGbGrtw95oxCvX9Qcu4rVszTbEQgb9Qe9lcd4VAKtP3OwNKT0EGGT6RgcIj2Qazp0Fgh0NBXNz1PPnYOeD1gQkp9wl_ECZBaFKmpddhww1LozzdT0lSyUQJ7f8gCNn_qxrUKpe634KlVPE2OOCoccPbtDT4UKjVbV742JWntDZU993K9g0a1BTpBlcyUmoX2wDwNGYJMnf2lcUgDNivug5lSkyUda1K56VS7Ss46Q80A482Y4YJYXw0WV4s6guaJ0YTIpJjpUL2yVL7MgTeBxnrh8OcTuuSmIiL9l.YfRhEifqlYEBTF3v0ZMQPIbOS1CFmISIrOWxhAzjiGAUZh.PfSa11KLo_QBNz412euy8lbT6bxXCdNkq90M9OvFKfIPZLRvqI0FKy23IzXnILqUMoNYYKtZKw2o2iJLC4DyAbD.hhmlBKJXCsl83MZLRLBgOBSKavkzN.pLeFTD_DbNTInJ0fgII_FcAmHoXckDRLuf.hhnk0wRx0qzcCHpXcJBYSQ2ajPfR2QNIH3g6GeV7v4cfWU4H3dYwDUtYqodvNoKAaKxHtDD2eAnak6BHVD0FakTONj4e3GQdneF45.zwW1Q6nhFJLfuU3h4oONxVTvKq_UoHgSuWPCU9YJ0w3pRbm_wtomDSta6rqqXUbO.rLZ.40Ooje.5qeTK0eeGg7x7eeGYoPhg8MHRELo.2YMSbPAyy3_3RbUwD6q1HdlbJ9GLRdXCvyOd4wITXOn9Hy4QhTMfQPUl5xixJhRLOfZ_4ILCs3u4V2KfIGTwGn2kZfz6AwCs1t7TC.qfxvoD2IP3d.9FUawH_fCqH9jMGqBOLlcKseGYyIpd4AE3OLG_mykVw2r6bTcjlvsxd36yX5lXYmjlujVGXACdjjv3leNv1..o.D5SEJpeyYPY1hXAlz19yQiCHAA6Y_pqNK5zKwWidgJq59G92cK_3qk4R3_RuX0bzH46Ku_S8JkGsxJfX7qPhbYG1.n53zRo.UzPFPY.HFSx0CKgWzejXM3b9Eks8yzbH4fRgiS7tXjSyuKDSdjQckM0EU4AkyYFJPxcJCyT2LgmZRVwrT3y0AWhPtRb4c4DZf6v96WGOeDNmwIay6dD7Odzr7qkhF.E73N7HwE8Gbwd_6s_yCbEoKoZQZ9L8wj5SbgC1XKCijSPCor7ax9apinIroSBxiYJUknISzYOl1OVTCfc6KjmVVhEtXkd3whPrkMX.xVvDLHFXz.Gov76Sxt3UqxvBosMv6yefCMTj2ZNbt0KGDw1bq_UTJjynI5jWW2AZb1FHjA8iIrVFm.SKPLBSLtV9aykAXXXbMqOADQrmhK7sxDaEOdbRRyYhW6Xd8L3.KFQphY93CBzTrBUnBzFGFbF28uR6gitymvXRC3wJqwkLPfwiTWNmr762CozaVSW4_NK85XHLt1Rfeq8EcwUMc5B5qwy4Zlmb31UfaTcltqjVvfPN0JhvAQ1A4LHs4nK87i6dzSokoBswPQ3ewWOTCl4Fw60dN2pJTp4bG9MrZkOa6mM7tuwFB3UmOnUnJ8OgsQ1zbt5juDUusAddadf6lVBmtYdGIBYeimJiIvloVtWJ._cqsUYy2m_sfyBNenv22rfsQ0NDIUal7Hvp9EQbTX6spOxpNFA9xoSqv7qvHVaGQ3V18yNAQk2ziWe3CKWprcRjao16JZ03snIqklVQIaO_kBT1tW3nUoL8v5TCvqgUKj7RaKKhuImkg06BHp2tVz2LiDsRo5V8ZwUa4hX7wCa.jp0JM_CCEzU_pizR3sYqhr_KOtKwk',};var a = document.createElement('script');a.src = '/cdn-cgi/challenge-platform/h/b/orchestrate/chl_page/v1?ray=9c205e5d3c1d4b6d';window._cf_chl_opt.cOgUHash = location.hash === '' && location.href.indexOf('#') !== -1 ? '#' : location.hash;window._cf_chl_opt.cOgUQuery = location.search === '' && location.href.slice(0, location.href.length - window._cf_chl_opt.cOgUHash.length).indexOf('?') !== -1 ? '?' : location.search;if (window.history && window.history.replaceState) {var ogU = location.pathname + window._cf_chl_opt.cOgUQuery + window._cf_chl_opt.cOgUHash;history.replaceState(null, null,"\/api\/users?__cf_chl_rt_tk=s1GczVopSpJLQgznfGCJmD34WoMVJ1odJxrI_Tv6P8g-1769098720-1.0.1.1-p3AraXoPhXNmk_iQf0w.k_Io0j5Xkf1ra2b3ZPXX5GM"+ window._cf_chl_opt.cOgUHash);a.onload = function() {history.replaceState(null, null, ogU);}}document.getElementsByTagName('head')[0].appendChild(a);}());</script></body></html>
Validating response fields. Status: 403
Response body: <!DOCTYPE html><html lang="en-US"><head><title>Just a moment...</title><meta http-equiv="Content-Type" content="text/html; charset=UTF-8"><meta http-equiv="X-UA-Compatible" content="IE=Edge"><meta name="robots" content="noindex,nofollow"><meta name="viewport" content="width=device-width,initial-scale=1"><style>*{box-sizing:border-box;margin:0;padding:0}html{line-height:1.15;-webkit-text-size-adjust:100%;color:#313131;font-family:system-ui,-apple-system,BlinkMacSystemFont,"Segoe UI",Roboto,"Helvetica Neue",Arial,"Noto Sans",sans-serif,"Apple Color Emoji","Segoe UI Emoji","Segoe UI Symbol","Noto Color Emoji"}body{display:flex;flex-direction:column;height:100vh;min-height:100vh}.main-content{margin:8rem auto;padding-left:1.5rem;max-width:60rem}@media (width <= 720px){.main-content{margin-top:4rem}}.h2{line-height:2.25rem;font-size:1.5rem;font-weight:500}@media (width <= 720px){.h2{line-height:1.5rem;font-size:1.25rem}}#challenge-error-text{background-image:url("data:image/svg+xml;base64,PHN2ZyB4bWxucz0iaHR0cDovL3d3dy53My5vcmcvMjAwMC9zdmciIHdpZHRoPSIzMiIgaGVpZ2h0PSIzMiIgZmlsbD0ibm9uZSI+PHBhdGggZmlsbD0iI0IyMEYwMyIgZD0iTTE2IDNhMTMgMTMgMCAxIDAgMTMgMTNBMTMuMDE1IDEzLjAxNSAwIDAgMCAxNiAzbTAgMjRhMTEgMTEgMCAxIDEgMTEtMTEgMTEuMDEgMTEuMDEgMCAwIDEtMTEgMTEiLz48cGF0aCBmaWxsPSIjQjIwRjAzIiBkPSJNMTcuMDM4IDE4LjYxNUgxNC44N0wxNC41NjMgOS41aDIuNzgzem0tMS4wODQgMS40MjdxLjY2IDAgMS4wNTcuMzg4LjQwNy4zODkuNDA3Ljk5NCAwIC41OTYtLjQwNy45ODQtLjM5Ny4zOS0xLjA1Ny4zODktLjY1IDAtMS4wNTYtLjM4OS0uMzk4LS4zODktLjM5OC0uOTg0IDAtLjU5Ny4zOTgtLjk4NS40MDYtLjM5NyAxLjA1Ni0uMzk3Ii8+PC9zdmc+");background-repeat:no-repeat;background-size:contain;padding-left:34px}@media (prefers-color-scheme: dark){body{background-color:#222;color:#d9d9d9}}</style><meta http-equiv="refresh" content="360"></head><body><div class="main-wrapper" role="main"><div class="main-content"><noscript><div class="h2"><span id="challenge-error-text">Enable JavaScript and cookies to continue</span></div></noscript></div></div><script>(function(){window._cf_chl_opt = {cvId: '3',cZone: 'reqres.in',cType: 'managed',cRay: '9c205e5d3c1d4b6d',cH: 'qRyF87QhLKWisUfFQe9bLZANkeN.lfRp4W1VKT30B2w-1769098720-1.2.1.1-kPK52ngNl28WTLAwXd.oeB85_vE0Z.W3vDFEDK.o2DmAfxrsxeRpnXs.fIDT4eGg',cUPMDTk:"\/api\/users?__cf_chl_tk=s1GczVopSpJLQgznfGCJmD34WoMVJ1odJxrI_Tv6P8g-1769098720-1.0.1.1-p3AraXoPhXNmk_iQf0w.k_Io0j5Xkf1ra2b3ZPXX5GM",cFPWv: 'b',cITimeS: '1769098720',cTplC:0,cTplV:5,cTplB: '0',fa:"\/api\/users?__cf_chl_f_tk=s1GczVopSpJLQgznfGCJmD34WoMVJ1odJxrI_Tv6P8g-1769098720-1.0.1.1-p3AraXoPhXNmk_iQf0w.k_Io0j5Xkf1ra2b3ZPXX5GM",md: 'd8pRLSrR40O27PS.UjO6YdfRAiVVYeJ78f5Q7WwUzO8-1769098720-1.2.1.1-xk_vkGSqjlDoEYT6xx5JhoMOyFoGm9MUgW0vg8Wb.qNY7iV_PvJ42sLxVF98_BRdXWtLc6vjhcSWsrM4b.kONiRWs_lYiHkT8d4fW1SnyWDVpb2OWiin95E5YdwmJzumInEDfapP82VycXcQs2CkBotP3wwdcdc9MINWJwrDIIIXqzLNBEJfgjaF4Hi6ufNqLSHaGp3eennGh8hd0HYE3dEedH11ycD1Emfg8iPOWsLRFZL4Lzvs2sPqi7SVMfYoSfDjWzArWTLvDrMc_CQeRuxowSNwWvheNfOZXHo92UfpJ6dsSAgDzc5ezVYAztUDhb6zb41qezBLVihb1jW6Jqlblk.DHkwsaNDEdjObiRpcveoepKW_MQ3jN_Ko7pAya1FwvPELj1K8npT0P84lpx94OBR.9GNgAmIUppaNXITb4QthHdc1dKBsU0Ib_6y0hDF2e.vNqnITEHu3mMn7TO67LOirkSLVGzrcZ6LmtyOajfa7mVxurP6Xzr0LBGwu8aaqKPnj4dNjKoTnsipt4WqO2krWXw6TFPGPKbc66Ce3fkgGweHP7mzgA0DSDxCxitPCvknpYn0KTRwpcrQpS7BYsCjuNvrtFRJrGEriZs36yQRHRkqhlae4ya8pnO30FPioNLYGtKmFLRVRTiNdNU3B35wdmZStJRMvAbYLyLciBYXjw8SGhEtXhQ9bj_iJv35Ywq5n5iLrqQ_VkiT2m8FjUhUPAXvLC.Okjf9ssX2kKaBgj6RDnPvCfCqK_nP1ph0goM.Y4BDWvl4kM4WvUvq4jT__bwZ8LX9Q6LBS5YHyrAUGtE9VeFmwfd6kfGQ7fVqi2KE1v9p_TNVSsjeYfbEpc9RSmLnEmkuLCYZQEsgddsm9hcAc2v_lmNaKhC4iMl5ohBa33rqJdfQxbkGSsK_zg9nPs9DH7ExVwc94gYVMMz5_nEZDevvIs45W6bUK',mdrd: '0H6MvlXtUfmabk8H46dIcSWpmZq4PGaqF0L3X_u90Ms-1769098720-1.2.1.1-sQVoFVLtK9tenXAjo5NE90fNNBA_BdW404layZdH.ZeW3tXrvdLvOnS89k9MwiD0LThEG5iioekQh9YRv5k8_gnpPiPEU9s0VJvyv_TFEgpwnITEJpISKKQmXbH9m2M4J0eqQOrq22DvNCwJ7lR_jBos0VKq5qqcITkDGCTEy7Rnhg4WGflNWB68NZJ46vNmGc6VOueBRe2X6X1.qPruJUIMr_nCBrju20SjShsMfakyIO0WYzjyljJFX.7rHWL1hIGsT_iaGhWdX0JpqHO8.kTNHL1E2gbPx3JlTFT5Kjwf6JV3iiVtoRDozneP9dM3FEew2ibTkF2TpwG3B2MiQMpk8MVtyZRhH8lyZUx.Aq2YAvknlWuJMGfd5WRFvoksnaAPBTITDwvrI2xOXkZqQxFwiaZDd9i2XHyqfpTHPR_PMwoqr8iOjCFTL6nU2BqX40FVybt.O.mtfKey5q2SfqMR6Rn9P_uM7oke.ZDzCBW2zE9dgz.tGM_wbnLJRD.L1DlJqH9GNOYsHDI2csHY.4yhDjqVooiD6hzRC0NtCmCu0IljQI2ubHe3eLlvaoCYOllE75A8yEnahshydfF.h.P4XxYnA4GWzdkKRK12HOqgs6Zp0UKzIaG.oM3hPabygGcMyIMqstk5a4jPHmP5W1p786Ghp4kXckiKhv80Jf_HybrVgR2APo7vfpkf4TURyQ9CgxVpHHShRo_5DhsHl_vKWkesM9aQ6p4RFMDKG9l8FGbGrtw95oxCvX9Qcu4rVszTbEQgb9Qe9lcd4VAKtP3OwNKT0EGGT6RgcIj2Qazp0Fgh0NBXNz1PPnYOeD1gQkp9wl_ECZBaFKmpddhww1LozzdT0lSyUQJ7f8gCNn_qxrUKpe634KlVPE2OOCoccPbtDT4UKjVbV742JWntDZU993K9g0a1BTpBlcyUmoX2wDwNGYJMnf2lcUgDNivug5lSkyUda1K56VS7Ss46Q80A482Y4YJYXw0WV4s6guaJ0YTIpJjpUL2yVL7MgTeBxnrh8OcTuuSmIiL9l.YfRhEifqlYEBTF3v0ZMQPIbOS1CFmISIrOWxhAzjiGAUZh.PfSa11KLo_QBNz412euy8lbT6bxXCdNkq90M9OvFKfIPZLRvqI0FKy23IzXnILqUMoNYYKtZKw2o2iJLC4DyAbD.hhmlBKJXCsl83MZLRLBgOBSKavkzN.pLeFTD_DbNTInJ0fgII_FcAmHoXckDRLuf.hhnk0wRx0qzcCHpXcJBYSQ2ajPfR2QNIH3g6GeV7v4cfWU4H3dYwDUtYqodvNoKAaKxHtDD2eAnak6BHVD0FakTONj4e3GQdneF45.zwW1Q6nhFJLfuU3h4oONxVTvKq_UoHgSuWPCU9YJ0w3pRbm_wtomDSta6rqqXUbO.rLZ.40Ooje.5qeTK0eeGg7x7eeGYoPhg8MHRELo.2YMSbPAyy3_3RbUwD6q1HdlbJ9GLRdXCvyOd4wITXOn9Hy4QhTMfQPUl5xixJhRLOfZ_4ILCs3u4V2KfIGTwGn2kZfz6AwCs1t7TC.qfxvoD2IP3d.9FUawH_fCqH9jMGqBOLlcKseGYyIpd4AE3OLG_mykVw2r6bTcjlvsxd36yX5lXYmjlujVGXACdjjv3leNv1..o.D5SEJpeyYPY1hXAlz19yQiCHAA6Y_pqNK5zKwWidgJq59G92cK_3qk4R3_RuX0bzH46Ku_S8JkGsxJfX7qPhbYG1.n53zRo.UzPFPY.HFSx0CKgWzejXM3b9Eks8yzbH4fRgiS7tXjSyuKDSdjQckM0EU4AkyYFJPxcJCyT2LgmZRVwrT3y0AWhPtRb4c4DZf6v96WGOeDNmwIay6dD7Odzr7qkhF.E73N7HwE8Gbwd_6s_yCbEoKoZQZ9L8wj5SbgC1XKCijSPCor7ax9apinIroSBxiYJUknISzYOl1OVTCfc6KjmVVhEtXkd3whPrkMX.xVvDLHFXz.Gov76Sxt3UqxvBosMv6yefCMTj2ZNbt0KGDw1bq_UTJjynI5jWW2AZb1FHjA8iIrVFm.SKPLBSLtV9aykAXXXbMqOADQrmhK7sxDaEOdbRRyYhW6Xd8L3.KFQphY93CBzTrBUnBzFGFbF28uR6gitymvXRC3wJqwkLPfwiTWNmr762CozaVSW4_NK85XHLt1Rfeq8EcwUMc5B5qwy4Zlmb31UfaTcltqjVvfPN0JhvAQ1A4LHs4nK87i6dzSokoBswPQ3ewWOTCl4Fw60dN2pJTp4bG9MrZkOa6mM7tuwFB3UmOnUnJ8OgsQ1zbt5juDUusAddadf6lVBmtYdGIBYeimJiIvloVtWJ._cqsUYy2m_sfyBNenv22rfsQ0NDIUal7Hvp9EQbTX6spOxpNFA9xoSqv7qvHVaGQ3V18yNAQk2ziWe3CKWprcRjao16JZ03snIqklVQIaO_kBT1tW3nUoL8v5TCvqgUKj7RaKKhuImkg06BHp2tVz2LiDsRo5V8ZwUa4hX7wCa.jp0JM_CCEzU_pizR3sYqhr_KOtKwk',};var a = document.createElement('script');a.src = '/cdn-cgi/challenge-platform/h/b/orchestrate/chl_page/v1?ray=9c205e5d3c1d4b6d';window._cf_chl_opt.cOgUHash = location.hash === '' && location.href.indexOf('#') !== -1 ? '#' : location.hash;window._cf_chl_opt.cOgUQuery = location.search === '' && location.href.slice(0, location.href.length - window._cf_chl_opt.cOgUHash.length).indexOf('?') !== -1 ? '?' : location.search;if (window.history && window.history.replaceState) {var ogU = location.pathname + window._cf_chl_opt.cOgUQuery + window._cf_chl_opt.cOgUHash;history.replaceState(null, null,"\/api\/users?__cf_chl_rt_tk=s1GczVopSpJLQgznfGCJmD34WoMVJ1odJxrI_Tv6P8g-1769098720-1.0.1.1-p3AraXoPhXNmk_iQf0w.k_Io0j5Xkf1ra2b3ZPXX5GM"+ window._cf_chl_opt.cOgUHash);a.onload = function() {history.replaceState(null, null, ogU);}}document.getElementsByTagName('head')[0].appendChild(a);}());</script></body></html>

  @API @skip @CloudflareBlocked
  Scenario Outline: CREATE a user                   &amp#27;[90m# src/test/java/API-Test.feature:33&amp#27;[0m
    &amp#27;[32mGiven &amp#27;[0m&amp#27;[32mI create a user with following &amp#27;[0m&amp#27;[32m&amp#27;[1mLiza&amp#27;[0m&amp#27;[32m &amp#27;[0m&amp#27;[32m&amp#27;[1mSales&amp#27;[0m &amp#27;[90m# StepDefinition.iCreateUserWithFollowing(String,String)&amp#27;[0m
    &amp#27;[31mThen &amp#27;[0m&amp#27;[31mresponse should contain the following data&amp#27;[0m &amp#27;[90m# StepDefinition.iReceiveErrorCodeInResponse(DataTable)&amp#27;[0m
      &amp#27;[31mjava.lang.AssertionError: Expected success response but got 403
      	at org.testng.Assert.fail(Assert.java:111)
      	at mission.StepDefinition.iReceiveErrorCodeInResponse(StepDefinition.java:213)
      	at ✽.Then response should contain the following data(src/test/java/API-Test.feature:27)
      &amp#27;[0m
Login - Status: 403
Login - Body: <!DOCTYPE html><html lang="en-US"><head><title>Just a moment...</title><meta http-equiv="Content-Type" content="text/html; charset=UTF-8"><meta http-equiv="X-UA-Compatible" content="IE=Edge"><meta name="robots" content="noindex,nofollow"><meta name="viewport" content="width=device-width,initial-scale=1"><style>*{box-sizing:border-box;margin:0;padding:0}html{line-height:1.15;-webkit-text-size-adjust:100%;color:#313131;font-family:system-ui,-apple-system,BlinkMacSystemFont,"Segoe UI",Roboto,"Helvetica Neue",Arial,"Noto Sans",sans-serif,"Apple Color Emoji","Segoe UI Emoji","Segoe UI Symbol","Noto Color Emoji"}body{display:flex;flex-direction:column;height:100vh;min-height:100vh}.main-content{margin:8rem auto;padding-left:1.5rem;max-width:60rem}@media (width <= 720px){.main-content{margin-top:4rem}}.h2{line-height:2.25rem;font-size:1.5rem;font-weight:500}@media (width <= 720px){.h2{line-height:1.5rem;font-size:1.25rem}}#challenge-error-text{background-image:url("data:image/svg+xml;base64,PHN2ZyB4bWxucz0iaHR0cDovL3d3dy53My5vcmcvMjAwMC9zdmciIHdpZHRoPSIzMiIgaGVpZ2h0PSIzMiIgZmlsbD0ibm9uZSI+PHBhdGggZmlsbD0iI0IyMEYwMyIgZD0iTTE2IDNhMTMgMTMgMCAxIDAgMTMgMTNBMTMuMDE1IDEzLjAxNSAwIDAgMCAxNiAzbTAgMjRhMTEgMTEgMCAxIDEgMTEtMTEgMTEuMDEgMTEuMDEgMCAwIDEtMTEgMTEiLz48cGF0aCBmaWxsPSIjQjIwRjAzIiBkPSJNMTcuMDM4IDE4LjYxNUgxNC44N0wxNC41NjMgOS41aDIuNzgzem0tMS4wODQgMS40MjdxLjY2IDAgMS4wNTcuMzg4LjQwNy4zODkuNDA3Ljk5NCAwIC41OTYtLjQwNy45ODQtLjM5Ny4zOS0xLjA1Ny4zODktLjY1IDAtMS4wNTYtLjM4OS0uMzk4LS4zODktLjM5OC0uOTg0IDAtLjU5Ny4zOTgtLjk4NS40MDYtLjM5NyAxLjA1Ni0uMzk3Ii8+PC9zdmc+");background-repeat:no-repeat;background-size:contain;padding-left:34px}@media (prefers-color-scheme: dark){body{background-color:#222;color:#d9d9d9}}</style><meta http-equiv="refresh" content="360"></head><body><div class="main-wrapper" role="main"><div class="main-content"><noscript><div class="h2"><span id="challenge-error-text">Enable JavaScript and cookies to continue</span></div></noscript></div></div><script>(function(){window._cf_chl_opt = {cvId: '3',cZone: 'reqres.in',cType: 'managed',cRay: '9c205e5e182aa5d8',cH: 'DodhHpAbRh6PGIaHYE5ZW4ny3A6yaEuxmVYW3mDaDlo-1769098721-1.2.1.1-5BlNWoCOAAoQIulqyVs2La5YI2Isfrk_iboKWMxUO73IaeZEYGqpn.3TEtiloR2F',cUPMDTk:"\/api\/login?__cf_chl_tk=TpANnf_4I1VjQp7dmE0kNr3sWpFq99sD.PX5f8Yrre0-1769098721-1.0.1.1-F8IMFgKsu9ibeTejSPxhday9Fcv2wIxjQIzJ7BFq0GY",cFPWv: 'b',cITimeS: '1769098721',cTplC:0,cTplV:5,cTplB: '0',fa:"\/api\/login?__cf_chl_f_tk=TpANnf_4I1VjQp7dmE0kNr3sWpFq99sD.PX5f8Yrre0-1769098721-1.0.1.1-F8IMFgKsu9ibeTejSPxhday9Fcv2wIxjQIzJ7BFq0GY",md: '8y7vYKM92jcNJJda5D0XFAkcT8dDsQIqmNTFvY6iHQw-1769098721-1.2.1.1-ZSrkTMENNWav.6H.HuGZzboKkGzEIBUnMzrLhfYeEXOqbs6bEEv8PMsK85ymo.SUfQSAesxUrXoivDzBR0LE8jWPlI8W97K1J8UL2EJ3soWvFXYuP2hM9swWPiCCpnjGAjSeXuzST4WtjLdiz7usPaNiICy.kr.WYDvznUb7ouNquDTY0xQR
[...]
goe UI Symbol","Noto Color Emoji"}body{display:flex;flex-direction:column;height:100vh;min-height:100vh}.main-content{margin:8rem auto;padding-left:1.5rem;max-width:60rem}@media (width <= 720px){.main-content{margin-top:4rem}}.h2{line-height:2.25rem;font-size:1.5rem;font-weight:500}@media (width <= 720px){.h2{line-height:1.5rem;font-size:1.25rem}}#challenge-error-text{background-image:url("data:image/svg+xml;base64,PHN2ZyB4bWxucz0iaHR0cDovL3d3dy53My5vcmcvMjAwMC9zdmciIHdpZHRoPSIzMiIgaGVpZ2h0PSIzMiIgZmlsbD0ibm9uZSI+PHBhdGggZmlsbD0iI0IyMEYwMyIgZD0iTTE2IDNhMTMgMTMgMCAxIDAgMTMgMTNBMTMuMDE1IDEzLjAxNSAwIDAgMCAxNiAzbTAgMjRhMTEgMTEgMCAxIDEgMTEtMTEgMTEuMDEgMTEuMDEgMCAwIDEtMTEgMTEiLz48cGF0aCBmaWxsPSIjQjIwRjAzIiBkPSJNMTcuMDM4IDE4LjYxNUgxNC44N0wxNC41NjMgOS41aDIuNzgzem0tMS4wODQgMS40MjdxLjY2IDAgMS4wNTcuMzg4LjQwNy4zODkuNDA3Ljk5NCAwIC41OTYtLjQwNy45ODQtLjM5Ny4zOS0xLjA1Ny4zODktLjY1IDAtMS4wNTYtLjM4OS0uMzk4LS4zODktLjM5OC0uOTg0IDAtLjU5Ny4zOTgtLjk4NS40MDYtLjM5NyAxLjA1Ni0uMzk3Ii8+PC9zdmc+");background-repeat:no-repeat;background-size:contain;padding-left:34px}@media (prefers-color-scheme: dark){body{background-color:#222;color:#d9d9d9}}</style><meta http-equiv="refresh" content="360"></head><body><div class="main-wrapper" role="main"><div class="main-content"><noscript><div class="h2"><span id="challenge-error-text">Enable JavaScript and cookies to continue</span></div></noscript></div></div><script>(function(){window._cf_chl_opt = {cvId: '3',cZone: 'reqres.in',cType: 'managed',cRay: '9c205e5f28165542',cH: 'bZl9Jx114plHfRoHONDSsVTqiEgDKXSdF6WRp9Bq2Gk-1769098721-1.2.1.1-kEG9pPQO_6swzVCQL53EiaVOBfHpdOawhkq6LqNZOl.rvAn8OcpxHp0HT02KlUq2',cUPMDTk:"\/api\/login?__cf_chl_tk=qv09jTwuWuixqIIPJ1ZSbjGBlUGuav.Wk6Zq9m_RtFQ-1769098721-1.0.1.1-nVrVFSx3YLZeVldo4N.RRftroR.uMqJCwNkQOmuW0as",cFPWv: 'b',cITimeS: '1769098721',cTplC:0,cTplV:5,cTplB: '0',fa:"\/api\/login?__cf_chl_f_tk=qv09jTwuWuixqIIPJ1ZSbjGBlUGuav.Wk6Zq9m_RtFQ-1769098721-1.0.1.1-nVrVFSx3YLZeVldo4N.RRftroR.uMqJCwNkQOmuW0as",md: 'v4E8W7B6.H_gC7y6Csn555_LFQPNYVE4XKMWfGUVLJA-1769098721-1.2.1.1-eYPkvKM.e8A75gqj8vLx4.6MOIVWvtL5AE8eCQkBPevblHI5C72IC.AfV_bQWEoSsrtOSMv74K3DjY6sc3Qsztrin0cU4iZWPpR0k8HxB1sSWl0Wbg0TAUqkSmpVen1VmmBw6t5KjyXPNNKi0iyBcZcuUiTmo.JQMN5JGtagDK7POt6wFjdhcsoFFrM5DVGd0TqUcdjOlClYl10ks0ImcbbXF5yxYS_CJT5EMQ5tgJkOqRSHkSoqXMFc7evUQ6PTr7L.QZRhJJSVg8N4kHqmc0DZwEUTnAN9alYigbp8rOjRXqz5Vc1lhnS3v.EBO0.OIiM6OFDD4ddxUBFAX5Op7lbVRysZID.LGSu6V5aQSGg8uwycF70lpE9CHpe30BtJEBC58v7qSpKGn7nVX9HaaI_wFNUoQCoodZSHEH.dcY38IsYuFlw7OBO9J94cO5CJJka2KrPKn_ssUYEohJze0x.PvHfvSqGUheJK7OYcglQFbw7.0RyP4FOa2xmM10expkuPLcPAeZJEd8XUsouTyg9VFmbrDoyKCFH26VIyew0CDNxovS1H4ODFhbVilOlKZtUWdq.RLCRKKXqQwK8AcfEhZ2AfpxLM_uhBiimF5V0nP8qaPQMGalQrjUDRnmfAH_wjuCawK.yCA7Qa6Zj3Z7QVOs6k2P2Otjxp_egPRvMUVINdFTFO.Q6Ahkzyleld6xy0izgjxFI2LTsFoS.BLVDggXfzHAi.ebDtEHpRW3GR46heR39gYeeVBUjy6dcN5_bEFn9hiflSS1iTO_ezvkQ54Qwzf4eBZDFEbE3IJwQSv9w7qB.v7995lvAlWumZgBlsMjTkTgxaQ2S5suDQVctsX7BNdKCcQ_biTi69QKZ9ayM09wIygn7nm.TVXRnU46t_1Q1ZVx5LZ2PmOIk.DLlCuhNzqu5ztjBa3U0wDTGOc2csIrPK_ME8dj9MdE25',mdrd: 'm76NgqD6fDZY45satyGOdSPy0NaS.OB_eJ8bIsxpS1k-1769098721-1.2.1.1-tIzz5Fwrh.p4foU7MB.G1LLgbK0IWR7i93ljTFv4Bp14q2U3n9lOKmql.vsaPDeFe3ZbGtz63UHzB3Tc62yodUA4XrKo8Jm_M2vZDL9k1gHf5_iwf2SxHEWyxzjbEKHOh1EzHMJEYbRN_78TTyCTcsdv6tna.61qopa9nYszOX6kCRl7hToBgmr7bcl5FB2CbAqu__9n0SefxN3fWiIX_seQtgsfzqnS2KSPYp.k6Zd7JHVb2MLTnUQLoJaavZ5ZGtMk.agONzB4gXJEvP5bvQNEi2mDC3X3J7ucEXv04OLuLgsX90.Z9WViXa5y4rmuTuj3GZZ7jYq8jleGDthbmk7Fm7QN7swCXU0q5pXdDTt3aQAInZngZutc63XNa9S7.yE7l17Y7ijwCaHbxJxTqqV.odVmR9juigC1D6K.7c7s7PI8QEmL9ZzT9cRqYW.CkYJGcFl.xUfVqHjY_xEG12z.5WWLNhvHOZrVXxJ0CFCD_.oX9Piiuv1a6tiJz5nl5c2eLrW92MGubNsQAj79Jo9fmFdXKP8NNryZeSM5OTTNl0QD48vdOF.XSX1LHoFZUAwRFtdjQj1A5HWGfcnre6dwl_9Rhs4RS9occKWOulWsCU1_cJnlIgDIXvYLjpw7fVtQQ5j8bGz0etwu3oiXkpMX7uwlvNj.6ZHXhFZw3NoT9z4wiLoI0BrjwxDsYaq7p8k8_wcCHKHlYICQhZ0WZJSW2U.gabraIAe3qB2.OXJumU5fCHXtSiTOuDrtI2u2RRzrHe_uWrBbLfAwfsPKpcCYFBUJkiPfOOU1SoR4mVUHLMZaMKPauhmlZ1p6Dl7j5oz33fpCaHr1zx9.zLHqUK9Wc5WuN6XZXz4gAX2qB9PFmU5eeyafKNfQZBM2eih4qO4KDYcwPaHDjwrte1wGMPMN2NU4yuDjiadq9seFhsZvvijs3IdfVvKW91Q_n2KP97HoOOsEKa8tu.iwqFIm_MnBn8Jqib2pOUDje7mqqvt0Zk4_mD7x_xpGyX6iivxxmyQcyaO87SlPJ4s281oHQeGsdF0YxDNXhIylAGXBRUI6O51vTV5CFekTpJRy52W.TVWiDkMZ7H4cqx7YC7VUbM0hklWy8o9Z9wDCD4S18MbS5prWF94GJ_BXcOtJIukS4Qofojpkwlswiuw3hnFY3q1pWlqRgFVnAe7iztTX3.uvCYriF9XFuDNA3h_ejzCer7lmGpLCbCA_PyBFLjMkprF__8lgVrc5bR908RRoMeo1HMVdmXJlAVI_FM8gT_38BS4bmmHxqo16AscG1IyaK1bZ.DOYTyR21URBx38eF5zBiPywRG4b5jt0rLx05AvzkuYhQGfE9u_gyMSZBXD0C9_9vjicqDQEGGUj_NLq5ZySnI7kXm.HY2ew9EkjQ2aDDGsxSb3H_ifkPTs27I2V1KF3Iz0Y.FhN.TrTFmHnJt2xrMoztWzXvenFHJMhxVMeo1Wf9JihNsTR2MuDPy7GN_clqjjFh0_PHaAgRz_iwxe3C5Kz5sV0NO2nciUCJBigF.NK_KonimJavRpS437iMtDFFfyzXtl2plcgxSPDWX1BPzIRzeX3IP_WwuyWDt.5q8wMLQjS.jSahbXd8DzQWvPLoVufmdgjlpgfO8ea5UiHHynvKKK3LE3uZSLA3LWk65s7EFFSY_Y7ISAp9CQMM2WSJA1q_Id9iJLQ3sovYlj1hG76PEToLtYSYLOqe1mjNYGR5BF5kN9EREJs5GMnJD3EufD6O.JUEcP8eyt5PtF_z4eLmvbGCN70rS5TwNvWJBWNowBEybjGwjv356W4LpZcSSYXdrpH0330qaYhgCxFI.kT5Mwt8EWYRgF6WcN0jQJvUCkolnVg1dPYBnom8jG3ti_Y53KtazxKlpHSiGA2Jw8v_fgjy9wRgetiiN_wl2NcCJZoRJacxzslRPdEJiBywNjMb94xGha_M028LU1dISd4ydNvybpqc4WbtP8w_HZeLJ9nbGJhuEUSqlYHTETCJV9XNZ6om4LT5eqTv74.2ppbISlIQ3ggx.bEX2C6s6SjYBSm4aGB_0b0AticwfyjmikO8UXLzEuES7e9eCZdE6YeTMSUoSmMlP.pW5lsoNvMAUSGISoOWlFekApovUTNS5vVr0Cf3RChG5Lmixlv1vrynMVWhV4xjkV2okbb.fqE2pgmpgaPxYvogKsfR1MR5Ca.kC2E75aVuVjTk9Czd4APCSW3Jp9xgk1UUTzPqea9CmzJAHZVucmkw4LCdjatgNqZFX78kD0W.DzaIM1xk8eHMjasM7dmGF8uRLZzRW7__dUXU9KotOjeJbPBkNk4snCQKOgkX4nNEsgkMtL7irttSalRhU9JnpQ94zvV.RP_o_Ilh9wkBARTdUgfiHIRPWJ4hrL8cjeZaH7yW.tZGEzTyMsQZrUckAFf2cpk6FmeKTWQxWwxdBqii_9BdeOPRkvqydh4TpRi8DzG7Meng6NH5U.qsGen3fZKPVBJpJ0T2E6ZVjE17DiaIPVtwA',};var a = document.createElement('script');a.src = '/cdn-cgi/challenge-platform/h/b/orchestrate/chl_page/v1?ray=9c205e5f28165542';window._cf_chl_opt.cOgUHash = location.hash === '' && location.href.indexOf('#') !== -1 ? '#' : location.hash;window._cf_chl_opt.cOgUQuery = location.search === '' && location.href.slice(0, location.href.length - window._cf_chl_opt.cOgUHash.length).indexOf('?') !== -1 ? '?' : location.search;if (window.history && window.history.replaceState) {var ogU = location.pathname + window._cf_chl_opt.cOgUQuery + window._cf_chl_opt.cOgUHash;history.replaceState(null, null,"\/api\/login?__cf_chl_rt_tk=qv09jTwuWuixqIIPJ1ZSbjGBlUGuav.Wk6Zq9m_RtFQ-1769098721-1.0.1.1-nVrVFSx3YLZeVldo4N.RRftroR.uMqJCwNkQOmuW0as"+ window._cf_chl_opt.cOgUHash);a.onload = function() {history.replaceState(null, null, ogU);}}document.getElementsByTagName('head')[0].appendChild(a);}());</script></body></html> expected [true] but found [false]
      	at org.testng.Assert.fail(Assert.java:111)
      	at org.testng.Assert.failNotEquals(Assert.java:1578)
      	at org.testng.Assert.assertTrue(Assert.java:57)
      	at mission.StepDefinition.iShouldSeeTheFollowingResponseMessage(StepDefinition.java:320)
      	at ✽.And I should see the following response message:(src/test/java/API-Test.feature:48)
      &amp#27;[0m
Delayed response - Status: 403
Delayed response - Body: <!DOCTYPE html><html lang="en-US"><head><title>Just a moment...</title><meta http-equiv="Content-Type" content="text/html; charset=UTF-8"><meta http-equiv="X-UA-Compatible" content="IE=Edge"><meta name="robots" content="noindex,nofollow"><meta name="viewport" content="width=device-width,initial-scale=1"><style>*{box-sizing:border-box;margin:0;padding:0}html{line-height:1.15;-webkit-text-size-adjust:100%;color:#313131;font-family:system-ui,-apple-system,BlinkMacSystemFont,"Segoe UI",Roboto,"Helvetica Neue",Arial,"Noto Sans",sans-serif,"Apple Color Emoji","Segoe UI Emoji","Segoe UI Symbol","Noto Color Emoji"}body{display:flex;flex-direction:column;height:100vh;min-height:100vh}.main-content{margin:8rem auto;padding-left:1.5rem;max-width:60rem}@media (width <= 720px){.main-content{margin-top:4rem}}.h2{line-height:2.25rem;font-size:1.5rem;font-weight:500}@media (width <= 720px){.h2{line-height:1.5rem;font-size:1.25rem}}#challenge-error-text{background-image:url("data:image/svg+xml;base64,PHN2ZyB4bWxucz0iaHR0cDovL3d3dy53My5vcmcvMjAwMC9zdmciIHdpZHRoPSIzMiIgaGVpZ2h0PSIzMiIgZmlsbD0ibm9uZSI+PHBhdGggZmlsbD0iI0IyMEYwMyIgZD0iTTE2IDNhMTMgMTMgMCAxIDAgMTMgMTNBMTMuMDE1IDEzLjAxNSAwIDAgMCAxNiAzbTAgMjRhMTEgMTEgMCAxIDEgMTEtMTEgMTEuMDEgMTEuMDEgMCAwIDEtMTEgMTEiLz48cGF0aCBmaWxsPSIjQjIwRjAzIiBkPSJNMTcuMDM4IDE4LjYxNUgxNC44N0wxNC41NjMgOS41aDIuNzgzem0tMS4wODQgMS40MjdxLjY2IDAgMS4wNTcuMzg4LjQwNy4zODkuNDA3Ljk5NCAwIC41OTYtLjQwNy45ODQtLjM5Ny4zOS0xLjA1Ny4zODktLjY1IDAtMS4wNTYtLjM4OS0uMzk4LS4zODktLjM5OC0uOTg0IDAtLjU5Ny4zOTgtLjk4NS40MDYtLjM5NyAxLjA1Ni0uMzk3Ii8+PC9zdmc+");background-repeat:no-repeat;background-size:contain;padding-left:34px}@media (prefers-color-scheme: dark){body{background-color:#222;color:#d9d9d9}}</style><meta http-equiv="refresh" content="360"></head><body><div class="main-wrapper" role="main"><div class="main-content"><noscript><div class="h2"><span id="challenge-error-text">Enable JavaScript and cookies to continue</span></div></noscript></div></div><script>(function(){window._cf_chl_opt = {cvId: '3',cZone: 'reqres.in',cType: 'managed',cRay: '9c205e602a46fe07',cH: 'suHxAPkyCUfDKPLr3IPS4QLhWoGWm0LM_DHK9SqLUW4-1769098721-1.2.1.1-PGCNQTbPwalDBd6mO.BDDWR0CgKaZw4tXmG3nfaDYk1zrvfyINFt9TeYHoqHL4IW',cUPMDTk:"\/api\/users?delay=3&__cf_chl_tk=OaXeMh8QYs7lFlSs8gpgWQtTJup.awYwzeBpKQ9YV3k-1769098721-1.0.1.1-bbDYuQ8wgcdPVgxgf6SHWhXMl8sSxxGJ17U5hCCG_UM",cFPWv: 'b',cITimeS: '1769098721',cTplC:0,cTplV:5,cTplB: '0',fa:"\/api\/users?delay=3&__cf_chl_f_tk=OaXeMh8QYs7lFlSs8gpgWQtTJup.awYwzeBpKQ9YV3k-1769098721-1.0.1.1-bbDYuQ8wgcdPVgxgf6SHWhXMl8sSxxGJ17U5hCCG_UM",md: 'Ve4yZqCZcjIR_biJeC_0SYI0G9dacAhPj5TcfUpVQiE-1769098721-1.2.1.1-2rnM2dJ3ChHKC1tTFOW31x52qGmkWXQvzH3UY9bIiFYOcjkNQlodQlivoaLRL43r9yR7K6Vebi545i5vHZYrD38EnkQSn7lD2AQrzGvaHlQfbVHGKlFUpe5lLtvWVuqUIrIMUvo6T8aYhtZJ3nWXzOxT.Lc8RJPOZWd5ag0zNVS6fOnZ7Q6eqYSnm7fFiJUL55DkJi9ISScG8oRlL78IrnYmYnljcuFCaQ_mS3juVJnYabS.oF2cX9mD22C0htDQh6BXF.DJ5o9.ObowXhObIO50.X41kHlTP5nLcHt6lkkZusJOyhJBSKmQyR.1TQMsUp1ODc2oo_uilBkNmorz63wMhL3.uMp45.ynTj_FIzPVy9akry_c7S6Xj4kxPZEBcY3G7vvSv1dEu27xQY8K6qrwm..9lK3dXcz2oThb1Gzg9nvjFj5gGl9AOTFAJfYvtwV44e16T4K91P21YadKdt8LKCy2l9oAAX07F8IDq5TYJP9mbM1piVuqkCCj19rG8TRQairp28vBQ80YnL33kEqX7p_dN5nBDDgfqxftswyhr70Uin2mD.9f9Wugfzia2uEgtK2EYLSKf584xXMtV79cX6oyj0rujdxH1c4fFq0PSqHVfkxPQFuBS7i1uhn.dBMOrhWZQCQ5PL9FaDDFesKrvAYyAmW7yNs.mnKhBjiMyfVTVkpNFr1zGfYRaeZIF2YcL.LLXSJ34bAzzIPG4dME4aAOJ5BjK4t_rdkRL_lKm3jtWVbfsduWgfdmlodZxzxGg600McRlHNnxG96AY2_keklWQko2O5iDNYh4.LzLflnzEOT4QmPrGDm2W7j3cUlm6Fw3.cIURsvZ79_u69gojcqurSDfV76UbitoazpZKh4RgRV.hRhZknbkQayMCDWBXsmHhdo262wsdD4O2ZvffFjckA_LTWSijLSs.DN8Dz1hlpv7SUprvcFIHg7u',mdrd: 'gqUVzqL1dZi902Y4A2fpKrYdMhFThim9i4BuClqy1FY-1769098721-1.2.1.1-n1Echo4gVQlfpJn_rXZY_N0sFNS_yH.VeGt3sx1woG7NAZGDJxVTfJcM8L7SdLB6REoULwjZJbmVJo9cW0Jh1CQLVDZqn.5GrH5rZrwVNaCdQ1nzjC1BOWmshAQsQfe4kh4n8GLqIbeXEIuPqsQdx3QGHwW1DxniIoPPIyRdZdVoi5dvMVPLSF0Hhk7KCcC_38Gkjw_alpNtuAsdr8WUzj.YNmIVFbZBw3tjFsV_KUEWAtkG9HQ3MtQ16HdvTkqCqwXe15Ha7XrDETSA7MsaqRVpZDmDavrxOwQUipCb9rDc_fecN1WNOPDfgyvx94wVyfROr3427ejsBKe.U02b3D_hckX5ZBqqA_IYAiEp85K2FMrdue_iMFdDiBDFt3nnxk76f7KFCsEfDgkPoWgWHrKbdvvbzww3E6_6.ljrUKufNqlyN0k9OgcjQ_J9GlhL3Thcg2TAXt_mAwXiJLhxOkFJfNV84yYCP5B9wgQpbhr_9fCHQ_c7yU_Tvgy44ya0wDklXxJqkvo9TGwO3KkoBu.fx4jhYLDzGnlWSLuo6gWAFrhQ6n55uOmS935xWSeDO9NYMkGHLcq6AA6BqlHQq2jS.kZ6qNHI2V_PI2ktj8qPkk7Tol6FhNoN5t1Oaz7ADM2tLsgqeN_aKF66kGjvaAHGRv8AIMyYZV5lW7Dpqi2BAm_QgWB6_ybsojINV6UY8O.TT9bd2FKUNJVKK0pu1qW0gbx.XyKKg_wxHWXhgWQXNnp3QQMNTMn17zJKBP6yaJzgN_6GlhqYQV8UL1sxW1I1CwVEPVNiyQGRqP2VHB2zOMHMR70_qHSn1jbOfNKPBLc42GhOm02pQUo2TREEyqqPVtmPisXAUgMUNaF5yuMtwT8T9f2u3hqdrCYt2b2nzfAXcOah7glo0S.znbH8jkpRJ7XYzyQNg44EicRSX20kM7hwAdrCL1JQQ8XVxIjvxB9xJz3pclh99gLUQYPgdh7cYy4wKG4tSZv25b80x.iECkvrLyBYBlQzdd38ZX2YQyXUEG3qpmYFmNxxywCsNPOKPdypTj.HJ359THaOrYmAA.qX4YyHrbSu0oT6NnoBvr1GNmH2SSasrqbTvjeuBbhOmJBg3ENse1SmTDgK59bWXK8Q3pXIWz7BzmYqsFHWQYhLYKg.OuCwwqZeQWRW.kDsXmneab2DNOplzR7iOdGMZscumV1Axaslw1JdUYSLe1IUUwoboTLsFg5K.WXBRu_11.jV239CEJqcVt9z2Hc5dkEmqqmESqKoKyb_Wj8joo0mpYrqsVtm05wJ0hFoFCkd5XgZmgBLL_HDMFJQJtN4tUxYanjvM2FGPJLDdYbvYbtL.OGfCvbahV0OtBUSS1C6xRaXeeKuFZdoSOcEhIPeanIXk5euN5J4Vhi9EdUAtFjQzafVEOkLtG9RhCDftwpYgPBzU6zEWeupdXrCOng6epLI7dlWhHlUazj7taD3YJAahB_A92AotQFZ.s92fGZpuOCrDmBTZF3AD2R7g.YqXPiPq1BGmIFkD6xbkhHgKuwoyQlHcXb5dgOyMXwebkECKIhnjE95DPYY20aGtB_.Qw8qFZUKP_cPrdgVg6Ptnh36wIO2OGB7ZNow3Oq3KaZLcUUt8IeDIVen4prVThlKpWBywCG0T44N.Kitjzy3oew3zBfSg3l6_XGxUJe.pfUZ1p2mHzck7g6lrfv35le2kDwLzPIdc47XUQeY8w1_ddEkrsO_eI_jPyyrpF.5qzQogC3w9Hvpm2DX.EwyvMUVYcLiBc58ITMmmrvZNolORuUBVvA3lbfSxjW8AGdTkH4u3sMZmn4LQZHLL4_04mOXQ0AUVlJn5W_fCTgWuP3maLmeNyemzayWwvMIr4dfxsMI1fF.h9TQcMS4HHHMW4nLjUpSZ2pfOBEZYCvB2G_Il7iXQpAFXcTmyRrWST2C32ukXZJXjM5gvoE.bxGau35KXh4EUwwVJusqqfHxcdXcEdUcb6eVNyO3h2VYJ1PKU1xYAzkxkvmvoRukS44p6Ts7JAbOZAiK8AP1lT.RCiJv_YjE1GBxkCBuwRH9nUjSKOZG9kvCrEche5HmOjCXep_B4DOW_nN3K8iA1EMb5CpoIsWkM_jPjAI2Knan8i38blN5jDIo5CVpH2yK7cVTgawaURs05B4N8G_BKG9kWqQ758CgdE1BjC7lHgK7jpO2DpbwuuBFrATceSjttQiyIybOb_FKuzqhBLVbxI9xluTNf.gy9uIPnVYM9T6PJ6cbZX1QrrywGwWVn84w2PHkl7NFdUc.ab_HMA6Hc9NHFfIjUWiG7kSluOlPeANXYaEeQ32lly_EW0uma9IQ3KV_FjJkiK2rjtavV68dI48I1sTIAZbz1Wxcgg6aJwtwG2Q1mMB.b6P8JqhdaudyVCBtwzmvPBRrHUHJnYidwtIE7d7U',};var a = document.createElement('script');a.src = '/cdn-cgi/challenge-platform/h/b/orchestrate/chl_page/v1?ray=9c205e602a46fe07';window._cf_chl_opt.cOgUHash = location.hash === '' && location.href.indexOf('#') !== -1 ? '#' : location.hash;window._cf_chl_opt.cOgUQuery = location.search === '' && location.href.slice(0, location.href.length - window._cf_chl_opt.cOgUHash.length).indexOf('?') !== -1 ? '?' : location.search;if (window.history && window.history.replaceState) {var ogU = location.pathname + window._cf_chl_opt.cOgUQuery + window._cf_chl_opt.cOgUHash;history.replaceState(null, null,"\/api\/users?delay=3&__cf_chl_rt_tk=OaXeMh8QYs7lFlSs8gpgWQtTJup.awYwzeBpKQ9YV3k-1769098721-1.0.1.1-bbDYuQ8wgcdPVgxgf6SHWhXMl8sSxxGJ17U5hCCG_UM"+ window._cf_chl_opt.cOgUHash);a.onload = function() {history.replaceState(null, null, ogU);}}document.getElementsByTagName('head')[0].appendChild(a);}());</script></body></html>

  Scenario: Should see the list of users with DELAYED RESPONSE &amp#27;[90m# src/test/java/API-Test.feature:51&amp#27;[0m
    &amp#27;[32mGiven &amp#27;[0m&amp#27;[32mI wait for the user list to load&amp#27;[0m                     &amp#27;[90m# StepDefinition.iWaitForUserListToLoad()&amp#27;[0m
    &amp#27;[32mThen &amp#27;[0m&amp#27;[32mI should see that every user has a unique id&amp#27;[0m          &amp#27;[90m# StepDefinition.iShouldSeeThatEveryUserHasAUniqueID()&amp#27;[0m
]]></system-out>
    <system-err><![CDATA[SLF4J: Failed to load class "org.slf4j.impl.StaticLoggerBinder".
SLF4J: Defaulting to no-operation (NOP) logger implementation
SLF4J: See http://www.slf4j.org/codes.html#StaticLoggerBinder for further details.
API returned error: 403
API returned error: 403
]]></system-err>
  </testcase>
  <testcase name="feature[Sample Test](2)" classname="mission.RunnerTest" time="3.503">
    <system-out><![CDATA[@UI
Feature: Sample Test

  Scenario: Sample              &amp#27;[90m# src/test/java/SampleTest.feature:4&amp#27;[0m
    &amp#27;[32mGiven &amp#27;[0m&amp#27;[32mI am on the home page&amp#27;[0m &amp#27;[90m# StepDefinition.iAmOnTheHomePage()&amp#27;[0m
]]></system-out>
    <system-err><![CDATA[Jan 22, 2026 11:18:43 PM org.openqa.selenium.devtools.CdpVersionFinder findNearestMatch
WARNING: Unable to find CDP implementation matching 144
Jan 22, 2026 11:18:43 PM org.openqa.selenium.chromium.ChromiumDriver lambda$new$5
WARNING: Unable to find version of CDP to use for 144.0.7559.59. You may need to include a dependency on a specific version of the CDP using something similar to `org.seleniumhq.selenium:selenium-devtools-v86:4.27.0` where the version ("v86") matches the version of the chromium-based browser you're using and the version number of the artifact is the same as Selenium's.
]]></system-err>
  </testcase>
  <testcase name="feature[Checkout items in the basket](3)" classname="mission.RunnerTest" time="6.972">
    <system-out><![CDATA[@UI
Feature: Checkout items in the basket
  Please use home page of https://www.saucedemo.com/

  Scenario: Check item total cost and tax                           &amp#27;[90m# src/test/java/UI-Test.feature:5&amp#27;[0m
    &amp#27;[32mGiven &amp#27;[0m&amp#27;[32mI am on the home page&amp#27;[0m                                     &amp#27;[90m# StepDefinition.iAmOnTheHomePage()&amp#27;[0m
    &amp#27;[32mAnd &amp#27;[0m&amp#27;[32mI login in with the following details&amp#27;[0m                       &amp#27;[90m# StepDefinition.iLoginWithFollowingDetails(DataTable)&amp#27;[0m
    &amp#27;[32mAnd &amp#27;[0m&amp#27;[32mI add the following items to the basket&amp#27;[0m                     &amp#27;[90m# StepDefinition.iAddFollowingItemsToBasket(String>)&amp#27;[0m
    &amp#27;[32mAnd &amp#27;[0m&amp#27;[32mI  should see &amp#27;[0m&amp#27;[32m&amp#27;[1m4&amp#27;[0m&amp#27;[32m items added to the shopping cart&amp#27;[0m            &amp#27;[90m# StepDefinition.iShouldSeeItemsInCart(int)&amp#27;[0m
    &amp#27;[32mAnd &amp#27;[0m&amp#27;[32mI click on the shopping cart&amp#27;[0m                                &amp#27;[90m# StepDefinition.iClickOnShoppingCart()&amp#27;[0m
    &amp#27;[32mAnd &amp#27;[0m&amp#27;[32mI verify that the QTY count for each item should be &amp#27;[0m&amp#27;[32m&amp#27;[1m1&amp#27;[0m       &amp#27;[90m# StepDefinition.iVerifyQtyCountForEachItem(int)&amp#27;[0m
    &amp#27;[32mAnd &amp#27;[0m&amp#27;[32mI remove the following item:&amp#27;[0m                                &amp#27;[90m# StepDefinition.iRemoveFollowingItem(String>)&amp#27;[0m
    &amp#27;[32mAnd &amp#27;[0m&amp#27;[32mI  should see &amp#27;[0m&amp#27;[32m&amp#27;[1m3&amp#27;[0m&amp#27;[32m items added to the shopping cart&amp#27;[0m            &amp#27;[90m# StepDefinition.iShouldSeeItemsInCart(int)&amp#27;[0m
    &amp#27;[32mAnd &amp#27;[0m&amp#27;[32mI click on the CHECKOUT button&amp#27;[0m                              &amp#27;[90m# StepDefinition.iClickOnCheckoutButton()&amp#27;[0m
    &amp#27;[32mAnd &amp#27;[0m&amp#27;[32mI type "&amp#27;[0m&amp#27;[32m&amp#27;[1mFirstName&amp#27;[0m&amp#27;[32m" for First Name&amp#27;[0m                           &amp#27;[90m# StepDefinition.iTypeForFirstName(String)&amp#27;[0m
    &amp#27;[32mAnd &amp#27;[0m&amp#27;[32mI type "&amp#27;[0m&amp#27;[32m&amp#27;[1mLastName&amp#27;[0m&amp#27;[32m" for Last Name&amp#27;[0m                             &amp#27;[90m# StepDefinition.iTypeForLastName(String)&amp#27;[0m
    &amp#27;[32mAnd &amp#27;[0m&amp#27;[32mI type "&amp#27;[0m&amp#27;[32m&amp#27;[1mEC1A 9JU&amp#27;[0m&amp#27;[32m" for ZIP/Postal Code&amp#27;[0m                       &amp#27;[90m# StepDefinition.iTypeForPostalCode(String)&amp#27;[0m
    &amp#27;[32mWhen &amp#27;[0m&amp#27;[32mI click on the CONTINUE button&amp#27;[0m                             &amp#27;[90m# StepDefinition.iClickOnContinueButton()&amp#27;[0m
    &amp#27;[32mThen &amp#27;[0m&amp#27;[32mItem total will be equal to the total of items on the list&amp#27;[0m &amp#27;[90m# StepDefinition.itemTotalWillBeEqualToTotalOfItems()&amp#27;[0m
    &amp#27;[32mAnd &amp#27;[0m&amp#27;[32ma Tax rate of &amp#27;[0m&amp#27;[32m&amp#27;[1m8&amp#27;[0m&amp#27;[32m % is applied to the total&amp#27;[0m                   &amp#27;[90m# StepDefinition.aTaxRateIsApplied(double)&amp#27;[0m
]]></system-out>
    <system-err><![CDATA[Jan 22, 2026 11:18:46 PM org.openqa.selenium.devtools.CdpVersionFinder findNearestMatch
WARNING: Unable to find CDP implementation matching 144
Jan 22, 2026 11:18:46 PM org.openqa.selenium.chromium.ChromiumDriver lambda$new$5
WARNING: Unable to find version of CDP to use for 144.0.7559.59. You may need to include a dependency on a specific version of the CDP using something similar to `org.seleniumhq.selenium:selenium-devtools-v86:4.27.0` where the version ("v86") matches the version of the chromium-based browser you're using and the version number of the artifact is the same as Selenium's.
]]></system-err>
  </testcase>
</testsuite>