<?xml version="1.0" encoding="UTF-8"?>
<testsuite xmlns:xsi="http://www.w3.org/2001/XMLSchema-instance" xsi:noNamespaceSchemaLocation="https://maven.apache.org/surefire/maven-surefire-plugin/xsd/surefire-test-report-3.0.xsd" version="3.0" name="mission.RunnerTest" time="15.143" tests="3" errors="0" skipped="0" failures="1">
  <properties>
[...]
</properties>
  <testcase name="feature[API test](1)" classname="mission.RunnerTest" time="2.929">
    <failure message="io.restassured.path.json.exception.JsonPathException: Failed to parse the JSON document" type="cucumber.runtime.CucumberException"><![CDATA[cucumber.runtime.CucumberException: io.restassured.path.json.exception.JsonPathException: Failed to parse the JSON document
	at cucumber.api.testng.TestNGCucumberRunner.runCucumber(TestNGCucumberRunner.java:69)
	at mission.RunnerTest.feature(RunnerTest.java:33)
	at java.base/jdk.internal.reflect.NativeMethodAccessorImpl.invoke0(Native Method)
	at java.base/jdk.internal.reflect.NativeMethodAccessorImpl.invoke(NativeMethodAccessorImpl.java:62)
	at java.base/jdk.internal.reflect.DelegatingMethodAccessorImpl.invoke(DelegatingMethodAccessorImpl.java:43)
	at java.base/java.lang.reflect.Method.invoke(Method.java:564)
	at org.testng.internal.invokers.MethodInvocationHelper.invokeMethod(MethodInvocationHelper.java:141)
	at org.testng.internal.invokers.TestInvoker.invokeMethod(TestInvoker.java:686)
	at org.testng.internal.invokers.TestInvoker.invokeTestMethod(TestInvoker.java:230)
	at org.testng.internal.invokers.MethodRunner.runInSequence(MethodRunner.java:63)
	at org.testng.internal.invokers.TestInvoker$MethodInvocationAgent.invoke(TestInvoker.java:992)
	at org.testng.internal.invokers.TestInvoker.invokeTestMethods(TestInvoker.java:203)
	at org.testng.internal.invokers.TestMethodWorker.invokeTestMethods(TestMethodWorker.java:154)
	at org.testng.internal.invokers.TestMethodWorker.run(TestMethodWorker.java:134)
	at java.base/java.util.ArrayList.forEach(ArrayList.java:1510)
	at org.testng.TestRunner.privateRun(TestRunner.java:739)
	at org.testng.TestRunner.run(TestRunner.java:614)
	at org.testng.SuiteRunner.runTest(SuiteRunner.java:421)
	at org.testng.SuiteRunner.runSequentially(SuiteRunner.java:413)
	at org.testng.SuiteRunner.privateRun(SuiteRunner.java:373)
	at org.testng.SuiteRunner.run(SuiteRunner.java:312)
	at org.testng.SuiteRunnerWorker.runSuite(SuiteRunnerWorker.java:52)
	at org.testng.SuiteRunnerWorker.run(SuiteRunnerWorker.java:95)
	at org.testng.TestNG.runSuitesSequentially(TestNG.java:1274)
	at org.testng.TestNG.runSuitesLocally(TestNG.java:1208)
	at org.testng.TestNG.runSuites(TestNG.java:1112)
	at org.testng.TestNG.run(TestNG.java:1079)
	at org.apache.maven.surefire.testng.TestNGExecutor.run(TestNGExecutor.java:155)
	at org.apache.maven.surefire.testng.TestNGDirectoryTestSuite.executeSingleClass(TestNGDirectoryTestSuite.java:102)
	at org.apache.maven.surefire.testng.TestNGDirectoryTestSuite.execute(TestNGDirectoryTestSuite.java:91)
	at org.apache.maven.surefire.testng.TestNGProvider.invoke(TestNGProvider.java:137)
	at org.apache.maven.surefire.booter.ForkedBooter.runSuitesInProcess(ForkedBooter.java:385)
	at org.apache.maven.surefire.booter.ForkedBooter.execute(ForkedBooter.java:162)
	at org.apache.maven.surefire.booter.ForkedBooter.run(ForkedBooter.java:507)
	at org.apache.maven.surefire.booter.ForkedBooter.main(ForkedBooter.java:495)
Caused by: io.restassured.path.json.exception.JsonPathException: Failed to parse the JSON document
	at io.restassured.path.json.JsonPath$ExceptionCatcher.invoke(JsonPath.java:1002)
	at io.restassured.path.json.JsonPath$4.doParseWith(JsonPath.java:967)
	at io.restassured.path.json.JsonPath$JsonParser.parseWith(JsonPath.java:1047)
	at io.restassured.path.json.JsonPath.get(JsonPath.java:202)
	at io.restassured.path.json.JsonPath.getInt(JsonPath.java:237)
	at mission.StepDefinition.iGetTheListOfAllUsers(StepDefinition.java:139)
	at ✽.When I get the list of all users within every page(src/test/java/API-Test.feature:10)
Caused by: groovy.json.JsonException: Lexing failed on line: 1, column: 1, while reading '<', no possible valid JSON value or punctuation could be recognized.
	at groovy.json.JsonLexer.nextToken(JsonLexer.java:86)
	at groovy.json.JsonLexer$nextToken.call(Unknown Source)
	at org.codehaus.groovy.runtime.callsite.CallSiteArray.defaultCall(CallSiteArray.java:45)
	at org.codehaus.groovy.runtime.callsite.AbstractCallSite.call(AbstractCallSite.java:125)
	at org.codehaus.groovy.runtime.callsite.AbstractCallSite.call(AbstractCallSite.java:130)
	at io.restassured.internal.path.json.ConfigurableJsonSlurper.parse(ConfigurableJsonSlurper.groovy:97)
	at io.restassured.internal.path.json.ConfigurableJsonSlurper$parse.callCurrent(Unknown Source)
	at org.codehaus.groovy.runtime.callsite.CallSiteArray.defaultCallCurrent(CallSiteArray.java:49)
	at org.codehaus.groovy.runtime.callsite.AbstractCallSite.callCurrent(AbstractCallSite.java:171)
	at org.codehaus.groovy.runtime.callsite.AbstractCallSite.callCurrent(AbstractCallSite.java:185)
	at io.restassured.internal.path.json.ConfigurableJsonSlurper.parseText(ConfigurableJsonSlurper.groovy:83)
	at io.restassured.path.json.JsonPath$4$1.method(JsonPath.java:965)
	at io.restassured.path.json.JsonPath$ExceptionCatcher.invoke(JsonPath.java:1000)
	at io.restassured.path.json.JsonPath$4.doParseWith(JsonPath.java:967)
	at io.restassured.path.json.JsonPath$JsonParser.parseWith(JsonPath.java:1047)
	at io.restassured.path.json.JsonPath.get(JsonPath.java:202)
	at io.restassured.path.json.JsonPath.getInt(JsonPath.java:237)
	at mission.StepDefinition.iGetTheListOfAllUsers(StepDefinition.java:139)
	at java.base/jdk.internal.reflect.NativeMethodAccessorImpl.invoke0(Native Method)
	at java.base/jdk.internal.reflect.NativeMethodAccessorImpl.invoke(NativeMethodAccessorImpl.java:62)
	at java.base/jdk.internal.reflect.DelegatingMethodAccessorImpl.invoke(DelegatingMethodAccessorImpl.java:43)
	at java.base/java.lang.reflect.Method.invoke(Method.java:564)
	at cucumber.runtime.Utils$1.call(Utils.java:40)
	at cucumber.runtime.Timeout.timeout(Timeout.java:16)
	at cucumber.runtime.Utils.invoke(Utils.java:34)
	at cucumber.runtime.java.JavaStepDefinition.execute(JavaStepDefinition.java:38)
	at cucumber.runtime.StepDefinitionMatch.runStep(StepDefinitionMatch.java:37)
	at cucumber.runtime.Runtime.runStep(Runtime.java:300)
	at cucumber.runtime.model.StepContainer.runStep(StepContainer.java:44)
	at cucumber.runtime.model.StepContainer.runSteps(StepContainer.java:39)
	at cucumber.runtime.model.CucumberScenario.run(CucumberScenario.java:44)
	at cucumber.runtime.model.CucumberFeature.run(CucumberFeature.java:165)
	at cucumber.api.testng.TestNGCucumberRunner.runCucumber(TestNGCucumberRunner.java:63)
	at mission.RunnerTest.feature(RunnerTest.java:33)
	at java.base/jdk.internal.reflect.NativeMethodAccessorImpl.invoke0(Native Method)
	at java.base/jdk.internal.reflect.NativeMethodAccessorImpl.invoke(NativeMethodAccessorImpl.java:62)
	at java.base/jdk.internal.reflect.DelegatingMethodAccessorImpl.invoke(DelegatingMethodAccessorImpl.java:43)
	at java.base/java.lang.reflect.Method.invoke(Method.java:564)
	at org.testng.internal.invokers.MethodInvocationHelper.invokeMethod(MethodInvocationHelper.java:141)
	at org.testng.internal.invokers.TestInvoker.invokeMethod(TestInvoker.java:686)
	at org.testng.internal.invokers.TestInvoker.invokeTestMethod(TestInvoker.java:230)
	at org.testng.internal.invokers.MethodRunner.runInSequence(MethodRunner.java:63)
	at org.testng.internal.invokers.TestInvoker$MethodInvocationAgent.invoke(TestInvoker.java:992)
	at org.testng.internal.invokers.TestInvoker.invokeTestMethods(TestInvoker.java:203)
	at org.testng.internal.invokers.TestMethodWorker.invokeTestMethods(TestMethodWorker.java:154)
	at org.testng.internal.invokers.TestMethodWorker.run(TestMethodWorker.java:134)
	at java.base/java.util.ArrayList.forEach(ArrayList.java:1510)
	at org.testng.TestRunner.privateRun(TestRunner.java:739)
	at org.testng.TestRunner.run(TestRunner.java:614)
	at org.testng.SuiteRunner.runTest(SuiteRunner.java:421)
	at org.testng.SuiteRunner.runSequentially(SuiteRunner.java:413)
	at org.testng.SuiteRunner.privateRun(SuiteRunner.java:373)
	at org.testng.SuiteRunner.run(SuiteRunner.java:312)
	at org.testng.SuiteRunnerWorker.runSuite(SuiteRunnerWorker.java:52)
	at org.testng.SuiteRunnerWorker.run(SuiteRunnerWorker.java:95)
	at org.testng.TestNG.runSuitesSequentially(TestNG.java:1274)
	at org.testng.TestNG.runSuitesLocally(TestNG.java:1208)
	at org.testng.TestNG.runSuites(TestNG.java:1112)
	at org.testng.TestNG.run(TestNG.java:1079)
	at org.apache.maven.surefire.testng.TestNGExecutor.run(TestNGExecutor.java:155)
	at org.apache.maven.surefire.testng.TestNGDirectoryTestSuite.executeSingleClass(TestNGDirectoryTestSuite.java:102)
	at org.apache.maven.surefire.testng.TestNGDirectoryTestSuite.execute(TestNGDirectoryTestSuite.java:91)
	at org.apache.maven.surefire.testng.TestNGProvider.invoke(TestNGProvider.java:137)
	at org.apache.maven.surefire.booter.ForkedBooter.runSuitesInProcess(ForkedBooter.java:385)
	at org.apache.maven.surefire.booter.ForkedBooter.execute(ForkedBooter.java:162)
	at org.apache.maven.surefire.booter.ForkedBooter.run(ForkedBooter.java:507)
	at org.apache.maven.surefire.booter.ForkedBooter.main(ForkedBooter.java:495)
]]></failure>
    <system-out><![CDATA[@API
Feature: API test
Response status: 403
Response body: <!DOCTYPE html><html lang="en-US"><head><title>Just a moment...</title><meta http-equiv="Content-Type" content="text/html; charset=UTF-8"><meta http-equiv="X-UA-Compatible" content="IE=Edge"><meta name="robots" content="noindex,nofollow"><meta name="viewport" content="width=device-width,initial-scale=1"><style>*{box-sizing:border-box;margin:0;padding:0}html{line-height:1.15;-webkit-text-size-adjust:100%;color:#313131;font-family:system-ui,-apple-system,BlinkMacSystemFont,"Segoe UI",Roboto,"Helvetica Neue",Arial,"Noto Sans",sans-serif,"Apple Color Emoji","Segoe UI Emoji","Segoe UI Symbol","Noto Color Emoji"}body{display:flex;flex-direction:column;height:100vh;min-height:100vh}.main-content{margin:8rem auto;padding-left:1.5rem;max-width:60rem}@media (width <= 720px){.main-content{margin-top:4rem}}.h2{line-height:2.25rem;font-size:1.5rem;font-weight:500}@media (width <= 720px){.h2{line-height:1.5rem;font-size:1.25rem}}#challenge-error-text{background-image:url("data:image/svg+xml;base64,PHN2ZyB4bWxucz0iaHR0cDovL3d3dy53My5vcmcvMjAwMC9zdmciIHdpZHRoPSIzMiIgaGVpZ2h0PSIzMiIgZmlsbD0ibm9uZSI+PHBhdGggZmlsbD0iI0IyMEYwMyIgZD0iTTE2IDNhMTMgMTMgMCAxIDAgMTMgMTNBMTMuMDE1IDEzLjAxNSAwIDAgMCAxNiAzbTAgMjRhMTEgMTEgMCAxIDEgMTEtMTEgMTEuMDEgMTEuMDEgMCAwIDEtMTEgMTEiLz48cGF0aCBmaWxsPSIjQjIwRjAzIiBkPSJNMTcuMDM4IDE4LjYxNUgxNC44N0wxNC41NjMgOS41aDIuNzgzem0tMS4wODQgMS40MjdxLjY2IDAgMS4wNTcuMzg4LjQwNy4zODkuNDA3Ljk5NCAwIC41OTYtLjQwNy45ODQtLjM5Ny4zOS0xLjA1Ny4zODktLjY1IDAtMS4wNTYtLjM4OS0uMzk4LS4zODktLjM5OC0uOTg0IDAtLjU5Ny4zOTgtLjk4NS40MDYtLjM5NyAxLjA1Ni0uMzk3Ii8+PC9zdmc+");background-repeat:no-repeat;background-size:contain;padding-left:34px}@media (prefers-color-scheme: dark){body{background-color:#222;color:#d9d9d9}}</style><meta http-equiv="refresh" content="360"></head><body><div class="main-wrapper" role="main"><div class="main-content"><noscript><div class="h2"><span id="challenge-error-text">Enable JavaScript and cookies to continue</span></div></noscript></div></div><script>(function(){window._cf_chl_opt = {cvId: '3',cZone: 'reqres.in',cType: 'managed',cRay: '9c2064139a55e2f7',cH: 'T7UCECcYaM4f7NGiJiQeHVHMHkAIghCrXmi2CngeyGk-1769098954-1.2.1.1-IPLBJgl.tdZF7LvbBwjlV5liSAAOVNmM1g2F28fVmNrbNcUnVkfufUfd4a36RPGl',cUPMDTk:"\/api\/users?page=1&__cf_chl_tk=UvTL7JyG6sJywAWZeWQbHqou9DBdafpAljVaj8atpYw-1769098954-1.0.1.1-1MLHraUp2bWmR1DpR_AatZlUx9LcDVhwqTO2q9PE320",cFPWv: 'b',cITimeS: '1769098954',cTplC:0,cTplV:5,cTplB: '0',fa:"\/api\/users?page=1&__cf_chl_f_tk=UvTL7JyG6sJywAWZeWQbHqou9DBdafpAljVaj8atpYw-1769098954-1.0.1.1-1MLHraUp2bWmR1DpR_AatZlUx9LcDVhwqTO2q9PE320",md: 'tf0fOoyg1B9HZHCJD24sTv4Z4Iot4_gnLMap.SHEICY-1769098954-1.2.1.1-EHBOP_lIJ0i8RCXPKHiBAWiqc4KM3un5F6vURv_w9gP0Du1IRF2hUQfSS2lat4Wh6fMq0KVlCl9wOMu5h.nsqlcF4TV41E5CJAu1hArqXvDfYd83FXBxEr9mQ7FmfZ3xfX4gD4DcukCanwUOBllq4jiZwFlQza3SZ9VbuRKyIchnId0urw_RGaO14V_WSOitQSDLcxLipYbeiftANuXcPWSXAh9_sujqUtRT3phR3.w8EpUSDMKHFboeDY_rQHb2zKSHwJ2d9zEAmAeSLSHIKlExCtrJb5onamR_oXM.5CF0Q4E4r50zA4sRE6QoUPHfaHHros4NjrG.mCqKt_gIuqyNUfNuG4Dg2ryO3KOfPh0PTmpoq4zzrND9nBuVIRGT8bgGdX4I8LvbR9NcLfpFizj53RbH2Br3CnQixRJuEacfS09FVxgDJ30nxLy.qy2RmIKiKuqwyI1_NAV4kqpFnLtMIQfXSw3Vfd1vi1nsneFKhQN5MTQ5ZDfaz6MGvjrXG8ni6cLe62H1oUSe44Au5oZ4IqjrjlL1wl7qEj_T529GINupYnL9KqaI7lspfXxNSfgUvGmqq64FKf5VB3.FGok1QnG.XVdNPo7ZMNYKGVJtTIerR0qX85oaPQbT.ZRbGBj22X1foR5FOi8mqt3hMRUlretLxPsaD6zaQEWPkQA5d7Rp1r3HMDC6jhuAC_muRfrshsqvn6r4MjRch19lWQUjoa.OtKrnH8n5L1XLkrcBttNI6xDSjeJLygkYubLugbkSsRRvFh2X1uKNh7fClUIeyrHvOmX6y6ztjFvLpLvxdpyVw5LviBUfq1RNFHGos6vQup7F6ZfKKFbHHdlJdt1VIUz4vs2WXh8bDdry87YoXFStVgrbQGYt3MEBGhJKwibXnjvTmpEQY3Y5dvVN_6FgRql_DuBn61tOCKqeFY7A7an15qrP271LHiPSrKtm',mdrd: 'vBh5C6HdC_XTYEUA3wWy2meiDVH_7etA2RGXQ_psT_c-1769098954-1.2.1.1-AsiLQk3kZcrUDFmveE43..yKyQ99xdAkRbE57vMQXOoIubSlyCVQStCq6HhCtNLiNVTOL1NIofiIY1DMtChLqvx_gExp930zZRo8__cBRfmXIT4lS4qDStB3AbC6ZNTQMLkFNT_IautY0GyHPFTQdu1RzUp9KICXU1PifQ.0FLreEctWnJvVZzQYW0Y0aoauz.nFTDDAUFYTNjx2Zm6HIuE6HRixmBIDaYyCZfajm2Hx2bIYyCO4CwwMw7KRgt9V4zqpjAySMYXkqzBSHBj6MMeKz6gCGoJq3EcRAecxzVRtWxDw0SNzGsZc93.ZaAconi5a2FonlgJoiX24u3_ainVs2EFwtWb2H6nPpvoYx6mxWdBW59_.z.f21wSt2_vB0MpNXw.i9KxliDQxpx1WfWWzD6k9JO4JePKTfktOdjwJ5MdP8Vg7_cUoPAoVhmtkO00y5IPf._deItZNdcKHmokfjXk22.jYg7ga6Bq60ixBe7e6TgBiQM5vqxTXe6Z6sR9Blz0cauu2xlr.X2lXSPdAN2yfi.xN2YNEz7fqirQHZuwMRyHq6sPZFCnJfLvgq3CzyxK.7icFCO9dtHgN_3SRSsF4DARgOciUHwcwKBzSSMsg5ifqptcAFl793nP0ecTC9Tq9IpO1WJ6EViU8Gkkpkch3133nzlnk5xjv26Mlt6O5GPD6fQmeIgOQHaeOgjYSZjaK5M3Nb_AVdaJ5mMixovMEoYXlhbqMnhHcB08z7be3SXdbxAHssg_yMF4poIgc.92WxUwejjBtFdk1sBqMOOTc8hBX2urDmgWiU5s_32nz3LpthECZ0oGq2dPF6yecdEh.NVgqwvxu2i.Mcga.ID3mWEfhDSw2HdIwXqDensoIfgHHnXsh2Uyv2aIW7_LzOUpIKF0IONWTYyLC5cSijlYRoGi.4VNze6dcQ3rmnp1BOvd1jORH5LhpyB93Z5IPzQBXWj8u0VgGOjervU3pfux4pP6100aDfTj6OQwu5PHMwDrZ5j_7z_SlzpKtQ.oE1neuLQkdQzEHNin73JR9OZdFOfj9bE4fzq6S1E9Y.ZWxV5hygis8By9OegeSiTUeE.CNaEPTaCToRoEXwKhTN5cthgyTtguR4mB7RHTpUFJQeXA5yDJgG_YgoQ9GbG9_KWodDYz9WL_9Y4Wxiuow3adblVRxihEguLh81nz8JEMCuKad1tg6ZwZYF6pvt_FZGHfMiRm4slvHuxwOGYAruH32P7xumawGKTqjkX7VRsZexTg0sArdkgVGoK0uEQQM9jhmJrljnqp1t6AGWhNMEPYx1RdVebAoMzZOS0WlNCr3WcTtzjbIE3Zwfhkfa.PxYWQ74se18ZVvMt0khaYPHgFVm.44vvm9EiNOGbx9_Jo0L2eZWFTI0r7Abh_vTwMGWn0925UwcWJMdrRvyzdhsqfl_fwDH18.E8sAJubn1HFCDm1F8um6zFAmMc5A7A2MiGerlft4fA6hZxI4w3J4.HMZxoDnkN6R2UC0qxdu3ernhgQNKAjslgeYYD5gMeRI3b4ODlnvzQ0iKrZvOlGiiTHE_8eTQ6SCQRseC7qsIDSzBHAbM3_u1098AMF6253CiS6uowcuZuislh8GF_pZ5zs.CphZ5LSTQ5SX.YSJXJlgZz40y2xb_OpciEuHTJlOO2nMrOusqdI2N4.gj1_RKq3TBmwwEWDFnXO0UWBlK3i647VpXkporKk4rs6WEVo8TD9bQQZlHq8yilFqmyNV.tJm5FGJHchvzof2kgLQNGlR0f_4HznQQ6aNOayFs2oE5dtl9y2hI6TBkvdHtA_tXN0of1NDBuqe0.4hxGRRBZdTDIpkcpWPGFF6DqGRM_liUwNT7TDmEeZhgARKZpJpJWm3KzgrFQwvqBZK9nUcVfiZGQGS53HukK9A9dGaqwcM5jzX5zlaACrOXsOMl9rD2mXuXmrU2PyVgIQTGvT5DS0mZL_M4mcgVs2rdR_uU9BAHHVwbq_1FW_wDxmjFpriMIKDNQQzQqXt0IZwiglIcUlLH.Ky1ORIlAfoODvoqDm7u4Mwo_axDOJj6DVkuF6Fs32rT6o4qSTO.tOTULbLUroN7qdTNGrn7j6NoiEBzNqCFphNOTRo2tjVgFFkHf2gvFrQfD1o3.Tt6HHWxo8Q.GpAdkhaCaOtJMGXNLvmaettoViBjZQ12MNtugftsFplbk9jEy8rzSgQatgEk3XVqZ1eeMnYN0a4bRodzXPAZrNsBSkO3V8txZ3fmuorzZWF1QgBcM5i.IufTyX7da.xGxK8y5lLgPSKdjnzYqwR2zbEGwepkZboqDXTi3IBSgUEwytbCGPbCYGu0AvWTqwYFPUq_sqqT4mFY6AKiP.gP65QmY1odCGg9JiyrTellJEVzUHir3nHsB2h.R.ditc',};var a = document.createElement('script');a.src = '/cdn-cgi/challenge-platform/h/b/orchestrate/chl_page/v1?ray=9c2064139a55e2f7';window._cf_chl_opt.cOgUHash = location.hash === '' && location.href.indexOf('#') !== -1 ? '#' : location.hash;window._cf_chl_opt.cOgUQuery = location.search === '' && location.href.slice(0, location.href.length - window._cf_chl_opt.cOgUHash.length).indexOf('?') !== -1 ? '?' : location.search;if (window.history && window.history.replaceState) {var ogU = location.pathname + window._cf_chl_opt.cOgUQuery + window._cf_chl_opt.cOgUHash;history.replaceState(null, null,"\/api\/users?page=1&__cf_chl_rt_tk=UvTL7JyG6sJywAWZeWQbHqou9DBdafpAljVaj8atpYw-1769098954-1.0.1.1-1MLHraUp2bWmR1DpR_AatZlUx9LcDVhwqTO2q9PE320"+ window._cf_chl_opt.cOgUHash);a.onload = function() {history.replaceState(null, null, ogU);}}document.getElementsByTagName('head')[0].appendChild(a);}());</script></body></html>

  # Please visit https://reqres.in/
  # NOTE: Most API tests are skipped due to Cloudflare blocking reqres.in
  # See API_TEST_ISSUES.md for details and solutions
  @skip @CloudflareBlocked
  Scenario: Should see LIST USERS of all existing users               &amp#27;[90m# src/test/java/API-Test.feature:8&amp#27;[0m
    &amp#27;[32mGiven &amp#27;[0m&amp#27;[32mI get the default list of users for on 1st page&amp#27;[0m             &amp#27;[90m# StepDefinition.iGetTheDefaultListofusers()&amp#27;[0m
    &amp#27;[31mWhen &amp#27;[0m&amp#27;[31mI get the list of all users within every page&amp#27;[0m                &amp#27;[90m# StepDefinition.iGetTheListOfAllUsers()&amp#27;[0m
      &amp#27;[31mio.restassured.path.json.exception.JsonPathException: Failed to parse the JSON document
      	at io.restassured.path.json.JsonPath$ExceptionCatcher.invoke(JsonPath.java:1002)
      	at io.restassured.path.json.JsonPath$4.doParseWith(JsonPath.java:967)
      	at io.restassured.path.json.JsonPath$JsonParser.parseWith(JsonPath.java:1047)
      	at io.restassured.path.json.JsonPath.get(JsonPath.java:202)
      	at io.restassured.path.json.JsonPath.getInt(JsonPath.java:237)
      	at mission.StepDefinition.iGetTheListOfAllUsers(StepDefinition.java:139)
      	at ✽.When I get the list of all users within every page(src/test/java/API-Test.feature:10)
      Caused by: groovy.json.JsonException: Lexing failed on line: 1, column: 1, while reading '<', no possible valid JSON value or punctuation could be recognized.
      	at groovy.json.JsonLexer.nextToken(JsonLexer.java:86)
      	at groovy.json.JsonLexer$nextToken.call(Unknown Source)
      	at org.codehaus.groovy.runtime.callsite.CallSiteArray.defaultCall(CallSiteArray.java:45)
      	at org.codehaus.groovy.runtime.callsite.AbstractCallSite.call(AbstractCallSite.java:125)
      	at org.codehaus.groovy.runtime.callsite.AbstractCallSite.call(AbstractCallSite.java:130)
      	at io.restassured.internal.path.json.ConfigurableJsonSlurper.parse(ConfigurableJsonSlurper.groovy:97)
      	at io.restassured.internal.path.json.ConfigurableJsonSlurper$parse.callCurrent(Unknown Source)
      	at org.codehaus.groovy.runtime.callsite.CallSiteArray.defaultCallCurrent(CallSiteArray.java:49)
      	at org.codehaus.groovy.runtime.callsite.AbstractCallSite.callCurrent(AbstractCallSite.java:171)
      	at org.codehaus.groovy.runtime.callsite.AbstractCallSite.callCurrent(AbstractCallSite.java:185)
      	at io.restassured.internal.path.json.ConfigurableJsonSlurper.parseText(ConfigurableJsonSlurper.groovy:83)
      	at io.restassured.path.json.JsonPath$4$1.method(JsonPath.java:965)
      	at io.restassured.path.json.JsonPath$ExceptionCatcher.invoke(JsonPath.java:1000)
      	at io.restassured.path.json.JsonPath$4.doParseWith(JsonPath.java:967)
      	at io.restassured.path.json.JsonPath$JsonParser.parseWith(JsonPath.java:1047)
      	at io.restassured.path.json.JsonPath.get(JsonPath.java:202)
      	at io.restassured.path.json.JsonPath.getInt(JsonPath.java:237)
      	at mission.StepDefinition.iGetTheListOfAllUsers(StepDefinition.java:139)
      	at java.base/jdk.internal.reflect.NativeMethodAccessorImpl.invoke0(Native Method)
      	at java.base/jdk.internal.reflect.NativeMethodAccessorImpl.invoke(NativeMethodAccessorImpl.java:62)
      	at java.base/jdk.internal.reflect.DelegatingMethodAccessorImpl.invoke(DelegatingMethodAccessorImpl.java:43)
      	at java.base/java.lang.reflect.Method.invoke(Method.java:564)
      	at cucumber.runtime.Utils$1.call(Utils.java:40)
      	at cucumber.runtime.Timeout.timeout(Timeout.java:16)
      	at cucumber.runtime.Utils.invoke(Utils.java:34)
      	at cucumber.runtime.java.JavaStepDefinition.execute(JavaStepDefinition.java:38)
      	at cucumber.runtime.StepDefinitionMatch.runStep(StepDefinitionMatch.java:37)
      	at cucumber.runtime.Runtime.runStep(Runtime.java:300)
      	at cucumber.runtime.model.StepContainer.runStep(StepContainer.java:44)
      	at cucumber.runtime.model.StepContainer.runSteps(StepContainer.java:39)
      	at cucumber.runtime.model.CucumberScenario.run(CucumberScenario.java:44)
      	at cucumber.runtime.model.CucumberFeature.run(CucumberFeature.java:165)
      	at cucumber.api.testng.TestNGCucumberRunner.runCucumber(TestNGCucumberRunner.java:63)
      	at mission.RunnerTest.feature(RunnerTest.java:33)
      	at java.base/jdk.internal.reflect.NativeMethodAccessorImpl.invoke0(Native Method)
      	at java.base/jdk.internal.reflect.NativeMethodAccessorImpl.invoke(NativeMethodAccessorImpl.java:62)
      	at java.base/jdk.internal.reflect.DelegatingMethodAccessorImpl.invoke(DelegatingMethodAccessorImpl.java:43)
      	at java.base/java.lang.reflect.Method.invoke(Method.java:564)
      	at org.testng.internal.invokers.MethodInvocationHelper.invokeMethod(MethodInvocationHelper.java:141)
      	at org.testng.internal.invokers.TestInvoker.invokeMethod(TestInvoker.java:686)
      	at org.testng.internal.invokers.TestInvoker.invokeTestMethod(TestInvoker.java:230)
      	at org.testng.internal.invokers.MethodRunner.runInSequence(MethodRunner.java:63)
      	at org.testng.internal.invokers.TestInvoker$MethodInvocationAgent.invoke(TestInvoker.java:992)
      	at org.testng.internal.invokers.TestInvoker.invokeTestMethods(TestInvoker.java:203)
      	at org.testng.internal.invokers.TestMethodWorker.invokeTestMethods(TestMethodWorker.java:154)
      	at org.testng.internal.invokers.TestMethodWorker.run(TestMethodWorker.java:134)
      	at java.base/java.util.ArrayList.forEach(ArrayList.java:1510)
      	at org.testng.TestRunner.privateRun(TestRunner.java:739)
      	at org.testng.TestRunner.run(TestRunner.java:614)
      	at org.testng.SuiteRunner.runTest(SuiteRunner.java:421)
      	at org.testng.SuiteRunner.runSequentially(SuiteRunner.java:413)
      	at org.testng.SuiteRunner.privateRun(SuiteRunner.java:373)
      	at org.testng.SuiteRunner.run(SuiteRunner.java:312)
      	at org.testng.SuiteRunnerWorker.runSuite(SuiteRunnerWorker.java:52)
      	at org.testng.SuiteRunnerWorker.run(SuiteRunnerWorker.java:95)
      	at org.testng.TestNG.runSuitesSequentially(TestNG.java:1274)
      	at org.testng.TestNG.runSuitesLocally(TestNG.java:1208)
      	at org.testng.TestNG.runSuites(TestNG.java:1112)
      	at org.testng.TestNG.run(TestNG.java:1079)
      	at org.apache.maven.surefire.testng.TestNGExecutor.run(TestNGExecutor.java:155)
      	at org.apache.maven.surefire.testng.TestNGDirectoryTestSuite.executeSingleClass(TestNGDirectoryTestSuite.java:102)
      	at org.apache.maven.surefire.testng.TestNGDirectoryTestSuite.execute(TestNGDirectoryTestSuite.java:91)
      	at org.apache.maven.surefire.testng.TestNGProvider.invoke(TestNGProvider.java:137)
      	at org.apache.maven.surefire.booter.ForkedBooter.runSuitesInProcess(ForkedBooter.java:385)
      	at org.apache.maven.surefire.booter.ForkedBooter.execute(ForkedBooter.java:162)
      	at org.apache.maven.surefire.booter.ForkedBooter.run(ForkedBooter.java:507)
      	at org.apache.maven.surefire.booter.ForkedBooter.main(ForkedBooter.java:495)
      &amp#27;[0m
    &amp#27;[36mThen &amp#27;[0m&amp#27;[36mI should see total users count equals the number of user ids&amp#27;[0m &amp#27;[90m# StepDefinition.iShouldMatchTotalCount()&amp#27;[0m
User search - Status: 403
User search - Body: <!DOCTYPE html><html lang="en-US"><head><title>Just a moment...</title><meta http-equiv="Content-Type" content="text/html; charset=UTF-8"><meta http-equiv="X-UA-Compatible" content="IE=Edge"><meta name="robots" content="noindex,nofollow"><meta name="viewport" content="width=device-width,initial-scale=1"><style>*{box-sizing:border-box;margin:0;padding:0}html{line-height:1.15;-webkit-text-size-adjust:100%;color:#313131;font-family:system-ui,-apple-system,BlinkMacSystemFont,"Segoe UI",Roboto,"Helvetica Neue",Arial,"Noto Sans",sans-serif,"Apple Color Emoji","Segoe UI Emoji","Segoe UI Symbol","Noto Color Emoji"}body{display:flex;flex-direction:column;height:100vh;min-height:100vh}.main-content{margin:8rem auto;padding-left:1.5rem;max-width:60rem}@media (width <= 720px){.main-content{margin-top:4rem}}.h2{line-height:2.25rem;font-size:1.5rem;font-weight:500}@media (width <= 720px){.h2{line-height:1.5rem;font-size:1.25rem}}#challenge-error-text{background-image:url("data:image/svg+xml;base64,PHN2ZyB4bWxucz0iaHR0cDovL3d3dy53My5vcmcvMjAwMC9zdmciIHdpZHRoPSIzMiIgaGVpZ2h0PSIzMiIgZmlsbD0ibm9uZSI+PHBhdGggZmlsbD0iI0IyMEYwMyIgZD0iTTE2IDNhMTMgMTMgMCAxIDAgMTMgMTNBMTMuMDE1IDEzLjAxNSAwIDAgMCAxNiAzbTAgMjRhMTEgMTEgMCAxIDEgMTEtMTEgMTEuMDEgMTEuMDEgMCAwIDEtMTEgMTEiLz48cGF0aCBmaWxsPSIjQjIwRjAzIiBkPSJNMTcuMDM4IDE4LjYxNUgxNC44N0wxNC41NjMgOS41aDIuNzgzem0tMS4wODQgMS40MjdxLjY2IDAgMS4wNTcuMzg4LjQwNy4zODkuNDA3Ljk5NCAwIC41OTYtLjQwNy45ODQtLjM5Ny4zOS0xLjA1Ny4zODktLjY1IDAtMS4wNTYtLjM4OS0uMzk4LS4zODktLjM5OC0uOTg0IDAtLjU5Ny4zOTgtLjk4NS40MDYtLjM5NyAxLjA1Ni0uMzk3Ii8+PC9zdmc+");background-repeat:no-repeat;background-size:contain;padding-left:34px}@media (prefers-color-scheme: dark){body{background-color:#222;color:#d9d9d9}}</style><meta http-equiv="refresh" content="360"></head><body><div class="main-wrapper" role="main"><div class="main-content"><noscript><div class="h2"><span id="challenge-error-text">Enable JavaScript and cookies to continue</span></div></noscript></div></div><script>(function(){window._cf_chl_opt = {cvId: '3',cZone: 'reqres.in',cType: 'managed',cRay: '9c2064153c05d76d',cH: 'VD.8Kll8fC.PYfy6hUxuh2PyPs8U5tRC1m6nNRDElLo-1769098955-1.2.1.1-dc6P33zSTEQFOa52i8zjSyJiSdTMvSbqWTcX5GNhelWsKCNb1lmDLZ6fTgOzbUV9',cUPMDTk:"\/api\/users\/3?__cf_chl_tk=eOub1aE6STDMaqJtT4GWfKJZ3J1LanMwQC9bE_LRre4-1769098955-1.0.1.1-K0A4uOhIiHwMx91Vii123KXHFZiVBu4ejK.9Jmaj01k",cFPWv: 'b',cITimeS: '1769098955',cTplC:0,cTplV:5,cTplB: '0',fa:"\/api\/users\/3?__cf_chl_f_tk=eOub1aE6STDMaqJtT4GWfKJZ3J1LanMwQC9bE_LRre4-1769098955-1.0.1.1-K0A4uOhIiHwMx91Vii123KXHFZiVBu4ejK.9Jmaj01k",md: 'CvMRaf_zHMdm3rHCgPTPK68dT_l8HDtD7nW5WJwyp9A-1769098955-1.2.1.1-1E6wp9lVoZWO9SMENO11WPqdrql42zp7tTXD7Hv1iJEZ0U3mDKwKo_7T6ug82HsbCRgS1YZ4nw01vUocQaj4j7clW0pwSMq_LtXd7oPXcs8ar3zwBiiBQGZttCRLHJUwcDveHXLcsQpwnkb8m5Pdo6PQyogUtv6TIfhOQwJBf40RzCItKln6HN39hhEcM73Hm.GnLYscsABP1CMk22vwa7OKaau4uVmKzDztDrBcjJaj9fMo6oBru0VFz5h5gCoAc7h3nQ8UsH5mQ7IDFVegWvbOsmu9hGqwO1AdLNqEdomGwTeSzWCOyk.z8ASsI47aChYdqYshuaIOlGAJ91kJfynlse.1vFrZSfYLnXIJkU2Ijg0fyWkzOTevzwMpebY2r10.l_CGxOjzUofarjswNM_uNefTq4HojRPwpzEz4diqnPU6czeGdEExc1gGZbvFNogAkycDNHmIXb6bvlpS2ys7rQXzhbXJ_YMvl.Rcmj37NgHrWm0apRUz6cadKEcjeh1Wc8X04gc37fvVrALXxr.n0jKw63Y7afrQRH8Km3_ns6SSf6yySKFkq7YCCZgbxcipIUdl9tVOsNIgzrNOL5vGnUSumagDIXpXTKtGAIl17GLqWORLi7dGFQPfMrTpnJlK.KLwqR4G0EOKtXZnZYmsLfbTdPZbMDZr9POL8CiafvdmpbNLfBgJXLv.Py9_KS6.eg6_1Jd9hwyLkt3dBJe4TPgRsSnUWZ8hzn8IhJZ8_ny1E_iofj1g2w5ghfFor.sowRFS6az9MRGLtoz797si84cr85jLCVxfQwIYJohbnQnoy3Um9moRZLrl6wI8POGpRUuBrzwU0x3IvPy3boFnTglqAsKfTp4iMgYKPbk4nX5j8dXUdhMyKTBgYFO.VJ6ocYQb5jMTc25GOnkthdEJN4PZuELnbuxDKrWHck9ow5o3IJ3axsppEXGSYKqr',mdrd: 'seqJ2W8USUIr6HEaNGwVEhWWy5KvHJNeBb9owQfWVPo-1769098955-1.2.1.1-WmVAMqnit1.iL0rBazkpvX6YmM5BcE_LWXHVOV_ogXJE.Y8JHJsHnPy59OtXKSeoV6Uuqs5E0eeIhbBCfzPubesoinx9Bc2td9MV4pKjUEeUHDX.JfZ.cWk5wh.zw6UmLYc7OLybtX0oVzYT1sYa3h7JbJmWeRHSXHqVhRO4v_xYQmf_e2KkKPJkzlrhrv4rDqqQkNVc2swXo.dZfJlDkcSiknr7tsV27JM3VeciUAdCWY284BF7fxEADir_yPtcFy75lKOXw4qC78x5.O9ezAokQo0H7pxmH.2YpWY6mriBYYXeqxESNargDbrTSI.k1pWzytY32Fc3KtqcJy2z4f15TapyFARWBYP42Vc_c4xYRuBkTgwgz37XKopti8jVQBS4wmi_jlW1U4Qq4rnLSyqFT8RGcfAN5DjjRGuoCg2WqJvMa4kCdQpcZ6qf5fHNreAGQbNrfVuPgAvskJLiYxvUsX2Apd4iX7Ebp.yyA3Ejfb7GIP2a3IaGghflEg7kSZY9_D5RIrqFX1hto6J1ZaSwxi.bURzDf79YQukFggARBrmb0eqL531q8ZpsGaUNN_SN2nOX0Fg92i3OjFgouUfmo7JXaXY5GiB5Hc_5KCK.WVZWZpMFzmehalVtS3YhWDEeQ3LfSwRiWJQEhAVvAzgkRVpasDReKwi_V.vTuSb4AwhbYDWyEMSaKwvOBJjJr8yZqnDzF.CGPh7pzB.v_moDgHuF4pCeGjfJ3zO.MgmOf30.0UbOj5.0Ozcn76C2jJNX4dtFzAiB93EIxWusv_lAhp2n._KtIU4U7CrPGaphm5eHpsL9mwsgcmcd6jPe2drDCFTOt1vD_T_4SafrPYO0cnlH7P6UTdFMEje3DhRdj38J.oM_50lZZYlLT9DKzhgfaMG472cbu4Q_TgW0Yt7ZlQBtjwuttXoaxT3Iqgx_AC9cmccavusQHw3Yqk0x08ThnbR9YaYVKhtwAqDYHXJgl0TH._X6TEaCXaNxyaBHZaYL9s1CcWYG6R63Dq3LMAWov_xAgEPSXx86EqOkaWwdoJLkZUCoicyHEii4JcJbGXFmiiTYHdMHb7e8L.ukf.TB8pJLmoZAezyq.o.DlVpfKFsDOJmtV_HaODKmBAIDJmXsYEh8YJc5oRExm7GZ5Mm4bjxSU7yfGuWHraHg0iCLwCeEMfblGF4ZhW81Z5KjV_qse5VByBMuNLI12vCTXS7djvj.nSZ3lglCz2L3Qa8GipoPGOmD.txsAAO7bC2MJDNdJbNQfQyHZ1mQkdY3M0O_qyWjc1.fRRUfF_awOIdvFxmxFBDk6Kp.GCjH5iCkA_bUJD78QtGVHlS57oYpl30DGYe_ct31ofVpu_gos9UYCq7RnUyZ_9j0zDNJkJYzNm4jqIPM6H4vZS26h32pDDs4VfzkJWrRH1lBoSFKn5gQUW1Bqzc7aMSQ8jReWTW9J4WEGfd2NZAEyRgCZxPACO_Gw6U2wF7DTVBA_Km5LYlGXPvwOHZi_t5AuLlyApCG82ZmkbRanPbFlyxUfsyxQdpesYDuP1lWd5AdEDkBK3suiBFoBHWwvtbiSOr4J.pziXGw3A8.uh_ahmGQ0l_43tNOJVmZwk4W.WA0FpgKa2bOnRIPhBzhg8Y6043tyS17ZKiobzC1rF7HsJWjAUhN7R4C1u5oFrIIzDuT0CgCzt8FH51iIlazQidsarF.g9k21HgZ0xLjOXwCUYuHQnBO8qTsWZblaCiLB75pASYoEY74HgtpBY8xMhnYhwaGbRlc56vabE530pk_uk8M.K9XJZ1PfPvsOou8jpMT4.q.kgRkbwftSEFo145EKkQfmpNm_eZrTVuj2I2MfXOfqPZMXGFDTTuqHG0C1m014RzmFu4XmZ5xpjUzNH2dbtYcxFES15_xj8c9RadGWM5f811UC2Xk3tURHiiz4PhYhDRb4OFKHmozsi2JFNlMrcNyrvmgiB9pZJjni4UF9TOQUNgHHQ1B9OMTDR1YETRqzunjVCNrP2HMDcPhyOHh85Mj3d7L4lNx175ciPzV.eMcCF8nzdvPQ0caHjduRW5gAUZxSx7hJvLr9lGCZ51MrrLtWnSB4MEpzGIvX8PSBZBUQ82qenDiUsHVD0OFzOcgZNvgrmoEmmQt6q5IHxU4OZS5drG3j_D85t00w01nbFL8ckC2o29ZUCOHAIa0.1jkoG6GKnreoBVrvpatqkXmbe9iNzLugbEoGLHeyLI0C_oadSz7VRK2WCP8iM8YVvAryrgAkDr.VG5fOzPv.1TaBsvwJu3CP7vR5D17ZJra6qgUUhEm0yAW4loWOeK6HFMxHSrQZyEfaLjnYDvNVhlFZKqzOfO.YVKzQITVRs1KYtPcUbc9P9N7_5uesJv_QIhGCXUzHR2yJF2bI0C7EfOuBvKv39ZBwgXMt9BdGdFknjqAVfY92RUBn6xjViauGg84_2N08A',};var a = document.createElement('script');a.src = '/cdn-cgi/challenge-platform/h/b/orchestrate/chl_page/v1?ray=9c2064153c05d76d';window._cf_chl_opt.cOgUHash = location.hash === '' && location.href.indexOf('#') !== -1 ? '#' : location.hash;window._cf_chl_opt.cOgUQuery = location.search === '' && location.href.slice(0, location.href.length - window._cf_chl_opt.cOgUHash.length).indexOf('?') !== -1 ? '?' : location.search;if (window.history && window.history.replaceState) {var ogU = location.pathname + window._cf_chl_opt.cOgUQuery + window._cf_chl_opt.cOgUHash;history.replaceState(null, null,"\/api\/users\/3?__cf_chl_rt_tk=eOub1aE6STDMaqJtT4GWfKJZ3J1LanMwQC9bE_LRre4-1769098955-1.0.1.1-K0A4uOhIiHwMx91Vii123KXHFZiVBu4ejK.9Jmaj01k"+ window._cf_chl_opt.cOgUHash);a.onload = function() {history.replaceState(null, null, ogU);}}document.getElementsByTagName('head')[0].appendChild(a);}());</script></body></html>

  @skip @CloudflareBlocked
  Scenario: Should see SINGLE USER data       &amp#27;[90m# src/test/java/API-Test.feature:14&amp#27;[0m
    &amp#27;[32mGiven &amp#27;[0m&amp#27;[32mI make a search for user &amp#27;[0m&amp#27;[32m&amp#27;[1m3&amp#27;[0m          &amp#27;[90m# StepDefinition.iMakeASearchForUser(String)&amp#27;[0m
    &amp#27;[31mThen &amp#27;[0m&amp#27;[31mI should see the following user data&amp#27;[0m &amp#27;[90m# StepDefinition.IShouldSeeFollowingUserData(DataTable)&amp#27;[0m
      &amp#27;[31mjava.lang.AssertionError: Expected 200 but got 403. Response: <!DOCTYPE html><html lang="en-US"><head><title>Just a moment...</title><meta http-equiv="Content-Type" content="text/html; charset=UTF-8"><meta http-equiv="X-UA-Compatible" content="IE=Edge"><meta name="robots" content="noindex,nofollow"><meta name="viewport" content="width=device-width,initial-scale=1"><style>*{box-sizing:border-box;margin:0;padding:0}html{line-height:1.15;-webkit-text-size-adjust:100%;color:#313131;font-family:system-ui,-apple-system,BlinkMacSystemFont,"Segoe UI",Roboto,"Helvetica Neue",Arial,"Noto Sans",sans-serif,"Apple Color Emoji","Segoe UI Emoji","Segoe UI Symbol","Noto Color Emoji"}body{display:flex;flex-direction:column;height:100vh;min-height:100vh}.main-content{margin:8rem auto;padding-left:1.5rem;max-width:60rem}@media (width <= 720px){.main-content{margin-top:4rem}}.h2{line-height:2.25rem;font-size:1.5rem;font-weight:500}@media (width <= 720px){.h2{line-height:1.5rem;font-size:1.25rem}}#challenge-error-text{background-image:url("data:image/svg+xml;base64,PHN2ZyB4bWxucz0iaHR0cDovL3d3dy53My5vcmcvMjAwMC9zdmciIHdpZHRoPSIzMiIgaGVpZ2h0PSIzMiIgZmlsbD0ibm9uZSI+PHBhdGggZmlsbD0iI0IyMEYwMyIgZD0iTTE2IDNhMTMgMTMgMCAxIDAgMTMgMTNBMTMuMDE1IDEzLjAxNSAwIDAgMCAxNiAzbTAgMjRhMTEgMTEgMCAxIDEgMTEtMTEgMTEuMDEgMTEuMDEgMCAwIDEtMTEgMTEiLz48cGF0aCBmaWxsPSIjQjIwRjAzIiBkPSJNMTcuMDM4IDE4LjYxNUgxNC44N0wxNC41NjMgOS41aDIuNzgzem0tMS4wODQgMS40MjdxLjY2IDAgMS4wNTcuMzg4LjQwNy4zODkuNDA3Ljk5NCAwIC41OTYtLjQwNy45ODQtLjM5Ny4zOS0xLjA1Ny4zODktLjY1IDAtMS4wNTYtLjM4OS0uMzk4LS4zODktLjM5OC0uOTg0IDAtLjU5Ny4zOTgtLjk4NS40MDYtLjM5NyAxLjA1Ni0uMzk3Ii8+PC9zdmc+");background-repeat:no-repeat;background-size:contain;padding-left:34px}@media (prefers-color-scheme: dark){body{background-color:#222;color:#d9d9d9}}</style><meta http-equiv="refresh" content="360"></head><body><div class="main-wrapper" role="main"><div class="main-content"><noscript><div class="h2"><span id="challenge-error-text">Enable JavaScript and cookies to continue</span></div></noscript></div></div><script>(function(){window._cf_chl_opt = {cvId: '3',cZone: 'reqres.in',cType: 'managed',cRay: '9c2064153c05d76d',cH: 'VD.8Kll8fC.PYfy6hUxuh2PyPs8U5tRC1m6nNRDElLo-1769098955-1.2.1.1-dc6P33zSTEQFOa52i8zjSyJiSdTMvSbqWTcX5GNhelWsKCNb1lmDLZ6fTgOzbUV9',cUPMDTk:"\/api\/users\/3?__cf_chl_tk=eOub1aE6STDMaqJtT4GWfKJZ3J1LanMwQC9bE_LRre4-1769098955-1.0.1.1-K0A4uOhIiHwMx91Vii123KXHFZiVBu4ejK.9Jmaj01k",cFPWv: 'b',cITimeS: '1769098955',cTplC:0,cTplV:5,cTplB: '0',fa:"\/api\/users\/3?__cf_chl_f_tk=eOub1aE6STDMaqJtT4GWfKJZ3J1LanMwQC9bE_LRre4-1769098955-1.0.1.1-K0A4uOhIiHwMx91Vii123KXHFZiVBu4ejK.9Jmaj01k",md: 'CvMRaf_zHMdm3rHCgPTPK68dT_l8HDtD7nW5WJwyp9A-1769098955-1.2.1.1-1E6wp9lVoZWO9SMENO11WPqdrql42zp7tTXD7Hv1iJEZ0U3mDKwKo_7T6ug82HsbCRgS1YZ4nw01vUocQaj4j7clW0pwSMq_LtXd7oPXcs8ar3zwBiiBQGZttCRLHJUwcDveHXLcsQpwnkb8m5Pdo6PQyogUtv6TIfhOQwJBf40RzCItKln6HN39hhEcM73Hm.GnLYscsABP1CMk22vwa7OKaau4uVmKzDztDrBcjJaj9fMo6oBru0VFz5h5gCoAc7h3nQ8UsH5mQ7IDFVegWvbOsmu9hGqwO1AdLNqEdomGwTeSzWCOyk.z8ASsI47aChYdqYshuaIOlGAJ91kJfynlse.1vFrZSfYLnXIJkU2Ijg0fyWkzOTevzwMpebY2r10.l_CGxOjzUofarjswNM_uNefTq4HojRPwpzEz4diqnPU6czeGdEExc1gGZbvFNogAkycDNHmIXb6bvlpS2ys7rQXzhbXJ_YMvl.Rcmj37NgHrWm0apRUz6cadKEcjeh1Wc8X04gc37fvVrALXxr.n0jKw63Y7afrQRH8Km3_ns6SSf6yySKFkq7YCCZgbxcipIUdl9tVOsNIgzrNOL5vGnUSumagDIXpXTKtGAIl17GLqWORLi7dGFQPfMrTpnJlK.KLwqR4G0EOKtXZnZYmsLfbTdPZbMDZr9POL8CiafvdmpbNLfBgJXLv.Py9_KS6.eg6_1Jd9hwyLkt3dBJe4TPgRsSnUWZ8hzn8IhJZ8_ny1E_iofj1g2w5ghfFor.sowRFS6az9MRGLtoz797si84cr85jLCVxfQwIYJohbnQnoy3Um9moRZLrl6wI8POGpRUuBrzwU0x3IvPy3boFnTglqAsKfTp4iMgYKPbk4nX5j8dXUdhMyKTBgYFO.VJ6ocYQb5jMTc25GOnkthdEJN4PZuELnbuxDKrWHck9ow5o3IJ3axsppEXGSYKqr',mdrd: 'seqJ2W8USUIr6HEaNGwVEhWWy5KvHJNeBb9owQfWVPo-1769098955-1.2.1.1-WmVAMqnit1.iL0rBazkpvX6YmM5BcE_LWXHVOV_ogXJE.Y8JHJsHnPy59OtXKSeoV6Uuqs5E0eeIhbBCfzPubesoinx9Bc2td9MV4pKjUEeUHDX.JfZ.cWk5wh.zw6UmLYc7OLybtX0oVzYT1sYa3h7JbJmWeRHSXHqVhRO4v_xYQmf_e2KkKPJkzlrhrv4rDqqQkNVc2swXo.dZfJlDkcSiknr7tsV27JM3VeciUAdCWY284BF7fxEADir_yPtcFy75lKOXw4qC78x5.O9ezAokQo0H7pxmH.2YpWY6mriBYYXeqxESNargDbrTSI.k1pWzytY32Fc3KtqcJy2z4f15TapyFARWBYP42Vc_c4xYRuBkTgwgz37XKopti8jVQBS4wmi_jlW1U4Qq4rnLSyqFT8RGcfAN5DjjRGuoCg2WqJvMa4kCdQpcZ6qf5fHNreAGQbNrfVuPgAvskJLiYxvUsX2Apd4iX7Ebp.yyA3Ejfb7GIP2a3IaGghflEg7kSZY9_D5RIrqFX1hto6J1ZaSwxi.bURzDf79YQukFggARBrmb0eqL531q8ZpsGaUNN_SN2nOX0Fg92i3OjFgouUfmo7JXaXY5GiB5Hc_5KCK.WVZWZpMFzmehalVtS3YhWDEeQ3LfSwRiWJQEhAVvAzgkRVpasDReKwi_V.vTuSb4AwhbYDWyEMSaKwvOBJjJr8yZqnDzF.CGPh7pzB.v_moDgHuF4pCeGjfJ3zO.MgmOf30.0UbOj5.0Ozcn76C2jJNX4dtFzAiB93EIxWusv_lAhp2n._KtIU4U7CrPGaphm5eHpsL9mwsgcmcd6jPe2drDCFTOt1vD_T_4SafrPYO0cnlH7P6UTdFMEje3DhRdj38J.oM_50lZZYlLT9DKzhgfaMG472cbu4Q_TgW0Yt7ZlQBtjwuttXoaxT3Iqgx_AC9cmccavusQHw3Yqk0x08ThnbR9YaYVKhtwAqDYHXJgl0TH._X6TEaCXaNxyaBHZaYL9s1CcWYG6R63Dq3LMAWov_xAgEPSXx86EqOkaWwdoJLkZUCoicyHEii4JcJbGXFmiiTYHdMHb7e8L.ukf.TB8pJLmoZAezyq.o.DlVpfKFsDOJmtV_HaODKmBAIDJmXsYEh8YJc5oRExm7GZ5Mm4bjxSU7yfGuWHraHg0iCLwCeEMfblGF4ZhW81Z5KjV_qse5VByBMuNLI12vCTXS7djvj.nSZ3lglCz2L3Qa8GipoPGOmD.txsAAO7bC2MJDNdJbNQfQyHZ1mQkdY3M0O_qyWjc1.fRRUfF_awOIdvFxmxFBDk6Kp.GCjH5iCkA_bUJD78QtGVHlS57oYpl30DGYe_ct31ofVpu_gos9UYCq7RnUyZ_9j0zDNJkJYzNm4jqIPM6H4vZS26h32pDDs4VfzkJWrRH1lBoSFKn5gQUW1Bqzc7aMSQ8jReWTW9J4WEGfd2NZAEyRgCZxPACO_Gw6U2wF7DTVBA_Km5LYlGXPvwOHZi_t5AuLlyApCG82ZmkbRanPbFlyxUfsyxQdpesYDuP1lWd5AdEDkBK3suiBFoBHWwvtbiSOr4J.pziXGw3A8.uh_ahmGQ0l_43tNOJVmZwk4W.WA0FpgKa2bOnRIPhBzhg8Y6043tyS17ZKiobzC1rF7HsJWjAUhN7R4C1u5oFrIIzDuT0CgCzt8FH51iIlazQidsarF.g9k21HgZ0xLjOXwCUYuHQnBO8qTsWZblaCiLB75pASYoEY74HgtpBY8xMhnYhwaGbRlc56vabE530pk_uk8M.K9XJZ1PfPvsOou8jpMT4.q.kgRkbwftSEFo145EKkQfmpNm_eZrTVuj2I2MfXOfqPZMXGFDTTuqHG0C1m014RzmFu4XmZ5xpjUzNH2dbtYcxFES15_xj8c9RadGWM5f811UC2Xk3tURHiiz4PhYhDRb4OFKHmozsi2JFNlMrcNyrvmgiB9pZJjni4UF9TOQUNgHHQ1B9OMTDR1YETRqzunjVCNrP2HMDcPhyOHh85Mj3d7L4lNx175ciPzV.eMcCF8nzdvPQ0caHjduRW5gAUZxSx7hJvLr9lGCZ51MrrLtWnSB4MEpzGIvX8PSBZBUQ82qenDiUsHVD0OFzOcgZNvgrmoEmmQt6q5IHxU4OZS5drG3j_D85t00w01nbFL8ckC2o29ZUCOHAIa0.1jkoG6GKnreoBVrvpatqkXmbe9iNzLugbEoGLHeyLI0C_oadSz7VRK2WCP8iM8YVvAryrgAkDr.VG5fOzPv.1TaBsvwJu3CP7vR5D17ZJra6qgUUhEm0yAW4loWOeK6HFMxHSrQZyEfaLjnYDvNVhlFZKqzOfO.YVKzQITVRs1KYtPcUbc9P9N7_5uesJv_QIhGCXUzHR2yJF2bI0C7EfOuBvKv39ZBwgXMt9BdGdFknjqAVfY92RUBn6xjViauGg84_2N08A',};var a = document.createElement('script');a.src = '/cdn-cgi/challenge-platform/h/b/orchestrate/chl_page/v1?ray=9c2064153c05d76d';window._cf_chl_opt.cOgUHash = location.hash === '' && location.href.indexOf('#') !== -1 ? '#' : location.hash;window._cf_chl_opt.cOgUQuery = location.search === '' && location.href.slice(0, location.href.length - window._cf_chl_opt.cOgUHash.length).indexOf('?') !== -1 ? '?' : location.search;if (window.history && window.history.replaceState) {var ogU = location.pathname + window._cf_chl_opt.cOgUQuery + window._cf_chl_opt.cOgUHash;history.replaceState(null, null,"\/api\/users\/3?__cf_chl_rt_tk=eOub1aE6STDMaqJtT4GWfKJZ3J1LanMwQC9bE_LRre4-1769098955-1.0.1.1-K0A4uOhIiHwMx91Vii123KXHFZiVBu4ejK.9Jmaj01k"+ window._cf_chl_opt.cOgUHash);a.onload = function() {history.replaceState(null, null, ogU);}}document.getElementsByTagName('head')[0].appendChild(a);}());</script></body></html>
      	at org.testng.Assert.fail(Assert.java:111)
      	at mission.StepDefinition.IShouldSeeFollowingUserData(StepDefinition.java:168)
      	at ✽.Then I should see the following user data(src/test/java/API-Test.feature:16)
      &amp#27;[0m
User search - Status: 403
User search - Body: <!DOCTYPE html><html lang="en-US"><head><title>Just a moment...</title><meta http-equiv="Content-Type" content="text/html; charset=UTF-8"><meta http-equiv="X-UA-Compatible" content="IE=Edge"><meta name="robots" content="noindex,nofollow"><meta name="viewport" content="width=device-width,initial-scale=1"><style>*{box-sizing:border-box;margin:0;padding:0}html{line-height:1.15;-webkit-text-size-adjust:100%;color:#313131;font-family:system-ui,-apple-system,BlinkMacSystemFont,"Segoe UI",Roboto,"Helvetica Neue",Arial,"Noto Sans",sans-serif,"Apple Color Emoji","Segoe UI Emoji","Segoe UI Symbol","Noto Color Emoji"}body{display:flex;flex-direction:column;height:100vh;min-height:100vh}.main-content{margin:8rem auto;padding-left:1.5rem;max-width:60rem}@media (width <= 720px){.main-content{margin-top:4rem}}.h2{line-height:2.25rem;font-size:1.5rem;font-weight:500}@media (width <= 720px){.h2{line-height:1.5rem;font-size:1.25rem}}#challenge-error-text{background-image:url("data:image/svg+xml;base64,PHN2ZyB4bWxucz0iaHR0cDovL3d3dy53My5vcmcvMjAwMC9zdmciIHdpZHRoPSIzMiIgaGVpZ2h0PSIzMiIgZmlsbD0ibm9uZSI+PHBhdGggZmlsbD0iI0IyMEYwMyIgZD0iTTE2IDNhMTMgMTMgMCAxIDAgMTMgMTNBMTMuMDE1IDEzLjAxNSAwIDAgMCAxNiAzbTAgMjRhMTEgMTEgMCAxIDEgMTEtMTEgMTEuMDEgMTEuMDEgMCAwIDEtMTEgMTEiLz48cGF0aCBmaWxsPSIjQjIwRjAzIiBkPSJNMTcuMDM4IDE4LjYxNUgxNC44N0wxNC41NjMgOS41aDIuNzgzem0tMS4wODQgMS40MjdxLjY2IDAgMS4wNTcuMzg4LjQwNy4zODkuNDA3Ljk5NCAwIC41OTYtLjQwNy45ODQtLjM5Ny4zOS0xLjA1Ny4zODktLjY1IDAtMS4wNTYtLjM4OS0uMzk4LS4zODktLjM5OC0uOTg0IDAtLjU5Ny4zOTgtLjk4NS40MDYtLjM5NyAxLjA1Ni0uMzk3Ii8+PC9zdmc+");background-repeat:no-repeat;background-size:contain;padding-left:34px}@media (prefers-color-scheme: dark){body{background-color:#222;color:#d9d9d9}}</style><meta http-equiv="refresh" content="360"></head><body><div class="main-wrapper" role="main"><div class="main-content"><noscript><div class="h2"><span id="challenge-error-text">Enable JavaScript and cookies to continue</span></div></noscript></div></div><script>(function(){window._cf_chl_opt = {cvId: '3',cZone: 'reqres.in',cType: 'managed',cRay: '9c206416da0e3d96',cH: 'X6CqX9DioK3C6m5ZG4CFDiQHPeSurqApkzZTQr5EGkw-1769098955-1.2.1.1-ggi_mXDj_Pn.apOOsjKclFA7yHWuzxORi_whIropKia2ADGM5uIC.JIvxJjbQXH_',cUPMDTk:"\/api\/users\/55?__cf_chl_tk=anH6r8c.jAnJvZw.tC3DWgBbZZbfEURE5YBp12yl8ds-1769098955-1.0.1.1-e9P95jk7dsDgBUYC.J4WmkEgQp7.iuc3CRehkL89hig",cFPWv: 'b',cITimeS: '1769098955',cTplC:0,cTplV:5,cTplB: '0',fa:"\/api\/users\/55?__cf_chl_f_tk=anH6r8c.jAnJvZw.tC3DWgBbZZbfEURE5YBp12yl8ds-1769098955-1.0.1.1-e9P95jk7dsDgBUYC.J4WmkEgQp7.iuc3CRehkL89hig",md: '82Qvv5vioQzLXdw_HvkuCmDdOih2IFjOtWbiy5CajPo-1769098955-1.2.1.1-zCgTq5pi3pitGtIyQyeApMMqHwggDLLhgcIur3MwVv1yTOhKxwpEMWgfs6tqDui0IXfv5fw5k1kDisLAL10HO72LThnH7YAbSv2U4OiArn1LIlw8Clhq3uNQaHOBiSxeTcBjwaM_X2hlTUig9lqliYwXItUjv3PH0IFh5W4a1MAkT.g.U5czZR21voE5GrUS7GrATaUZ9Xvrrhu04FwoInklDn686ngPyJE9Bze2Slg.fNu4fOeiX3_sehrJwR_30FiXbDdXEJZYkK4shBMbWbQ8WwMJ5deX4XJR3trk3gPyDJxL8Jw_Ee4ntZ1WmKa3J8PiZBIZNkpBG9KOcc3Lsyg4l_Pn91dUku44pdrHV5Bh9nPck2YLwTJhDm2f42obRRt_inBoPy7HfiQC6NFypqBPOWuftqLrpTZZi8sbVm9giaaZBLi.Av135qfB.Ih6Ugt3s.aeoGmZIoLzBc_cdAGhob7S8fnqz_SZ0xRQEvTrGrBsCsDMYlLoZyL6jaY1AY3Rlr231lSLYEAEzeJTjhGj.IR8YzS.Ll.9gD2cMZWutpW9QxOOHmTdOE5hsjzr8U.PU2jEy95GThkL23vknjGx3.X5U87Y01d0wIwtIJx.eib_bwimLVMI3EuzqMfKMA.jrFFVodmpJBrW2QLO5DRbswYqVOYNmP5E3yKeZQnyQYpFghaJfEpCElvV2E4h.XXMLMseADO1Glv0T3gxn.V8GWe0T2k_mOcEIYOueiLFfhhfZ4pNgRD6CoRiEijIhhKMu5C.OhRRslJAhe_Cw7gE_DtwZrHNFzPh7uktY2mqx53Tsyft3ZQV1LYjv4Tbd3un2eCMoWErj2LNylW3XCCmgV2cuwN_a02pjcGzevHJui_AxFJx2Qer02_q0Y3rfq1I7062adS6ibXph8nkSQGJS5ZCze7XdxXjcqi17y_o89Ep8untT8f5W2ThcYvA',mdrd: 'Zm_loisOkBYI5MI2JkAdTMkh7ETCq30d0boiEMttd1w-1769098955-1.2.1.1-3oqtDgFfaARlUMNy7ACqSqajstvPxvEcgkJVWUfvFHqE4glPoCJf6XdAhh5_9mIlFJkz0urMmTlbycpY31zdRz.i0fZBad5wL.k4x7rFdxNVYZuAzKsAma35fouLlyQORdtWtpbc5cpObjm4VcHBKzdc5tM.SJCunHBvWDu8sx54LqDmAeGxzLTwYqpoprQDnnf464CDKncboI7D9HLYiD3I5GiXF_R5fXA4_xfxlkfWnSjwoJU3V2Yt8s8P8etUxGmQq.OUXIcWPfTUlzU3vX9BN1PWnJ1UmlXPCWQiWFv6F2PJrirC2wBNFyYoWlXpxnAkRAMR9NdnW7JPYIClGNax9AZQh9zUMbLuKUbHCmpd8191.icflb7B.eMTDKxzdVLqP7w8BmTOw1B609BhiY8U28HTklT57rp6UkDzxlAXS8.x809zbg8zA53EQn48JvO22OcgSGYZeeHFw2cu0LhNsKZEuouUcwek.hio5N0M1xa6seykD6cH5bLYKlh.jCs1RE99aWK0l.RYtwvxv66FA9iH4AAwuvEHQHyLT3xVwu0oTy5K.xQ3qaKCuWmt7Fbime5mCXV6iEnVD.Bdm2xHQG7EIfIlXxzDEmLvFtV6RyEtEfiIMjyn_gwqUq4AbXUYt9pCOgTMrY.chbQHnHfPBHNoGoaGkZ5Wn1tBRiZaxdM4ARdLj4.7yRQyYQxzK07Q5hdLCDb1nKkKK8ZhjUPWd111_x9tUcpL1YfjefO3KxsSpRfpelMVWw3WVxmvl8bQ0SUQhTbkMXcIP50jLpQi4BLWDEtoKKsZVDpZJKpaksimboRldS2TAXNKtwMofTzn1Lb6ylwR0Ksf6HSyPrnGlFvjzETVVu1dd775o2D0Zo6ZVRxm2m3PEKMa0CQ7xfGPMC5Rz_EhrVOvy47BF.F69vSBZ56Zjjj2_qw..hjbbzyOzLe0UUiJxIHRtM4VX5mey3COLmP.28jAEtmTcN6qG0fGv3_9qorsJwo.mWgtvbpuEoOmsE_wTAD_RmF.b_tWf4H5LolD2dR7xWUPMYWh41z6GzPCQhNCfwyMMWJUyaJsCRvO1gERGYwUgyufDEkPB5rUKPcga2oQrJqaRg4ESxhdc51Qjhqx7VFSKo1f16gOwEU35ft19uqtcS.3bQ0XxBhnsq0K9yakqksZCJ7YFuLtrXGdb9haY362atg_t5dsA3LrNmRPVxhcD0WrpmcYanRQm5s073fqat0OUjRqulXxmCEG8TjofAuDZQB9TRRcvzL6wBHx7aYhDrZpvdAJIik0fPW9RnoOpYl7kJdAkOO0T179Q1_9jj.APZEcMY48g0yp8Qh02GeBJ4M1jWU5eUAtEd8qE5As261suhIi_PsOuiT_65qC21gb7kjN.I_cmpB5FSI1tzSCTyPVt2qOgJAETOQY8Ec0Jsb29dnw.J4zbXOS6Qf4vnM8RosNRAd24.r5_W0kWM8h_4fEsPJmhNbItigq2Qi94Sc8loUhkbx5nD9vsLeHNAay3YU_I06TivyQvT7WIoWnGeaz_gpffq1O9IAzqEEkMuyOY4mW_BncTgsCDbPW6a.kXMeZIIjrJhP1a9LARwrjbrn6u_rrtQl.odvVZZO1Mkb1EgcvZu1UIWG2GELZOZNLZ0TS8fX9R5VYdVmyGU8tfd0vrXCNgdxDHg3XqQuC.xGKXCKlowmQzCcBQsqyyab5WM4P5uzCG6ECD_wVcJTAXggEIFAsunRZyEqiic.DPblSql464RVJpI4zEVLl22Rh4kuofQG571Rjyd1EHNAVOI_0gZj9blPV7EzGfM_iW6cVpp7e1.yulgcw6aB4KV00kvrDDZ_8k6KF5CzfAFUqaAl3_EYAgRUr.3EKWcfuo5jC4nJ_qqhfgEAb.MYMi_PfU4ZY8EyAXQmPat_4GJ36Byh.c.xHQ1cRFuEeLSMX5IQWpfl8ImIIeLsAdkVdN5FDr6ymhskDvWgz9v1T8B2sO2VZJkwMF0ZrnWranm.ytHqGwavN_kXxh0OzudP_Vpq3m7q9fpe1vg6YSE00j.xsurA1A6BcUJqqaRVmL63twbpH9v1SXvmW.rs.dOpd1x9r4EZzkWd1GnIZGfFa4PPFa.QMYww._YaCppEI1CTCXUEaozvWxWAoCGIqasJaEhKwJ9FbPfP4l3jzOTZIMxnrvIu7lLMQqQSi_0aD.dHfbnMZ4nuqrgnqRbUa9VFk3iKLlHPMF6Dgw1AvxJHj3rVNm0qa3qMzsvYXOxOnzIFS1cI7KXas5nuwbheo4XjQVe7YIFqS12dMsr8JoKoXKgXpFHE.ORwAPH1DfS_9IX6rDlOkYcXgmO3Ri6wckBdz4q8hPbbZjXPSqFVdNJREkgskARjJkuL7e8btqputB1QqP2oJtp9oTjpngUH_dyLt49s7D7Lq1iq6mR8TUWJw9wdMvYlv5MCT4EnVc3ZvnYuFouL_VX2QCiYvh0Z8i4gG9f1ym6Y',};var a = document.createElement('script');a.src = '/cdn-cgi/challenge-platform/h/b/orchestrate/chl_page/v1?ray=9c206416da0e3d96';window._cf_chl_opt.cOgUHash = location.hash === '' && location.href.indexOf('#') !== -1 ? '#' : location.hash;window._cf_chl_opt.cOgUQuery = location.search === '' && location.href.slice(0, location.href.length - window._cf_chl_opt.cOgUHash.length).indexOf('?') !== -1 ? '?' : location.search;if (window.history && window.history.replaceState) {var ogU = location.pathname + window._cf_chl_opt.cOgUQuery + window._cf_chl_opt.cOgUHash;history.replaceState(null, null,"\/api\/users\/55?__cf_chl_rt_tk=anH6r8c.jAnJvZw.tC3DWgBbZZbfEURE5YBp12yl8ds-1769098955-1.0.1.1-e9P95jk7dsDgBUYC.J4WmkEgQp7.iuc3CRehkL89hig"+ window._cf_chl_opt.cOgUHash);a.onload = function() {history.replaceState(null, null, ogU);}}document.getElementsByTagName('head')[0].appendChild(a);}());</script></body></html>

  Scenario: Should see SINGLE USER NOT FOUND error code &amp#27;[90m# src/test/java/API-Test.feature:20&amp#27;[0m
    &amp#27;[32mGiven &amp#27;[0m&amp#27;[32mI make a search for user &amp#27;[0m&amp#27;[32m&amp#27;[1m55&amp#27;[0m                   &amp#27;[90m# StepDefinition.iMakeASearchForUser(String)&amp#27;[0m
    &amp#27;[32mThen &amp#27;[0m&amp#27;[32mI receive error code &amp#27;[0m&amp#27;[32m&amp#27;[1m403&amp#27;[0m&amp#27;[32m in response&amp#27;[0m           &amp#27;[90m# StepDefinition.iReceiveErrorCodeInResponse(int)&amp#27;[0m

  @skip @CloudflareBlocked
  Scenario Outline: CREATE a user                     &amp#27;[90m# src/test/java/API-Test.feature:25&amp#27;[0m
    &amp#27;[36mGiven &amp#27;[0m&amp#27;[36mI create a user with following <Name> <Job>&amp#27;[0m
    &amp#27;[36mThen &amp#27;[0m&amp#27;[36mresponse should contain the following data&amp#27;[0m

    Examples: 
Create user - Status: 403
Create user - Body: <!DOCTYPE html><html lang="en-US"><head><title>Just a moment...</title><meta http-equiv="Content-Type" content="text/html; charset=UTF-8"><meta http-equiv="X-UA-Compatible" content="IE=Edge"><meta name="robots" content="noindex,nofollow"><meta name="viewport" content="width=device-width,initial-scale=1"><style>*{box-sizing:border-box;margin:0;padding:0}html{line-height:1.15;-webkit-text-size-adjust:100%;color:#313131;font-family:system-ui,-apple-system,BlinkMacSystemFont,"Segoe UI",Roboto,"Helvetica Neue",Arial,"Noto Sans",sans-serif,"Apple Color Emoji","Segoe UI Emoji","Segoe UI Symbol","Noto Color Emoji"}body{display:flex;flex-direction:column;height:100vh;min-height:100vh}.main-content{margin:8rem auto;padding-left:1.5rem;max-width:60rem}@media (width <= 720px){.main-content{margin-top:4rem}}.h2{line-height:2.25rem;font-size:1.5rem;font-weight:500}@media (width <= 720px){.h2{line-height:1.5rem;font-size:1.25rem}}#challenge-error-text{background-image:url("data:image/svg+xml;base64,PHN2ZyB4bWxucz0iaHR0cDovL3d3dy53My5vcmcvMjAwMC9zdmciIHdpZHRoPSIzMiIgaGVpZ2h0PSIzMiIgZmlsbD0ibm9uZSI+PHBhdGggZmlsbD0iI0IyMEYwMyIgZD0iTTE2IDNhMTMgMTMgMCAxIDAgMTMgMTNBMTMuMDE1IDEzLjAxNSAwIDAgMCAxNiAzbTAgMjRhMTEgMTEgMCAxIDEgMTEtMTEgMTEuMDEgMTEuMDEgMCAwIDEtMTEgMTEiLz48cGF0aCBmaWxsPSIjQjIwRjAzIiBkPSJNMTcuMDM4IDE4LjYxNUgxNC44N0wxNC41NjMgOS41aDIuNzgzem0tMS4wODQgMS40MjdxLjY2IDAgMS4wNTcuMzg4LjQwNy4zODkuNDA3Ljk5NCAwIC41OTYtLjQwNy45ODQtLjM5Ny4zOS0xLjA1Ny4zODktLjY1IDAtMS4wNTYtLjM4OS0uMzk4LS4zODktLjM5OC0uOTg0IDAtLjU5Ny4zOTgtLjk4NS40MDYtLjM5NyAxLjA1Ni0uMzk3Ii8+PC9zdmc+");background-repeat:no-repeat;background-size:contain;padding-left:34px}@media (prefers-color-scheme: dark){body{background-color:#222;color:#d9d9d9}}</style><meta http-equiv="refresh" content="360"></head><body><div class="main-wrapper" role="main"><div class="main-content"><noscript><div class="h2"><span id="challenge-error-text">Enable JavaScript and cookies to continue</span></div></noscript></div></div><script>(function(){window._cf_chl_opt = {cvId: '3',cZone: 'reqres.in',cType: 'managed',cRay: '9c206417cfb7d11a',cH: 'otJ8_bh2XsAuvVgQ2kHb3Uf9GIU6QcBcAmPD6_lQo8A-1769098955-1.2.1.1-3nw9ehTZDQfpAqsxeoNxxELt.Y6b0TnxzJLJk0p1AJt1R82Z8VL8Cr7uJDDCgHtz',cUPMDTk:"\/api\/users?__cf_chl_tk=dUFeotsdcPOa7w9hposVU5PhKteEFWOZhog0AJQnZ.c-1769098955-1.0.1.1-C0eCUedXqS.V7KQhFQ1HWT4GfCAUEfdTjGO0TRzdH0g",cFPWv: 'b',cITimeS: '1769098955',cTplC:0,cTplV:5,cTplB: '0',fa:"\/api\/users?__cf_chl_f_tk=dUFeotsdcPOa7w9hposVU5PhKteEFWOZhog0AJQnZ.c-1769098955-1.0.1.1-C0eCUedXqS.V7KQhFQ1HWT4GfCAUEfdTjGO0TRzdH0g",md: 'nRT0JZTzlQvXNIm1yR88U.20jqS4IixaZXqozt0CW8c-1769098955-1.2.1.1-UFXqBaT._9E59SBvGURufaZQvDnbDY8hqj08OBV9qNv3G9kUZp4lgZMJQ0lv5JljZuchiTcNSzP4sP5lh3sFYudvFQIR_OAoqf..BDiOFiTX37qDliWZwjxEwg_AYJ8ReOr8b0dz9ttCW_aZC2wU4wlcFD2gDX.MbbuMGPiLdcZdptYNDDrMln9xKHgV..bGHB50hRqbiXqYmt7LYPETtZgzrl9HkbigJ5rlQPaH7S6Pl1UCBA5LUCngv4lwSu1wIXivyofnxDWnGx2HJfnt04WG_MPzHMFf9i86BQEhqA.bixdAXKOun8P8FcC3w_qkkFRcB8Syw1WO743lH5iSK4MaHwK6PfdQ6SRJnh8ycbIXUeBBZre_PlLguGx7aJrCdBQHLkz9JGPD7qP6QjC7Knts1bCKCMo7ZPveFttMJEhMlKx8visGPLQFy0bLnWR_8PAm.WHaqMdwwuY5UMjvmK1pqolOwaG8tw6X0.AViX6THiTqy48lRlYxJIZVUzvZ50VvdKGihPTCZIRYnjHX3r4Tqh8eg_LNCQc1KcYY0CUIGOVPzmjJ6dtjNUR8AJzTfaeMhixdJBTtmsB3TLmSNaME26_Vijt34ZPlCiL50a_vsUafpQy2bXjYe7jIFp67hEqL24BFHrbDLxEmGEhZfMZlk8XZ7enWhtQru3ZaSn7ZYVldS0kCKBALvlD7RXyuxfmc7vIDhCYICwXNFn8Yd.Ox9orV0kZnhYl.OeFcryp6nKLAQ6ysUO46teUt0X__A6KVgUdVtbMSC2AyHj00iXXB.aDfV6xXQfjaxVFgxJsKyVWYiu7qbkxEuIwNpyn06wmzc93AliwyElYhFk4H2AuX8K6weDpCWUbqO5Wyl3gye6_Fn1H2OyN_ExNbpjwUP4qBWfeoTtYcinK1mxFOwVggHQNAPsSbsQ5_I6RI1EIX9iCDxT_x2TWC_Xg21TJx',mdrd: 'vA3.CgO0GFw9loekm2MS9I2.rW2iolVrZfyBpdqzTtQ-1769098955-1.2.1.1-mo0LlZMfhGhLZ9ugGGR.iH_DpX0RmJMkDh80AlC46VA024Kp8zouUGXzKAl.xUkqPn_il2Kw6rhJvWLgomoBMu3cWuDxJtksvGlbaWufzfeIhoDiBGWpDObi9uzEciTFPN9KbxRz6DMkWsVtK.Htftc8jDDzdazhQSFuz5tcQ95i9fwEfxr0ufu38J1Z0QMpJFTOC47LyPl22jbt3_eS22DuWwbDnQM3oBo_CnkgwJYBEe1CtwcWTXH9CFjOSjQCTHlxwc_Mc2M3CYJUbyRNTwO1iqWdLb6l3vs7gLxOd9ut18MF6iavoWmMFzx4NOjgdggDoj5l3cqcNvEH5JW6LqLnevU3otmzKX0BUc7K3.TNbc4XGEvN_YgcQcDU9FH4CSi.Ca1yoHG5Wzak17Ijaw1kbwrXRAhRHczV9GFMN35s2A5ro1enRe8CqPBboKjqH92KUXwn.YZPWCXLzCOP7UcIs.b3HYCftJU9c6DkTB1J269feCAUPOyGjXvO1UImYGSNzMpRhYSVIf8N0ceguOpwkYWkNw.2bI9Ih22X8PVuHQarMmFujjEQxCOzUvthqoZLeF33YukmQwdrnn0ajpWik3KC4d7dZcIiJXDDBoHJm_QS0UBPUwXHvrZSf5DSM50pr_OqxODx6yuxT2evhoLX.VEwtApLQBtNl2UHbWThbgXj3HxOnFn0sLKdAFdXNsP.19II7KVn5siJejxs88zUiQ4AyQW4BVJ1LV6X01cpBvlIBZPfXOCKAMgdFjsXyZ7x93amDpMYLn.87ump6S5zq_y3SKfH81VRUFDrAivMaDkf2Se1Rg4PFzS1FZ6dSQYJObKx_RSXTNPRzE9y11eY0AorkdoLQJypa2XJXpamfT0A5PE_yOVM8awl9aHuSN0OnKDoW7jAIqTNDNlezATYF5SHq2GVBqVifgUj8bzHHM17AjZ3Kr6KmhLiXxexqxXvf62YHvd.rNvJmAySI_R.3dD8r2ieYLRpL2h8SYAGG8KklywqTciA.SbrgXAOLXxn_hTQNS9qkftJLS28Vw9Q4smI3o8uL5H4OTD5uGEdM7bF_xIWpc3W.HL4nCfFCzHDFah7vwkmxSLYMTiw6NkIf7Exx6nCnHt4qzA_wdUOpKYcbZnQjgizGAvyLibcwRP2IoA3OlXDNlwBJYNlpPMm8qT.iRKWLwxCslZ.y2MdWQrIxORdK1bn7hQxymZO2so1ASKyJmmoNlHF775v1OLCy_kibdymWk_N2FuIQJBaRH0QpS59kJXjPRNZ7fRjO.Wg39S09Y00tKkyey5Bci_lfRaCKXkP2svfkGIA3DYSuak2CtV9gBnNaLVbUBrMHHzSMRNcK._t02Wp7HELqcwqzOVSXvZE706ILsvSpful49rRWXHGlZ8vOkwd.7tLQhYa35MiX1abJcVOIPjr9fcV1bjP6X5ogYSguzMWZKNBqnp9ldLa934tckqATN2c0RuLsN3R9wZo0qUS7KMioio0N.BwUcX7jPEVOIYU2h57wLgX3gzt.9XlibcmgVLsUi4hO_UjCSANuFiY9JztOhpIGDjUvToAyq82pxhQ7cEhMUwOz57mYBanvDheZA_MNgifi4hPZh7cZihgmTE1lME9oYeKaAOyyiDzLCjNDe4gy09eejxTljScU5979kHj4o9Gptd.ngb6gcmovjPgnV4u6EUlBkWCLHG1_1AFSqXv.YMGRW4b1rbFKP1088gHvXpheUwZ8SP08.1enpUPuhz5f.0XpqHhI9.4CTmm6fDWzUG1iwEoataOoUBuvxPSSoyeb2MrLB_L.XDKHU4W1lVURZoSe.fQFjIu1zS7yQZSy84Dkm9.FGlvLzl2Jh0Pq721PQo4WMf2AEDpYUqzs9NRFTQ61OZ1oqnucjkNETyw2e4WeL5j9Tll.kgYbf78zNQNDUDQHvM8AXgGdkeAsDVSOkXFW70ywBq3iXoYQtsluzCx6cSMB5fgqGqmEO38XrCIUVHXEJ1z8GaZeW.hNb7ZN08RVyBGn7XzcjlhQtFKvPltO8uxnL0kCZz31LSjw0yJK1sMUfhDSXXu1kbGdHbv4v2srCoMU_S9ewF463baCt3sGIund3rgg3xEYvQcmixrPb_gyL49qlYKDRdCSssG9bigXNWgW8AGVVNR8c6dcNUS7NUlhS9WDB_vqkXUjK88fLoK3SkyWAIY3hCo06wg59kib3hGZRQFq_QuIL0cRpU40RH3AxYKbPEpz9NxBumZeXUS4D3klDjZ5EoxkAq2DORpHw68psvPiqr1S0ImwG9FKufFlxijub86cA0ytnfgpa__nSVbGLVob6hBqzDJTQICEXTRo4tKwXG9LNb2Bzl6YsyJYKy_yZp.0xQns.HT6ywPySIlM2aO4CSzwgrY1aCy9i.DOEBSZWgi6KGiBoiu7f_Aas54EhDp3LAHytNG4_MQ37IIVStSoTYIB3ZVpuFOCNRy8Z4RkClMMCkRfvSLh2EowwXSEb16QYxbJBI9M79vOKApdi.rsrsEySuv1got7l5h984QmCSZ30A',};var a = document.createElement('script');a.src = '/cdn-cgi/challenge-platform/h/b/orchestrate/chl_page/v1?ray=9c206417cfb7d11a';window._cf_chl_opt.cOgUHash = location.hash === '' && location.href.indexOf('#') !== -1 ? '#' : location.hash;window._cf_chl_opt.cOgUQuery = location.search === '' && location.href.slice(0, location.href.length - window._cf_chl_opt.cOgUHash.length).indexOf('?') !== -1 ? '?' : location.search;if (window.history && window.history.replaceState) {var ogU = location.pathname + window._cf_chl_opt.cOgUQuery + window._cf_chl_opt.cOgUHash;history.replaceState(null, null,"\/api\/users?__cf_chl_rt_tk=dUFeotsdcPOa7w9hposVU5PhKteEFWOZhog0AJQnZ.c-1769098955-1.0.1.1-C0eCUedXqS.V7KQhFQ1HWT4GfCAUEfdTjGO0TRzdH0g"+ window._cf_chl_opt.cOgUHash);a.onload = function() {history.replaceState(null, null, ogU);}}document.getElementsByTagName('head')[0].appendChild(a);}());</script></body></html>
Validating response fields. Status: 403
Response body: <!DOCTYPE html><html lang="en-US"><head><title>Just a moment...</title><meta http-equiv="Content-Type" content="text/html; charset=UTF-8"><meta http-equiv="X-UA-Compatible" content="IE=Edge"><meta name="robots" content="noindex,nofollow"><meta name="viewport" content="width=device-width,initial-scale=1"><style>*{box-sizing:border-box;margin:0;padding:0}html{line-height:1.15;-webkit-text-size-adjust:100%;color:#313131;font-family:system-ui,-apple-system,BlinkMacSystemFont,"Segoe UI",Roboto,"Helvetica Neue",Arial,"Noto Sans",sans-serif,"Apple Color Emoji","Segoe UI Emoji","Segoe UI Symbol","Noto Color Emoji"}body{display:flex;flex-direction:column;height:100vh;min-height:100vh}.main-content{margin:8rem auto;padding-left:1.5rem;max-width:60rem}@media (width <= 720px){.main-content{margin-top:4rem}}.h2{line-height:2.25rem;font-size:1.5rem;font-weight:500}@media (width <= 720px){.h2{line-height:1.5rem;font-size:1.25rem}}#challenge-error-text{background-image:url("data:image/svg+xml;base64,PHN2ZyB4bWxucz0iaHR0cDovL3d3dy53My5vcmcvMjAwMC9zdmciIHdpZHRoPSIzMiIgaGVpZ2h0PSIzMiIgZmlsbD0ibm9uZSI+PHBhdGggZmlsbD0iI0IyMEYwMyIgZD0iTTE2IDNhMTMgMTMgMCAxIDAgMTMgMTNBMTMuMDE1IDEzLjAxNSAwIDAgMCAxNiAzbTAgMjRhMTEgMTEgMCAxIDEgMTEtMTEgMTEuMDEgMTEuMDEgMCAwIDEtMTEgMTEiLz48cGF0aCBmaWxsPSIjQjIwRjAzIiBkPSJNMTcuMDM4IDE4LjYxNUgxNC44N0wxNC41NjMgOS41aDIuNzgzem0tMS4wODQgMS40MjdxLjY2IDAgMS4wNTcuMzg4LjQwNy4zODkuNDA3Ljk5NCAwIC41OTYtLjQwNy45ODQtLjM5Ny4zOS0xLjA1Ny4zODktLjY1IDAtMS4wNTYtLjM4OS0uMzk4LS4zODktLjM5OC0uOTg0IDAtLjU5Ny4zOTgtLjk4NS40MDYtLjM5NyAxLjA1Ni0uMzk3Ii8+PC9zdmc+");background-repeat:no-repeat;background-size:contain;padding-left:34px}@media (prefers-color-scheme: dark){body{background-color:#222;color:#d9d9d9}}</style><meta http-equiv="refresh" content="360"></head><body><div class="main-wrapper" role="main"><div class="main-content"><noscript><div class="h2"><span id="challenge-error-text">Enable JavaScript and cookies to continue</span></div></noscript></div></div><script>(function(){window._cf_chl_opt = {cvId: '3',cZone: 'reqres.in',cType: 'managed',cRay: '9c206417cfb7d11a',cH: 'otJ8_bh2XsAuvVgQ2kHb3Uf9GIU6QcBcAmPD6_lQo8A-1769098955-1.2.1.1-3nw9ehTZDQfpAqsxeoNxxELt.Y6b0TnxzJLJk0p1AJt1R82Z8VL8Cr7uJDDCgHtz',cUPMDTk:"\/api\/users?__cf_chl_tk=dUFeotsdcPOa7w9hposVU5PhKteEFWOZhog0AJQnZ.c-1769098955-1.0.1.1-C0eCUedXqS.V7KQhFQ1HWT4GfCAUEfdTjGO0TRzdH0g",cFPWv: 'b',cITimeS: '1769098955',cTplC:0,cTplV:5,cTplB: '0',fa:"\/api\/users?__cf_chl_f_tk=dUFeotsdcPOa7w9hposVU5PhKteEFWOZhog0AJQnZ.c-1769098955-1.0.1.1-C0eCUedXqS.V7KQhFQ1HWT4GfCAUEfdTjGO0TRzdH0g",md: 'nRT0JZTzlQvXNIm1yR88U.20jqS4IixaZXqozt0CW8c-1769098955-1.2.1.1-UFXqBaT._9E59SBvGURufaZQvDnbDY8hqj08OBV9qNv3G9kUZp4lgZMJQ0lv5JljZuchiTcNSzP4sP5lh3sFYudvFQIR_OAoqf..BDiOFiTX37qDliWZwjxEwg_AYJ8ReOr8b0dz9ttCW_aZC2wU4wlcFD2gDX.MbbuMGPiLdcZdptYNDDrMln9xKHgV..bGHB50hRqbiXqYmt7LYPETtZgzrl9HkbigJ5rlQPaH7S6Pl1UCBA5LUCngv4lwSu1wIXivyofnxDWnGx2HJfnt04WG_MPzHMFf9i86BQEhqA.bixdAXKOun8P8FcC3w_qkkFRcB8Syw1WO743lH5iSK4MaHwK6PfdQ6SRJnh8ycbIXUeBBZre_PlLguGx7aJrCdBQHLkz9JGPD7qP6QjC7Knts1bCKCMo7ZPveFttMJEhMlKx8visGPLQFy0bLnWR_8PAm.WHaqMdwwuY5UMjvmK1pqolOwaG8tw6X0.AViX6THiTqy48lRlYxJIZVUzvZ50VvdKGihPTCZIRYnjHX3r4Tqh8eg_LNCQc1KcYY0CUIGOVPzmjJ6dtjNUR8AJzTfaeMhixdJBTtmsB3TLmSNaME26_Vijt34ZPlCiL50a_vsUafpQy2bXjYe7jIFp67hEqL24BFHrbDLxEmGEhZfMZlk8XZ7enWhtQru3ZaSn7ZYVldS0kCKBALvlD7RXyuxfmc7vIDhCYICwXNFn8Yd.Ox9orV0kZnhYl.OeFcryp6nKLAQ6ysUO46teUt0X__A6KVgUdVtbMSC2AyHj00iXXB.aDfV6xXQfjaxVFgxJsKyVWYiu7qbkxEuIwNpyn06wmzc93AliwyElYhFk4H2AuX8K6weDpCWUbqO5Wyl3gye6_Fn1H2OyN_ExNbpjwUP4qBWfeoTtYcinK1mxFOwVggHQNAPsSbsQ5_I6RI1EIX9iCDxT_x2TWC_Xg21TJx',mdrd: 'vA3.CgO0GFw9loekm2MS9I2.rW2iolVrZfyBpdqzTtQ-1769098955-1.2.1.1-mo0LlZMfhGhLZ9ugGGR.iH_DpX0RmJMkDh80AlC46VA024Kp8zouUGXzKAl.xUkqPn_il2Kw6rhJvWLgomoBMu3cWuDxJtksvGlbaWufzfeIhoDiBGWpDObi9uzEciTFPN9KbxRz6DMkWsVtK.Htftc8jDDzdazhQSFuz5tcQ95i9fwEfxr0ufu38J1Z0QMpJFTOC47LyPl22jbt3_eS22DuWwbDnQM3oBo_CnkgwJYBEe1CtwcWTXH9CFjOSjQCTHlxwc_Mc2M3CYJUbyRNTwO1iqWdLb6l3vs7gLxOd9ut18MF6iavoWmMFzx4NOjgdggDoj5l3cqcNvEH5JW6LqLnevU3otmzKX0BUc7K3.TNbc4XGEvN_YgcQcDU9FH4CSi.Ca1yoHG5Wzak17Ijaw1kbwrXRAhRHczV9GFMN35s2A5ro1enRe8CqPBboKjqH92KUXwn.YZPWCXLzCOP7UcIs.b3HYCftJU9c6DkTB1J269feCAUPOyGjXvO1UImYGSNzMpRhYSVIf8N0ceguOpwkYWkNw.2bI9Ih22X8PVuHQarMmFujjEQxCOzUvthqoZLeF33YukmQwdrnn0ajpWik3KC4d7dZcIiJXDDBoHJm_QS0UBPUwXHvrZSf5DSM50pr_OqxODx6yuxT2evhoLX.VEwtApLQBtNl2UHbWThbgXj3HxOnFn0sLKdAFdXNsP.19II7KVn5siJejxs88zUiQ4AyQW4BVJ1LV6X01cpBvlIBZPfXOCKAMgdFjsXyZ7x93amDpMYLn.87ump6S5zq_y3SKfH81VRUFDrAivMaDkf2Se1Rg4PFzS1FZ6dSQYJObKx_RSXTNPRzE9y11eY0AorkdoLQJypa2XJXpamfT0A5PE_yOVM8awl9aHuSN0OnKDoW7jAIqTNDNlezATYF5SHq2GVBqVifgUj8bzHHM17AjZ3Kr6KmhLiXxexqxXvf62YHvd.rNvJmAySI_R.3dD8r2ieYLRpL2h8SYAGG8KklywqTciA.SbrgXAOLXxn_hTQNS9qkftJLS28Vw9Q4smI3o8uL5H4OTD5uGEdM7bF_xIWpc3W.HL4nCfFCzHDFah7vwkmxSLYMTiw6NkIf7Exx6nCnHt4qzA_wdUOpKYcbZnQjgizGAvyLibcwRP2IoA3OlXDNlwBJYNlpPMm8qT.iRKWLwxCslZ.y2MdWQrIxORdK1bn7hQxymZO2so1ASKyJmmoNlHF775v1OLCy_kibdymWk_N2FuIQJBaRH0QpS59kJXjPRNZ7fRjO.Wg39S09Y00tKkyey5Bci_lfRaCKXkP2svfkGIA3DYSuak2CtV9gBnNaLVbUBrMHHzSMRNcK._t02Wp7HELqcwqzOVSXvZE706ILsvSpful49rRWXHGlZ8vOkwd.7tLQhYa35MiX1abJcVOIPjr9fcV1bjP6X5ogYSguzMWZKNBqnp9ldLa934tckqATN2c0RuLsN3R9wZo0qUS7KMioio0N.BwUcX7jPEVOIYU2h57wLgX3gzt.9XlibcmgVLsUi4hO_UjCSANuFiY9JztOhpIGDjUvToAyq82pxhQ7cEhMUwOz57mYBanvDheZA_MNgifi4hPZh7cZihgmTE1lME9oYeKaAOyyiDzLCjNDe4gy09eejxTljScU5979kHj4o9Gptd.ngb6gcmovjPgnV4u6EUlBkWCLHG1_1AFSqXv.YMGRW4b1rbFKP1088gHvXpheUwZ8SP08.1enpUPuhz5f.0XpqHhI9.4CTmm6fDWzUG1iwEoataOoUBuvxPSSoyeb2MrLB_L.XDKHU4W1lVURZoSe.fQFjIu1zS7yQZSy84Dkm9.FGlvLzl2Jh0Pq721PQo4WMf2AEDpYUqzs9NRFTQ61OZ1oqnucjkNETyw2e4WeL5j9Tll.kgYbf78zNQNDUDQHvM8AXgGdkeAsDVSOkXFW70ywBq3iXoYQtsluzCx6cSMB5fgqGqmEO38XrCIUVHXEJ1z8GaZeW.hNb7ZN08RVyBGn7XzcjlhQtFKvPltO8uxnL0kCZz31LSjw0yJK1sMUfhDSXXu1kbGdHbv4v2srCoMU_S9ewF463baCt3sGIund3rgg3xEYvQcmixrPb_gyL49qlYKDRdCSssG9bigXNWgW8AGVVNR8c6dcNUS7NUlhS9WDB_vqkXUjK88fLoK3SkyWAIY3hCo06wg59kib3hGZRQFq_QuIL0cRpU40RH3AxYKbPEpz9NxBumZeXUS4D3klDjZ5EoxkAq2DORpHw68psvPiqr1S0ImwG9FKufFlxijub86cA0ytnfgpa__nSVbGLVob6hBqzDJTQICEXTRo4tKwXG9LNb2Bzl6YsyJYKy_yZp.0xQns.HT6ywPySIlM2aO4CSzwgrY1aCy9i.DOEBSZWgi6KGiBoiu7f_Aas54EhDp3LAHytNG4_MQ37IIVStSoTYIB3ZVpuFOCNRy8Z4RkClMMCkRfvSLh2EowwXSEb16QYxbJBI9M79vOKApdi.rsrsEySuv1got7l5h984QmCSZ30A',};var a = document.createElement('script');a.src = '/cdn-cgi/challenge-platform/h/b/orchestrate/chl_page/v1?ray=9c206417cfb7d11a';window._cf_chl_opt.cOgUHash = location.hash === '' && location.href.indexOf('#') !== -1 ? '#' : location.hash;window._cf_chl_opt.cOgUQuery = location.search === '' && location.href.slice(0, location.href.length - window._cf_chl_opt.cOgUHash.length).indexOf('?') !== -1 ? '?' : location.search;if (window.history && window.history.replaceState) {var ogU = location.pathname + window._cf_chl_opt.cOgUQuery + window._cf_chl_opt.cOgUHash;history.replaceState(null, null,"\/api\/users?__cf_chl_rt_tk=dUFeotsdcPOa7w9hposVU5PhKteEFWOZhog0AJQnZ.c-1769098955-1.0.1.1-C0eCUedXqS.V7KQhFQ1HWT4GfCAUEfdTjGO0TRzdH0g"+ window._cf_chl_opt.cOgUHash);a.onload = function() {history.replaceState(null, null, ogU);}}document.getElementsByTagName('head')[0].appendChild(a);}());</script></body></html>

  @API @skip @CloudflareBlocked
  Scenario Outline: CREATE a user                      &amp#27;[90m# src/test/java/API-Test.feature:32&amp#27;[0m
    &amp#27;[32mGiven &amp#27;[0m&amp#27;[32mI create a user with following &amp#27;[0m&amp#27;[32m&amp#27;[1mPeter&amp#27;[0m&amp#27;[32m &amp#27;[0m&amp#27;[32m&amp#27;[1mManager&amp#27;[0m &amp#27;[90m# StepDefinition.iCreateUserWithFollowing(String,String)&amp#27;[0m
    &amp#27;[31mThen &amp#27;[0m&amp#27;[31mresponse should contain the following data&amp#27;[0m    &amp#27;[90m# StepDefinition.iReceiveErrorCodeInResponse(DataTable)&amp#27;[0m
      &amp#27;[31mjava.lang.AssertionError: Expected success response but got 403
      	at org.testng.Assert.fail(Assert.java:111)
      	at mission.StepDefinition.iReceiveErrorCodeInResponse(StepDefinition.java:213)
      	at ✽.Then response should contain the following data(src/test/java/API-Test.feature:27)
      &amp#27;[0m
Create user - Status: 403
Create user - Body: <!DOCTYPE html><html lang="en-US"><head><title>Just a moment...</title><meta http-equiv="Content-Type" content="text/html; charset=UTF-8"><meta http-equiv="X-UA-Compatible" content="IE=Edge"><meta name="robots" content="noindex,nofollow"><meta name="viewport" content="width=device-width,initial-scale=1"><style>*{box-sizing:border-box;margin:0;padding:0}html{line-height:1.15;-webkit-text-size-adjust:100%;color:#313131;font-family:system-ui,-apple-system,BlinkMacSystemFont,"Segoe UI",Roboto,"Helvetica Neue",Arial,"Noto Sans",sans-serif,"Apple Color Emoji","Segoe UI Emoji","Segoe UI Symbol","Noto Color Emoji"}body{display:flex;flex-direction:column;height:100vh;min-height:100vh}.main-content{margin:8rem auto;padding-left:1.5rem;max-width:60rem}@media (width <= 720px){.main-content{margin-top:4rem}}.h2{line-height:2.25rem;font-size:1.5rem;font-weight:500}@media (width <= 720px){.h2{line-height:1.5rem;font-size:1.25rem}}#challenge-error-text{background-image:url("data:image/svg+xml;base64,PHN2ZyB4bWxucz0iaHR0cDovL3d3dy53My5vcmcvMjAwMC9zdmciIHdpZHRoPSIzMiIgaGVpZ2h0PSIzMiIgZmlsbD0ibm9uZSI+PHBhdGggZmlsbD0iI0IyMEYwMyIgZD0iTTE2IDNhMTMgMTMgMCAxIDAgMTMgMTNBMTMuMDE1IDEzLjAxNSAwIDAgMCAxNiAzbTAgMjRhMTEgMTEgMCAxIDEgMTEtMTEgMTEuMDEgMTEuMDEgMCAwIDEtMTEgMTEiLz48cGF0aCBmaWxsPSIjQjIwRjAzIiBkPSJNMTcuMDM4IDE4LjYxNUgxNC44N0wxNC41NjMgOS41aDIuNzgzem0tMS4wODQgMS40MjdxLjY2IDAgMS4wNTcuMzg4LjQwNy4zODkuNDA3Ljk5NCAwIC41OTYtLjQwNy45ODQtLjM5Ny4zOS0xLjA1Ny4zODktLjY1IDAtMS4wNTYtLjM4OS0uMzk4LS4zODktLjM5OC0uOTg0IDAtLjU5Ny4zOTgtLjk4NS40MDYtLjM5NyAxLjA1Ni0uMzk3Ii8+PC9zdmc+");background-repeat:no-repeat;background-size:contain;padding-left:34px}@media (prefers-color-scheme: dark){body{background-color:#222;color:#d9d9d9}}</style><meta http-equiv="refresh" content="360"></head><body><div class="main-wrapper" role="main"><div class="main-content"><noscript><div class="h2"><span id="challenge-error-text">Enable JavaScript and cookies to continue</span></div></noscript></div></div><script>(function(){window._cf_chl_opt = {cvId: '3',cZone: 'reqres.in',cType: 'managed',cRay: '9c206418a9f2dd46',cH: 'NioU65NjjKYPR7qacsVCr30_8tqiudTUeTp3PMyme1M-1769098955-1.2.1.1-SbvrQDo2noFjxPeqKTBL44hqZUzRWBqPpQeQ5N8QXyfFTdnSz962Dhb3Koz7dV23',cUPMDTk:"\/api\/users?__cf_chl_tk=WGNQ3k7QtXn24GBdLZICdEwNy5VnsLpBJdogUn5__A0-1769098955-1.0.1.1-kzhEtNbwHhvEa1mRtvoJRVdR6SBktkFJCf7ZBu0VUn8",cFPWv: 'b',cITimeS: '1769098955',cTplC:0,cTplV:5,cTplB: '0',fa:"\/api\/users?__cf_chl_f_tk=WGNQ3k7QtXn24GBdLZICdEwNy5VnsLpBJdogUn5__A0-1769098955-1.0.1.1-kzhEtNbwHhvEa1mRtvoJRVdR6SBktkFJCf7ZBu0VUn8",md: 'm.4IwM.Qbu0nz8qxjg29KhdHdv.3Ezxfxx.93Q1OKhY-1769098955-1.2.1.1-OFu3RCjAOS1ZzczBrRCn0gGKhwfPZBfdodNyjL4kHPTMzQERVSiL1n69njfE6vDtg79f23P6Q4NOVO2PfmcfeCkmHf_NBj8AQqlXaAzyZ1pHIALt3V1ZfhxH07XiBX9w6KL6EqmQnL1qzbugHtEDK37J1YnRVKBg1B.FUFxyI.ff.WEDhGbZ8uU25jdqvTCowA0JDKj53dmAHabpayZWn0VG43nC0bASasNvRJUHNTN3TCVuQPzBTo4R7h8qEri0zknFmwnfzYETo3R1Y_O35kX7iCLuDUc0_ZrWpE40gxG5gBt1pxU5ZM.97SHG_2YUEsE7zWVGhwKfsENTvFBbMLmGYkQ8TdFvFhrUNR0n.oXkjN_wOjnOswHBjgU7oPTX1rgaFWe8p4bA3JfcS7YdAKrRCCeFrHZqbKDrT4wb3jzI0w_aFatu57Usj0pg3.wvTyanrB5dDvh02_iyjYAALpam._j2vzRaEp1rkGylGLcosNN7efHC5ueM3cBVukh.McwxB1OAjS0rndIxHRBla0tdhpeRhkmoJ0uXF8AFLNCnUaFz4BJlAJMbB7Gerk58sn05aIrWVuE7BLx_6zs4OfDojBLH0vHDEYHP5qDloqzoTwR6tZ1JYG5VqCDLIqVeRSJteHMnkwwrx1DXhFSshAnfxYgRIcAX1s3zfB1gAj6Zqoi5sgQ05abwBCWx.gAk5fnLukdPQXkzbPrXzGKNWjdnoGOA6fet_DyrA1lwAbI5Wvhmdev9_dZFDluR2AIlzT5kIeT0vJ0_jUug96.7UM7w6LYriM7ymDIjNTwSa8v_pd44DdDHQOp2VQNPhwrB7qj.sIFft7TtLUSahlHtHR8ZDg_eEC5HkBHoebGtaOxOZBIi5gvqA7.9596hvob06JxYyw6ppQregMazN92KhFlthKMjoIu2VeBU9GSICoYUWutQ8UJkM2mgEcT1Zj8L',mdrd: 'kjdOLTmWpRlbWTld0OA0OzL.jE64LaipoX6_O3g7QMU-1769098955-1.2.1.1-nrHBCJ0guQnEzfm0aOG2F7k8Srx36JH9jTnWqtTsD1J.arkMxEgwFXbmJt7J4CED63wp6uzV9wHfnKmeLESVZdYiBLfDfa4HlENIEVo9Zfevdcnu3MowQ_aveh7j.nKdkvov2tBhwLxa0KR92DHvPgx.Mg4Ap5YUUcdD_g7N6YYEQ84aHYvfqc4pUSN5PvHlKom0kM_tivyBpj6dUvVtT7VwrJ7l71xc.gemUOIGYR1uj6P_OZZs6_5mWNJqw9_wEchb5hPEijzU6Xi4zznd1l.Bv3HYuxt72_J6kGqLGYv6JduTq9Hst6cBa.8SLbv01txPhR8gEgjeJv8oDSsbWs5OWTKGyi9JpRzSF7jhhWSRBiSnVJBJy3yePgbVclsshq2V_KYrQoq88I5N7QRuBbjEmi98gjcqgKkbtJz7JHlDvn6nIopNN_TltUMBqpOjiL_75io9gaS77MjrqFZhw1I_qSMcZRbHjD2msphTlC4viJtvGCC7ZY_UutBtz8F6BDmeY0AMYcPt9UDqY3RlRJPR2EAyBwtsdJ_8DJXdVXPzy.ZAIU3rYreiABmem9GkgGaUzpAfD8a8PAdhBiXv5Zan00j4bFCP9WZ0MBNWt7CbCuFWEw9UZoHULtx1cmvB8cSSVe2SkC5Hstz.v62GNf_9HsCu6HSQJewkBdT.uN9g29A8yixfLGER5JOlbNjkuO0z5C1lb9gHB0Cdz3pZ1s5yUcvWMAMKm9bUqMTzVZGkueRZALJR2G4ID1o0S8DaBIhfO.dP17WNfhMhhQOF1q6gXPzO7pWVq_ZIuXYUMijDaz2GciTxa47Xtmd6LwWBKuCRug9Mg2Bjro4lSk2P2iL17SQ7Ra32s9aQed_HxTljXYGxUgrErNYXb5mf7GWl9w3N2.HZ_TlAmFH5WeZUJxudASBHEfqXSJ.8FUidP3D5s5FxJvyc9a2dwc.Vbww4veiSKZw5Tcg.jaxtK7WCEMEL9d03D9qtOppGUUIycA97dczfMz5poVVUNbiy0rb8EzKqBDes1c4DBqs6qrWmoZ8JUaeFhMAcpH3twLZNhdRtp5zc7S_j9SIX_X3zr7CSjpBQM53oFTO947eZCK7T6gpHIiF5DHN06KWYvCqDSr1Jx35s6T21.cn_SWDJ9gbLu7KE71FRaRu86T0Y.JBLs45HtQPOcCpXaIFHgNWjpz2dij0K2nLkUsEWSBhLvPgSEkCZq4Jnv.dC2wqmhNnyCgS68UqSwz6DHN6Rdg6.OpNgtKu3V_eB6W_EH6goULmnZm7Fbef7UTu8L19s_szovFJYW7X_ubgUxxPW.h3Qpn8C11Y10B5Zyc2cTMb5w_q46nJo6GOCVvaHkmmCsw_hZsNJY0J3QP0oGcB8JKbCvwTpUtxAKaZ2947mlzrzBYO3owbKnOx.U89ClCw6FqO5euqnMfJzDpjqPtLarKmvnsTgpm3rg4rmNH0kJ5I5.rY0MsFrbgpysIzS2HpCSk.7ZcZpq8y4BRh_Gn7gaJrZinfAw6LB1mOT1qjj5r7a0.UCqwLnySTEfAJe1tw2mMfUGhYz4hOBHZ9IOw1kMrhnSzYSoX4ODETy6PphQIjfFhhHNuDapUWaTz.VTAqwLiZssG9uKoIvJGzQVSRnm8IYx2NZExpaijJXxK4yZ8zMOUUpwnFHc5Oxer_AtVzxexdEpETLFUNc_y5Rbv1yREk2QCmY4MLbV.MX3_JkL5pK.j322xnmOaCwoCCvY9y7no1CDBfZJkaHqVI_2C.7q9aLDl6BiTPKfg5nd44ckgrOZ9cn9eMDZJnXLVR4uM71ut_.Qojsg53a5yF7omdw4Y1nTIz5uUZlh3fACyY_unZXjF4DSmm6lmXozCF5hRTB5AFUqGs0AFnfAXakzk_S9PuyNwZcE5UtmuFW8dxopJsz6Xa6OHvgQLFV41nlsSJyKCz4GYQcQUUBrmzlMgC2N9J8ZtWTJBg8pENQqavaCKlS4R3azEQTYzRseiK7zF76dR.9vAQ_M5WEHUMsB_dNxR5pmSt190YWv86dMgDaIEfgJ3WNR.1B3TkxEDMct6C_dGo3OFYbW75rNU_6GFW0908kGe8m1JQXOCtRUk1grJaabd9JbxLpcweRZ4yqg.uX9HgEcEjy07CmSYVH_axfZJaQGVKCr3V8YhUeXaT.sgjkpEmrb0_up.NLBXEDn9ZoiMyGs0mFNASdpsgQA6boheVQ2CH3fkoNW3XbhnVLGZuM5EEC10Qfp1YOtHmEFxYvGLcSkFG3m17d8qN2vFvPJERkSlYNfkwfhZ8zJYoKmER0to18bsjvlbDsosuxnPPZFHMM8Xe4sBETbAn54Ztcr.Cm81FyBM8S9pAcCwyZP6du6NkCIhYSi0R5vphg8LEAUK51a2HOj9RuplS_Np4UUnH2JkQrDIXe6Q4.orFnvZn.GeWu0lcZ4JY4LAgbNMRVNJDDqxSf3qoe5S9YFr2hBr2lN97qw.QPAVb.74G2ZscuFxkw6wvm8Wb_goxiL6PvjbQBLeqggbxbUJt4Px30um1iezs',};var a = document.createElement('script');a.src = '/cdn-cgi/challenge-platform/h/b/orchestrate/chl_page/v1?ray=9c206418a9f2dd46';window._cf_chl_opt.cOgUHash = location.hash === '' && location.href.indexOf('#') !== -1 ? '#' : location.hash;window._cf_chl_opt.cOgUQuery = location.search === '' && location.href.slice(0, location.href.length - window._cf_chl_opt.cOgUHash.length).indexOf('?') !== -1 ? '?' : location.search;if (window.history && window.history.replaceState) {var ogU = location.pathname + window._cf_chl_opt.cOgUQuery + window._cf_chl_opt.cOgUHash;history.replaceState(null, null,"\/api\/users?__cf_chl_rt_tk=WGNQ3k7QtXn24GBdLZICdEwNy5VnsLpBJdogUn5__A0-1769098955-1.0.1.1-kzhEtNbwHhvEa1mRtvoJRVdR6SBktkFJCf7ZBu0VUn8"+ window._cf_chl_opt.cOgUHash);a.onload = function() {history.replaceState(null, null, ogU);}}document.getElementsByTagName('head')[0].appendChild(a);}());</script></body></html>
Validating response fields. Status: 403
Response body: <!DOCTYPE html><html lang="en-US"><head><title>Just a moment...</title><meta http-equiv="Content-Type" content="text/html; charset=UTF-8"><meta http-equiv="X-UA-Compatible" content="IE=Edge"><meta name="robots" content="noindex,nofollow"><meta name="viewport" content="width=device-width,initial-scale=1"><style>*{box-sizing:border-box;margin:0;padding:0}html{line-height:1.15;-webkit-text-size-adjust:100%;color:#313131;font-family:system-ui,-apple-system,BlinkMacSystemFont,"Segoe UI",Roboto,"Helvetica Neue",Arial,"Noto Sans",sans-serif,"Apple Color Emoji","Segoe UI Emoji","Segoe UI Symbol","Noto Color Emoji"}body{display:flex;flex-direction:column;height:100vh;min-height:100vh}.main-content{margin:8rem auto;padding-left:1.5rem;max-width:60rem}@media (width <= 720px){.main-content{margin-top:4rem}}.h2{line-height:2.25rem;font-size:1.5rem;font-weight:500}@media (width <= 720px){.h2{line-height:1.5rem;font-size:1.25rem}}#challenge-error-text{background-image:url("data:image/svg+xml;base64,PHN2ZyB4bWxucz0iaHR0cDovL3d3dy53My5vcmcvMjAwMC9zdmciIHdpZHRoPSIzMiIgaGVpZ2h0PSIzMiIgZmlsbD0ibm9uZSI+PHBhdGggZmlsbD0iI0IyMEYwMyIgZD0iTTE2IDNhMTMgMTMgMCAxIDAgMTMgMTNBMTMuMDE1IDEzLjAxNSAwIDAgMCAxNiAzbTAgMjRhMTEgMTEgMCAxIDEgMTEtMTEgMTEuMDEgMTEuMDEgMCAwIDEtMTEgMTEiLz48cGF0aCBmaWxsPSIjQjIwRjAzIiBkPSJNMTcuMDM4IDE4LjYxNUgxNC44N0wxNC41NjMgOS41aDIuNzgzem0tMS4wODQgMS40MjdxLjY2IDAgMS4wNTcuMzg4LjQwNy4zODkuNDA3Ljk5NCAwIC41OTYtLjQwNy45ODQtLjM5Ny4zOS0xLjA1Ny4zODktLjY1IDAtMS4wNTYtLjM4OS0uMzk4LS4zODktLjM5OC0uOTg0IDAtLjU5Ny4zOTgtLjk4NS40MDYtLjM5NyAxLjA1Ni0uMzk3Ii8+PC9zdmc+");background-repeat:no-repeat;background-size:contain;padding-left:34px}@media (prefers-color-scheme: dark){body{background-color:#222;color:#d9d9d9}}</style><meta http-equiv="refresh" content="360"></head><body><div class="main-wrapper" role="main"><div class="main-content"><noscript><div class="h2"><span id="challenge-error-text">Enable JavaScript and cookies to continue</span></div></noscript></div></div><script>(function(){window._cf_chl_opt = {cvId: '3',cZone: 'reqres.in',cType: 'managed',cRay: '9c206418a9f2dd46',cH: 'NioU65NjjKYPR7qacsVCr30_8tqiudTUeTp3PMyme1M-1769098955-1.2.1.1-SbvrQDo2noFjxPeqKTBL44hqZUzRWBqPpQeQ5N8QXyfFTdnSz962Dhb3Koz7dV23',cUPMDTk:"\/api\/users?__cf_chl_tk=WGNQ3k7QtXn24GBdLZICdEwNy5VnsLpBJdogUn5__A0-1769098955-1.0.1.1-kzhEtNbwHhvEa1mRtvoJRVdR6SBktkFJCf7ZBu0VUn8",cFPWv: 'b',cITimeS: '1769098955',cTplC:0,cTplV:5,cTplB: '0',fa:"\/api\/users?__cf_chl_f_tk=WGNQ3k7QtXn24GBdLZICdEwNy5VnsLpBJdogUn5__A0-1769098955-1.0.1.1-kzhEtNbwHhvEa1mRtvoJRVdR6SBktkFJCf7ZBu0VUn8",md: 'm.4IwM.Qbu0nz8qxjg29KhdHdv.3Ezxfxx.93Q1OKhY-1769098955-1.2.1.1-OFu3RCjAOS1ZzczBrRCn0gGKhwfPZBfdodNyjL4kHPTMzQERVSiL1n69njfE6vDtg79f23P6Q4NOVO2PfmcfeCkmHf_NBj8AQqlXaAzyZ1pHIALt3V1ZfhxH07XiBX9w6KL6EqmQnL1qzbugHtEDK37J1YnRVKBg1B.FUFxyI.ff.WEDhGbZ8uU25jdqvTCowA0JDKj53dmAHabpayZWn0VG43nC0bASasNvRJUHNTN3TCVuQPzBTo4R7h8qEri0zknFmwnfzYETo3R1Y_O35kX7iCLuDUc0_ZrWpE40gxG5gBt1pxU5ZM.97SHG_2YUEsE7zWVGhwKfsENTvFBbMLmGYkQ8TdFvFhrUNR0n.oXkjN_wOjnOswHBjgU7oPTX1rgaFWe8p4bA3JfcS7YdAKrRCCeFrHZqbKDrT4wb3jzI0w_aFatu57Usj0pg3.wvTyanrB5dDvh02_iyjYAALpam._j2vzRaEp1rkGylGLcosNN7efHC5ueM3cBVukh.McwxB1OAjS0rndIxHRBla0tdhpeRhkmoJ0uXF8AFLNCnUaFz4BJlAJMbB7Gerk58sn05aIrWVuE7BLx_6zs4OfDojBLH0vHDEYHP5qDloqzoTwR6tZ1JYG5VqCDLIqVeRSJteHMnkwwrx1DXhFSshAnfxYgRIcAX1s3zfB1gAj6Zqoi5sgQ05abwBCWx.gAk5fnLukdPQXkzbPrXzGKNWjdnoGOA6fet_DyrA1lwAbI5Wvhmdev9_dZFDluR2AIlzT5kIeT0vJ0_jUug96.7UM7w6LYriM7ymDIjNTwSa8v_pd44DdDHQOp2VQNPhwrB7qj.sIFft7TtLUSahlHtHR8ZDg_eEC5HkBHoebGtaOxOZBIi5gvqA7.9596hvob06JxYyw6ppQregMazN92KhFlthKMjoIu2VeBU9GSICoYUWutQ8UJkM2mgEcT1Zj8L',mdrd: 'kjdOLTmWpRlbWTld0OA0OzL.jE64LaipoX6_O3g7QMU-1769098955-1.2.1.1-nrHBCJ0guQnEzfm0aOG2F7k8Srx36JH9jTnWqtTsD1J.arkMxEgwFXbmJt7J4CED63wp6uzV9wHfnKmeLESVZdYiBLfDfa4HlENIEVo9Zfevdcnu3MowQ_aveh7j.nKdkvov2tBhwLxa0KR92DHvPgx.Mg4Ap5YUUcdD_g7N6YYEQ84aHYvfqc4pUSN5PvHlKom0kM_tivyBpj6dUvVtT7VwrJ7l71xc.gemUOIGYR1uj6P_OZZs6_5mWNJqw9_wEchb5hPEijzU6Xi4zznd1l.Bv3HYuxt72_J6kGqLGYv6JduTq9Hst6cBa.8SLbv01txPhR8gEgjeJv8oDSsbWs5OWTKGyi9JpRzSF7jhhWSRBiSnVJBJy3yePgbVclsshq2V_KYrQoq88I5N7QRuBbjEmi98gjcqgKkbtJz7JHlDvn6nIopNN_TltUMBqpOjiL_75io9gaS77MjrqFZhw1I_qSMcZRbHjD2msphTlC4viJtvGCC7ZY_UutBtz8F6BDmeY0AMYcPt9UDqY3RlRJPR2EAyBwtsdJ_8DJXdVXPzy.ZAIU3rYreiABmem9GkgGaUzpAfD8a8PAdhBiXv5Zan00j4bFCP9WZ0MBNWt7CbCuFWEw9UZoHULtx1cmvB8cSSVe2SkC5Hstz.v62GNf_9HsCu6HSQJewkBdT.uN9g29A8yixfLGER5JOlbNjkuO0z5C1lb9gHB0Cdz3pZ1s5yUcvWMAMKm9bUqMTzVZGkueRZALJR2G4ID1o0S8DaBIhfO.dP17WNfhMhhQOF1q6gXPzO7pWVq_ZIuXYUMijDaz2GciTxa47Xtmd6LwWBKuCRug9Mg2Bjro4lSk2P2iL17SQ7Ra32s9aQed_HxTljXYGxUgrErNYXb5mf7GWl9w3N2.HZ_TlAmFH5WeZUJxudASBHEfqXSJ.8FUidP3D5s5FxJvyc9a2dwc.Vbww4veiSKZw5Tcg.jaxtK7WCEMEL9d03D9qtOppGUUIycA97dczfMz5poVVUNbiy0rb8EzKqBDes1c4DBqs6qrWmoZ8JUaeFhMAcpH3twLZNhdRtp5zc7S_j9SIX_X3zr7CSjpBQM53oFTO947eZCK7T6gpHIiF5DHN06KWYvCqDSr1Jx35s6T21.cn_SWDJ9gbLu7KE71FRaRu86T0Y.JBLs45HtQPOcCpXaIFHgNWjpz2dij0K2nLkUsEWSBhLvPgSEkCZq4Jnv.dC2wqmhNnyCgS68UqSwz6DHN6Rdg6.OpNgtKu3V_eB6W_EH6goULmnZm7Fbef7UTu8L19s_szovFJYW7X_ubgUxxPW.h3Qpn8C11Y10B5Zyc2cTMb5w_q46nJo6GOCVvaHkmmCsw_hZsNJY0J3QP0oGcB8JKbCvwTpUtxAKaZ2947mlzrzBYO3owbKnOx.U89ClCw6FqO5euqnMfJzDpjqPtLarKmvnsTgpm3rg4rmNH0kJ5I5.rY0MsFrbgpysIzS2HpCSk.7ZcZpq8y4BRh_Gn7gaJrZinfAw6LB1mOT1qjj5r7a0.UCqwLnySTEfAJe1tw2mMfUGhYz4hOBHZ9IOw1kMrhnSzYSoX4ODETy6PphQIjfFhhHNuDapUWaTz.VTAqwLiZssG9uKoIvJGzQVSRnm8IYx2NZExpaijJXxK4yZ8zMOUUpwnFHc5Oxer_AtVzxexdEpETLFUNc_y5Rbv1yREk2QCmY4MLbV.MX3_JkL5pK.j322xnmOaCwoCCvY9y7no1CDBfZJkaHqVI_2C.7q9aLDl6BiTPKfg5nd44ckgrOZ9cn9eMDZJnXLVR4uM71ut_.Qojsg53a5yF7omdw4Y1nTIz5uUZlh3fACyY_unZXjF4DSmm6lmXozCF5hRTB5AFUqGs0AFnfAXakzk_S9PuyNwZcE5UtmuFW8dxopJsz6Xa6OHvgQLFV41nlsSJyKCz4GYQcQUUBrmzlMgC2N9J8ZtWTJBg8pENQqavaCKlS4R3azEQTYzRseiK7zF76dR.9vAQ_M5WEHUMsB_dNxR5pmSt190YWv86dMgDaIEfgJ3WNR.1B3TkxEDMct6C_dGo3OFYbW75rNU_6GFW0908kGe8m1JQXOCtRUk1grJaabd9JbxLpcweRZ4yqg.uX9HgEcEjy07CmSYVH_axfZJaQGVKCr3V8YhUeXaT.sgjkpEmrb0_up.NLBXEDn9ZoiMyGs0mFNASdpsgQA6boheVQ2CH3fkoNW3XbhnVLGZuM5EEC10Qfp1YOtHmEFxYvGLcSkFG3m17d8qN2vFvPJERkSlYNfkwfhZ8zJYoKmER0to18bsjvlbDsosuxnPPZFHMM8Xe4sBETbAn54Ztcr.Cm81FyBM8S9pAcCwyZP6du6NkCIhYSi0R5vphg8LEAUK51a2HOj9RuplS_Np4UUnH2JkQrDIXe6Q4.orFnvZn.GeWu0lcZ4JY4LAgbNMRVNJDDqxSf3qoe5S9YFr2hBr2lN97qw.QPAVb.74G2ZscuFxkw6wvm8Wb_goxiL6PvjbQBLeqggbxbUJt4Px30um1iezs',};var a = document.createElement('script');a.src = '/cdn-cgi/challenge-platform/h/b/orchestrate/chl_page/v1?ray=9c206418a9f2dd46';window._cf_chl_opt.cOgUHash = location.hash === '' && location.href.indexOf('#') !== -1 ? '#' : location.hash;window._cf_chl_opt.cOgUQuery = location.search === '' && location.href.slice(0, location.href.length - window._cf_chl_opt.cOgUHash.length).indexOf('?') !== -1 ? '?' : location.search;if (window.history && window.history.replaceState) {var ogU = location.pathname + window._cf_chl_opt.cOgUQuery + window._cf_chl_opt.cOgUHash;history.replaceState(null, null,"\/api\/users?__cf_chl_rt_tk=WGNQ3k7QtXn24GBdLZICdEwNy5VnsLpBJdogUn5__A0-1769098955-1.0.1.1-kzhEtNbwHhvEa1mRtvoJRVdR6SBktkFJCf7ZBu0VUn8"+ window._cf_chl_opt.cOgUHash);a.onload = function() {history.replaceState(null, null, ogU);}}document.getElementsByTagName('head')[0].appendChild(a);}());</script></body></html>

  @API @skip @CloudflareBlocked
  Scenario Outline: CREATE a user                   &amp#27;[90m# src/test/java/API-Test.feature:33&amp#27;[0m
    &amp#27;[32mGiven &amp#27;[0m&amp#27;[32mI create a user with following &amp#27;[0m&amp#27;[32m&amp#27;[1mLiza&amp#27;[0m&amp#27;[32m &amp#27;[0m&amp#27;[32m&amp#27;[1mSales&amp#27;[0m &amp#27;[90m# StepDefinition.iCreateUserWithFollowing(String,String)&amp#27;[0m
    &amp#27;[31mThen &amp#27;[0m&amp#27;[31mresponse should contain the following data&amp#27;[0m &amp#27;[90m# StepDefinition.iReceiveErrorCodeInResponse(DataTable)&amp#27;[0m
      &amp#27;[31mjava.lang.AssertionError: Expected success response but got 403
      	at org.testng.Assert.fail(Assert.java:111)
      	at mission.StepDefinition.iReceiveErrorCodeInResponse(StepDefinition.java:213)
      	at ✽.Then response should contain the following data(src/test/java/API-Test.feature:27)
      &amp#27;[0m
Login - Status: 403
Login - Body: <!DOCTYPE html><html lang="en-US"><head><title>Just a moment...</title><meta http-equiv="Content-Type" content="text/html; charset=UTF-8"><meta http-equiv="X-UA-Compatible" content="IE=Edge"><meta name="robots" content="noindex,nofollow"><meta name="viewport" content="width=device-width,initial-scale=1"><style>*{box-sizing:border-box;margin:0;padding:0}html{line-height:1.15;-webkit-text-size-adjust:100%;color:#313131;font-family:system-ui,-apple-system,BlinkMacSystemFont,"Segoe UI",Roboto,"Helvetica Neue",Arial,"Noto Sans",sans-serif,"Apple Color Emoji","Segoe UI Emoji","Segoe UI Symbol","Noto Color Emoji"}body{display:flex;flex-direction:column;height:100vh;min-height:100vh}.main-content{margin:8rem auto;padding-left:1.5rem;max-width:60rem}@media (width <= 720px){.main-content{margin-top:4rem}}.h2{line-height:2.25rem;font-size:1.5rem;font-weight:500}@media (width <= 720px){.h2{line-height:1.5rem;font-size:1.25rem}}#challenge-error-text{background-image:url("data:image/svg+xml;base64,PHN2ZyB4bWxucz0iaHR0cDovL3d3dy53My5vcmcvMjAwMC9zdmciIHdpZHRoPSIzMiIgaGVpZ2h0PSIzMiIgZmlsbD0ibm9uZSI+PHBhdGggZmlsbD0iI0IyMEYwMyIgZD0iTTE2IDNhMTMgMTMgMCAxIDAgMTMgMTNBMTMuMDE1IDEzLjAxNSAwIDAgMCAxNiAzbTAgMjRhMTEgMTEgMCAxIDEgMTEtMTEgMTEuMDEgMTEuMDEgMCAwIDEtMTEgMTEiLz48cGF0aCBmaWxsPSIjQjIwRjAzIiBkPSJNMTcuMDM4IDE4LjYxNUgxNC44N0wxNC41NjMgOS41aDIuNzgzem0tMS4wODQgMS40MjdxLjY2IDAgMS4wNTcuMzg4LjQwNy4zODkuNDA3Ljk5NCAwIC41OTYtLjQwNy45ODQtLjM5Ny4zOS0xLjA1Ny4zODktLjY1IDAtMS4wNTYtLjM4OS0uMzk4LS4zODktLjM5OC0uOTg0IDAtLjU5Ny4zOTgtLjk4NS40MDYtLjM5NyAxLjA1Ni0uMzk3Ii8+PC9zdmc+");background-repeat:no-repeat;background-size:contain;padding-left:34px}@media (prefers-color-scheme: dark){body{background-color:#222;color:#d9d9d9}}</style><meta http-equiv="refresh" content="360"></head><body><div class="main-wrapper" role="main"><div class="main-content"><noscript><div class="h2"><span id="challenge-error-text">Enable JavaScript and cookies to continue</span></div></noscript></div></div><script>(function(){window._cf_chl_opt = {cvId: '3',cZone: 'reqres.in',cType: 'managed',cRay: '9c2064199ba309ef',cH: 'HRXfLffgdXhEPKWuyCivD43D4SvXOVNoJ4uW3e5MjZs-1769098955-1.2.1.1-emXZCP5A7d4R0meh0T1vlVbb1JjUWXGx28FrsJmRXQr97NMZczqrqou7AcUMYlV9',cUPMDTk:"\/api\/login?__cf_chl_tk=A0LmePXj2aZWUzzwA2A3sSsYEizd60bc.8ErbmhagRQ-1769098955-1.0.1.1-.wblY.9ZYjecGoMwQkb5kz3jp.5O_wbAq8xJcTJgkus",cFPWv: 'b',cITimeS: '1769098955',cTplC:0,cTplV:5,cTplB: '0',fa:"\/api\/login?__cf_chl_f_tk=A0LmePXj2aZWUzzwA2A3sSsYEizd60bc.8ErbmhagRQ-1769098955-1.0.1.1-.wblY.9ZYjecGoMwQkb5kz3jp.5O_wbAq8xJcTJgkus",md: 'qgfWBJ9t2BKH82QvMsbE_FBwMamAHLcTtNSURkM7v9w-1769098955-1.2.1.1-_jXdQaqPfj446Uz27FJAZdWsnRhtZ6z51kGuPjtih87JryiKp0NpE3x66oLb3QF5XOKEsGjeKz1JG.7tk..F9GhQmKY4KjV.R9wawRt.yJg4aFSmFGEyqUeaFIvdBQ_tyJLzsgIT7Ih6fpDylhV1_VOOk5egSrdLY5HC7lJVeb2PDpzq4yB
[...]
Color Emoji"}body{display:flex;flex-direction:column;height:100vh;min-height:100vh}.main-content{margin:8rem auto;padding-left:1.5rem;max-width:60rem}@media (width <= 720px){.main-content{margin-top:4rem}}.h2{line-height:2.25rem;font-size:1.5rem;font-weight:500}@media (width <= 720px){.h2{line-height:1.5rem;font-size:1.25rem}}#challenge-error-text{background-image:url("data:image/svg+xml;base64,PHN2ZyB4bWxucz0iaHR0cDovL3d3dy53My5vcmcvMjAwMC9zdmciIHdpZHRoPSIzMiIgaGVpZ2h0PSIzMiIgZmlsbD0ibm9uZSI+PHBhdGggZmlsbD0iI0IyMEYwMyIgZD0iTTE2IDNhMTMgMTMgMCAxIDAgMTMgMTNBMTMuMDE1IDEzLjAxNSAwIDAgMCAxNiAzbTAgMjRhMTEgMTEgMCAxIDEgMTEtMTEgMTEuMDEgMTEuMDEgMCAwIDEtMTEgMTEiLz48cGF0aCBmaWxsPSIjQjIwRjAzIiBkPSJNMTcuMDM4IDE4LjYxNUgxNC44N0wxNC41NjMgOS41aDIuNzgzem0tMS4wODQgMS40MjdxLjY2IDAgMS4wNTcuMzg4LjQwNy4zODkuNDA3Ljk5NCAwIC41OTYtLjQwNy45ODQtLjM5Ny4zOS0xLjA1Ny4zODktLjY1IDAtMS4wNTYtLjM4OS0uMzk4LS4zODktLjM5OC0uOTg0IDAtLjU5Ny4zOTgtLjk4NS40MDYtLjM5NyAxLjA1Ni0uMzk3Ii8+PC9zdmc+");background-repeat:no-repeat;background-size:contain;padding-left:34px}@media (prefers-color-scheme: dark){body{background-color:#222;color:#d9d9d9}}</style><meta http-equiv="refresh" content="360"></head><body><div class="main-wrapper" role="main"><div class="main-content"><noscript><div class="h2"><span id="challenge-error-text">Enable JavaScript and cookies to continue</span></div></noscript></div></div><script>(function(){window._cf_chl_opt = {cvId: '3',cZone: 'reqres.in',cType: 'managed',cRay: '9c20641a7f67509a',cH: 'kHWhasUo86vnJiqn.184B2JT1IMlcH2Ey3zVVoD8gAA-1769098955-1.2.1.1-f_fEuiym61KwPQLi7Eb7TAMRlzqR64GDCaqBy1WAaLXCfo9nZEPb_vCcG3wpokFO',cUPMDTk:"\/api\/login?__cf_chl_tk=FbGjA0y3TPuKfm0Oxhar134.nEXG9ZEkkWCEsNTxZYo-1769098955-1.0.1.1-LiTD5W.b8hzWDxsLuo_Mxl9C2l6.Et6E1Pu_YYFr4Oo",cFPWv: 'b',cITimeS: '1769098955',cTplC:0,cTplV:5,cTplB: '0',fa:"\/api\/login?__cf_chl_f_tk=FbGjA0y3TPuKfm0Oxhar134.nEXG9ZEkkWCEsNTxZYo-1769098955-1.0.1.1-LiTD5W.b8hzWDxsLuo_Mxl9C2l6.Et6E1Pu_YYFr4Oo",md: 'x4r4m8xIGW5SS3.GhCoFUrnVajl5xhV1NJHCPTCPX.Y-1769098955-1.2.1.1-pG5GVSNMORwtkweZHgzJH6VHa9OxLIRuwPzjtRgpIIoiAeIiz3Yc_tKwi3WaFdAfmh9gXtmZk6pLoKvrDe8V2gCflVPOh4lqOcQoZoglMqj9yiByuPxAkuFNuhjPEE3MDscaLkLNeYPLJofqj2O92OI_wkZGQTvUOOVilPBLV4PHI64s_fxbqLQ2vBgv9wk61BD.MLpTUeY3foBKSIZN5o1Mw3CxzLKjzUjZQOq._U0IF2v4v9guzg1KJ_gYUvRPDieiX62mngWQYt5IJKYzoN7850ZgcsHarzrSQfGLbZ1hl.fgDtB9DuVTcVr_cxuhDYhdF3E8F4f0EueAVyDwOSnaBjJ37x61Lf_01sH9DYVwAS1DAmKFwVzBPHWZHCbCn_1w9Aw3BTh19p3GZsRfP6x55GHBRaiwe1vcBroBtonNdG2i.XVYhAu.jrm3W4gtNH3EdcwMQDDy8kl8DpfaqfTCrS5813fbqD_bB6cDWEWjC4QA30vfiwLDf7mrk_wqzPJ5E9CW48Al74eHNqYKW9a.8U32bz6tM1z7qDPZMLEshfcDwFmysoARgp99H1eGq.38CIwXkme1PgmzAn5ARzbPVul0oE.XYjEsjX2nmGW8LQ8eliZINx0CnKPFSHA8.5r4uEwIDNW7sN.wA1Xw3dx2HDSPlk4jWpYjtiBGk0oDOfdjIJDsgYQnwmSfTW4IVL7OUoIMICLiRsq2EfG.NO6YhUen3GWgaItUM9Ov0GS3xA9B6XWy4sKrKzeQuvfMdL5Rb2G_nJ5JSbaY8LiehGjSZRqaCuy65GuJS6eGlzcCYRQL3goawVxYw5_uzeW7lOX1OvPI2c3IMM8vHk0ATybXdDywlonWLmusymXHShacIRZCzrSSjO3UEckd21aBjYY4nTaGSBHybJGZv2AwO5zE4AZ6WLp.g_pAhu5ArmH_TKd06GNMhWNDoLL8C0NJ',mdrd: 'N_eY3vI2QZ5zW_fgWJggUGxKfzytN.GDPZAEyzSz9Rs-1769098955-1.2.1.1-Jv3M1NIVqQ8ERYquUP5fFNmhuLqIc2uMeRdrMkQK4S8mY1OAFcnknzTp6wna1DQeQMvKs2oOyoNpkxKX33j1Cprl2zUV7xAUANKuA8GFB4e430M38U3vk2ogJZWS0EAFr5fleBjggT7GRp.cX3vIWBS5.wP4Slk_FfosLniEZGr5GRQw8KjJgNybCYK4Jhu7Rhn0G9WTLprauhkPHxlglBvftXlebxQHYMUiGNFxUSkoKAw7oexz5pk64K5jj4Z19lkRArwk37.ou0aicdehwA87g1mcNOSvKQ5a.Nq7H1QPCLINlqG__T0IfF6JSqEKXGwqciTaw33ntzq3rwM68yZXZZRV1Qe_ngaHxmpPWMYrohN56ghWztE3gp0P8e_sbaDuauwAyG4OUOBN3whLkup4GKgqMP9dWigvbFmI3CYRu2Pk80B1LYRa16_Ga0VELr84bKHPZWg8stBEM97gSb1NMEGqXnacSlJ6M6wHhOp7ViaXUp6xolJyABpzKvLmOe5cDtPMQnjTBJhMYY0ea4N7HdD582xn0rN75xfeOvhYlzsp5LyGIJnl0QwWX.ctkx05_Msavb9M30deG2qgFmqqJS2XYJhlWo5ojq47lkGkWE6TimvT5bPpEIwtzmM0WJFgjnQQDeblL8cTeS6CpERf1vQl252XH8bPaoIaoQNFJbIBnLCrPnDD9gVUbjKZNRQug1PHABxKIGnc3_663PiFS6rH6uDNeoHMHhV6P43YN1Zy7wcHDUXj2R4NI8c9OeVHp5GL_.VED.e1DY3fE8onXqoTbMbjeSdOv6kUJ4rzZWXZGDv3ZgRjQWdqqbIHK1w2pntS_nqafSGdMxEw1SooXpxA1CVkgNsL816wP0iSSnFk3_zurLLe.WIe4Zz4x.alGFpPvOxX5DyjicMiMQxAeuMoeItBH7TUtTDGllbxZSQgMmCQUWaBf0kzPRUEjO8YBpSI29gGgDN.61j8ZZTiC8DHXRJ4nH0FfTsjO8SoGivd3xwGf5S.GzCCaJBksegLc0pqeDg9V9asU_QBDUEaVvDP6qRQUjsuI47dV7cBKKCoUizGuPaZASM0HnQyIBQg1ZNWW.CzqnJVUpazr4eqJMCTkKZrjbbFiEavJnXLN9hJU51A6kwp5KwaOJpz1kjNMkURyCIuTvYH0VdCkJM.l8WpSp0XnfssmCUztjbj1LCj780WKM7x8vPKmMcI0qRcyvb.cAvzQqe4jRWsB5OJusLqK5PuTsur2Fb5vtZkEaf8i0.ffGOV8H8pcln7LNbqez7hhnsAfaOLz.srJEZkGZjC1T6oWYhPUwrILNvzAXVyZfAwMUDSED6FlnYKbntmJTZaIx2qxfsY9_HpNfSGnbFUGqEkZkBmn5YwcUumOTJCp10ZxM3f3n_HZ6cyJ_7ucNbL4qD1Bsy6vjhc0WYGpGDgbn_WMY3Rnf04Ub4X399glaEwQdVl0hkPIJh4tpXRcsNEFZjMMm5H1wDDQ5r6FjpXW4hRBcxdmejTnuzmgDu3wIdfB149o7Ps4XZ6qTNl5laEQarGKsCjScQ5v4GJVAAHAwcGFl2fmwyV_gDLbtupg6v2soDNwkWG.zN6psHjVleqArrt.TwJK_qBORPJa6XfSQGu01h.wJd2pFtysVqsqIuHrTn1WiluD9k8z3o3z.etcnc3sEw7QrYXZmPz_M.l9yZdZFetQGKAD32brf8DY8eRDz5BuIR6ANrZZsN9KzzFheADysiKSsyZdowgCBqsHJifU1R1p_ROTmJxzNYgfZDw8Mp.Uj20iGb_pFRDNgN5hox0XYO4g9_e7b4wFLRjBkSdx_lu1MbFCUDr.qweQQsofvzci5VcJH7lQgkU_Qp5CHk701G9u97qOCfzH.DubJshaX7NRHG7cWDWD7iBQqwNmMnVvyKdUK0w_p2OsIBT9Id9c5grA.ei2j89bzXDTKDhggB7axHv24lm4znP_6qjdafAfYltv46Qjb26RJBkxmTTULivg1MJ8i6PCAOrYeryoiEBrTPYADBfiHSkjefaB_4otnAEBFEwqKX4FagfUTWzBRij48pCA14mdhsCssIJfAupL5bye4jSE8tN1WpX.jJd7eGqvaAvijKlroBO_BjfCOZ8C1VFBxhYQLrTPZLjtbR9AlTVvFZx6h8mEUBKDigsHSTgHDA56lQ434KH4HbFAd9pXbhWqs_HI4W3kEMu7tX0JL92efKvZc8nmvq8xGRGJe0dTRmCMRBUYtGRBQvJzUAICKjjjOlf9UgR3KmFzeNIyI9az56lXjhQkEUD5RH2gLuOLaV3PxgZL_4fyUw.BvLZiCW_z8MbopvXGXF.5pxU3LGoX9IOegAu5j2Zi.Yy9e_tZ_CKsZ2LFbGREoNJ8Afvux0XhRwUQG_gts_gCh0oYSdVgIYhFwRcZoIobudj1uRYBmW6r3bTp6SYB7b_T8046rM_mMmKNYIxNhfId2pEmEE9fpSOTShwrZPOLV4uXT9R8xNJSZYl8o4HIYYcVqv8K83z6HFoQu_e5MfI.dVRqePtAKw',};var a = document.createElement('script');a.src = '/cdn-cgi/challenge-platform/h/b/orchestrate/chl_page/v1?ray=9c20641a7f67509a';window._cf_chl_opt.cOgUHash = location.hash === '' && location.href.indexOf('#') !== -1 ? '#' : location.hash;window._cf_chl_opt.cOgUQuery = location.search === '' && location.href.slice(0, location.href.length - window._cf_chl_opt.cOgUHash.length).indexOf('?') !== -1 ? '?' : location.search;if (window.history && window.history.replaceState) {var ogU = location.pathname + window._cf_chl_opt.cOgUQuery + window._cf_chl_opt.cOgUHash;history.replaceState(null, null,"\/api\/login?__cf_chl_rt_tk=FbGjA0y3TPuKfm0Oxhar134.nEXG9ZEkkWCEsNTxZYo-1769098955-1.0.1.1-LiTD5W.b8hzWDxsLuo_Mxl9C2l6.Et6E1Pu_YYFr4Oo"+ window._cf_chl_opt.cOgUHash);a.onload = function() {history.replaceState(null, null, ogU);}}document.getElementsByTagName('head')[0].appendChild(a);}());</script></body></html> expected [true] but found [false]
      	at org.testng.Assert.fail(Assert.java:111)
      	at org.testng.Assert.failNotEquals(Assert.java:1578)
      	at org.testng.Assert.assertTrue(Assert.java:57)
      	at mission.StepDefinition.iShouldSeeTheFollowingResponseMessage(StepDefinition.java:320)
      	at ✽.And I should see the following response message:(src/test/java/API-Test.feature:48)
      &amp#27;[0m
Delayed response - Status: 403
Delayed response - Body: <!DOCTYPE html><html lang="en-US"><head><title>Just a moment...</title><meta http-equiv="Content-Type" content="text/html; charset=UTF-8"><meta http-equiv="X-UA-Compatible" content="IE=Edge"><meta name="robots" content="noindex,nofollow"><meta name="viewport" content="width=device-width,initial-scale=1"><style>*{box-sizing:border-box;margin:0;padding:0}html{line-height:1.15;-webkit-text-size-adjust:100%;color:#313131;font-family:system-ui,-apple-system,BlinkMacSystemFont,"Segoe UI",Roboto,"Helvetica Neue",Arial,"Noto Sans",sans-serif,"Apple Color Emoji","Segoe UI Emoji","Segoe UI Symbol","Noto Color Emoji"}body{display:flex;flex-direction:column;height:100vh;min-height:100vh}.main-content{margin:8rem auto;padding-left:1.5rem;max-width:60rem}@media (width <= 720px){.main-content{margin-top:4rem}}.h2{line-height:2.25rem;font-size:1.5rem;font-weight:500}@media (width <= 720px){.h2{line-height:1.5rem;font-size:1.25rem}}#challenge-error-text{background-image:url("data:image/svg+xml;base64,PHN2ZyB4bWxucz0iaHR0cDovL3d3dy53My5vcmcvMjAwMC9zdmciIHdpZHRoPSIzMiIgaGVpZ2h0PSIzMiIgZmlsbD0ibm9uZSI+PHBhdGggZmlsbD0iI0IyMEYwMyIgZD0iTTE2IDNhMTMgMTMgMCAxIDAgMTMgMTNBMTMuMDE1IDEzLjAxNSAwIDAgMCAxNiAzbTAgMjRhMTEgMTEgMCAxIDEgMTEtMTEgMTEuMDEgMTEuMDEgMCAwIDEtMTEgMTEiLz48cGF0aCBmaWxsPSIjQjIwRjAzIiBkPSJNMTcuMDM4IDE4LjYxNUgxNC44N0wxNC41NjMgOS41aDIuNzgzem0tMS4wODQgMS40MjdxLjY2IDAgMS4wNTcuMzg4LjQwNy4zODkuNDA3Ljk5NCAwIC41OTYtLjQwNy45ODQtLjM5Ny4zOS0xLjA1Ny4zODktLjY1IDAtMS4wNTYtLjM4OS0uMzk4LS4zODktLjM5OC0uOTg0IDAtLjU5Ny4zOTgtLjk4NS40MDYtLjM5NyAxLjA1Ni0uMzk3Ii8+PC9zdmc+");background-repeat:no-repeat;background-size:contain;padding-left:34px}@media (prefers-color-scheme: dark){body{background-color:#222;color:#d9d9d9}}</style><meta http-equiv="refresh" content="360"></head><body><div class="main-wrapper" role="main"><div class="main-content"><noscript><div class="h2"><span id="challenge-error-text">Enable JavaScript and cookies to continue</span></div></noscript></div></div><script>(function(){window._cf_chl_opt = {cvId: '3',cZone: 'reqres.in',cType: 'managed',cRay: '9c20641b5f7204db',cH: 'TDK8aRCpweoIpjEpWosF7fut4IBkPXMeAQhsbT819Zs-1769098956-1.2.1.1-ECMU6ahzZpR58akW3m.n3h96NOqhAM1qqAme2QViFV.FAST1cFLmIl8JCOEkP.8e',cUPMDTk:"\/api\/users?delay=3&__cf_chl_tk=bcWls6_XpKqKj9rJ6U.CLwT4M9NQt7WeqL8a5DbHtYI-1769098956-1.0.1.1-bUvoUrqabfQFFF1nqsdHlTNb4oJmaMTsL.w07Pbpqmw",cFPWv: 'b',cITimeS: '1769098956',cTplC:0,cTplV:5,cTplB: '0',fa:"\/api\/users?delay=3&__cf_chl_f_tk=bcWls6_XpKqKj9rJ6U.CLwT4M9NQt7WeqL8a5DbHtYI-1769098956-1.0.1.1-bUvoUrqabfQFFF1nqsdHlTNb4oJmaMTsL.w07Pbpqmw",md: '8rReD4iNt_dK8P6dRv5QqSTzTGTq_ZXeEoKCSauSJAU-1769098956-1.2.1.1-QAzGKPSTw0Qi0mcrYY9nKwj2vGI.QSxcchFMZaB3VZ5s.WhmERCuWIR03Vf1HGJPAyZpqLecERSH3wmAbN_yQckR6MH.h19gwyJDR520bLSSt4F6xLYTT8ObRYHFAZiuGLamnPgLatxZwK4DuAyvNriV2HKyR4.LYiQr3uyg8dy_Kx0hljVtzHBOme47JpB8s2HZXk20rJxKYm1k9MiNXOGvfPDjkyQpQD3XcH1N6vZ0Hvrwq5aQZPmyXHLYGNV1PhIvbc2lSrHB0588gVq.ZHK3S6d2YObNpF13hFU3UU6WIhYQXZxOJzyLSCWBpiVZqEkszDR79OwzQMalTHEM.BA.UKOT6EKxTeI2tTuGT_mBldMAMWbCS7CKONCvVL4XCjoPIUtJ8lAYczMzjt5XbOasIvY2YuTxk5TFhHUmlLoM68u8gzGPeqYk9f6oHB9AYx3vpkI_HJDSWI8Xh6nFUpEaQU8rQayIwXQj8UZSZnOMqAbUBrUImPiYfg9529HzS3TYI29bhqUH41romBKBMldeEk3bIEX5EQPrzPsU7ilddR24WcDGrAIucjz4RgRWJkPJEhtwlv6aZ17o8d7Htn4aCPuIIM1BQziePKZY_75dLntrTqTQb7W3YMass8J.qLoQHBu8_GE5j3rY8HvcKsrLH3zpyq3z.4I7XIfeWCUgpq9_T0xImKtaPwWsLlOiuuRF1A1cAnAUQUFusduGpkhGE8OG9byrpPeFGjpvk8Bpyc39msXK7QHdSCxdWkbpSUQ_ZpN5LPZ2.S0WnvdLUnwDA8y.V2jnwv9ENSGtiBh6HK.mOeb6Sgf96_BhvZtPKFULrjB7zABo4_m658TAZag2pnpc4lBb1QiVEjJELfkzfiHNixd4XvL1iVouFFG8_kI53H.4CqGlpSuj6CxBleAeuCNaRle.iidwzZfePwraLOdTXhfCxjE66N1MoC4D',mdrd: 'ZXKSVU0Set8Fd0r6f1g8XX.3sStawXSgT_MXqpKdDfs-1769098956-1.2.1.1-ByLSMrGv5UJxgp.sVMvQzT9aIHUmM5.w5ksjzZyzWD_Gqp90DEsI142r1I79pNEUhsZzoXG7OM09ZFZ24l4EyGTHgzFHgx6h6roArk88adKI82q4XkKfgjee1hAq3a9qFcNS8jU3BwQ73C.5HUZGn30gVlpaS50vBUHYhi2LLR5F.r4aMWJekaSv5vdMMMPuFZw6DLT5Ne5dz1aC8IA_xmF2CBZsuJoHGdEfEvYrEK2lfGnyMe.AvTDzyhNp_XKRsSi6Vii7Q0pDfW0ZxVZ6WFLNB6ropl2EK3whTAGMNmvfQMB4DI0ws8Hvwu4_tjdSQmg9rYW5eFcCMn7RdsF7HhQmg5zdxPvvbJ2n42vPlj2im3R.T2KA8AAA.8l4JPI.glPJzZaJlpfNim2wH4kTHYqJtDh6WibTf1CJxQXb5IvTlUDA4N_23DghzylJJATXmzwMXfzuj7Uf8s7n8YJeIYaY.hvLYXnjE_oemHdFJWYAC_2EO7bVu.RudCZeqZMJnKszoTbUe740vt9Jl1qh93XjxGcmSm9NC11KFycaPMdAN.Yvlw4ijo5SjP5EnqIJTm.7fJ9xYEw1i7XUXpsmUJAyyGE5wGPXikUiDtRHVEkOq1pyqIXwzUDcCu5JLu06zDELXT1lXVQkDlMav25LZ5t4YEqqMCGYTiGqfnBPEsafaafZWA0z6e55a7uWkiMgEFmKFhnqqaBJVaPvK2jKzOrIEvAGfJVqpzrUfYAdyJqXIcR_2rSH517QsHxlQ5CkCTJS2frpaogzNLGmXuxvvjjcJZ2uPRldpWLwseb7_me92vOz8s_.sWlx9nGHCMoEbpvN8R.8dp2JPuSEsqgkYGfAFdYvPrfMEQJCpW9LCb6mMnLTmKKtppx_GlO3UY3XzbchBjqss4jneInJxyyLjQStX2Fb0kOyEDp6lV.1.0rYw71ARhRY17EG6axr06EyT6.061c_z8VdLR8BBiG.OaLh4Pa67rSQNWNC3.0s6fO0jBKI1PW9YGRsQuSonawDtAVViZEmlA0qwe6r.5T0AZJ2Coe67ar9s9b75pmpqA1YEyeWZWp_qkw9gerYa2AWnZwmY3.8Ch6w9QXgj348L3jnkRE1.IIiTwaJColZrjheH7c.Bee0CtPtNRuVG9FWMYaIV1lHZ06X75Mwlb7BClu7g23D6OlCkxNGCr2UJq6zaUaJaqUOYL6TwROzmG16bx1EfyLzgZz3K72qQ5jyjL98Qyznh4JV4CTqmJiObaFXy8Qlf8z79vhDVwLDEIUHFF7wBDrQEFi6M0O0gKY9tKeZCxwulO.ss_hqTXxZ2ZPsr8.J3qwhlkUTdm1P.tXvm.kT1U95krK2PpWKwKb0yDqvPyY4IFTYh.YFXHz_PBQ1t8aStIJZ0oiGMts0PWSzQWD4vRQrlXaOXIbidmE5nruHxV82ymWCm.LnNgM_19HIax_2QtG86uANa1tcjeO_dNGUv12BTaZ.SAGxNSXhyXLFhfQuIsnxfl_mphNb5y2FKMQ672jXVijb4FLx5du7vk2QKIqzikHv8LTCBVM8H7EQpChMe0JC0a115qVk0UVQB1B1Z3ddMylOFquC6RN5JMC1Y9M0LWVq6VeBh.kzZVxpMhYDX6j5caEIwIRunrC7aojCtrsr38kAK_xkWCE1lnUV7zNUXEhIL8mApcdTKyhjed5DOs.0Be1UP0sgLlaZ3ab.klYVzPt1g3FmYa.qTO0BeuYDTHrkqSUccCbkvrneNqtynq9I2QiC27RlWYY_uFt53T6OXBMDD8qbzWI4RsduGdYHLuwVPHb5lx9F4IVtNjDVUVS4hchLVIj0kTieE8l6iv5XmenfV9zUSngyILboI0xF26ceMqckt3OAimWWdfEeEiHEWdzcMWEUppbIAc8zjSI3SGzgocPoqz9.5vcgf4T03Im3P2K7aXEZaoSgXX7XTn4GaQHgLzKiL5yyIe6A7rBPfgVqGe9WQmxzl0uNA6AWW74TNNQKHk81uWs9b4y5nstxJrHwqcLtGoff5k6cWEA3tfCOUYeZ4C72Vhe0dRRzJHDWTpi0UuziZDBbA0EOGpI88ViO9qFB5GHbJM9L4McMQ7WsxKor7bkJEkgulwOe90DWzFhaJJHdoDPTaSz_nxRK13a9kS9p5I1uPAtHgQxfpGzk_FfGimS8.8LRX428gNsp7fFr0velvt0p0nZoE_lghsyDtPmHTg8i8fp7FeQ.jSshwFpGoCOgqWe8brqCBLMeft6E8PYO0oSN8LC0btZuZxcA83h8xhTBqwm7v6qIobHUsM2A.Baxs3bi6Q70fDi0XCkDAHY1U8SlAZDJEeoGUCGfDfW7JzOzCD1sSU.5zDaHjI16V6IhHbYH5_MwPN3WqwdSYsK2KzVF5aTE1n1OwoninwPyuZncMd1f8mEmj07hPh1EROfc',};var a = document.createElement('script');a.src = '/cdn-cgi/challenge-platform/h/b/orchestrate/chl_page/v1?ray=9c20641b5f7204db';window._cf_chl_opt.cOgUHash = location.hash === '' && location.href.indexOf('#') !== -1 ? '#' : location.hash;window._cf_chl_opt.cOgUQuery = location.search === '' && location.href.slice(0, location.href.length - window._cf_chl_opt.cOgUHash.length).indexOf('?') !== -1 ? '?' : location.search;if (window.history && window.history.replaceState) {var ogU = location.pathname + window._cf_chl_opt.cOgUQuery + window._cf_chl_opt.cOgUHash;history.replaceState(null, null,"\/api\/users?delay=3&__cf_chl_rt_tk=bcWls6_XpKqKj9rJ6U.CLwT4M9NQt7WeqL8a5DbHtYI-1769098956-1.0.1.1-bUvoUrqabfQFFF1nqsdHlTNb4oJmaMTsL.w07Pbpqmw"+ window._cf_chl_opt.cOgUHash);a.onload = function() {history.replaceState(null, null, ogU);}}document.getElementsByTagName('head')[0].appendChild(a);}());</script></body></html>

  Scenario: Should see the list of users with DELAYED RESPONSE &amp#27;[90m# src/test/java/API-Test.feature:51&amp#27;[0m
    &amp#27;[32mGiven &amp#27;[0m&amp#27;[32mI wait for the user list to load&amp#27;[0m                     &amp#27;[90m# StepDefinition.iWaitForUserListToLoad()&amp#27;[0m
    &amp#27;[32mThen &amp#27;[0m&amp#27;[32mI should see that every user has a unique id&amp#27;[0m          &amp#27;[90m# StepDefinition.iShouldSeeThatEveryUserHasAUniqueID()&amp#27;[0m
]]></system-out>
    <system-err><![CDATA[SLF4J: Failed to load class "org.slf4j.impl.StaticLoggerBinder".
SLF4J: Defaulting to no-operation (NOP) logger implementation
SLF4J: See http://www.slf4j.org/codes.html#StaticLoggerBinder for further details.
API returned error: 403
API returned error: 403
]]></system-err>
  </testcase>
  <testcase name="feature[Sample Test](2)" classname="mission.RunnerTest" time="3.699">
    <system-out><![CDATA[@UI
Feature: Sample Test

  Scenario: Sample              &amp#27;[90m# src/test/java/SampleTest.feature:4&amp#27;[0m
    &amp#27;[32mGiven &amp#27;[0m&amp#27;[32mI am on the home page&amp#27;[0m &amp#27;[90m# StepDefinition.iAmOnTheHomePage()&amp#27;[0m
]]></system-out>
    <system-err><![CDATA[Jan 22, 2026 11:22:38 PM org.openqa.selenium.devtools.CdpVersionFinder findNearestMatch
WARNING: Unable to find CDP implementation matching 144
Jan 22, 2026 11:22:38 PM org.openqa.selenium.chromium.ChromiumDriver lambda$new$5
WARNING: Unable to find version of CDP to use for 144.0.7559.59. You may need to include a dependency on a specific version of the CDP using something similar to `org.seleniumhq.selenium:selenium-devtools-v86:4.27.0` where the version ("v86") matches the version of the chromium-based browser you're using and the version number of the artifact is the same as Selenium's.
]]></system-err>
  </testcase>
  <testcase name="feature[Checkout items in the basket](3)" classname="mission.RunnerTest" time="7.785">
    <system-out><![CDATA[@UI
Feature: Checkout items in the basket
  Please use home page of https://www.saucedemo.com/

  Scenario: Check item total cost and tax                           &amp#27;[90m# src/test/java/UI-Test.feature:5&amp#27;[0m
    &amp#27;[32mGiven &amp#27;[0m&amp#27;[32mI am on the home page&amp#27;[0m                                     &amp#27;[90m# StepDefinition.iAmOnTheHomePage()&amp#27;[0m
    &amp#27;[32mAnd &amp#27;[0m&amp#27;[32mI login in with the following details&amp#27;[0m                       &amp#27;[90m# StepDefinition.iLoginWithFollowingDetails(DataTable)&amp#27;[0m
    &amp#27;[32mAnd &amp#27;[0m&amp#27;[32mI add the following items to the basket&amp#27;[0m                     &amp#27;[90m# StepDefinition.iAddFollowingItemsToBasket(String>)&amp#27;[0m
    &amp#27;[32mAnd &amp#27;[0m&amp#27;[32mI  should see &amp#27;[0m&amp#27;[32m&amp#27;[1m4&amp#27;[0m&amp#27;[32m items added to the shopping cart&amp#27;[0m            &amp#27;[90m# StepDefinition.iShouldSeeItemsInCart(int)&amp#27;[0m
    &amp#27;[32mAnd &amp#27;[0m&amp#27;[32mI click on the shopping cart&amp#27;[0m                                &amp#27;[90m# StepDefinition.iClickOnShoppingCart()&amp#27;[0m
    &amp#27;[32mAnd &amp#27;[0m&amp#27;[32mI verify that the QTY count for each item should be &amp#27;[0m&amp#27;[32m&amp#27;[1m1&amp#27;[0m       &amp#27;[90m# StepDefinition.iVerifyQtyCountForEachItem(int)&amp#27;[0m
    &amp#27;[32mAnd &amp#27;[0m&amp#27;[32mI remove the following item:&amp#27;[0m                                &amp#27;[90m# StepDefinition.iRemoveFollowingItem(String>)&amp#27;[0m
    &amp#27;[32mAnd &amp#27;[0m&amp#27;[32mI  should see &amp#27;[0m&amp#27;[32m&amp#27;[1m3&amp#27;[0m&amp#27;[32m items added to the shopping cart&amp#27;[0m            &amp#27;[90m# StepDefinition.iShouldSeeItemsInCart(int)&amp#27;[0m
    &amp#27;[32mAnd &amp#27;[0m&amp#27;[32mI click on the CHECKOUT button&amp#27;[0m                              &amp#27;[90m# StepDefinition.iClickOnCheckoutButton()&amp#27;[0m
    &amp#27;[32mAnd &amp#27;[0m&amp#27;[32mI type "&amp#27;[0m&amp#27;[32m&amp#27;[1mFirstName&amp#27;[0m&amp#27;[32m" for First Name&amp#27;[0m                           &amp#27;[90m# StepDefinition.iTypeForFirstName(String)&amp#27;[0m
    &amp#27;[32mAnd &amp#27;[0m&amp#27;[32mI type "&amp#27;[0m&amp#27;[32m&amp#27;[1mLastName&amp#27;[0m&amp#27;[32m" for Last Name&amp#27;[0m                             &amp#27;[90m# StepDefinition.iTypeForLastName(String)&amp#27;[0m
    &amp#27;[32mAnd &amp#27;[0m&amp#27;[32mI type "&amp#27;[0m&amp#27;[32m&amp#27;[1mEC1A 9JU&amp#27;[0m&amp#27;[32m" for ZIP/Postal Code&amp#27;[0m                       &amp#27;[90m# StepDefinition.iTypeForPostalCode(String)&amp#27;[0m
    &amp#27;[32mWhen &amp#27;[0m&amp#27;[32mI click on the CONTINUE button&amp#27;[0m                             &amp#27;[90m# StepDefinition.iClickOnContinueButton()&amp#27;[0m
    &amp#27;[32mThen &amp#27;[0m&amp#27;[32mItem total will be equal to the total of items on the list&amp#27;[0m &amp#27;[90m# StepDefinition.itemTotalWillBeEqualToTotalOfItems()&amp#27;[0m
    &amp#27;[32mAnd &amp#27;[0m&amp#27;[32ma Tax rate of &amp#27;[0m&amp#27;[32m&amp#27;[1m8&amp#27;[0m&amp#27;[32m % is applied to the total&amp#27;[0m                   &amp#27;[90m# StepDefinition.aTaxRateIsApplied(double)&amp#27;[0m
]]></system-out>
    <system-err><![CDATA[Jan 22, 2026 11:22:40 PM org.openqa.selenium.devtools.CdpVersionFinder findNearestMatch
WARNING: Unable to find CDP implementation matching 144
Jan 22, 2026 11:22:40 PM org.openqa.selenium.chromium.ChromiumDriver lambda$new$5
WARNING: Unable to find version of CDP to use for 144.0.7559.59. You may need to include a dependency on a specific version of the CDP using something similar to `org.seleniumhq.selenium:selenium-devtools-v86:4.27.0` where the version ("v86") matches the version of the chromium-based browser you're using and the version number of the artifact is the same as Selenium's.
]]></system-err>
  </testcase>
</testsuite>