<?xml version="1.0" encoding="UTF-8"?>
<testng-results ignored="0" total="3" passed="3" failed="0" skipped="0">
  <reporter-output>
  </reporter-output>
  <suite started-at="2026-01-23T00:09:59 ICT" name="Surefire suite" finished-at="2026-01-23T00:10:15 ICT" duration-ms="16442">
    <groups>
      <group name="cucumber">
        <method signature="RunnerTest.feature(cucumber.api.testng.CucumberFeatureWrapper)[pri:0, instance:mission.RunnerTest@433d61fb]" name="feature" class="mission.RunnerTest"/>
      </group> <!-- cucumber -->
    </groups>
    <test started-at="2026-01-23T00:09:59 ICT" name="Surefire test" finished-at="2026-01-23T00:10:15 ICT" duration-ms="16442">
      <class name="mission.RunnerTest">
        <test-method is-config="true" signature="setUpClass()[pri:0, instance:mission.RunnerTest@433d61fb]" started-at="2026-01-23T00:09:59 ICT" name="setUpClass" finished-at="2026-01-23T00:09:59 ICT" duration-ms="162" status="PASS">
          <reporter-output>
          </reporter-output>
        </test-method> <!-- setUpClass -->
        <test-method signature="feature(cucumber.api.testng.CucumberFeatureWrapper)[pri:0, instance:mission.RunnerTest@433d61fb]" started-at="2026-01-23T00:09:59 ICT" name="feature" description="Runs Cucumber Feature" data-provider="features" finished-at="2026-01-23T00:10:05 ICT" duration-ms="5726" status="PASS">
          <params>
            <param index="0">
              <value>
                <![CDATA[API test]]>
              </value>
            </param>
          </params>
          <reporter-output>
          </reporter-output>
        </test-method> <!-- feature -->
        <test-method signature="feature(cucumber.api.testng.CucumberFeatureWrapper)[pri:0, instance:mission.RunnerTest@433d61fb]" started-at="2026-01-23T00:10:05 ICT" name="feature" description="Runs Cucumber Feature" data-provider="features" finished-at="2026-01-23T00:10:08 ICT" duration-ms="3306" status="PASS">
          <params>
            <param index="0">
              <value>
                <![CDATA[Sample Test]]>
              </value>
            </param>
          </params>
          <reporter-output>
          </reporter-output>
        </test-method> <!-- feature -->
        <test-method signature="feature(cucumber.api.testng.CucumberFeatureWrapper)[pri:0, instance:mission.RunnerTest@433d61fb]" started-at="2026-01-23T00:10:08 ICT" name="feature" description="Runs Cucumber Feature" data-provider="features" finished-at="2026-01-23T00:10:15 ICT" duration-ms="7054" status="PASS">
          <params>
            <param index="0">
              <value>
                <![CDATA[Checkout items in the basket]]>
              </value>
            </param>
          </params>
          <reporter-output>
          </reporter-output>
        </test-method> <!-- feature -->
        <test-method is-config="true" signature="tearDownClass()[pri:0, instance:mission.RunnerTest@433d61fb]" started-at="2026-01-23T00:10:15 ICT" name="tearDownClass" finished-at="2026-01-23T00:10:15 ICT" duration-ms="70" status="PASS">
          <reporter-output>
          </reporter-output>
        </test-method> <!-- tearDownClass -->
      </class> <!-- mission.RunnerTest -->
    </test> <!-- Surefire test -->
  </suite> <!-- Surefire suite -->
</testng-results>
