[
  {
    "line": 2,
    "elements": [
      {
        "comments": [
          {
            "line": 3,
            "value": "# Please visit https://reqres.in/"
          }
        ],
        "line": 5,
        "name": "Should see LIST USERS of all existing users",
        "description": "",
        "id": "api-test;should-see-list-users-of-all-existing-users",
        "type": "scenario",
        "keyword": "Scenario",
        "steps": [
          {
            "result": {
              "duration": 1842606556,
              "error_message": "io.restassured.path.json.exception.JsonPathException: Failed to parse the JSON document\n\tat io.restassured.path.json.JsonPath$ExceptionCatcher.invoke(JsonPath.java:1002)\n\tat io.restassured.path.json.JsonPath$4.doParseWith(JsonPath.java:967)\n\tat io.restassured.path.json.JsonPath$JsonParser.parseWith(JsonPath.java:1047)\n\tat io.restassured.path.json.JsonPath.get(JsonPath.java:202)\n\tat io.restassured.path.json.JsonPath.getInt(JsonPath.java:237)\n\tat mission.StepDefinition.iGetTheDefaultListofusers(StepDefinition.java:122)\n\tat ✽.Given I get the default list of users for on 1st page(src/test/java/API-Test.feature:6)\nCaused by: groovy.json.JsonException: Lexing failed on line: 1, column: 1, while reading \u0027\u003c\u0027, no possible valid JSON value or punctuation could be recognized.\n\tat groovy.json.JsonLexer.nextToken(JsonLexer.java:86)\n\tat groovy.json.JsonLexer$nextToken.call(Unknown Source)\n\tat org.codehaus.groovy.runtime.callsite.CallSiteArray.defaultCall(CallSiteArray.java:45)\n\tat org.codehaus.groovy.runtime.callsite.AbstractCallSite.call(AbstractCallSite.java:125)\n\tat org.codehaus.groovy.runtime.callsite.AbstractCallSite.call(AbstractCallSite.java:130)\n\tat io.restassured.internal.path.json.ConfigurableJsonSlurper.parse(ConfigurableJsonSlurper.groovy:97)\n\tat io.restassured.internal.path.json.ConfigurableJsonSlurper$parse.callCurrent(Unknown Source)\n\tat org.codehaus.groovy.runtime.callsite.CallSiteArray.defaultCallCurrent(CallSiteArray.java:49)\n\tat org.codehaus.groovy.runtime.callsite.AbstractCallSite.callCurrent(AbstractCallSite.java:171)\n\tat org.codehaus.groovy.runtime.callsite.AbstractCallSite.callCurrent(AbstractCallSite.java:185)\n\tat io.restassured.internal.path.json.ConfigurableJsonSlurper.parseText(ConfigurableJsonSlurper.groovy:83)\n\tat io.restassured.path.json.JsonPath$4$1.method(JsonPath.java:965)\n\tat io.restassured.path.json.JsonPath$ExceptionCatcher.invoke(JsonPath.java:1000)\n\tat io.restassured.path.json.JsonPath$4.doParseWith(JsonPath.java:967)\n\tat io.restassured.path.json.JsonPath$JsonParser.parseWith(JsonPath.java:1047)\n\tat io.restassured.path.json.JsonPath.get(JsonPath.java:202)\n\tat io.restassured.path.json.JsonPath.getInt(JsonPath.java:237)\n\tat mission.StepDefinition.iGetTheDefaultListofusers(StepDefinition.java:122)\n\tat java.base/jdk.internal.reflect.NativeMethodAccessorImpl.invoke0(Native Method)\n\tat java.base/jdk.internal.reflect.NativeMethodAccessorImpl.invoke(NativeMethodAccessorImpl.java:62)\n\tat java.base/jdk.internal.reflect.DelegatingMethodAccessorImpl.invoke(DelegatingMethodAccessorImpl.java:43)\n\tat java.base/java.lang.reflect.Method.invoke(Method.java:564)\n\tat cucumber.runtime.Utils$1.call(Utils.java:40)\n\tat cucumber.runtime.Timeout.timeout(Timeout.java:16)\n\tat cucumber.runtime.Utils.invoke(Utils.java:34)\n\tat cucumber.runtime.java.JavaStepDefinition.execute(JavaStepDefinition.java:38)\n\tat cucumber.runtime.StepDefinitionMatch.runStep(StepDefinitionMatch.java:37)\n\tat cucumber.runtime.Runtime.runStep(Runtime.java:300)\n\tat cucumber.runtime.model.StepContainer.runStep(StepContainer.java:44)\n\tat cucumber.runtime.model.StepContainer.runSteps(StepContainer.java:39)\n\tat cucumber.runtime.model.CucumberScenario.run(CucumberScenario.java:44)\n\tat cucumber.runtime.model.CucumberFeature.run(CucumberFeature.java:165)\n\tat cucumber.api.testng.TestNGCucumberRunner.runCucumber(TestNGCucumberRunner.java:63)\n\tat mission.RunnerTest.feature(RunnerTest.java:33)\n\tat java.base/jdk.internal.reflect.NativeMethodAccessorImpl.invoke0(Native Method)\n\tat java.base/jdk.internal.reflect.NativeMethodAccessorImpl.invoke(NativeMethodAccessorImpl.java:62)\n\tat java.base/jdk.internal.reflect.DelegatingMethodAccessorImpl.invoke(DelegatingMethodAccessorImpl.java:43)\n\tat java.base/java.lang.reflect.Method.invoke(Method.java:564)\n\tat org.testng.internal.invokers.MethodInvocationHelper.invokeMethod(MethodInvocationHelper.java:141)\n\tat org.testng.internal.invokers.TestInvoker.invokeMethod(TestInvoker.java:686)\n\tat org.testng.internal.invokers.TestInvoker.invokeTestMethod(TestInvoker.java:230)\n\tat org.testng.internal.invokers.MethodRunner.runInSequence(MethodRunner.java:63)\n\tat org.testng.internal.invokers.TestInvoker$MethodInvocationAgent.invoke(TestInvoker.java:992)\n\tat org.testng.internal.invokers.TestInvoker.invokeTestMethods(TestInvoker.java:203)\n\tat org.testng.internal.invokers.TestMethodWorker.invokeTestMethods(TestMethodWorker.java:154)\n\tat org.testng.internal.invokers.TestMethodWorker.run(TestMethodWorker.java:134)\n\tat java.base/java.util.ArrayList.forEach(ArrayList.java:1510)\n\tat org.testng.TestRunner.privateRun(TestRunner.java:739)\n\tat org.testng.TestRunner.run(TestRunner.java:614)\n\tat org.testng.SuiteRunner.runTest(SuiteRunner.java:421)\n\tat org.testng.SuiteRunner.runSequentially(SuiteRunner.java:413)\n\tat org.testng.SuiteRunner.privateRun(SuiteRunner.java:373)\n\tat org.testng.SuiteRunner.run(SuiteRunner.java:312)\n\tat org.testng.SuiteRunnerWorker.runSuite(SuiteRunnerWorker.java:52)\n\tat org.testng.SuiteRunnerWorker.run(SuiteRunnerWorker.java:95)\n\tat org.testng.TestNG.runSuitesSequentially(TestNG.java:1274)\n\tat org.testng.TestNG.runSuitesLocally(TestNG.java:1208)\n\tat org.testng.TestNG.runSuites(TestNG.java:1112)\n\tat org.testng.TestNG.run(TestNG.java:1079)\n\tat org.apache.maven.surefire.testng.TestNGExecutor.run(TestNGExecutor.java:155)\n\tat org.apache.maven.surefire.testng.TestNGDirectoryTestSuite.executeSingleClass(TestNGDirectoryTestSuite.java:102)\n\tat org.apache.maven.surefire.testng.TestNGDirectoryTestSuite.execute(TestNGDirectoryTestSuite.java:91)\n\tat org.apache.maven.surefire.testng.TestNGProvider.invoke(TestNGProvider.java:137)\n\tat org.apache.maven.surefire.booter.ForkedBooter.runSuitesInProcess(ForkedBooter.java:385)\n\tat org.apache.maven.surefire.booter.ForkedBooter.execute(ForkedBooter.java:162)\n\tat org.apache.maven.surefire.booter.ForkedBooter.run(ForkedBooter.java:507)\n\tat org.apache.maven.surefire.booter.ForkedBooter.main(ForkedBooter.java:495)\n",
              "status": "failed"
            },
            "line": 6,
            "name": "I get the default list of users for on 1st page",
            "match": {
              "location": "StepDefinition.iGetTheDefaultListofusers()"
            },
            "keyword": "Given "
          },
          {
            "result": {
              "status": "skipped"
            },
            "line": 7,
            "name": "I get the list of all users within every page",
            "match": {
              "location": "StepDefinition.iGetTheListOfAllUsers()"
            },
            "keyword": "When "
          },
          {
            "result": {
              "status": "skipped"
            },
            "line": 8,
            "name": "I should see total users count equals the number of user ids",
            "match": {
              "location": "StepDefinition.iShouldMatchTotalCount()"
            },
            "keyword": "Then "
          }
        ]
      },
      {
        "line": 11,
        "name": "Should see SINGLE USER data",
        "description": "",
        "id": "api-test;should-see-single-user-data",
        "type": "scenario",
        "keyword": "Scenario",
        "steps": [
          {
            "result": {
              "duration": 242751962,
              "status": "passed"
            },
            "line": 12,
            "name": "I make a search for user 3",
            "match": {
              "arguments": [
                {
                  "val": "3",
                  "offset": 25
                }
              ],
              "location": "StepDefinition.iMakeASearchForUser(String)"
            },
            "keyword": "Given "
          },
          {
            "result": {
              "duration": 1801868,
              "error_message": "io.restassured.path.json.exception.JsonPathException: Failed to parse the JSON document\n\tat io.restassured.path.json.JsonPath$ExceptionCatcher.invoke(JsonPath.java:1002)\n\tat io.restassured.path.json.JsonPath$4.doParseWith(JsonPath.java:967)\n\tat io.restassured.path.json.JsonPath$JsonParser.parseWith(JsonPath.java:1047)\n\tat io.restassured.path.json.JsonPath.get(JsonPath.java:202)\n\tat io.restassured.path.json.JsonPath.getString(JsonPath.java:352)\n\tat mission.StepDefinition.IShouldSeeFollowingUserData(StepDefinition.java:151)\n\tat ✽.Then I should see the following user data(src/test/java/API-Test.feature:13)\nCaused by: groovy.json.JsonException: Lexing failed on line: 1, column: 1, while reading \u0027\u003c\u0027, no possible valid JSON value or punctuation could be recognized.\n\tat groovy.json.JsonLexer.nextToken(JsonLexer.java:86)\n\tat groovy.json.JsonLexer$nextToken.call(Unknown Source)\n\tat io.restassured.internal.path.json.ConfigurableJsonSlurper.parse(ConfigurableJsonSlurper.groovy:97)\n\tat io.restassured.internal.path.json.ConfigurableJsonSlurper$parse.callCurrent(Unknown Source)\n\tat io.restassured.internal.path.json.ConfigurableJsonSlurper.parseText(ConfigurableJsonSlurper.groovy:83)\n\tat io.restassured.path.json.JsonPath$4$1.method(JsonPath.java:965)\n\tat io.restassured.path.json.JsonPath$ExceptionCatcher.invoke(JsonPath.java:1000)\n\tat io.restassured.path.json.JsonPath$4.doParseWith(JsonPath.java:967)\n\tat io.restassured.path.json.JsonPath$JsonParser.parseWith(JsonPath.java:1047)\n\tat io.restassured.path.json.JsonPath.get(JsonPath.java:202)\n\tat io.restassured.path.json.JsonPath.getString(JsonPath.java:352)\n\tat mission.StepDefinition.IShouldSeeFollowingUserData(StepDefinition.java:151)\n\tat java.base/jdk.internal.reflect.NativeMethodAccessorImpl.invoke0(Native Method)\n\tat java.base/jdk.internal.reflect.NativeMethodAccessorImpl.invoke(NativeMethodAccessorImpl.java:62)\n\tat java.base/jdk.internal.reflect.DelegatingMethodAccessorImpl.invoke(DelegatingMethodAccessorImpl.java:43)\n\tat java.base/java.lang.reflect.Method.invoke(Method.java:564)\n\tat cucumber.runtime.Utils$1.call(Utils.java:40)\n\tat cucumber.runtime.Timeout.timeout(Timeout.java:16)\n\tat cucumber.runtime.Utils.invoke(Utils.java:34)\n\tat cucumber.runtime.java.JavaStepDefinition.execute(JavaStepDefinition.java:38)\n\tat cucumber.runtime.StepDefinitionMatch.runStep(StepDefinitionMatch.java:37)\n\tat cucumber.runtime.Runtime.runStep(Runtime.java:300)\n\tat cucumber.runtime.model.StepContainer.runStep(StepContainer.java:44)\n\tat cucumber.runtime.model.StepContainer.runSteps(StepContainer.java:39)\n\tat cucumber.runtime.model.CucumberScenario.run(CucumberScenario.java:44)\n\tat cucumber.runtime.model.CucumberFeature.run(CucumberFeature.java:165)\n\tat cucumber.api.testng.TestNGCucumberRunner.runCucumber(TestNGCucumberRunner.java:63)\n\tat mission.RunnerTest.feature(RunnerTest.java:33)\n\tat java.base/jdk.internal.reflect.NativeMethodAccessorImpl.invoke0(Native Method)\n\tat java.base/jdk.internal.reflect.NativeMethodAccessorImpl.invoke(NativeMethodAccessorImpl.java:62)\n\tat java.base/jdk.internal.reflect.DelegatingMethodAccessorImpl.invoke(DelegatingMethodAccessorImpl.java:43)\n\tat java.base/java.lang.reflect.Method.invoke(Method.java:564)\n\tat org.testng.internal.invokers.MethodInvocationHelper.invokeMethod(MethodInvocationHelper.java:141)\n\tat org.testng.internal.invokers.TestInvoker.invokeMethod(TestInvoker.java:686)\n\tat org.testng.internal.invokers.TestInvoker.invokeTestMethod(TestInvoker.java:230)\n\tat org.testng.internal.invokers.MethodRunner.runInSequence(MethodRunner.java:63)\n\tat org.testng.internal.invokers.TestInvoker$MethodInvocationAgent.invoke(TestInvoker.java:992)\n\tat org.testng.internal.invokers.TestInvoker.invokeTestMethods(TestInvoker.java:203)\n\tat org.testng.internal.invokers.TestMethodWorker.invokeTestMethods(TestMethodWorker.java:154)\n\tat org.testng.internal.invokers.TestMethodWorker.run(TestMethodWorker.java:134)\n\tat java.base/java.util.ArrayList.forEach(ArrayList.java:1510)\n\tat org.testng.TestRunner.privateRun(TestRunner.java:739)\n\tat org.testng.TestRunner.run(TestRunner.java:614)\n\tat org.testng.SuiteRunner.runTest(SuiteRunner.java:421)\n\tat org.testng.SuiteRunner.runSequentially(SuiteRunner.java:413)\n\tat org.testng.SuiteRunner.privateRun(SuiteRunner.java:373)\n\tat org.testng.SuiteRunner.run(SuiteRunner.java:312)\n\tat org.testng.SuiteRunnerWorker.runSuite(SuiteRunnerWorker.java:52)\n\tat org.testng.SuiteRunnerWorker.run(SuiteRunnerWorker.java:95)\n\tat org.testng.TestNG.runSuitesSequentially(TestNG.java:1274)\n\tat org.testng.TestNG.runSuitesLocally(TestNG.java:1208)\n\tat org.testng.TestNG.runSuites(TestNG.java:1112)\n\tat org.testng.TestNG.run(TestNG.java:1079)\n\tat org.apache.maven.surefire.testng.TestNGExecutor.run(TestNGExecutor.java:155)\n\tat org.apache.maven.surefire.testng.TestNGDirectoryTestSuite.executeSingleClass(TestNGDirectoryTestSuite.java:102)\n\tat org.apache.maven.surefire.testng.TestNGDirectoryTestSuite.execute(TestNGDirectoryTestSuite.java:91)\n\tat org.apache.maven.surefire.testng.TestNGProvider.invoke(TestNGProvider.java:137)\n\tat org.apache.maven.surefire.booter.ForkedBooter.runSuitesInProcess(ForkedBooter.java:385)\n\tat org.apache.maven.surefire.booter.ForkedBooter.execute(ForkedBooter.java:162)\n\tat org.apache.maven.surefire.booter.ForkedBooter.run(ForkedBooter.java:507)\n\tat org.apache.maven.surefire.booter.ForkedBooter.main(ForkedBooter.java:495)\n",
              "status": "failed"
            },
            "line": 13,
            "name": "I should see the following user data",
            "match": {
              "location": "StepDefinition.IShouldSeeFollowingUserData(DataTable)"
            },
            "rows": [
              {
                "cells": [
                  "first_name",
                  "email"
                ],
                "line": 14
              },
              {
                "cells": [
                  "Emma",
                  "emma.wong@reqres.in"
                ],
                "line": 15
              }
            ],
            "keyword": "Then "
          }
        ]
      },
      {
        "line": 18,
        "name": "Should see SINGLE USER NOT FOUND error code",
        "description": "",
        "id": "api-test;should-see-single-user-not-found-error-code",
        "type": "scenario",
        "keyword": "Scenario",
        "steps": [
          {
            "result": {
              "duration": 221405087,
              "status": "passed"
            },
            "line": 19,
            "name": "I make a search for user 55",
            "match": {
              "arguments": [
                {
                  "val": "55",
                  "offset": 25
                }
              ],
              "location": "StepDefinition.iMakeASearchForUser(String)"
            },
            "keyword": "Given "
          },
          {
            "result": {
              "duration": 7656682,
              "error_message": "java.lang.AssertionError: Response code does not match expected [404] but found [403]\n\tat org.testng.Assert.fail(Assert.java:111)\n\tat org.testng.Assert.failNotEquals(Assert.java:1578)\n\tat org.testng.Assert.assertEqualsImpl(Assert.java:150)\n\tat org.testng.Assert.assertEquals(Assert.java:132)\n\tat org.testng.Assert.assertEquals(Assert.java:1419)\n\tat org.testng.Assert.assertEquals(Assert.java:1383)\n\tat mission.StepDefinition.iReceiveErrorCodeInResponse(StepDefinition.java:162)\n\tat ✽.Then I receive error code 404 in response(src/test/java/API-Test.feature:20)\n",
              "status": "failed"
            },
            "line": 20,
            "name": "I receive error code 404 in response",
            "match": {
              "arguments": [
                {
                  "val": "404",
                  "offset": 21
                }
              ],
              "location": "StepDefinition.iReceiveErrorCodeInResponse(int)"
            },
            "keyword": "Then "
          }
        ]
      },
      {
        "line": 30,
        "name": "CREATE a user",
        "description": "",
        "id": "api-test;create-a-user;;2",
        "type": "scenario",
        "keyword": "Scenario Outline",
        "steps": [
          {
            "result": {
              "duration": 217693941,
              "status": "passed"
            },
            "line": 24,
            "name": "I create a user with following Peter Manager",
            "match": {
              "arguments": [
                {
                  "val": "Peter",
                  "offset": 31
                },
                {
                  "val": "Manager",
                  "offset": 37
                }
              ],
              "location": "StepDefinition.iCreateUserWithFollowing(String,String)"
            },
            "matchedColumns": [
              0,
              1
            ],
            "keyword": "Given "
          },
          {
            "result": {
              "duration": 338485,
              "error_message": "java.lang.IndexOutOfBoundsException: Index 0 out of bounds for length 0\n\tat java.base/jdk.internal.util.Preconditions.outOfBounds(Preconditions.java:64)\n\tat java.base/jdk.internal.util.Preconditions.outOfBoundsCheckIndex(Preconditions.java:70)\n\tat java.base/jdk.internal.util.Preconditions.checkIndex(Preconditions.java:248)\n\tat java.base/java.util.Objects.checkIndex(Objects.java:373)\n\tat java.base/java.util.ArrayList.get(ArrayList.java:426)\n\tat java.base/java.util.Collections$UnmodifiableList.get(Collections.java:1321)\n\tat mission.StepDefinition.iReceiveErrorCodeInResponse(StepDefinition.java:179)\n\tat ✽.Then response should contain the following data(src/test/java/API-Test.feature:25)\n",
              "status": "failed"
            },
            "line": 25,
            "name": "response should contain the following data",
            "match": {
              "location": "StepDefinition.iReceiveErrorCodeInResponse(DataTable)"
            },
            "rows": [
              {
                "cells": [
                  "name",
                  "job",
                  "id",
                  "createdAt"
                ],
                "line": 26
              }
            ],
            "keyword": "Then "
          }
        ],
        "tags": [
          {
            "line": 1,
            "name": "@API"
          }
        ]
      },
      {
        "line": 31,
        "name": "CREATE a user",
        "description": "",
        "id": "api-test;create-a-user;;3",
        "type": "scenario",
        "keyword": "Scenario Outline",
        "steps": [
          {
            "result": {
              "duration": 188534344,
              "status": "passed"
            },
            "line": 24,
            "name": "I create a user with following Liza Sales",
            "match": {
              "arguments": [
                {
                  "val": "Liza",
                  "offset": 31
                },
                {
                  "val": "Sales",
                  "offset": 36
                }
              ],
              "location": "StepDefinition.iCreateUserWithFollowing(String,String)"
            },
            "matchedColumns": [
              0,
              1
            ],
            "keyword": "Given "
          },
          {
            "result": {
              "duration": 232698,
              "error_message": "java.lang.IndexOutOfBoundsException: Index 0 out of bounds for length 0\n\tat java.base/jdk.internal.util.Preconditions.outOfBounds(Preconditions.java:64)\n\tat java.base/jdk.internal.util.Preconditions.outOfBoundsCheckIndex(Preconditions.java:70)\n\tat java.base/jdk.internal.util.Preconditions.checkIndex(Preconditions.java:248)\n\tat java.base/java.util.Objects.checkIndex(Objects.java:373)\n\tat java.base/java.util.ArrayList.get(ArrayList.java:426)\n\tat java.base/java.util.Collections$UnmodifiableList.get(Collections.java:1321)\n\tat mission.StepDefinition.iReceiveErrorCodeInResponse(StepDefinition.java:179)\n\tat ✽.Then response should contain the following data(src/test/java/API-Test.feature:25)\n",
              "status": "failed"
            },
            "line": 25,
            "name": "response should contain the following data",
            "match": {
              "location": "StepDefinition.iReceiveErrorCodeInResponse(DataTable)"
            },
            "rows": [
              {
                "cells": [
                  "name",
                  "job",
                  "id",
                  "createdAt"
                ],
                "line": 26
              }
            ],
            "keyword": "Then "
          }
        ],
        "tags": [
          {
            "line": 1,
            "name": "@API"
          }
        ]
      },
      {
        "line": 34,
        "name": "LOGIN - SUCCESSFUL by a user",
        "description": "",
        "id": "api-test;login---successful-by-a-user",
        "type": "scenario",
        "keyword": "Scenario",
        "steps": [
          {
            "result": {
              "duration": 197611863,
              "status": "passed"
            },
            "line": 35,
            "name": "I login successfully with the following data",
            "match": {
              "location": "StepDefinition.iLoginSuccessfullyWithFollowingData(DataTable)"
            },
            "rows": [
              {
                "cells": [
                  "Email",
                  "Password"
                ],
                "line": 36
              },
              {
                "cells": [
                  "eve.holt@reqres.in",
                  "cityslicka"
                ],
                "line": 37
              }
            ],
            "keyword": "Given "
          },
          {
            "result": {
              "duration": 229520,
              "error_message": "java.lang.AssertionError: Response code does not match expected [200] but found [403]\n\tat org.testng.Assert.fail(Assert.java:111)\n\tat org.testng.Assert.failNotEquals(Assert.java:1578)\n\tat org.testng.Assert.assertEqualsImpl(Assert.java:150)\n\tat org.testng.Assert.assertEquals(Assert.java:132)\n\tat org.testng.Assert.assertEquals(Assert.java:1419)\n\tat org.testng.Assert.assertEquals(Assert.java:1383)\n\tat mission.StepDefinition.iShouldGetAResponseCodeOf(StepDefinition.java:243)\n\tat ✽.Then I should get a response code of 200(src/test/java/API-Test.feature:38)\n",
              "status": "failed"
            },
            "line": 38,
            "name": "I should get a response code of 200",
            "match": {
              "arguments": [
                {
                  "val": "200",
                  "offset": 32
                }
              ],
              "location": "StepDefinition.iShouldGetAResponseCodeOf(int)"
            },
            "keyword": "Then "
          }
        ]
      },
      {
        "line": 40,
        "name": "LOGIN - UNSUCCESSFUL by a user",
        "description": "",
        "id": "api-test;login---unsuccessful-by-a-user",
        "type": "scenario",
        "keyword": "Scenario",
        "steps": [
          {
            "result": {
              "duration": 220569967,
              "status": "passed"
            },
            "line": 41,
            "name": "I login unsuccessfully with the following data",
            "match": {
              "location": "StepDefinition.iLoginUnsuccessfullyWithFollowingData(DataTable)"
            },
            "rows": [
              {
                "cells": [
                  "Email",
                  "Password"
                ],
                "line": 42
              },
              {
                "cells": [
                  "eve.holt@reqres.in",
                  ""
                ],
                "line": 43
              }
            ],
            "keyword": "Given "
          },
          {
            "result": {
              "duration": 242976,
              "error_message": "java.lang.AssertionError: Response code does not match expected [400] but found [403]\n\tat org.testng.Assert.fail(Assert.java:111)\n\tat org.testng.Assert.failNotEquals(Assert.java:1578)\n\tat org.testng.Assert.assertEqualsImpl(Assert.java:150)\n\tat org.testng.Assert.assertEquals(Assert.java:132)\n\tat org.testng.Assert.assertEquals(Assert.java:1419)\n\tat org.testng.Assert.assertEquals(Assert.java:1383)\n\tat mission.StepDefinition.iShouldGetAResponseCodeOf(StepDefinition.java:243)\n\tat ✽.Then I should get a response code of 400(src/test/java/API-Test.feature:44)\n",
              "status": "failed"
            },
            "line": 44,
            "name": "I should get a response code of 400",
            "match": {
              "arguments": [
                {
                  "val": "400",
                  "offset": 32
                }
              ],
              "location": "StepDefinition.iShouldGetAResponseCodeOf(int)"
            },
            "keyword": "Then "
          },
          {
            "result": {
              "status": "skipped"
            },
            "line": 45,
            "name": "I should see the following response message:",
            "match": {
              "location": "StepDefinition.iShouldSeeTheFollowingResponseMessage(String\u003e)"
            },
            "rows": [
              {
                "cells": [
                  "\"error\": \"Missing password\""
                ],
                "line": 46
              }
            ],
            "keyword": "And "
          }
        ]
      },
      {
        "line": 48,
        "name": "Should see the list of users with DELAYED RESPONSE",
        "description": "",
        "id": "api-test;should-see-the-list-of-users-with-delayed-response",
        "type": "scenario",
        "keyword": "Scenario",
        "steps": [
          {
            "result": {
              "duration": 214429398,
              "error_message": "io.restassured.path.json.exception.JsonPathException: Failed to parse the JSON document\n\tat io.restassured.path.json.JsonPath$ExceptionCatcher.invoke(JsonPath.java:1002)\n\tat io.restassured.path.json.JsonPath$4.doParseWith(JsonPath.java:967)\n\tat io.restassured.path.json.JsonPath$JsonParser.parseWith(JsonPath.java:1047)\n\tat io.restassured.path.json.JsonPath.get(JsonPath.java:202)\n\tat io.restassured.path.json.JsonPath.getList(JsonPath.java:375)\n\tat mission.StepDefinition.iWaitForUserListToLoad(StepDefinition.java:225)\n\tat ✽.Given I wait for the user list to load(src/test/java/API-Test.feature:49)\nCaused by: groovy.json.JsonException: Lexing failed on line: 1, column: 1, while reading \u0027\u003c\u0027, no possible valid JSON value or punctuation could be recognized.\n\tat groovy.json.JsonLexer.nextToken(JsonLexer.java:86)\n\tat groovy.json.JsonLexer$nextToken.call(Unknown Source)\n\tat io.restassured.internal.path.json.ConfigurableJsonSlurper.parse(ConfigurableJsonSlurper.groovy:97)\n\tat io.restassured.internal.path.json.ConfigurableJsonSlurper$parse.callCurrent(Unknown Source)\n\tat io.restassured.internal.path.json.ConfigurableJsonSlurper.parseText(ConfigurableJsonSlurper.groovy:83)\n\tat io.restassured.path.json.JsonPath$4$1.method(JsonPath.java:965)\n\tat io.restassured.path.json.JsonPath$ExceptionCatcher.invoke(JsonPath.java:1000)\n\tat io.restassured.path.json.JsonPath$4.doParseWith(JsonPath.java:967)\n\tat io.restassured.path.json.JsonPath$JsonParser.parseWith(JsonPath.java:1047)\n\tat io.restassured.path.json.JsonPath.get(JsonPath.java:202)\n\tat io.restassured.path.json.JsonPath.getList(JsonPath.java:375)\n\tat mission.StepDefinition.iWaitForUserListToLoad(StepDefinition.java:225)\n\tat java.base/jdk.internal.reflect.NativeMethodAccessorImpl.invoke0(Native Method)\n\tat java.base/jdk.internal.reflect.NativeMethodAccessorImpl.invoke(NativeMethodAccessorImpl.java:62)\n\tat java.base/jdk.internal.reflect.DelegatingMethodAccessorImpl.invoke(DelegatingMethodAccessorImpl.java:43)\n\tat java.base/java.lang.reflect.Method.invoke(Method.java:564)\n\tat cucumber.runtime.Utils$1.call(Utils.java:40)\n\tat cucumber.runtime.Timeout.timeout(Timeout.java:16)\n\tat cucumber.runtime.Utils.invoke(Utils.java:34)\n\tat cucumber.runtime.java.JavaStepDefinition.execute(JavaStepDefinition.java:38)\n\tat cucumber.runtime.StepDefinitionMatch.runStep(StepDefinitionMatch.java:37)\n\tat cucumber.runtime.Runtime.runStep(Runtime.java:300)\n\tat cucumber.runtime.model.StepContainer.runStep(StepContainer.java:44)\n\tat cucumber.runtime.model.StepContainer.runSteps(StepContainer.java:39)\n\tat cucumber.runtime.model.CucumberScenario.run(CucumberScenario.java:44)\n\tat cucumber.runtime.model.CucumberFeature.run(CucumberFeature.java:165)\n\tat cucumber.api.testng.TestNGCucumberRunner.runCucumber(TestNGCucumberRunner.java:63)\n\tat mission.RunnerTest.feature(RunnerTest.java:33)\n\tat java.base/jdk.internal.reflect.NativeMethodAccessorImpl.invoke0(Native Method)\n\tat java.base/jdk.internal.reflect.NativeMethodAccessorImpl.invoke(NativeMethodAccessorImpl.java:62)\n\tat java.base/jdk.internal.reflect.DelegatingMethodAccessorImpl.invoke(DelegatingMethodAccessorImpl.java:43)\n\tat java.base/java.lang.reflect.Method.invoke(Method.java:564)\n\tat org.testng.internal.invokers.MethodInvocationHelper.invokeMethod(MethodInvocationHelper.java:141)\n\tat org.testng.internal.invokers.TestInvoker.invokeMethod(TestInvoker.java:686)\n\tat org.testng.internal.invokers.TestInvoker.invokeTestMethod(TestInvoker.java:230)\n\tat org.testng.internal.invokers.MethodRunner.runInSequence(MethodRunner.java:63)\n\tat org.testng.internal.invokers.TestInvoker$MethodInvocationAgent.invoke(TestInvoker.java:992)\n\tat org.testng.internal.invokers.TestInvoker.invokeTestMethods(TestInvoker.java:203)\n\tat org.testng.internal.invokers.TestMethodWorker.invokeTestMethods(TestMethodWorker.java:154)\n\tat org.testng.internal.invokers.TestMethodWorker.run(TestMethodWorker.java:134)\n\tat java.base/java.util.ArrayList.forEach(ArrayList.java:1510)\n\tat org.testng.TestRunner.privateRun(TestRunner.java:739)\n\tat org.testng.TestRunner.run(TestRunner.java:614)\n\tat org.testng.SuiteRunner.runTest(SuiteRunner.java:421)\n\tat org.testng.SuiteRunner.runSequentially(SuiteRunner.java:413)\n\tat org.testng.SuiteRunner.privateRun(SuiteRunner.java:373)\n\tat org.testng.SuiteRunner.run(SuiteRunner.java:312)\n\tat org.testng.SuiteRunnerWorker.runSuite(SuiteRunnerWorker.java:52)\n\tat org.testng.SuiteRunnerWorker.run(SuiteRunnerWorker.java:95)\n\tat org.testng.TestNG.runSuitesSequentially(TestNG.java:1274)\n\tat org.testng.TestNG.runSuitesLocally(TestNG.java:1208)\n\tat org.testng.TestNG.runSuites(TestNG.java:1112)\n\tat org.testng.TestNG.run(TestNG.java:1079)\n\tat org.apache.maven.surefire.testng.TestNGExecutor.run(TestNGExecutor.java:155)\n\tat org.apache.maven.surefire.testng.TestNGDirectoryTestSuite.executeSingleClass(TestNGDirectoryTestSuite.java:102)\n\tat org.apache.maven.surefire.testng.TestNGDirectoryTestSuite.execute(TestNGDirectoryTestSuite.java:91)\n\tat org.apache.maven.surefire.testng.TestNGProvider.invoke(TestNGProvider.java:137)\n\tat org.apache.maven.surefire.booter.ForkedBooter.runSuitesInProcess(ForkedBooter.java:385)\n\tat org.apache.maven.surefire.booter.ForkedBooter.execute(ForkedBooter.java:162)\n\tat org.apache.maven.surefire.booter.ForkedBooter.run(ForkedBooter.java:507)\n\tat org.apache.maven.surefire.booter.ForkedBooter.main(ForkedBooter.java:495)\n",
              "status": "failed"
            },
            "line": 49,
            "name": "I wait for the user list to load",
            "match": {
              "location": "StepDefinition.iWaitForUserListToLoad()"
            },
            "keyword": "Given "
          },
          {
            "result": {
              "status": "skipped"
            },
            "line": 50,
            "name": "I should see that every user has a unique id",
            "match": {
              "location": "StepDefinition.iShouldSeeThatEveryUserHasAUniqueID()"
            },
            "keyword": "Then "
          }
        ]
      }
    ],
    "name": "API test",
    "description": "",
    "id": "api-test",
    "keyword": "Feature",
    "uri": "src/test/java/API-Test.feature",
    "tags": [
      {
        "line": 1,
        "name": "@API"
      }
    ]
  },
  {
    "line": 2,
    "elements": [
      {
        "before": [
          {
            "result": {
              "duration": 2055789829,
              "status": "passed"
            },
            "match": {
              "location": "Hook.initializeTest()"
            }
          }
        ],
        "line": 4,
        "name": "Sample",
        "description": "",
        "id": "sample-test;sample",
        "after": [
          {
            "result": {
              "duration": 573369900,
              "status": "passed"
            },
            "match": {
              "location": "Hook.screenshot(Scenario)"
            }
          }
        ],
        "type": "scenario",
        "keyword": "Scenario",
        "steps": [
          {
            "result": {
              "duration": 780804338,
              "status": "passed"
            },
            "line": 5,
            "name": "I am on the home page",
            "match": {
              "location": "StepDefinition.iAmOnTheHomePage()"
            },
            "keyword": "Given "
          }
        ]
      }
    ],
    "name": "Sample Test",
    "description": "",
    "id": "sample-test",
    "keyword": "Feature",
    "uri": "src/test/java/SampleTest.feature",
    "tags": [
      {
        "line": 1,
        "name": "@UI"
      }
    ]
  },
  {
    "line": 2,
    "elements": [
      {
        "before": [
          {
            "result": {
              "duration": 1574414740,
              "status": "passed"
            },
            "match": {
              "location": "Hook.initializeTest()"
            }
          }
        ],
        "line": 5,
        "name": "Check item total cost and tax",
        "description": "",
        "id": "checkout-items-in-the-basket;check-item-total-cost-and-tax",
        "after": [
          {
            "result": {
              "duration": 515465190,
              "status": "passed"
            },
            "match": {
              "location": "Hook.screenshot(Scenario)"
            }
          }
        ],
        "type": "scenario",
        "keyword": "Scenario",
        "steps": [
          {
            "result": {
              "duration": 701426921,
              "status": "passed"
            },
            "line": 6,
            "name": "I am on the home page",
            "match": {
              "location": "StepDefinition.iAmOnTheHomePage()"
            },
            "keyword": "Given "
          },
          {
            "result": {
              "duration": 449950458,
              "status": "passed"
            },
            "line": 7,
            "name": "I login in with the following details",
            "match": {
              "location": "StepDefinition.iLoginWithFollowingDetails(DataTable)"
            },
            "rows": [
              {
                "cells": [
                  "userName",
                  "Password"
                ],
                "line": 8
              },
              {
                "cells": [
                  "standard_user",
                  "secret_sauce"
                ],
                "line": 9
              }
            ],
            "keyword": "And "
          },
          {
            "result": {
              "duration": 248881648,
              "status": "passed"
            },
            "line": 11,
            "name": "I add the following items to the basket",
            "match": {
              "location": "StepDefinition.iAddFollowingItemsToBasket(String\u003e)"
            },
            "rows": [
              {
                "cells": [
                  "Sauce Labs Backpack"
                ],
                "line": 12
              },
              {
                "cells": [
                  "Sauce Labs Fleece Jacket"
                ],
                "line": 13
              },
              {
                "cells": [
                  "Sauce Labs Bolt T-Shirt"
                ],
                "line": 14
              },
              {
                "cells": [
                  "Sauce Labs Onesie"
                ],
                "line": 15
              }
            ],
            "keyword": "And "
          },
          {
            "result": {
              "duration": 1025891203,
              "status": "passed"
            },
            "line": 17,
            "name": "I  should see 4 items added to the shopping cart",
            "match": {
              "arguments": [
                {
                  "val": "4",
                  "offset": 14
                }
              ],
              "location": "StepDefinition.iShouldSeeItemsInCart(int)"
            },
            "keyword": "And "
          },
          {
            "result": {
              "duration": 58375174,
              "status": "passed"
            },
            "line": 18,
            "name": "I click on the shopping cart",
            "match": {
              "location": "StepDefinition.iClickOnShoppingCart()"
            },
            "keyword": "And "
          },
          {
            "result": {
              "duration": 59032615,
              "status": "passed"
            },
            "line": 19,
            "name": "I verify that the QTY count for each item should be 1",
            "match": {
              "arguments": [
                {
                  "val": "1",
                  "offset": 52
                }
              ],
              "location": "StepDefinition.iVerifyQtyCountForEachItem(int)"
            },
            "keyword": "And "
          },
          {
            "result": {
              "duration": 583586214,
              "status": "passed"
            },
            "line": 20,
            "name": "I remove the following item:",
            "match": {
              "location": "StepDefinition.iRemoveFollowingItem(String\u003e)"
            },
            "rows": [
              {
                "cells": [
                  "Sauce Labs Fleece Jacket"
                ],
                "line": 21
              }
            ],
            "keyword": "And "
          },
          {
            "result": {
              "duration": 1022364788,
              "status": "passed"
            },
            "line": 22,
            "name": "I  should see 3 items added to the shopping cart",
            "match": {
              "arguments": [
                {
                  "val": "3",
                  "offset": 14
                }
              ],
              "location": "StepDefinition.iShouldSeeItemsInCart(int)"
            },
            "keyword": "And "
          },
          {
            "result": {
              "duration": 59424310,
              "status": "passed"
            },
            "line": 23,
            "name": "I click on the CHECKOUT button",
            "match": {
              "location": "StepDefinition.iClickOnCheckoutButton()"
            },
            "keyword": "And "
          },
          {
            "result": {
              "duration": 109412880,
              "status": "passed"
            },
            "line": 24,
            "name": "I type \"FirstName\" for First Name",
            "match": {
              "arguments": [
                {
                  "val": "FirstName",
                  "offset": 8
                }
              ],
              "location": "StepDefinition.iTypeForFirstName(String)"
            },
            "keyword": "And "
          },
          {
            "result": {
              "duration": 88918693,
              "status": "passed"
            },
            "line": 25,
            "name": "I type \"LastName\" for Last Name",
            "match": {
              "arguments": [
                {
                  "val": "LastName",
                  "offset": 8
                }
              ],
              "location": "StepDefinition.iTypeForLastName(String)"
            },
            "keyword": "And "
          },
          {
            "result": {
              "duration": 86136058,
              "status": "passed"
            },
            "line": 26,
            "name": "I type \"EC1A 9JU\" for ZIP/Postal Code",
            "match": {
              "arguments": [
                {
                  "val": "EC1A 9JU",
                  "offset": 8
                }
              ],
              "location": "StepDefinition.iTypeForPostalCode(String)"
            },
            "keyword": "And "
          },
          {
            "result": {
              "duration": 66981980,
              "status": "passed"
            },
            "line": 28,
            "name": "I click on the CONTINUE button",
            "match": {
              "location": "StepDefinition.iClickOnContinueButton()"
            },
            "keyword": "When "
          },
          {
            "result": {
              "duration": 75312936,
              "status": "passed"
            },
            "line": 29,
            "name": "Item total will be equal to the total of items on the list",
            "match": {
              "location": "StepDefinition.itemTotalWillBeEqualToTotalOfItems()"
            },
            "keyword": "Then "
          },
          {
            "result": {
              "duration": 33397096,
              "status": "passed"
            },
            "line": 30,
            "name": "a Tax rate of 8 % is applied to the total",
            "match": {
              "arguments": [
                {
                  "val": "8",
                  "offset": 14
                }
              ],
              "location": "StepDefinition.aTaxRateIsApplied(double)"
            },
            "keyword": "And "
          }
        ]
      }
    ],
    "name": "Checkout items in the basket",
    "description": "Please use home page of https://www.saucedemo.com/",
    "id": "checkout-items-in-the-basket",
    "keyword": "Feature",
    "uri": "src/test/java/UI-Test.feature",
    "tags": [
      {
        "line": 1,
        "name": "@UI"
      }
    ]
  }
]