<?xml version="1.0" encoding="UTF-8" standalone="no"?>
<testng-results failed="0" passed="9" skipped="0" total="9">
    <suite duration-ms="15847" name="cucumber.runtime.formatter.TestNGFormatter">
        <test duration-ms="15847" name="cucumber.runtime.formatter.TestNGFormatter">
            <class name="API test">
                <test-method duration-ms="1985" finished-at="2026-01-23T00:10:01Z" name="Should see LIST of all users" started-at="2026-01-23T00:09:59Z" status="PASS"/>
                <test-method duration-ms="537" finished-at="2026-01-23T00:10:01Z" name="Should see SINGLE USER data" started-at="2026-01-23T00:10:01Z" status="PASS"/>
                <test-method duration-ms="776" finished-at="2026-01-23T00:10:02Z" name="Should see USER NOT FOUND error code" started-at="2026-01-23T00:10:01Z" status="PASS"/>
                <test-method duration-ms="427" finished-at="2026-01-23T00:10:03Z" name="CREATE a post" started-at="2026-01-23T00:10:02Z" status="PASS"/>
                <test-method duration-ms="795" finished-at="2026-01-23T00:10:03Z" name="CREATE a post_2" started-at="2026-01-23T00:10:03Z" status="PASS"/>
                <test-method duration-ms="757" finished-at="2026-01-23T00:10:04Z" name="Should UPDATE a post" started-at="2026-01-23T00:10:03Z" status="PASS"/>
                <test-method duration-ms="334" finished-at="2026-01-23T00:10:05Z" name="Should DELETE a post" started-at="2026-01-23T00:10:04Z" status="PASS"/>
            </class>
            <class name="Sample Test">
                <test-method duration-ms="3263" finished-at="2026-01-23T00:10:08Z" name="Sample" started-at="2026-01-23T00:10:05Z" status="PASS"/>
            </class>
            <class name="Checkout items in the basket">
                <test-method duration-ms="6973" finished-at="2026-01-23T00:10:15Z" name="Check item total cost and tax" started-at="2026-01-23T00:10:08Z" status="PASS"/>
            </class>
        </test>
    </suite>
</testng-results>
