<?xml version="1.0" encoding="UTF-8" standalone="no"?>
<testng-results failed="6" passed="4" skipped="0" total="10">
    <suite duration-ms="14176" name="cucumber.runtime.formatter.TestNGFormatter">
        <test duration-ms="14176" name="cucumber.runtime.formatter.TestNGFormatter">
            <class name="API test">
                <test-method duration-ms="1665" finished-at="2026-01-22T23:22:34Z" name="Should see LIST USERS of all existing users" started-at="2026-01-22T23:22:33Z" status="FAIL">
                    <exception class="io.restassured.path.json.exception.JsonPathException">
                        <message><![CDATA[Given I get the default list of users for on 1st page.......................passed
When I get the list of all users within every page..........................failed
Then I should see total users count equals the number of user ids...........skipped
]]></message>
                        <full-stacktrace><![CDATA[io.restassured.path.json.exception.JsonPathException: Failed to parse the JSON document
	at io.restassured.path.json.JsonPath$ExceptionCatcher.invoke(JsonPath.java:1002)
	at io.restassured.path.json.JsonPath$4.doParseWith(JsonPath.java:967)
	at io.restassured.path.json.JsonPath$JsonParser.parseWith(JsonPath.java:1047)
	at io.restassured.path.json.JsonPath.get(JsonPath.java:202)
	at io.restassured.path.json.JsonPath.getInt(JsonPath.java:237)
	at mission.StepDefinition.iGetTheListOfAllUsers(StepDefinition.java:139)
	at ✽.When I get the list of all users within every page(src/test/java/API-Test.feature:10)
Caused by: groovy.json.JsonException: Lexing failed on line: 1, column: 1, while reading '<', no possible valid JSON value or punctuation could be recognized.
	at groovy.json.JsonLexer.nextToken(JsonLexer.java:86)
	at groovy.json.JsonLexer$nextToken.call(Unknown Source)
	at org.codehaus.groovy.runtime.callsite.CallSiteArray.defaultCall(CallSiteArray.java:45)
	at org.codehaus.groovy.runtime.callsite.AbstractCallSite.call(AbstractCallSite.java:125)
	at org.codehaus.groovy.runtime.callsite.AbstractCallSite.call(AbstractCallSite.java:130)
	at io.restassured.internal.path.json.ConfigurableJsonSlurper.parse(ConfigurableJsonSlurper.groovy:97)
	at io.restassured.internal.path.json.ConfigurableJsonSlurper$parse.callCurrent(Unknown Source)
	at org.codehaus.groovy.runtime.callsite.CallSiteArray.defaultCallCurrent(CallSiteArray.java:49)
	at org.codehaus.groovy.runtime.callsite.AbstractCallSite.callCurrent(AbstractCallSite.java:171)
	at org.codehaus.groovy.runtime.callsite.AbstractCallSite.callCurrent(AbstractCallSite.java:185)
	at io.restassured.internal.path.json.ConfigurableJsonSlurper.parseText(ConfigurableJsonSlurper.groovy:83)
	at io.restassured.path.json.JsonPath$4$1.method(JsonPath.java:965)
	at io.restassured.path.json.JsonPath$ExceptionCatcher.invoke(JsonPath.java:1000)
	at io.restassured.path.json.JsonPath$4.doParseWith(JsonPath.java:967)
	at io.restassured.path.json.JsonPath$JsonParser.parseWith(JsonPath.java:1047)
	at io.restassured.path.json.JsonPath.get(JsonPath.java:202)
	at io.restassured.path.json.JsonPath.getInt(JsonPath.java:237)
	at mission.StepDefinition.iGetTheListOfAllUsers(StepDefinition.java:139)
	at java.base/jdk.internal.reflect.NativeMethodAccessorImpl.invoke0(Native Method)
	at java.base/jdk.internal.reflect.NativeMethodAccessorImpl.invoke(NativeMethodAccessorImpl.java:62)
	at java.base/jdk.internal.reflect.DelegatingMethodAccessorImpl.invoke(DelegatingMethodAccessorImpl.java:43)
	at java.base/java.lang.reflect.Method.invoke(Method.java:564)
	at cucumber.runtime.Utils$1.call(Utils.java:40)
	at cucumber.runtime.Timeout.timeout(Timeout.java:16)
	at cucumber.runtime.Utils.invoke(Utils.java:34)
	at cucumber.runtime.java.JavaStepDefinition.execute(JavaStepDefinition.java:38)
	at cucumber.runtime.StepDefinitionMatch.runStep(StepDefinitionMatch.java:37)
	at cucumber.runtime.Runtime.runStep(Runtime.java:300)
	at cucumber.runtime.model.StepContainer.runStep(StepContainer.java:44)
	at cucumber.runtime.model.StepContainer.runSteps(StepContainer.java:39)
	at cucumber.runtime.model.CucumberScenario.run(CucumberScenario.java:44)
	at cucumber.runtime.model.CucumberFeature.run(CucumberFeature.java:165)
	at cucumber.api.testng.TestNGCucumberRunner.runCucumber(TestNGCucumberRunner.java:63)
	at mission.RunnerTest.feature(RunnerTest.java:33)
	at java.base/jdk.internal.reflect.NativeMethodAccessorImpl.invoke0(Native Method)
	at java.base/jdk.internal.reflect.NativeMethodAccessorImpl.invoke(NativeMethodAccessorImpl.java:62)
	at java.base/jdk.internal.reflect.DelegatingMethodAccessorImpl.invoke(DelegatingMethodAccessorImpl.java:43)
	at java.base/java.lang.reflect.Method.invoke(Method.java:564)
	at org.testng.internal.invokers.MethodInvocationHelper.invokeMethod(MethodInvocationHelper.java:141)
	at org.testng.internal.invokers.TestInvoker.invokeMethod(TestInvoker.java:686)
	at org.testng.internal.invokers.TestInvoker.invokeTestMethod(TestInvoker.java:230)
	at org.testng.internal.invokers.MethodRunner.runInSequence(MethodRunner.java:63)
	at org.testng.internal.invokers.TestInvoker$MethodInvocationAgent.invoke(TestInvoker.java:992)
	at org.testng.internal.invokers.TestInvoker.invokeTestMethods(TestInvoker.java:203)
	at org.testng.internal.invokers.TestMethodWorker.invokeTestMethods(TestMethodWorker.java:154)
	at org.testng.internal.invokers.TestMethodWorker.run(TestMethodWorker.java:134)
	at java.base/java.util.ArrayList.forEach(ArrayList.java:1510)
	at org.testng.TestRunner.privateRun(TestRunner.java:739)
	at org.testng.TestRunner.run(TestRunner.java:614)
	at org.testng.SuiteRunner.runTest(SuiteRunner.java:421)
	at org.testng.SuiteRunner.runSequentially(SuiteRunner.java:413)
	at org.testng.SuiteRunner.privateRun(SuiteRunner.java:373)
	at org.testng.SuiteRunner.run(SuiteRunner.java:312)
	at org.testng.SuiteRunnerWorker.runSuite(SuiteRunnerWorker.java:52)
	at org.testng.SuiteRunnerWorker.run(SuiteRunnerWorker.java:95)
	at org.testng.TestNG.runSuitesSequentially(TestNG.java:1274)
	at org.testng.TestNG.runSuitesLocally(TestNG.java:1208)
	at org.testng.TestNG.runSuites(TestNG.java:1112)
	at org.testng.TestNG.run(TestNG.java:1079)
	at org.apache.maven.surefire.testng.TestNGExecutor.run(TestNGExecutor.java:155)
	at org.apache.maven.surefire.testng.TestNGDirectoryTestSuite.executeSingleClass(TestNGDirectoryTestSuite.java:102)
	at org.apache.maven.surefire.testng.TestNGDirectoryTestSuite.execute(TestNGDirectoryTestSuite.java:91)
	at org.apache.maven.surefire.testng.TestNGProvider.invoke(TestNGProvider.java:137)
	at org.apache.maven.surefire.booter.ForkedBooter.runSuitesInProcess(ForkedBooter.java:385)
	at org.apache.maven.surefire.booter.ForkedBooter.execute(ForkedBooter.java:162)
	at org.apache.maven.surefire.booter.ForkedBooter.run(ForkedBooter.java:507)
	at org.apache.maven.surefire.booter.ForkedBooter.main(ForkedBooter.java:495)
]]></full-stacktrace>
                    </exception>
                </test-method>
                <test-method duration-ms="212" finished-at="2026-01-22T23:22:35Z" name="Should see SINGLE USER data" started-at="2026-01-22T23:22:34Z" status="FAIL">
                    <exception class="java.lang.AssertionError">
                        <message><![CDATA[Given I make a search for user 3............................................passed
Then I should see the following user data...................................failed
]]></message>
                        <full-stacktrace><![CDATA[java.lang.AssertionError: Expected 200 but got 403. Response: <!DOCTYPE html><html lang="en-US"><head><title>Just a moment...</title><meta http-equiv="Content-Type" content="text/html; charset=UTF-8"><meta http-equiv="X-UA-Compatible" content="IE=Edge"><meta name="robots" content="noindex,nofollow"><meta name="viewport" content="width=device-width,initial-scale=1"><style>*{box-sizing:border-box;margin:0;padding:0}html{line-height:1.15;-webkit-text-size-adjust:100%;color:#313131;font-family:system-ui,-apple-system,BlinkMacSystemFont,"Segoe UI",Roboto,"Helvetica Neue",Arial,"Noto Sans",sans-serif,"Apple Color Emoji","Segoe UI Emoji","Segoe UI Symbol","Noto Color Emoji"}body{display:flex;flex-direction:column;height:100vh;min-height:100vh}.main-content{margin:8rem auto;padding-left:1.5rem;max-width:60rem}@media (width <= 720px){.main-content{margin-top:4rem}}.h2{line-height:2.25rem;font-size:1.5rem;font-weight:500}@media (width <= 720px){.h2{line-height:1.5rem;font-size:1.25rem}}#challenge-error-text{background-image:url("data:image/svg+xml;base64,PHN2ZyB4bWxucz0iaHR0cDovL3d3dy53My5vcmcvMjAwMC9zdmciIHdpZHRoPSIzMiIgaGVpZ2h0PSIzMiIgZmlsbD0ibm9uZSI+PHBhdGggZmlsbD0iI0IyMEYwMyIgZD0iTTE2IDNhMTMgMTMgMCAxIDAgMTMgMTNBMTMuMDE1IDEzLjAxNSAwIDAgMCAxNiAzbTAgMjRhMTEgMTEgMCAxIDEgMTEtMTEgMTEuMDEgMTEuMDEgMCAwIDEtMTEgMTEiLz48cGF0aCBmaWxsPSIjQjIwRjAzIiBkPSJNMTcuMDM4IDE4LjYxNUgxNC44N0wxNC41NjMgOS41aDIuNzgzem0tMS4wODQgMS40MjdxLjY2IDAgMS4wNTcuMzg4LjQwNy4zODkuNDA3Ljk5NCAwIC41OTYtLjQwNy45ODQtLjM5Ny4zOS0xLjA1Ny4zODktLjY1IDAtMS4wNTYtLjM4OS0uMzk4LS4zODktLjM5OC0uOTg0IDAtLjU5Ny4zOTgtLjk4NS40MDYtLjM5NyAxLjA1Ni0uMzk3Ii8+PC9zdmc+");background-repeat:no-repeat;background-size:contain;padding-left:34px}@media (prefers-color-scheme: dark){body{background-color:#222;color:#d9d9d9}}</style><meta http-equiv="refresh" content="360"></head><body><div class="main-wrapper" role="main"><div class="main-content"><noscript><div class="h2"><span id="challenge-error-text">Enable JavaScript and cookies to continue</span></div></noscript></div></div><script>(function(){window._cf_chl_opt = {cvId: '3',cZone: 'reqres.in',cType: 'managed',cRay: '9c2064153c05d76d',cH: 'VD.8Kll8fC.PYfy6hUxuh2PyPs8U5tRC1m6nNRDElLo-1769098955-1.2.1.1-dc6P33zSTEQFOa52i8zjSyJiSdTMvSbqWTcX5GNhelWsKCNb1lmDLZ6fTgOzbUV9',cUPMDTk:"\/api\/users\/3?__cf_chl_tk=eOub1aE6STDMaqJtT4GWfKJZ3J1LanMwQC9bE_LRre4-1769098955-1.0.1.1-K0A4uOhIiHwMx91Vii123KXHFZiVBu4ejK.9Jmaj01k",cFPWv: 'b',cITimeS: '1769098955',cTplC:0,cTplV:5,cTplB: '0',fa:"\/api\/users\/3?__cf_chl_f_tk=eOub1aE6STDMaqJtT4GWfKJZ3J1LanMwQC9bE_LRre4-1769098955-1.0.1.1-K0A4uOhIiHwMx91Vii123KXHFZiVBu4ejK.9Jmaj01k",md: 'CvMRaf_zHMdm3rHCgPTPK68dT_l8HDtD7nW5WJwyp9A-1769098955-1.2.1.1-1E6wp9lVoZWO9SMENO11WPqdrql42zp7tTXD7Hv1iJEZ0U3mDKwKo_7T6ug82HsbCRgS1YZ4nw01vUocQaj4j7clW0pwSMq_LtXd7oPXcs8ar3zwBiiBQGZttCRLHJUwcDveHXLcsQpwnkb8m5Pdo6PQyogUtv6TIfhOQwJBf40RzCItKln6HN39hhEcM73Hm.GnLYscsABP1CMk22vwa7OKaau4uVmKzDztDrBcjJaj9fMo6oBru0VFz5h5gCoAc7h3nQ8UsH5mQ7IDFVegWvbOsmu9hGqwO1AdLNqEdomGwTeSzWCOyk.z8ASsI47aChYdqYshuaIOlGAJ91kJfynlse.1vFrZSfYLnXIJkU2Ijg0fyWkzOTevzwMpebY2r10.l_CGxOjzUofarjswNM_uNefTq4HojRPwpzEz4diqnPU6czeGdEExc1gGZbvFNogAkycDNHmIXb6bvlpS2ys7rQXzhbXJ_YMvl.Rcmj37NgHrWm0apRUz6cadKEcjeh1Wc8X04gc37fvVrALXxr.n0jKw63Y7afrQRH8Km3_ns6SSf6yySKFkq7YCCZgbxcipIUdl9tVOsNIgzrNOL5vGnUSumagDIXpXTKtGAIl17GLqWORLi7dGFQPfMrTpnJlK.KLwqR4G0EOKtXZnZYmsLfbTdPZbMDZr9POL8CiafvdmpbNLfBgJXLv.Py9_KS6.eg6_1Jd9hwyLkt3dBJe4TPgRsSnUWZ8hzn8IhJZ8_ny1E_iofj1g2w5ghfFor.sowRFS6az9MRGLtoz797si84cr85jLCVxfQwIYJohbnQnoy3Um9moRZLrl6wI8POGpRUuBrzwU0x3IvPy3boFnTglqAsKfTp4iMgYKPbk4nX5j8dXUdhMyKTBgYFO.VJ6ocYQb5jMTc25GOnkthdEJN4PZuELnbuxDKrWHck9ow5o3IJ3axsppEXGSYKqr',mdrd: 'seqJ2W8USUIr6HEaNGwVEhWWy5KvHJNeBb9owQfWVPo-1769098955-1.2.1.1-WmVAMqnit1.iL0rBazkpvX6YmM5BcE_LWXHVOV_ogXJE.Y8JHJsHnPy59OtXKSeoV6Uuqs5E0eeIhbBCfzPubesoinx9Bc2td9MV4pKjUEeUHDX.JfZ.cWk5wh.zw6UmLYc7OLybtX0oVzYT1sYa3h7JbJmWeRHSXHqVhRO4v_xYQmf_e2KkKPJkzlrhrv4rDqqQkNVc2swXo.dZfJlDkcSiknr7tsV27JM3VeciUAdCWY284BF7fxEADir_yPtcFy75lKOXw4qC78x5.O9ezAokQo0H7pxmH.2YpWY6mriBYYXeqxESNargDbrTSI.k1pWzytY32Fc3KtqcJy2z4f15TapyFARWBYP42Vc_c4xYRuBkTgwgz37XKopti8jVQBS4wmi_jlW1U4Qq4rnLSyqFT8RGcfAN5DjjRGuoCg2WqJvMa4kCdQpcZ6qf5fHNreAGQbNrfVuPgAvskJLiYxvUsX2Apd4iX7Ebp.yyA3Ejfb7GIP2a3IaGghflEg7kSZY9_D5RIrqFX1hto6J1ZaSwxi.bURzDf79YQukFggARBrmb0eqL531q8ZpsGaUNN_SN2nOX0Fg92i3OjFgouUfmo7JXaXY5GiB5Hc_5KCK.WVZWZpMFzmehalVtS3YhWDEeQ3LfSwRiWJQEhAVvAzgkRVpasDReKwi_V.vTuSb4AwhbYDWyEMSaKwvOBJjJr8yZqnDzF.CGPh7pzB.v_moDgHuF4pCeGjfJ3zO.MgmOf30.0UbOj5.0Ozcn76C2jJNX4dtFzAiB93EIxWusv_lAhp2n._KtIU4U7CrPGaphm5eHpsL9mwsgcmcd6jPe2drDCFTOt1vD_T_4SafrPYO0cnlH7P6UTdFMEje3DhRdj38J.oM_50lZZYlLT9DKzhgfaMG472cbu4Q_TgW0Yt7ZlQBtjwuttXoaxT3Iqgx_AC9cmccavusQHw3Yqk0x08ThnbR9YaYVKhtwAqDYHXJgl0TH._X6TEaCXaNxyaBHZaYL9s1CcWYG6R63Dq3LMAWov_xAgEPSXx86EqOkaWwdoJLkZUCoicyHEii4JcJbGXFmiiTYHdMHb7e8L.ukf.TB8pJLmoZAezyq.o.DlVpfKFsDOJmtV_HaODKmBAIDJmXsYEh8YJc5oRExm7GZ5Mm4bjxSU7yfGuWHraHg0iCLwCeEMfblGF4ZhW81Z5KjV_qse5VByBMuNLI12vCTXS7djvj.nSZ3lglCz2L3Qa8GipoPGOmD.txsAAO7bC2MJDNdJbNQfQyHZ1mQkdY3M0O_qyWjc1.fRRUfF_awOIdvFxmxFBDk6Kp.GCjH5iCkA_bUJD78QtGVHlS57oYpl30DGYe_ct31ofVpu_gos9UYCq7RnUyZ_9j0zDNJkJYzNm4jqIPM6H4vZS26h32pDDs4VfzkJWrRH1lBoSFKn5gQUW1Bqzc7aMSQ8jReWTW9J4WEGfd2NZAEyRgCZxPACO_Gw6U2wF7DTVBA_Km5LYlGXPvwOHZi_t5AuLlyApCG82ZmkbRanPbFlyxUfsyxQdpesYDuP1lWd5AdEDkBK3suiBFoBHWwvtbiSOr4J.pziXGw3A8.uh_ahmGQ0l_43tNOJVmZwk4W.WA0FpgKa2bOnRIPhBzhg8Y6043tyS17ZKiobzC1rF7HsJWjAUhN7R4C1u5oFrIIzDuT0CgCzt8FH51iIlazQidsarF.g9k21HgZ0xLjOXwCUYuHQnBO8qTsWZblaCiLB75pASYoEY74HgtpBY8xMhnYhwaGbRlc56vabE530pk_uk8M.K9XJZ1PfPvsOou8jpMT4.q.kgRkbwftSEFo145EKkQfmpNm_eZrTVuj2I2MfXOfqPZMXGFDTTuqHG0C1m014RzmFu4XmZ5xpjUzNH2dbtYcxFES15_xj8c9RadGWM5f811UC2Xk3tURHiiz4PhYhDRb4OFKHmozsi2JFNlMrcNyrvmgiB9pZJjni4UF9TOQUNgHHQ1B9OMTDR1YETRqzunjVCNrP2HMDcPhyOHh85Mj3d7L4lNx175ciPzV.eMcCF8nzdvPQ0caHjduRW5gAUZxSx7hJvLr9lGCZ51MrrLtWnSB4MEpzGIvX8PSBZBUQ82qenDiUsHVD0OFzOcgZNvgrmoEmmQt6q5IHxU4OZS5drG3j_D85t00w01nbFL8ckC2o29ZUCOHAIa0.1jkoG6GKnreoBVrvpatqkXmbe9iNzLugbEoGLHeyLI0C_oadSz7VRK2WCP8iM8YVvAryrgAkDr.VG5fOzPv.1TaBsvwJu3CP7vR5D17ZJra6qgUUhEm0yAW4loWOeK6HFMxHSrQZyEfaLjnYDvNVhlFZKqzOfO.YVKzQITVRs1KYtPcUbc9P9N7_5uesJv_QIhGCXUzHR2yJF2bI0C7EfOuBvKv39ZBwgXMt9BdGdFknjqAVfY92RUBn6xjViauGg84_2N08A',};var a = document.createElement('script');a.src = '/cdn-cgi/challenge-platform/h/b/orchestrate/chl_page/v1?ray=9c2064153c05d76d';window._cf_chl_opt.cOgUHash = location.hash === '' && location.href.indexOf('#') !== -1 ? '#' : location.hash;window._cf_chl_opt.cOgUQuery = location.search === '' && location.href.slice(0, location.href.length - window._cf_chl_opt.cOgUHash.length).indexOf('?') !== -1 ? '?' : location.search;if (window.history && window.history.replaceState) {var ogU = location.pathname + window._cf_chl_opt.cOgUQuery + window._cf_chl_opt.cOgUHash;history.replaceState(null, null,"\/api\/users\/3?__cf_chl_rt_tk=eOub1aE6STDMaqJtT4GWfKJZ3J1LanMwQC9bE_LRre4-1769098955-1.0.1.1-K0A4uOhIiHwMx91Vii123KXHFZiVBu4ejK.9Jmaj01k"+ window._cf_chl_opt.cOgUHash);a.onload = function() {history.replaceState(null, null, ogU);}}document.getElementsByTagName('head')[0].appendChild(a);}());</script></body></html>
	at org.testng.Assert.fail(Assert.java:111)
	at mission.StepDefinition.IShouldSeeFollowingUserData(StepDefinition.java:168)
	at ✽.Then I should see the following user data(src/test/java/API-Test.feature:16)
]]></full-stacktrace>
                    </exception>
                </test-method>
                <test-method duration-ms="195" finished-at="2026-01-22T23:22:35Z" name="Should see SINGLE USER NOT FOUND error code" started-at="2026-01-22T23:22:35Z" status="PASS"/>
                <test-method duration-ms="161" finished-at="2026-01-22T23:22:35Z" name="CREATE a user" started-at="2026-01-22T23:22:35Z" status="FAIL">
                    <exception class="java.lang.AssertionError">
                        <message><![CDATA[Given I create a user with following Peter Manager..........................passed
Then response should contain the following data.............................failed
]]></message>
                        <full-stacktrace><![CDATA[java.lang.AssertionError: Expected success response but got 403
	at org.testng.Assert.fail(Assert.java:111)
	at mission.StepDefinition.iReceiveErrorCodeInResponse(StepDefinition.java:213)
	at ✽.Then response should contain the following data(src/test/java/API-Test.feature:27)
]]></full-stacktrace>
                    </exception>
                </test-method>
                <test-method duration-ms="138" finished-at="2026-01-22T23:22:35Z" name="CREATE a user_2" started-at="2026-01-22T23:22:35Z" status="FAIL">
                    <exception class="java.lang.AssertionError">
                        <message><![CDATA[Given I create a user with following Liza Sales.............................passed
Then response should contain the following data.............................failed
]]></message>
                        <full-stacktrace><![CDATA[java.lang.AssertionError: Expected success response but got 403
	at org.testng.Assert.fail(Assert.java:111)
	at mission.StepDefinition.iReceiveErrorCodeInResponse(StepDefinition.java:213)
	at ✽.Then response should contain the following data(src/test/java/API-Test.feature:27)
]]></full-stacktrace>
                    </exception>
                </test-method>
                <test-method duration-ms="138" finished-at="2026-01-22T23:22:35Z" name="LOGIN - SUCCESSFUL by a user" started-at="2026-01-22T23:22:35Z" status="FAIL">
                    <exception class="java.lang.AssertionError">
                        <message><![CDATA[Given I login successfully with the following data..........................passed
Then I should get a response code of 200....................................failed
]]></message>
                        <full-stacktrace><![CDATA[java.lang.AssertionError: Response code does not match expected [200] but found [403]
	at org.testng.Assert.fail(Assert.java:111)
	at org.testng.Assert.failNotEquals(Assert.java:1578)
	at org.testng.Assert.assertEqualsImpl(Assert.java:150)
	at org.testng.Assert.assertEquals(Assert.java:132)
	at org.testng.Assert.assertEquals(Assert.java:1419)
	at org.testng.Assert.assertEquals(Assert.java:1383)
	at mission.StepDefinition.iShouldGetAResponseCodeOf(StepDefinition.java:294)
	at ✽.Then I should get a response code of 200(src/test/java/API-Test.feature:40)
]]></full-stacktrace>
                    </exception>
                </test-method>
                <test-method duration-ms="133" finished-at="2026-01-22T23:22:35Z" name="LOGIN - UNSUCCESSFUL by a user" started-at="2026-01-22T23:22:35Z" status="FAIL">
                    <exception class="java.lang.AssertionError">
                        <message><![CDATA[Given I login unsuccessfully with the following data........................passed
Then I should get a response code of 403....................................passed
And I should see the following response message:............................failed
]]></message>
                        <full-stacktrace><![CDATA[java.lang.AssertionError: Response does not contain expected message. Expected one of: ["error": "Missing password"], Actual: <!DOCTYPE html><html lang="en-US"><head><title>Just a moment...</title><meta http-equiv="Content-Type" content="text/html; charset=UTF-8"><meta http-equiv="X-UA-Compatible" content="IE=Edge"><meta name="robots" content="noindex,nofollow"><meta name="viewport" content="width=device-width,initial-scale=1"><style>*{box-sizing:border-box;margin:0;padding:0}html{line-height:1.15;-webkit-text-size-adjust:100%;color:#313131;font-family:system-ui,-apple-system,BlinkMacSystemFont,"Segoe UI",Roboto,"Helvetica Neue",Arial,"Noto Sans",sans-serif,"Apple Color Emoji","Segoe UI Emoji","Segoe UI Symbol","Noto Color Emoji"}body{display:flex;flex-direction:column;height:100vh;min-height:100vh}.main-content{margin:8rem auto;padding-left:1.5rem;max-width:60rem}@media (width <= 720px){.main-content{margin-top:4rem}}.h2{line-height:2.25rem;font-size:1.5rem;font-weight:500}@media (width <= 720px){.h2{line-height:1.5rem;font-size:1.25rem}}#challenge-error-text{background-image:url("data:image/svg+xml;base64,PHN2ZyB4bWxucz0iaHR0cDovL3d3dy53My5vcmcvMjAwMC9zdmciIHdpZHRoPSIzMiIgaGVpZ2h0PSIzMiIgZmlsbD0ibm9uZSI+PHBhdGggZmlsbD0iI0IyMEYwMyIgZD0iTTE2IDNhMTMgMTMgMCAxIDAgMTMgMTNBMTMuMDE1IDEzLjAxNSAwIDAgMCAxNiAzbTAgMjRhMTEgMTEgMCAxIDEgMTEtMTEgMTEuMDEgMTEuMDEgMCAwIDEtMTEgMTEiLz48cGF0aCBmaWxsPSIjQjIwRjAzIiBkPSJNMTcuMDM4IDE4LjYxNUgxNC44N0wxNC41NjMgOS41aDIuNzgzem0tMS4wODQgMS40MjdxLjY2IDAgMS4wNTcuMzg4LjQwNy4zODkuNDA3Ljk5NCAwIC41OTYtLjQwNy45ODQtLjM5Ny4zOS0xLjA1Ny4zODktLjY1IDAtMS4wNTYtLjM4OS0uMzk4LS4zODktLjM5OC0uOTg0IDAtLjU5Ny4zOTgtLjk4NS40MDYtLjM5NyAxLjA1Ni0uMzk3Ii8+PC9zdmc+");background-repeat:no-repeat;background-size:contain;padding-left:34px}@media (prefers-color-scheme: dark){body{background-color:#222;color:#d9d9d9}}</style><meta http-equiv="refresh" content="360"></head><body><div class="main-wrapper" role="main"><div class="main-content"><noscript><div class="h2"><span id="challenge-error-text">Enable JavaScript and cookies to continue</span></div></noscript></div></div><script>(function(){window._cf_chl_opt = {cvId: '3',cZone: 'reqres.in',cType: 'managed',cRay: '9c20641a7f67509a',cH: 'kHWhasUo86vnJiqn.184B2JT1IMlcH2Ey3zVVoD8gAA-1769098955-1.2.1.1-f_fEuiym61KwPQLi7Eb7TAMRlzqR64GDCaqBy1WAaLXCfo9nZEPb_vCcG3wpokFO',cUPMDTk:"\/api\/login?__cf_chl_tk=FbGjA0y3TPuKfm0Oxhar134.nEXG9ZEkkWCEsNTxZYo-1769098955-1.0.1.1-LiTD5W.b8hzWDxsLuo_Mxl9C2l6.Et6E1Pu_YYFr4Oo",cFPWv: 'b',cITimeS: '1769098955',cTplC:0,cTplV:5,cTplB: '0',fa:"\/api\/login?__cf_chl_f_tk=FbGjA0y3TPuKfm0Oxhar134.nEXG9ZEkkWCEsNTxZYo-1769098955-1.0.1.1-LiTD5W.b8hzWDxsLuo_Mxl9C2l6.Et6E1Pu_YYFr4Oo",md: 'x4r4m8xIGW5SS3.GhCoFUrnVajl5xhV1NJHCPTCPX.Y-1769098955-1.2.1.1-pG5GVSNMORwtkweZHgzJH6VHa9OxLIRuwPzjtRgpIIoiAeIiz3Yc_tKwi3WaFdAfmh9gXtmZk6pLoKvrDe8V2gCflVPOh4lqOcQoZoglMqj9yiByuPxAkuFNuhjPEE3MDscaLkLNeYPLJofqj2O92OI_wkZGQTvUOOVilPBLV4PHI64s_fxbqLQ2vBgv9wk61BD.MLpTUeY3foBKSIZN5o1Mw3CxzLKjzUjZQOq._U0IF2v4v9guzg1KJ_gYUvRPDieiX62mngWQYt5IJKYzoN7850ZgcsHarzrSQfGLbZ1hl.fgDtB9DuVTcVr_cxuhDYhdF3E8F4f0EueAVyDwOSnaBjJ37x61Lf_01sH9DYVwAS1DAmKFwVzBPHWZHCbCn_1w9Aw3BTh19p3GZsRfP6x55GHBRaiwe1vcBroBtonNdG2i.XVYhAu.jrm3W4gtNH3EdcwMQDDy8kl8DpfaqfTCrS5813fbqD_bB6cDWEWjC4QA30vfiwLDf7mrk_wqzPJ5E9CW48Al74eHNqYKW9a.8U32bz6tM1z7qDPZMLEshfcDwFmysoARgp99H1eGq.38CIwXkme1PgmzAn5ARzbPVul0oE.XYjEsjX2nmGW8LQ8eliZINx0CnKPFSHA8.5r4uEwIDNW7sN.wA1Xw3dx2HDSPlk4jWpYjtiBGk0oDOfdjIJDsgYQnwmSfTW4IVL7OUoIMICLiRsq2EfG.NO6YhUen3GWgaItUM9Ov0GS3xA9B6XWy4sKrKzeQuvfMdL5Rb2G_nJ5JSbaY8LiehGjSZRqaCuy65GuJS6eGlzcCYRQL3goawVxYw5_uzeW7lOX1OvPI2c3IMM8vHk0ATybXdDywlonWLmusymXHShacIRZCzrSSjO3UEckd21aBjYY4nTaGSBHybJGZv2AwO5zE4AZ6WLp.g_pAhu5ArmH_TKd06GNMhWNDoLL8C0NJ',mdrd: 'N_eY3vI2QZ5zW_fgWJggUGxKfzytN.GDPZAEyzSz9Rs-1769098955-1.2.1.1-Jv3M1NIVqQ8ERYquUP5fFNmhuLqIc2uMeRdrMkQK4S8mY1OAFcnknzTp6wna1DQeQMvKs2oOyoNpkxKX33j1Cprl2zUV7xAUANKuA8GFB4e430M38U3vk2ogJZWS0EAFr5fleBjggT7GRp.cX3vIWBS5.wP4Slk_FfosLniEZGr5GRQw8KjJgNybCYK4Jhu7Rhn0G9WTLprauhkPHxlglBvftXlebxQHYMUiGNFxUSkoKAw7oexz5pk64K5jj4Z19lkRArwk37.ou0aicdehwA87g1mcNOSvKQ5a.Nq7H1QPCLINlqG__T0IfF6JSqEKXGwqciTaw33ntzq3rwM68yZXZZRV1Qe_ngaHxmpPWMYrohN56ghWztE3gp0P8e_sbaDuauwAyG4OUOBN3whLkup4GKgqMP9dWigvbFmI3CYRu2Pk80B1LYRa16_Ga0VELr84bKHPZWg8stBEM97gSb1NMEGqXnacSlJ6M6wHhOp7ViaXUp6xolJyABpzKvLmOe5cDtPMQnjTBJhMYY0ea4N7HdD582xn0rN75xfeOvhYlzsp5LyGIJnl0QwWX.ctkx05_Msavb9M30deG2qgFmqqJS2XYJhlWo5ojq47lkGkWE6TimvT5bPpEIwtzmM0WJFgjnQQDeblL8cTeS6CpERf1vQl252XH8bPaoIaoQNFJbIBnLCrPnDD9gVUbjKZNRQug1PHABxKIGnc3_663PiFS6rH6uDNeoHMHhV6P43YN1Zy7wcHDUXj2R4NI8c9OeVHp5GL_.VED.e1DY3fE8onXqoTbMbjeSdOv6kUJ4rzZWXZGDv3ZgRjQWdqqbIHK1w2pntS_nqafSGdMxEw1SooXpxA1CVkgNsL816wP0iSSnFk3_zurLLe.WIe4Zz4x.alGFpPvOxX5DyjicMiMQxAeuMoeItBH7TUtTDGllbxZSQgMmCQUWaBf0kzPRUEjO8YBpSI29gGgDN.61j8ZZTiC8DHXRJ4nH0FfTsjO8SoGivd3xwGf5S.GzCCaJBksegLc0pqeDg9V9asU_QBDUEaVvDP6qRQUjsuI47dV7cBKKCoUizGuPaZASM0HnQyIBQg1ZNWW.CzqnJVUpazr4eqJMCTkKZrjbbFiEavJnXLN9hJU51A6kwp5KwaOJpz1kjNMkURyCIuTvYH0VdCkJM.l8WpSp0XnfssmCUztjbj1LCj780WKM7x8vPKmMcI0qRcyvb.cAvzQqe4jRWsB5OJusLqK5PuTsur2Fb5vtZkEaf8i0.ffGOV8H8pcln7LNbqez7hhnsAfaOLz.srJEZkGZjC1T6oWYhPUwrILNvzAXVyZfAwMUDSED6FlnYKbntmJTZaIx2qxfsY9_HpNfSGnbFUGqEkZkBmn5YwcUumOTJCp10ZxM3f3n_HZ6cyJ_7ucNbL4qD1Bsy6vjhc0WYGpGDgbn_WMY3Rnf04Ub4X399glaEwQdVl0hkPIJh4tpXRcsNEFZjMMm5H1wDDQ5r6FjpXW4hRBcxdmejTnuzmgDu3wIdfB149o7Ps4XZ6qTNl5laEQarGKsCjScQ5v4GJVAAHAwcGFl2fmwyV_gDLbtupg6v2soDNwkWG.zN6psHjVleqArrt.TwJK_qBORPJa6XfSQGu01h.wJd2pFtysVqsqIuHrTn1WiluD9k8z3o3z.etcnc3sEw7QrYXZmPz_M.l9yZdZFetQGKAD32brf8DY8eRDz5BuIR6ANrZZsN9KzzFheADysiKSsyZdowgCBqsHJifU1R1p_ROTmJxzNYgfZDw8Mp.Uj20iGb_pFRDNgN5hox0XYO4g9_e7b4wFLRjBkSdx_lu1MbFCUDr.qweQQsofvzci5VcJH7lQgkU_Qp5CHk701G9u97qOCfzH.DubJshaX7NRHG7cWDWD7iBQqwNmMnVvyKdUK0w_p2OsIBT9Id9c5grA.ei2j89bzXDTKDhggB7axHv24lm4znP_6qjdafAfYltv46Qjb26RJBkxmTTULivg1MJ8i6PCAOrYeryoiEBrTPYADBfiHSkjefaB_4otnAEBFEwqKX4FagfUTWzBRij48pCA14mdhsCssIJfAupL5bye4jSE8tN1WpX.jJd7eGqvaAvijKlroBO_BjfCOZ8C1VFBxhYQLrTPZLjtbR9AlTVvFZx6h8mEUBKDigsHSTgHDA56lQ434KH4HbFAd9pXbhWqs_HI4W3kEMu7tX0JL92efKvZc8nmvq8xGRGJe0dTRmCMRBUYtGRBQvJzUAICKjjjOlf9UgR3KmFzeNIyI9az56lXjhQkEUD5RH2gLuOLaV3PxgZL_4fyUw.BvLZiCW_z8MbopvXGXF.5pxU3LGoX9IOegAu5j2Zi.Yy9e_tZ_CKsZ2LFbGREoNJ8Afvux0XhRwUQG_gts_gCh0oYSdVgIYhFwRcZoIobudj1uRYBmW6r3bTp6SYB7b_T8046rM_mMmKNYIxNhfId2pEmEE9fpSOTShwrZPOLV4uXT9R8xNJSZYl8o4HIYYcVqv8K83z6HFoQu_e5MfI.dVRqePtAKw',};var a = document.createElement('script');a.src = '/cdn-cgi/challenge-platform/h/b/orchestrate/chl_page/v1?ray=9c20641a7f67509a';window._cf_chl_opt.cOgUHash = location.hash === '' && location.href.indexOf('#') !== -1 ? '#' : location.hash;window._cf_chl_opt.cOgUQuery = location.search === '' && location.href.slice(0, location.href.length - window._cf_chl_opt.cOgUHash.length).indexOf('?') !== -1 ? '?' : location.search;if (window.history && window.history.replaceState) {var ogU = location.pathname + window._cf_chl_opt.cOgUQuery + window._cf_chl_opt.cOgUHash;history.replaceState(null, null,"\/api\/login?__cf_chl_rt_tk=FbGjA0y3TPuKfm0Oxhar134.nEXG9ZEkkWCEsNTxZYo-1769098955-1.0.1.1-LiTD5W.b8hzWDxsLuo_Mxl9C2l6.Et6E1Pu_YYFr4Oo"+ window._cf_chl_opt.cOgUHash);a.onload = function() {history.replaceState(null, null, ogU);}}document.getElementsByTagName('head')[0].appendChild(a);}());</script></body></html> expected [true] but found [false]
	at org.testng.Assert.fail(Assert.java:111)
	at org.testng.Assert.failNotEquals(Assert.java:1578)
	at org.testng.Assert.assertTrue(Assert.java:57)
	at mission.StepDefinition.iShouldSeeTheFollowingResponseMessage(StepDefinition.java:320)
	at ✽.And I should see the following response message:(src/test/java/API-Test.feature:48)
]]></full-stacktrace>
                    </exception>
                </test-method>
                <test-method duration-ms="158" finished-at="2026-01-22T23:22:36Z" name="Should see the list of users with DELAYED RESPONSE" started-at="2026-01-22T23:22:35Z" status="PASS"/>
            </class>
            <class name="Sample Test">
                <test-method duration-ms="3649" finished-at="2026-01-22T23:22:39Z" name="Sample" started-at="2026-01-22T23:22:36Z" status="PASS"/>
            </class>
            <class name="Checkout items in the basket">
                <test-method duration-ms="7727" finished-at="2026-01-22T23:22:47Z" name="Check item total cost and tax" started-at="2026-01-22T23:22:39Z" status="PASS"/>
            </class>
        </test>
    </suite>
</testng-results>
